0.1 -15.3 1.04
1.33 0.32 0.594
2.55 2.45 0.983
3.78 2.75 0.998
5 2.27 1.11
6.22 1.35 0.398
7.45 0.157 0.535
8.68 -1.23 0.968
9.9 -2.75 0.478


0 -inf -inf -inf 
0.01 -31.2227 -29.7806 -32.6648 
0.02 -26.3971 -25.2487 -27.5455 
0.03 -23.5826 -22.6066 -24.5586 
0.04 -21.5915 -20.7382 -22.4447 
0.05 -20.0515 -19.2938 -20.8092 
0.06 -18.7969 -18.1175 -19.4763 
0.07 -17.7393 -17.1263 -18.3522 
0.08 -16.8258 -16.2705 -17.381 
0.09 -16.0223 -15.5182 -16.5265 
0.1 -15.3058 -14.8475 -15.764 
0.11 -14.6595 -14.2428 -15.0761 
0.12 -14.0711 -13.6927 -14.4496 
0.13 -13.5316 -13.1883 -13.8749 
0.14 -13.0335 -12.7228 -13.3441 
0.15 -12.5711 -12.291 -12.8512 
0.16 -12.1399 -11.8885 -12.3913 
0.17 -11.7361 -11.5117 -11.9605 
0.18 -11.3565 -11.1576 -11.5553 
0.19 -10.9985 -10.8238 -11.1731 
0.2 -10.6599 -10.5083 -10.8114 
0.21 -10.3387 -10.2092 -10.4683 
0.22 -10.0335 -9.925 -10.142 
0.23 -9.74271 -9.65441 -9.83102 
0.24 -9.46516 -9.39624 -9.53408 
0.25 -9.19975 -9.14948 -9.25002 
0.26 -8.94554 -8.91325 -8.97782 
0.27 -8.70167 -8.68674 -8.7166 
0.28 -8.4674 -8.46925 -8.46555 
0.29 -8.24205 -8.26014 -8.22397 
0.3 -8.02502 -8.05884 -7.9912 
0.31 -7.81576 -7.86485 -7.76667 
0.32 -7.61378 -7.6777 -7.54986 
0.33 -7.41863 -7.49697 -7.3403 
0.34 -7.2299 -7.32227 -7.13754 
0.35 -7.04723 -7.15326 -6.94119 
0.36 -6.87026 -6.98961 -6.7509 
0.37 -6.69868 -6.83103 -6.56634 
0.38 -6.53222 -6.67726 -6.38718 
0.39 -6.3706 -6.52803 -6.21317 
0.4 -6.21357 -6.38312 -6.04402 
0.41 -6.06092 -6.24232 -5.87952 
0.42 -5.91243 -6.10543 -5.71942 
0.43 -5.7679 -5.97227 -5.56353 
0.44 -5.62715 -5.84266 -5.41164 
0.45 -5.49001 -5.71644 -5.26359 
0.46 -5.35633 -5.59346 -5.11919 
0.47 -5.22595 -5.4736 -4.9783 
0.48 -5.09874 -5.3567 -4.84077 
0.49 -4.97456 -5.24266 -4.70646 
0.5 -4.85329 -5.13136 -4.57523 
0.51 -4.73482 -5.02268 -4.44697 
0.52 -4.61904 -4.91653 -4.32156 
0.53 -4.50585 -4.81281 -4.19889 
0.54 -4.39514 -4.71143 -4.07886 
0.55 -4.28683 -4.6123 -3.96137 
0.56 -4.18083 -4.51534 -3.84633 
0.57 -4.07707 -4.42048 -3.73366 
0.58 -3.97545 -4.32764 -3.62326 
0.59 -3.87591 -4.23675 -3.51508 
0.6 -3.77839 -4.14775 -3.40902 
0.61 -3.6828 -4.06058 -3.30502 
0.62 -3.58909 -3.97517 -3.20301 
0.63 -3.4972 -3.89147 -3.10293 
0.64 -3.40707 -3.80943 -3.00472 
0.65 -3.31865 -3.72898 -2.90832 
0.66 -3.23189 -3.6501 -2.81368 
0.67 -3.14673 -3.57272 -2.72073 
0.68 -3.06312 -3.49681 -2.62944 
0.69 -2.98103 -3.42232 -2.53975 
0.7 -2.90041 -3.3492 -2.45162 
0.71 -2.82121 -3.27743 -2.365 
0.72 -2.74341 -3.20696 -2.27985 
0.73 -2.66695 -3.13776 -2.19613 
0.74 -2.5918 -3.06979 -2.1138 
0.75 -2.51793 -3.00302 -2.03283 
0.76 -2.4453 -2.93742 -1.95317 
0.77 -2.37388 -2.87296 -1.8748 
0.78 -2.30364 -2.8096 -1.79768 
0.79 -2.23455 -2.74732 -1.72177 
0.8 -2.16658 -2.6861 -1.64706 
0.81 -2.0997 -2.6259 -1.5735 
0.82 -2.03389 -2.56671 -1.50107 
0.83 -1.96912 -2.50849 -1.42974 
0.84 -1.90536 -2.45123 -1.35949 
0.85 -1.84259 -2.39489 -1.29029 
0.86 -1.78079 -2.33947 -1.22212 
0.87 -1.71994 -2.28493 -1.15495 
0.88 -1.66001 -2.23126 -1.08876 
0.89 -1.60098 -2.17844 -1.02352 
0.9 -1.54284 -2.12645 -0.959224 
0.91 -1.48556 -2.07527 -0.89584 
0.92 -1.42912 -2.02489 -0.833352 
0.93 -1.37351 -1.97528 -0.771739 
0.94 -1.3187 -1.92643 -0.710984 
0.95 -1.26469 -1.87832 -0.651067 
0.96 -1.21146 -1.83094 -0.591972 
0.97 -1.15898 -1.78427 -0.533681 
0.98 -1.10724 -1.7383 -0.476178 
0.99 -1.05623 -1.69302 -0.419447 
1 -1.00594 -1.64841 -0.363472 
1.01 -0.956344 -1.60445 -0.308238 
1.02 -0.907434 -1.56114 -0.253731 
1.03 -0.859196 -1.51845 -0.199936 
1.04 -0.811616 -1.47639 -0.146841 
1.05 -0.764684 -1.43494 -0.0944301 
1.06 -0.718385 -1.39408 -0.042692 
1.07 -0.672709 -1.3538 0.00838639 
1.08 -0.627643 -1.3141 0.0588173 
1.09 -0.583177 -1.27497 0.108613 
1.1 -0.539298 -1.23638 0.157784 
1.11 -0.495998 -1.19834 0.206343 
1.12 -0.453265 -1.16083 0.254301 
1.13 -0.41109 -1.12385 0.301667 
1.14 -0.369462 -1.08738 0.348453 
1.15 -0.328372 -1.05141 0.394668 
1.16 -0.28781 -1.01594 0.440323 
1.17 -0.247768 -0.980964 0.485427 
1.18 -0.208237 -0.946464 0.52999 
1.19 -0.169208 -0.912436 0.57402 
1.2 -0.130672 -0.878872 0.617527 
1.21 -0.0926222 -0.845763 0.660519 
1.22 -0.0550496 -0.813104 0.703005 
1.23 -0.0179468 -0.780886 0.744993 
1.24 0.018694 -0.749102 0.78649 
1.25 0.0548801 -0.717746 0.827506 
1.26 0.0906188 -0.68681 0.868047 
1.27 0.125917 -0.656287 0.908122 
1.28 0.160782 -0.626172 0.947737 
1.29 0.19522 -0.596458 0.986899 
1.3 0.229238 -0.567139 1.02562 
1.31 0.262843 -0.538209 1.06389 
1.32 0.29604 -0.509661 1.10174 
1.33 0.328836 -0.48149 1.13916 
1.34 0.361237 -0.453691 1.17616 
1.35 0.393248 -0.426257 1.21275 
1.36 0.424876 -0.399184 1.24894 
1.37 0.456125 -0.372466 1.28472 
1.38 0.487003 -0.346098 1.3201 
1.39 0.517513 -0.320075 1.3551 
1.4 0.547661 -0.294392 1.38971 
1.41 0.577453 -0.269044 1.42395 
1.42 0.606893 -0.244027 1.45781 
1.43 0.635986 -0.219335 1.49131 
1.44 0.664738 -0.194965 1.52444 
1.45 0.693152 -0.170911 1.55722 
1.46 0.721234 -0.14717 1.58964 
1.47 0.748988 -0.123737 1.62171 
1.48 0.776419 -0.100608 1.65345 
1.49 0.80353 -0.0777795 1.68484 
1.5 0.830326 -0.0552463 1.7159 
1.51 0.856812 -0.0330052 1.74663 
1.52 0.882991 -0.0110522 1.77703 
1.53 0.908867 0.0106166 1.80712 
1.54 0.934445 0.0320046 1.83689 
1.55 0.959728 0.0531157 1.86634 
1.56 0.98472 0.0739534 1.89549 
1.57 1.00943 0.0945211 1.92433 
1.58 1.03385 0.114822 1.95287 
1.59 1.05799 0.13486 1.98111 
1.6 1.08185 0.154639 2.00907 
1.61 1.10544 0.17416 2.03673 
1.62 1.12877 0.193428 2.0641 
1.63 1.15182 0.212446 2.0912 
1.64 1.17461 0.231217 2.11801 
1.65 1.19715 0.249743 2.14455 
1.66 1.21942 0.268028 2.17082 
1.67 1.24144 0.286075 2.19681 
1.68 1.26322 0.303886 2.22254 
1.69 1.28474 0.321465 2.24801 
1.7 1.30602 0.338813 2.27322 
1.71 1.32705 0.355934 2.29817 
1.72 1.34785 0.372831 2.32287 
1.73 1.36841 0.389505 2.34732 
1.74 1.38874 0.40596 2.37152 
1.75 1.40884 0.422198 2.39548 
1.76 1.42871 0.438221 2.41919 
1.77 1.44835 0.454033 2.44267 
1.78 1.46777 0.469634 2.46591 
1.79 1.48697 0.485029 2.48891 
1.8 1.50595 0.500218 2.51169 
1.81 1.52472 0.515205 2.53423 
1.82 1.54327 0.529991 2.55655 
1.83 1.56161 0.544578 2.57864 
1.84 1.57974 0.55897 2.60051 
1.85 1.59767 0.573168 2.62217 
1.86 1.61539 0.587173 2.64361 
1.87 1.63291 0.600989 2.66483 
1.88 1.65023 0.614617 2.68584 
1.89 1.66735 0.628059 2.70664 
1.9 1.68428 0.641317 2.72724 
1.91 1.70101 0.654393 2.74762 
1.92 1.71755 0.667289 2.76781 
1.93 1.7339 0.680007 2.78779 
1.94 1.75006 0.692548 2.80758 
1.95 1.76604 0.704915 2.82717 
1.96 1.78184 0.71711 2.84656 
1.97 1.79745 0.729133 2.86576 
1.98 1.81288 0.740987 2.88477 
1.99 1.82813 0.752673 2.90359 
2 1.84321 0.764194 2.92223 
2.01 1.85811 0.77555 2.94067 
2.02 1.87284 0.786744 2.95894 
2.03 1.8874 0.797776 2.97702 
2.04 1.90179 0.808649 2.99492 
2.05 1.91601 0.819365 3.01265 
2.06 1.93006 0.829924 3.0302 
2.07 1.94395 0.840328 3.04757 
2.08 1.95768 0.850579 3.06477 
2.09 1.97124 0.860678 3.0818 
2.1 1.98464 0.870627 3.09866 
2.11 1.99789 0.880427 3.11535 
2.12 2.01098 0.890079 3.13188 
2.13 2.02391 0.899585 3.14824 
2.14 2.03669 0.908947 3.16444 
2.15 2.04932 0.918165 3.18047 
2.16 2.06179 0.92724 3.19634 
2.17 2.07412 0.936175 3.21206 
2.18 2.08629 0.944971 3.22762 
2.19 2.09832 0.953628 3.24302 
2.2 2.11021 0.962148 3.25827 
2.21 2.12195 0.970533 3.27336 
2.22 2.13354 0.978783 3.28831 
2.23 2.145 0.9869 3.3031 
2.24 2.15631 0.994884 3.31774 
2.25 2.16749 1.00274 3.33224 
2.26 2.17853 1.01046 3.34659 
2.27 2.18942 1.01806 3.36079 
2.28 2.20019 1.02553 3.37485 
2.29 2.21082 1.03287 3.38877 
2.3 2.22132 1.04008 3.40255 
2.31 2.23168 1.04717 3.41618 
2.32 2.24191 1.05414 3.42968 
2.33 2.25202 1.06099 3.44304 
2.34 2.26199 1.06772 3.45626 
2.35 2.27184 1.07432 3.46935 
2.36 2.28156 1.08081 3.48231 
2.37 2.29115 1.08718 3.49513 
2.38 2.30062 1.09343 3.50781 
2.39 2.30997 1.09957 3.52037 
2.4 2.31919 1.10559 3.5328 
2.41 2.3283 1.11149 3.5451 
2.42 2.33728 1.11729 3.55727 
2.43 2.34614 1.12297 3.56932 
2.44 2.35489 1.12854 3.58124 
2.45 2.36352 1.134 3.59303 
2.46 2.37203 1.13935 3.6047 
2.47 2.38042 1.14459 3.61625 
2.48 2.3887 1.14973 3.62768 
2.49 2.39687 1.15476 3.63899 
2.5 2.40493 1.15968 3.65017 
2.51 2.41287 1.16449 3.66124 
2.52 2.4207 1.16921 3.67219 
2.53 2.42842 1.17382 3.68303 
2.54 2.43603 1.17832 3.69375 
2.55 2.44354 1.18273 3.70435 
2.56 2.45094 1.18703 3.71484 
2.57 2.45823 1.19123 3.72522 
2.58 2.46541 1.19534 3.73548 
2.59 2.47249 1.19934 3.74563 
2.6 2.47946 1.20325 3.75568 
2.61 2.48633 1.20706 3.76561 
2.62 2.4931 1.21077 3.77543 
2.63 2.49977 1.21439 3.78515 
2.64 2.50634 1.21791 3.79476 
2.65 2.5128 1.22134 3.80426 
2.66 2.51917 1.22468 3.81366 
2.67 2.52544 1.22792 3.82295 
2.68 2.53161 1.23107 3.83214 
2.69 2.53768 1.23413 3.84122 
2.7 2.54365 1.2371 3.85021 
2.71 2.54953 1.23997 3.85909 
2.72 2.55532 1.24276 3.86787 
2.73 2.56101 1.24546 3.87655 
2.74 2.5666 1.24807 3.88513 
2.75 2.5721 1.2506 3.89361 
2.76 2.57751 1.25303 3.90199 
2.77 2.58283 1.25539 3.91028 
2.78 2.58806 1.25765 3.91847 
2.79 2.5932 1.25983 3.92656 
2.8 2.59825 1.26193 3.93456 
2.81 2.6032 1.26394 3.94247 
2.82 2.60807 1.26587 3.95028 
2.83 2.61285 1.26771 3.958 
2.84 2.61755 1.26948 3.96562 
2.85 2.62216 1.27116 3.97315 
2.86 2.62668 1.27276 3.98059 
2.87 2.63111 1.27428 3.98794 
2.88 2.63547 1.27573 3.99521 
2.89 2.63973 1.27709 4.00238 
2.9 2.64392 1.27837 4.00946 
2.91 2.64802 1.27958 4.01645 
2.92 2.65203 1.28071 4.02336 
2.93 2.65597 1.28176 4.03018 
2.94 2.65982 1.28273 4.03691 
2.95 2.6636 1.28363 4.04356 
2.96 2.66729 1.28445 4.05012 
2.97 2.6709 1.2852 4.0566 
2.98 2.67444 1.28588 4.063 
2.99 2.67789 1.28648 4.06931 
3 2.68127 1.287 4.07554 
3.01 2.68457 1.28746 4.08168 
3.02 2.68779 1.28784 4.08774 
3.03 2.69094 1.28815 4.09373 
3.04 2.69401 1.28838 4.09963 
3.05 2.697 1.28855 4.10545 
3.06 2.69992 1.28864 4.11119 
3.07 2.70276 1.28867 4.11685 
3.08 2.70553 1.28863 4.12244 
3.09 2.70823 1.28851 4.12794 
3.1 2.71085 1.28833 4.13337 
3.11 2.7134 1.28808 4.13872 
3.12 2.71588 1.28776 4.144 
3.13 2.71828 1.28737 4.1492 
3.14 2.72062 1.28692 4.15432 
3.15 2.72288 1.2864 4.15937 
3.16 2.72508 1.28581 4.16434 
3.17 2.7272 1.28516 4.16924 
3.18 2.72925 1.28445 4.17406 
3.19 2.73124 1.28366 4.17881 
3.2 2.73315 1.28282 4.18349 
3.21 2.735 1.28191 4.1881 
3.22 2.73678 1.28093 4.19263 
3.23 2.73849 1.27989 4.19709 
3.24 2.74014 1.27879 4.20149 
3.25 2.74172 1.27763 4.20581 
3.26 2.74323 1.2764 4.21006 
3.27 2.74468 1.27512 4.21424 
3.28 2.74606 1.27377 4.21835 
3.29 2.74738 1.27236 4.22239 
3.3 2.74863 1.27089 4.22637 
3.31 2.74981 1.26936 4.23027 
3.32 2.75094 1.26776 4.23411 
3.33 2.752 1.26611 4.23788 
3.34 2.753 1.2644 4.24159 
3.35 2.75393 1.26264 4.24523 
3.36 2.7548 1.26081 4.2488 
3.37 2.75561 1.25892 4.25231 
3.38 2.75636 1.25698 4.25575 
3.39 2.75705 1.25498 4.25912 
3.4 2.75768 1.25292 4.26243 
3.41 2.75824 1.25081 4.26568 
3.42 2.75875 1.24864 4.26887 
3.43 2.7592 1.24641 4.27199 
3.44 2.75958 1.24412 4.27504 
3.45 2.75991 1.24179 4.27804 
3.46 2.76018 1.23939 4.28097 
3.47 2.76039 1.23694 4.28384 
3.48 2.76055 1.23444 4.28665 
3.49 2.76064 1.23188 4.2894 
3.5 2.76068 1.22927 4.29209 
3.51 2.76066 1.22661 4.29471 
3.52 2.76058 1.22389 4.29728 
3.53 2.76045 1.22112 4.29979 
3.54 2.76026 1.21829 4.30223 
3.55 2.76002 1.21542 4.30462 
3.56 2.75972 1.21249 4.30695 
3.57 2.75936 1.20951 4.30922 
3.58 2.75895 1.20647 4.31143 
3.59 2.75849 1.20339 4.31359 
3.6 2.75797 1.20026 4.31569 
3.61 2.7574 1.19707 4.31773 
3.62 2.75677 1.19384 4.31971 
3.63 2.75609 1.19055 4.32164 
3.64 2.75536 1.18721 4.32351 
3.65 2.75457 1.18383 4.32532 
3.66 2.75374 1.1804 4.32708 
3.67 2.75285 1.17691 4.32878 
3.68 2.75191 1.17338 4.33043 
3.69 2.75091 1.1698 4.33202 
3.7 2.74987 1.16617 4.33356 
3.71 2.74877 1.16249 4.33505 
3.72 2.74762 1.15877 4.33648 
3.73 2.74643 1.155 4.33786 
3.74 2.74518 1.15118 4.33918 
3.75 2.74388 1.14731 4.34045 
3.76 2.74254 1.1434 4.34167 
3.77 2.74114 1.13944 4.34284 
3.78 2.73969 1.13543 4.34395 
3.79 2.7382 1.13138 4.34501 
3.8 2.73665 1.12728 4.34602 
3.81 2.73506 1.12314 4.34698 
3.82 2.73342 1.11895 4.34789 
3.83 2.73174 1.11472 4.34875 
3.84 2.73 1.11044 4.34956 
3.85 2.72822 1.10612 4.35031 
3.86 2.72639 1.10175 4.35102 
3.87 2.72451 1.09734 4.35168 
3.88 2.72259 1.09289 4.35228 
3.89 2.72062 1.08839 4.35284 
3.9 2.7186 1.08385 4.35335 
3.91 2.71654 1.07926 4.35381 
3.92 2.71443 1.07464 4.35422 
3.93 2.71228 1.06996 4.35459 
3.94 2.71008 1.06525 4.3549 
3.95 2.70783 1.0605 4.35517 
3.96 2.70554 1.0557 4.35539 
3.97 2.70321 1.05086 4.35556 
3.98 2.70083 1.04598 4.35569 
3.99 2.69841 1.04105 4.35577 
4 2.69595 1.03609 4.3558 
4.01 2.69344 1.03109 4.35579 
4.02 2.69088 1.02604 4.35573 
4.03 2.68829 1.02095 4.35562 
4.04 2.68565 1.01583 4.35547 
4.05 2.68297 1.01066 4.35528 
4.06 2.68024 1.00545 4.35503 
4.07 2.67748 1.00021 4.35475 
4.08 2.67467 0.994919 4.35442 
4.09 2.67182 0.989593 4.35404 
4.1 2.66892 0.984227 4.35362 
4.11 2.66599 0.978823 4.35315 
4.12 2.66301 0.973379 4.35265 
4.13 2.66 0.967897 4.35209 
4.14 2.65694 0.962377 4.3515 
4.15 2.65384 0.956818 4.35086 
4.16 2.6507 0.951221 4.35018 
4.17 2.64752 0.945586 4.34945 
4.18 2.6443 0.939913 4.34869 
4.19 2.64104 0.934202 4.34788 
4.2 2.63774 0.928454 4.34703 
4.21 2.6344 0.922669 4.34613 
4.22 2.63102 0.916847 4.3452 
4.23 2.6276 0.910988 4.34422 
4.24 2.62415 0.905092 4.3432 
4.25 2.62065 0.89916 4.34214 
4.26 2.61712 0.893192 4.34104 
4.27 2.61354 0.887187 4.3399 
4.28 2.60993 0.881146 4.33871 
4.29 2.60628 0.875069 4.33749 
4.3 2.60259 0.868957 4.33623 
4.31 2.59887 0.862809 4.33493 
4.32 2.5951 0.856625 4.33358 
4.33 2.5913 0.850407 4.3322 
4.34 2.58747 0.844153 4.33078 
4.35 2.58359 0.837865 4.32932 
4.36 2.57968 0.831542 4.32781 
4.37 2.57573 0.825184 4.32627 
4.38 2.57174 0.818792 4.3247 
4.39 2.56772 0.812366 4.32308 
4.4 2.56366 0.805905 4.32142 
4.41 2.55957 0.799411 4.31973 
4.42 2.55544 0.792883 4.318 
4.43 2.55127 0.786321 4.31623 
4.44 2.54707 0.779726 4.31442 
4.45 2.54283 0.773097 4.31257 
4.46 2.53856 0.766435 4.31069 
4.47 2.53425 0.759741 4.30877 
4.48 2.52991 0.753013 4.30681 
4.49 2.52553 0.746253 4.30482 
4.5 2.52112 0.73946 4.30279 
4.51 2.51668 0.732634 4.30072 
4.52 2.5122 0.725777 4.29861 
4.53 2.50768 0.718887 4.29647 
4.54 2.50313 0.711965 4.2943 
4.55 2.49855 0.705011 4.29208 
4.56 2.49393 0.698026 4.28984 
4.57 2.48928 0.691009 4.28755 
4.58 2.4846 0.68396 4.28523 
4.59 2.47988 0.676881 4.28288 
4.6 2.47513 0.66977 4.28049 
4.61 2.47035 0.662628 4.27806 
4.62 2.46553 0.655455 4.2756 
4.63 2.46068 0.648251 4.27311 
4.64 2.4558 0.641016 4.27058 
4.65 2.45088 0.633752 4.26802 
4.66 2.44594 0.626456 4.26542 
4.67 2.44096 0.619131 4.26279 
4.68 2.43595 0.611775 4.26012 
4.69 2.4309 0.60439 4.25742 
4.7 2.42583 0.596974 4.25469 
4.71 2.42072 0.589529 4.25192 
4.72 2.41559 0.582054 4.24912 
4.73 2.41042 0.57455 4.24628 
4.74 2.40522 0.567016 4.24342 
4.75 2.39999 0.559453 4.24052 
4.76 2.39472 0.551861 4.23759 
4.77 2.38943 0.54424 4.23462 
4.78 2.38411 0.53659 4.23162 
4.79 2.37875 0.528912 4.22859 
4.8 2.37337 0.521204 4.22553 
4.81 2.36795 0.513469 4.22243 
4.82 2.36251 0.505704 4.21931 
4.83 2.35703 0.497912 4.21615 
4.84 2.35152 0.490091 4.21296 
4.85 2.34599 0.482243 4.20973 
4.86 2.34042 0.474366 4.20648 
4.87 2.33483 0.466462 4.2032 
4.88 2.3292 0.45853 4.19988 
4.89 2.32355 0.45057 4.19653 
4.9 2.31787 0.442583 4.19315 
4.91 2.31216 0.434568 4.18974 
4.92 2.30641 0.426526 4.1863 
4.93 2.30064 0.418458 4.18283 
4.94 2.29485 0.410362 4.17933 
4.95 2.28902 0.402239 4.1758 
4.96 2.28316 0.394089 4.17224 
4.97 2.27728 0.385913 4.16865 
4.98 2.27137 0.37771 4.16502 
4.99 2.26543 0.36948 4.16137 
5 2.25946 0.361225 4.15769 
5.01 2.25346 0.352943 4.15398 
5.02 2.24744 0.344634 4.15024 
5.03 2.24138 0.3363 4.14647 
5.04 2.2353 0.32794 4.14267 
5.05 2.2292 0.319553 4.13884 
5.06 2.22306 0.311142 4.13498 
5.07 2.2169 0.302704 4.13109 
5.08 2.21071 0.294241 4.12718 
5.09 2.20449 0.285752 4.12323 
5.1 2.19825 0.277238 4.11926 
5.11 2.19198 0.268699 4.11526 
5.12 2.18568 0.260135 4.11123 
5.13 2.17936 0.251545 4.10717 
5.14 2.17301 0.242931 4.10308 
5.15 2.16663 0.234292 4.09897 
5.16 2.16023 0.225628 4.09483 
5.17 2.1538 0.216939 4.09066 
5.18 2.14734 0.208226 4.08646 
5.19 2.14086 0.199488 4.08223 
5.2 2.13435 0.190726 4.07798 
5.21 2.12782 0.18194 4.0737 
5.22 2.12126 0.173129 4.06939 
5.23 2.11468 0.164294 4.06506 
5.24 2.10807 0.155436 4.0607 
5.25 2.10143 0.146553 4.05631 
5.26 2.09477 0.137646 4.05189 
5.27 2.08808 0.128716 4.04745 
5.28 2.08137 0.119762 4.04298 
5.29 2.07463 0.110785 4.03848 
5.3 2.06787 0.101784 4.03396 
5.31 2.06109 0.0927596 4.02941 
5.32 2.05427 0.083712 4.02484 
5.33 2.04744 0.0746412 4.02023 
5.34 2.04058 0.0655472 4.01561 
5.35 2.03369 0.0564302 4.01095 
5.36 2.02678 0.0472903 4.00627 
5.37 2.01985 0.0381275 4.00157 
5.38 2.01289 0.0289419 3.99684 
5.39 2.00591 0.0197337 3.99208 
5.4 1.9989 0.0105028 3.9873 
5.41 1.99187 0.00124938 3.98249 
5.42 1.98482 -0.00802647 3.97766 
5.43 1.97774 -0.0173247 3.9728 
5.44 1.97064 -0.0266452 3.96792 
5.45 1.96351 -0.0359879 3.96301 
5.46 1.95636 -0.0453527 3.95808 
5.47 1.94919 -0.0547395 3.95312 
5.48 1.94199 -0.0641483 3.94814 
5.49 1.93478 -0.073579 3.94313 
5.5 1.92753 -0.0830315 3.9381 
5.51 1.92027 -0.0925056 3.93304 
5.52 1.91298 -0.102001 3.92796 
5.53 1.90567 -0.111519 3.92285 
5.54 1.89833 -0.121058 3.91772 
5.55 1.89098 -0.130618 3.91257 
5.56 1.8836 -0.1402 3.90739 
5.57 1.87619 -0.149802 3.90219 
5.58 1.86877 -0.159426 3.89697 
5.59 1.86132 -0.169072 3.89172 
5.6 1.85385 -0.178738 3.88644 
5.61 1.84636 -0.188425 3.88115 
5.62 1.83885 -0.198133 3.87583 
5.63 1.83131 -0.207861 3.87048 
5.64 1.82375 -0.217611 3.86512 
5.65 1.81617 -0.227381 3.85973 
5.66 1.80857 -0.237172 3.85431 
5.67 1.80095 -0.246983 3.84887 
5.68 1.7933 -0.256815 3.84341 
5.69 1.78563 -0.266667 3.83793 
5.7 1.77794 -0.276539 3.83243 
5.71 1.77023 -0.286431 3.8269 
5.72 1.7625 -0.296344 3.82135 
5.73 1.75475 -0.306277 3.81577 
5.74 1.74697 -0.31623 3.81018 
5.75 1.73918 -0.326202 3.80456 
5.76 1.73136 -0.336195 3.79892 
5.77 1.72352 -0.346207 3.79325 
5.78 1.71566 -0.356239 3.78757 
5.79 1.70778 -0.366291 3.78186 
5.8 1.69988 -0.376362 3.77613 
5.81 1.69196 -0.386453 3.77037 
5.82 1.68402 -0.396564 3.7646 
5.83 1.67606 -0.406693 3.7588 
5.84 1.66807 -0.416842 3.75299 
5.85 1.66007 -0.427011 3.74715 
5.86 1.65204 -0.437198 3.74129 
5.87 1.644 -0.447405 3.7354 
5.88 1.63593 -0.45763 3.7295 
5.89 1.62785 -0.467875 3.72357 
5.9 1.61974 -0.478139 3.71762 
5.91 1.61162 -0.488421 3.71166 
5.92 1.60347 -0.498723 3.70567 
5.93 1.59531 -0.509043 3.69965 
5.94 1.58712 -0.519381 3.69362 
5.95 1.57892 -0.529739 3.68757 
5.96 1.57069 -0.540115 3.6815 
5.97 1.56245 -0.550509 3.6754 
5.98 1.55418 -0.560922 3.66929 
5.99 1.5459 -0.571353 3.66315 
6 1.53759 -0.581803 3.65699 
6.01 1.52927 -0.59227 3.65081 
6.02 1.52093 -0.602756 3.64462 
6.03 1.51257 -0.61326 3.6384 
6.04 1.50419 -0.623783 3.63216 
6.05 1.49579 -0.634323 3.6259 
6.06 1.48737 -0.644881 3.61962 
6.07 1.47893 -0.655457 3.61332 
6.08 1.47047 -0.666051 3.607 
6.09 1.462 -0.676662 3.60066 
6.1 1.4535 -0.687291 3.5943 
6.11 1.44499 -0.697938 3.58792 
6.12 1.43646 -0.708603 3.58152 
6.13 1.42791 -0.719285 3.5751 
6.14 1.41934 -0.729985 3.56866 
6.15 1.41075 -0.740702 3.5622 
6.16 1.40214 -0.751436 3.55572 
6.17 1.39352 -0.762188 3.54923 
6.18 1.38488 -0.772956 3.54271 
6.19 1.37621 -0.783743 3.53617 
6.2 1.36753 -0.794546 3.52962 
6.21 1.35884 -0.805366 3.52304 
6.22 1.35012 -0.816204 3.51645 
6.23 1.34139 -0.827058 3.50983 
6.24 1.33263 -0.837929 3.5032 
6.25 1.32386 -0.848817 3.49655 
6.26 1.31508 -0.859722 3.48988 
6.27 1.30627 -0.870644 3.48319 
6.28 1.29745 -0.881583 3.47648 
6.29 1.28861 -0.892538 3.46975 
6.3 1.27975 -0.903509 3.463 
6.31 1.27087 -0.914498 3.45624 
6.32 1.26198 -0.925502 3.44945 
6.33 1.25306 -0.936524 3.44265 
6.34 1.24414 -0.947561 3.43583 
6.35 1.23519 -0.958615 3.42899 
6.36 1.22622 -0.969685 3.42214 
6.37 1.21724 -0.980772 3.41526 
6.38 1.20825 -0.991875 3.40837 
6.39 1.19923 -1.00299 3.40145 
6.4 1.1902 -1.01413 3.39452 
6.41 1.18115 -1.02528 3.38757 
6.42 1.17208 -1.03645 3.38061 
6.43 1.163 -1.04763 3.37362 
6.44 1.1539 -1.05883 3.36662 
6.45 1.14478 -1.07004 3.3596 
6.46 1.13564 -1.08127 3.35256 
6.47 1.12649 -1.09252 3.34551 
6.48 1.11733 -1.10378 3.33843 
6.49 1.10814 -1.11506 3.33134 
6.5 1.09894 -1.12635 3.32423 
6.51 1.08972 -1.13766 3.31711 
6.52 1.08049 -1.14898 3.30996 
6.53 1.07124 -1.16032 3.3028 
6.54 1.06197 -1.17168 3.29562 
6.55 1.05269 -1.18305 3.28843 
6.56 1.04339 -1.19443 3.28121 
6.57 1.03407 -1.20584 3.27398 
6.58 1.02474 -1.21725 3.26673 
6.59 1.01539 -1.22868 3.25947 
6.6 1.00603 -1.24013 3.25219 
6.61 0.996649 -1.25159 3.24489 
6.62 0.987253 -1.26307 3.23757 
6.63 0.977841 -1.27456 3.23024 
6.64 0.968413 -1.28606 3.22289 
6.65 0.958969 -1.29759 3.21552 
6.66 0.949509 -1.30912 3.20814 
6.67 0.940033 -1.32067 3.20074 
6.68 0.930542 -1.33224 3.19332 
6.69 0.921035 -1.34382 3.18589 
6.7 0.911513 -1.35541 3.17844 
6.71 0.901975 -1.36702 3.17097 
6.72 0.892421 -1.37865 3.16349 
6.73 0.882852 -1.39029 3.15599 
6.74 0.873268 -1.40194 3.14848 
6.75 0.863668 -1.41361 3.14094 
6.76 0.854053 -1.42529 3.1334 
6.77 0.844422 -1.43699 3.12583 
6.78 0.834776 -1.4487 3.11825 
6.79 0.825115 -1.46042 3.11066 
6.8 0.815439 -1.47216 3.10304 
6.81 0.805748 -1.48392 3.09541 
6.82 0.796041 -1.49569 3.08777 
6.83 0.78632 -1.50747 3.08011 
6.84 0.776584 -1.51926 3.07243 
6.85 0.766832 -1.53107 3.06474 
6.86 0.757066 -1.5429 3.05703 
6.87 0.747285 -1.55474 3.04931 
6.88 0.737489 -1.56659 3.04157 
6.89 0.727679 -1.57846 3.03381 
6.9 0.717853 -1.59033 3.02604 
6.91 0.708013 -1.60223 3.01825 
6.92 0.698158 -1.61414 3.01045 
6.93 0.688289 -1.62606 3.00264 
6.94 0.678405 -1.63799 2.9948 
6.95 0.668507 -1.64994 2.98695 
6.96 0.658594 -1.6619 2.97909 
6.97 0.648667 -1.67388 2.97121 
6.98 0.638725 -1.68587 2.96332 
6.99 0.628769 -1.69787 2.95541 
7 0.618799 -1.70989 2.94748 
7.01 0.608814 -1.72191 2.93954 
7.02 0.598816 -1.73396 2.93159 
7.03 0.588803 -1.74601 2.92362 
7.04 0.578775 -1.75808 2.91563 
7.05 0.568734 -1.77017 2.90763 
7.06 0.558679 -1.78226 2.89962 
7.07 0.54861 -1.79437 2.89159 
7.08 0.538526 -1.80649 2.88354 
7.09 0.528429 -1.81863 2.87549 
7.1 0.518318 -1.83078 2.86741 
7.11 0.508193 -1.84294 2.85932 
7.12 0.498054 -1.85511 2.85122 
7.13 0.487901 -1.8673 2.8431 
7.14 0.477735 -1.8795 2.83497 
7.15 0.467555 -1.89171 2.82682 
7.16 0.457361 -1.90394 2.81866 
7.17 0.447154 -1.91618 2.81048 
7.18 0.436932 -1.92843 2.80229 
7.19 0.426698 -1.94069 2.79409 
7.2 0.41645 -1.95297 2.78587 
7.21 0.406188 -1.96526 2.77764 
7.22 0.395913 -1.97756 2.76939 
7.23 0.385625 -1.98988 2.76113 
7.24 0.375323 -2.0022 2.75285 
7.25 0.365008 -2.01454 2.74456 
7.26 0.354679 -2.0269 2.73626 
7.27 0.344338 -2.03926 2.72794 
7.28 0.333983 -2.05164 2.7196 
7.29 0.323614 -2.06403 2.71126 
7.3 0.313233 -2.07643 2.7029 
7.31 0.302839 -2.08885 2.69452 
7.32 0.292431 -2.10127 2.68614 
7.33 0.282011 -2.11371 2.67773 
7.34 0.271577 -2.12616 2.66932 
7.35 0.261131 -2.13863 2.66089 
7.36 0.250671 -2.1511 2.65244 
7.37 0.240199 -2.16359 2.64399 
7.38 0.229714 -2.17609 2.63552 
7.39 0.219215 -2.1886 2.62703 
7.4 0.208705 -2.20113 2.61854 
7.41 0.198181 -2.21366 2.61002 
7.42 0.187645 -2.22621 2.6015 
7.43 0.177095 -2.23877 2.59296 
7.44 0.166534 -2.25134 2.58441 
7.45 0.155959 -2.26393 2.57584 
7.46 0.145372 -2.27652 2.56727 
7.47 0.134773 -2.28913 2.55867 
7.48 0.124161 -2.30175 2.55007 
7.49 0.113536 -2.31438 2.54145 
7.5 0.102899 -2.32702 2.53282 
7.51 0.0922498 -2.33967 2.52417 
7.52 0.081588 -2.35234 2.51552 
7.53 0.0709138 -2.36502 2.50685 
7.54 0.0602273 -2.37771 2.49816 
7.55 0.0495285 -2.39041 2.48946 
7.56 0.0388174 -2.40312 2.48075 
7.57 0.0280941 -2.41584 2.47203 
7.58 0.0173586 -2.42858 2.46329 
7.59 0.00661089 -2.44132 2.45455 
7.6 -0.00414893 -2.45408 2.44578 
7.61 -0.0149208 -2.46685 2.43701 
7.62 -0.0257048 -2.47963 2.42822 
7.63 -0.0365009 -2.49242 2.41942 
7.64 -0.0473089 -2.50523 2.41061 
7.65 -0.0581289 -2.51804 2.40178 
7.66 -0.0689609 -2.53087 2.39295 
7.67 -0.0798047 -2.5437 2.38409 
7.68 -0.0906605 -2.55655 2.37523 
7.69 -0.101528 -2.56941 2.36636 
7.7 -0.112408 -2.58228 2.35747 
7.71 -0.123299 -2.59516 2.34857 
7.72 -0.134202 -2.60806 2.33965 
7.73 -0.145116 -2.62096 2.33073 
7.74 -0.156043 -2.63387 2.32179 
7.75 -0.166981 -2.6468 2.31284 
7.76 -0.177931 -2.65973 2.30387 
7.77 -0.188892 -2.67268 2.2949 
7.78 -0.199865 -2.68564 2.28591 
7.79 -0.210849 -2.69861 2.27691 
7.8 -0.221845 -2.71159 2.2679 
7.81 -0.232853 -2.72458 2.25887 
7.82 -0.243872 -2.73758 2.24984 
7.83 -0.254902 -2.75059 2.24079 
7.84 -0.265944 -2.76362 2.23173 
7.85 -0.276997 -2.77665 2.22266 
7.86 -0.288061 -2.78969 2.21357 
7.87 -0.299137 -2.80275 2.20447 
7.88 -0.310224 -2.81581 2.19537 
7.89 -0.321323 -2.82889 2.18624 
7.9 -0.332432 -2.84198 2.17711 
7.91 -0.343553 -2.85507 2.16797 
7.92 -0.354685 -2.86818 2.15881 
7.93 -0.365828 -2.8813 2.14964 
7.94 -0.376982 -2.89443 2.14046 
7.95 -0.388147 -2.90757 2.13127 
7.96 -0.399324 -2.92072 2.12207 
7.97 -0.410511 -2.93388 2.11285 
7.98 -0.42171 -2.94705 2.10363 
7.99 -0.432919 -2.96023 2.09439 
8 -0.444139 -2.97342 2.08514 
8.01 -0.45537 -2.98662 2.07588 
8.02 -0.466613 -2.99983 2.0666 
8.03 -0.477866 -3.01305 2.05732 
8.04 -0.489129 -3.02628 2.04802 
8.05 -0.500404 -3.03952 2.03871 
8.06 -0.51169 -3.05277 2.0294 
8.07 -0.522986 -3.06604 2.02006 
8.08 -0.534293 -3.07931 2.01072 
8.09 -0.54561 -3.09259 2.00137 
8.1 -0.556939 -3.10588 1.99201 
8.11 -0.568278 -3.11918 1.98263 
8.12 -0.579627 -3.1325 1.97324 
8.13 -0.590988 -3.14582 1.96384 
8.14 -0.602358 -3.15915 1.95443 
8.15 -0.61374 -3.17249 1.94501 
8.16 -0.625132 -3.18584 1.93558 
8.17 -0.636534 -3.19921 1.92614 
8.18 -0.647947 -3.21258 1.91668 
8.19 -0.65937 -3.22596 1.90722 
8.2 -0.670804 -3.23935 1.89774 
8.21 -0.682248 -3.25275 1.88826 
8.22 -0.693702 -3.26616 1.87876 
8.23 -0.705167 -3.27958 1.86925 
8.24 -0.716642 -3.29301 1.85973 
8.25 -0.728128 -3.30645 1.8502 
8.26 -0.739623 -3.3199 1.84065 
8.27 -0.751129 -3.33336 1.8311 
8.28 -0.762646 -3.34683 1.82154 
8.29 -0.774172 -3.36031 1.81196 
8.3 -0.785709 -3.37379 1.80238 
8.31 -0.797255 -3.38729 1.79278 
8.32 -0.808812 -3.4008 1.78317 
8.33 -0.820379 -3.41432 1.77356 
8.34 -0.831956 -3.42784 1.76393 
8.35 -0.843543 -3.44138 1.75429 
8.36 -0.85514 -3.45492 1.74464 
8.37 -0.866747 -3.46847 1.73498 
8.38 -0.878364 -3.48204 1.72531 
8.39 -0.889991 -3.49561 1.71563 
8.4 -0.901628 -3.50919 1.70594 
8.41 -0.913275 -3.52278 1.69623 
8.42 -0.924932 -3.53639 1.68652 
8.43 -0.936598 -3.55 1.6768 
8.44 -0.948275 -3.56361 1.66706 
8.45 -0.959961 -3.57724 1.65732 
8.46 -0.971657 -3.59088 1.64757 
8.47 -0.983363 -3.60453 1.6378 
8.48 -0.995078 -3.61818 1.62803 
8.49 -1.0068 -3.63185 1.61824 
8.5 -1.01854 -3.64552 1.60845 
8.51 -1.03028 -3.65921 1.59864 
8.52 -1.04204 -3.6729 1.58882 
8.53 -1.0538 -3.6866 1.579 
8.54 -1.06557 -3.70031 1.56916 
8.55 -1.07736 -3.71403 1.55931 
8.56 -1.08915 -3.72776 1.54946 
8.57 -1.10095 -3.7415 1.53959 
8.58 -1.11276 -3.75524 1.52971 
8.59 -1.12459 -3.769 1.51983 
8.6 -1.13642 -3.78276 1.50993 
8.61 -1.14826 -3.79653 1.50002 
8.62 -1.16011 -3.81032 1.4901 
8.63 -1.17197 -3.82411 1.48018 
8.64 -1.18383 -3.83791 1.47024 
8.65 -1.19571 -3.85171 1.46029 
8.66 -1.2076 -3.86553 1.45033 
8.67 -1.21949 -3.87936 1.44037 
8.68 -1.2314 -3.89319 1.43039 
8.69 -1.24332 -3.90704 1.4204 
8.7 -1.25524 -3.92089 1.41041 
8.71 -1.26717 -3.93475 1.4004 
8.72 -1.27912 -3.94862 1.39039 
8.73 -1.29107 -3.9625 1.38036 
8.74 -1.30303 -3.97638 1.37032 
8.75 -1.315 -3.99028 1.36028 
8.76 -1.32698 -4.00418 1.35022 
8.77 -1.33897 -4.01809 1.34016 
8.78 -1.35096 -4.03202 1.33009 
8.79 -1.36297 -4.04594 1.32 
8.8 -1.37499 -4.05988 1.30991 
8.81 -1.38701 -4.07383 1.29981 
8.82 -1.39905 -4.08778 1.28969 
8.83 -1.41109 -4.10175 1.27957 
8.84 -1.42314 -4.11572 1.26944 
8.85 -1.4352 -4.1297 1.2593 
8.86 -1.44727 -4.14369 1.24915 
8.87 -1.45935 -4.15769 1.23899 
8.88 -1.47144 -4.17169 1.22882 
8.89 -1.48353 -4.1857 1.21864 
8.9 -1.49564 -4.19973 1.20845 
8.91 -1.50775 -4.21376 1.19826 
8.92 -1.51987 -4.22779 1.18805 
8.93 -1.532 -4.24184 1.17783 
8.94 -1.54414 -4.2559 1.16761 
8.95 -1.55629 -4.26996 1.15737 
8.96 -1.56845 -4.28403 1.14713 
8.97 -1.58062 -4.29811 1.13688 
8.98 -1.59279 -4.3122 1.12661 
8.99 -1.60498 -4.32629 1.11634 
9 -1.61717 -4.3404 1.10606 
9.01 -1.62937 -4.35451 1.09577 
9.02 -1.64158 -4.36863 1.08547 
9.03 -1.6538 -4.38276 1.07516 
9.04 -1.66602 -4.3969 1.06485 
9.05 -1.67826 -4.41104 1.05452 
9.06 -1.6905 -4.42519 1.04418 
9.07 -1.70276 -4.43935 1.03384 
9.08 -1.71502 -4.45352 1.02349 
9.09 -1.72729 -4.4677 1.01312 
9.1 -1.73956 -4.48188 1.00275 
9.11 -1.75185 -4.49607 0.992373 
9.12 -1.76415 -4.51027 0.981984 
9.13 -1.77645 -4.52448 0.971586 
9.14 -1.78876 -4.5387 0.961179 
9.15 -1.80108 -4.55292 0.950763 
9.16 -1.81341 -4.56715 0.940338 
9.17 -1.82574 -4.58139 0.929905 
9.18 -1.83809 -4.59564 0.919462 
9.19 -1.85044 -4.6099 0.909011 
9.2 -1.8628 -4.62416 0.898551 
9.21 -1.87517 -4.63843 0.888082 
9.22 -1.88755 -4.65271 0.877605 
9.23 -1.89994 -4.66699 0.867119 
9.24 -1.91233 -4.68129 0.856624 
9.25 -1.92473 -4.69559 0.84612 
9.26 -1.93715 -4.7099 0.835608 
9.27 -1.94956 -4.72422 0.825087 
9.28 -1.96199 -4.73854 0.814557 
9.29 -1.97443 -4.75287 0.804019 
9.3 -1.98687 -4.76721 0.793473 
9.31 -1.99932 -4.78156 0.782917 
9.32 -2.01178 -4.79591 0.772354 
9.33 -2.02425 -4.81028 0.761781 
9.34 -2.03672 -4.82465 0.7512 
9.35 -2.04921 -4.83902 0.740611 
9.36 -2.0617 -4.85341 0.730013 
9.37 -2.0742 -4.8678 0.719407 
9.38 -2.0867 -4.8822 0.708792 
9.39 -2.09922 -4.89661 0.698169 
9.4 -2.11174 -4.91102 0.687537 
9.41 -2.12427 -4.92545 0.676897 
9.42 -2.13681 -4.93988 0.666249 
9.43 -2.14936 -4.95431 0.655592 
9.44 -2.16192 -4.96876 0.644927 
9.45 -2.17448 -4.98321 0.634254 
9.46 -2.18705 -4.99767 0.623572 
9.47 -2.19963 -5.01214 0.612882 
9.48 -2.21221 -5.02661 0.602184 
9.49 -2.22481 -5.04109 0.591478 
9.5 -2.23741 -5.05558 0.580763 
9.51 -2.25002 -5.07008 0.57004 
9.52 -2.26264 -5.08458 0.559309 
9.53 -2.27526 -5.09909 0.54857 
9.54 -2.28789 -5.11361 0.537822 
9.55 -2.30053 -5.12813 0.527067 
9.56 -2.31318 -5.14266 0.516303 
9.57 -2.32584 -5.1572 0.505531 
9.58 -2.3385 -5.17175 0.494752 
9.59 -2.35117 -5.1863 0.483964 
9.6 -2.36385 -5.20086 0.473168 
9.61 -2.37653 -5.21543 0.462363 
9.62 -2.38923 -5.23001 0.451551 
9.63 -2.40193 -5.24459 0.440731 
9.64 -2.41464 -5.25918 0.429903 
9.65 -2.42735 -5.27377 0.419067 
9.66 -2.44008 -5.28838 0.408223 
9.67 -2.45281 -5.30299 0.397371 
9.68 -2.46555 -5.31761 0.386511 
9.69 -2.47829 -5.33223 0.375643 
9.7 -2.49105 -5.34686 0.364768 
9.71 -2.50381 -5.3615 0.353884 
9.72 -2.51658 -5.37615 0.342993 
9.73 -2.52935 -5.3908 0.332093 
9.74 -2.54214 -5.40546 0.321186 
9.75 -2.55493 -5.42012 0.310271 
9.76 -2.56772 -5.4348 0.299348 
9.77 -2.58053 -5.44948 0.288418 
9.78 -2.59334 -5.46416 0.27748 
9.79 -2.60616 -5.47886 0.266534 
9.8 -2.61899 -5.49356 0.25558 
9.81 -2.63182 -5.50826 0.244618 
9.82 -2.64466 -5.52298 0.233649 
9.83 -2.65751 -5.5377 0.222672 
9.84 -2.67037 -5.55243 0.211688 
9.85 -2.68323 -5.56716 0.200696 
9.86 -2.6961 -5.5819 0.189696 
9.87 -2.70898 -5.59665 0.178688 
9.88 -2.72187 -5.61141 0.167673 
9.89 -2.73476 -5.62617 0.15665 
9.9 -2.74766 -5.64094 0.14562 
9.91 -2.76056 -5.65571 0.134582 
9.92 -2.77348 -5.67049 0.123537 
9.93 -2.7864 -5.68528 0.112484 
9.94 -2.79933 -5.70008 0.101424 
9.95 -2.81226 -5.71488 0.0903559 
9.96 -2.8252 -5.72969 0.0792805 
9.97 -2.83815 -5.7445 0.0681976 
9.98 -2.85111 -5.75932 0.0571073 
9.99 -2.86407 -5.77415 0.0460095 
