

*******************************************************************************
Sat Apr  7 20:19:52 2018


FIT:    data read from "times.txt"
        format = z
        #datapoints = 21
        residuals are weighted equally (unit weight)

function used for fitting: f(x)
	f(x)=b+(x/a)**3
fitted parameters initialized with current variable values

iter      chisq       delta/lim  lambda   b             a            
   0 1.7149129548e+07   0.00e+00  1.91e+03    1.000000e-01   1.000000e+01
  15 1.0295756427e-03  -3.47e-02  1.91e-12    5.484790e-03   2.412107e+02

After 15 iterations the fit converged.
final sum of squares of residuals : 0.00102958
rel. change during last iteration : -3.4733e-07

degrees of freedom    (FIT_NDF)                        : 19
rms of residuals      (FIT_STDFIT) = sqrt(WSSR/ndf)    : 0.00736126
variance of residuals (reduced chisquare) = WSSR/ndf   : 5.41882e-05

Final set of parameters            Asymptotic Standard Error
=======================            ==========================
b               = 0.00548479       +/- 0.004543     (82.83%)
a               = 241.211          +/- 5.684        (2.357%)

correlation matrix of the fit parameters:
                b      a      
b               1.000 
a               0.935  1.000 


*******************************************************************************
Sat Apr  7 20:29:56 2018


FIT:    data read from "times.txt"
        format = z
        #datapoints = 42
        residuals are weighted equally (unit weight)

function used for fitting: f(x)
	f(x)=b+(x/a)**3
fitted parameters initialized with current variable values

iter      chisq       delta/lim  lambda   b             a            
   0 3.4297441580e+07   0.00e+00  1.91e+03    1.000000e-01   1.000000e+01
  15 1.0646677762e-02  -4.58e-05  1.91e-12    1.081641e-03   2.250523e+02

After 15 iterations the fit converged.
final sum of squares of residuals : 0.0106467
rel. change during last iteration : -4.58259e-10

degrees of freedom    (FIT_NDF)                        : 40
rms of residuals      (FIT_STDFIT) = sqrt(WSSR/ndf)    : 0.0163146
variance of residuals (reduced chisquare) = WSSR/ndf   : 0.000266167

Final set of parameters            Asymptotic Standard Error
=======================            ==========================
b               = 0.00108164       +/- 0.00712      (658.2%)
a               = 225.052          +/- 6.751        (3%)

correlation matrix of the fit parameters:
                b      a      
b               1.000 
a               0.935  1.000 


*******************************************************************************
Sat Apr  7 20:30:45 2018


FIT:    data read from "times.txt"
        format = z
        #datapoints = 113
        residuals are weighted equally (unit weight)

function used for fitting: f(x)
	f(x)=b+(x/a)**3
fitted parameters initialized with current variable values

iter      chisq       delta/lim  lambda   b             a            
   0 1.5012480384e+09   0.00e+00  7.72e+03    1.000000e-01   1.000000e+01
  15 1.6732251498e-01  -2.23e-05  7.72e-12   -1.377071e-02   2.112515e+02

After 15 iterations the fit converged.
final sum of squares of residuals : 0.167323
rel. change during last iteration : -2.2319e-10

degrees of freedom    (FIT_NDF)                        : 111
rms of residuals      (FIT_STDFIT) = sqrt(WSSR/ndf)    : 0.0388254
variance of residuals (reduced chisquare) = WSSR/ndf   : 0.00150741

Final set of parameters            Asymptotic Standard Error
=======================            ==========================
b               = -0.0137707       +/- 0.00522      (37.91%)
a               = 211.251          +/- 0.9526       (0.4509%)

correlation matrix of the fit parameters:
                b      a      
b               1.000 
a               0.714  1.000 


*******************************************************************************
Tue Apr 10 16:32:27 2018


FIT:    data read from "times.txt"
        format = z
        #datapoints = 164
        residuals are weighted equally (unit weight)

function used for fitting: f(x)
	f(x)=b+(x/a)**3
fitted parameters initialized with current variable values

iter      chisq       delta/lim  lambda   b             a            
   0 1.6604849464e+10   0.00e+00  2.13e+04    1.000000e-01   1.000000e+01
  15 9.7371371248e-01  -9.19e-03  2.13e-11    5.125639e-02   2.364457e+02

After 15 iterations the fit converged.
final sum of squares of residuals : 0.973714
rel. change during last iteration : -9.18569e-08

degrees of freedom    (FIT_NDF)                        : 162
rms of residuals      (FIT_STDFIT) = sqrt(WSSR/ndf)    : 0.0775279
variance of residuals (reduced chisquare) = WSSR/ndf   : 0.00601058

Final set of parameters            Asymptotic Standard Error
=======================            ==========================
b               = 0.0512564        +/- 0.00827      (16.13%)
a               = 236.446          +/- 0.8579       (0.3628%)

correlation matrix of the fit parameters:
                b      a      
b               1.000 
a               0.681  1.000 


*******************************************************************************
Tue Apr 24 16:48:29 2018


FIT:    data read from "times.txt"
        format = z
        #datapoints = 51
        residuals are weighted equally (unit weight)

function used for fitting: f(x)
	f(x)=b+(x/a)**3
fitted parameters initialized with current variable values

iter      chisq       delta/lim  lambda   b             a            
   0 1.5103769983e+10   0.00e+00  3.64e+04    1.000000e-01   1.000000e+01
  15 4.4788424415e-02  -6.16e-01  3.64e-11    1.883313e-04   2.413636e+02

After 15 iterations the fit converged.
final sum of squares of residuals : 0.0447884
rel. change during last iteration : -6.15736e-06

degrees of freedom    (FIT_NDF)                        : 49
rms of residuals      (FIT_STDFIT) = sqrt(WSSR/ndf)    : 0.0302333
variance of residuals (reduced chisquare) = WSSR/ndf   : 0.000914049

Final set of parameters            Asymptotic Standard Error
=======================            ==========================
b               = 0.000188331      +/- 0.01302      (6913%)
a               = 241.364          +/- 0.8575       (0.3553%)

correlation matrix of the fit parameters:
                b      a      
b               1.000 
a               0.946  1.000 


*******************************************************************************
Wed May 23 11:30:35 2018


FIT:    data read from "times.txt"
        format = z
        #datapoints = 51
        residuals are weighted equally (unit weight)

function used for fitting: f(x)
	f(x)=b+(x/a)**3
fitted parameters initialized with current variable values

iter      chisq       delta/lim  lambda   b             a            
   0 1.5103661844e+10   0.00e+00  3.64e+04    1.000000e-01   1.000000e+01
  15 4.6952084650e-01  -7.84e-02  3.64e-11    8.713104e-02   2.427339e+02

After 15 iterations the fit converged.
final sum of squares of residuals : 0.469521
rel. change during last iteration : -7.84186e-07

degrees of freedom    (FIT_NDF)                        : 49
rms of residuals      (FIT_STDFIT) = sqrt(WSSR/ndf)    : 0.097888
variance of residuals (reduced chisquare) = WSSR/ndf   : 0.00958206

Final set of parameters            Asymptotic Standard Error
=======================            ==========================
b               = 0.087131         +/- 0.04216      (48.38%)
a               = 242.734          +/- 2.84         (1.17%)

correlation matrix of the fit parameters:
                b      a      
b               1.000 
a               0.946  1.000 


*******************************************************************************
Wed May 23 11:32:25 2018


FIT:    data read from "times.txt"
        format = z
        #datapoints = 51
        residuals are weighted equally (unit weight)

function used for fitting: f(x)
	f(x)=b+(x/a)**3
fitted parameters initialized with current variable values

iter      chisq       delta/lim  lambda   b             a            
   0 1.5103719319e+10   0.00e+00  3.64e+04    1.000000e-01   1.000000e+01
  15 8.5142547725e-02  -1.95e-01  3.64e-11   -7.606907e-03   2.390278e+02

After 15 iterations the fit converged.
final sum of squares of residuals : 0.0851425
rel. change during last iteration : -1.95167e-06

degrees of freedom    (FIT_NDF)                        : 49
rms of residuals      (FIT_STDFIT) = sqrt(WSSR/ndf)    : 0.0416846
variance of residuals (reduced chisquare) = WSSR/ndf   : 0.0017376

Final set of parameters            Asymptotic Standard Error
=======================            ==========================
b               = -0.00760691      +/- 0.01795      (236%)
a               = 239.028          +/- 1.137        (0.4758%)

correlation matrix of the fit parameters:
                b      a      
b               1.000 
a               0.946  1.000 


*******************************************************************************
Wed May 23 13:42:21 2018


FIT:    data read from "times.txt"
        format = z
        #datapoints = 51
        residuals are weighted equally (unit weight)

function used for fitting: f(x)
	f(x)=b+(x/a)**3
fitted parameters initialized with current variable values

iter      chisq       delta/lim  lambda   b             a            
   0 1.5103720700e+10   0.00e+00  3.64e+04    1.000000e-01   1.000000e+01
  15 5.9117587608e-02  -2.97e-01  3.64e-11   -4.276236e-03   2.392772e+02

After 15 iterations the fit converged.
final sum of squares of residuals : 0.0591176
rel. change during last iteration : -2.9727e-06

degrees of freedom    (FIT_NDF)                        : 49
rms of residuals      (FIT_STDFIT) = sqrt(WSSR/ndf)    : 0.0347344
variance of residuals (reduced chisquare) = WSSR/ndf   : 0.00120648

Final set of parameters            Asymptotic Standard Error
=======================            ==========================
b               = -0.00427624      +/- 0.01496      (349.8%)
a               = 239.277          +/- 0.9516       (0.3977%)

correlation matrix of the fit parameters:
                b      a      
b               1.000 
a               0.946  1.000 


*******************************************************************************
Wed May 23 13:45:58 2018


FIT:    data read from "times.txt"
        format = z
        #datapoints = 51
        residuals are weighted equally (unit weight)

function used for fitting: f(x)
	f(x)=b+(x/a)**3
fitted parameters initialized with current variable values

iter      chisq       delta/lim  lambda   b             a            
   0 1.5103697663e+10   0.00e+00  3.64e+04    1.000000e-01   1.000000e+01
  15 1.3669826654e-01  -8.21e-02  3.64e-11   -2.336960e-02   2.373298e+02

After 15 iterations the fit converged.
final sum of squares of residuals : 0.136698
rel. change during last iteration : -8.21129e-07

degrees of freedom    (FIT_NDF)                        : 49
rms of residuals      (FIT_STDFIT) = sqrt(WSSR/ndf)    : 0.0528182
variance of residuals (reduced chisquare) = WSSR/ndf   : 0.00278976

Final set of parameters            Asymptotic Standard Error
=======================            ==========================
b               = -0.0233696       +/- 0.02275      (97.33%)
a               = 237.33           +/- 1.4          (0.5901%)

correlation matrix of the fit parameters:
                b      a      
b               1.000 
a               0.946  1.000 


*******************************************************************************
Wed May 23 14:23:29 2018


FIT:    data read from "times.txt"
        format = z
        #datapoints = 51
        residuals are weighted equally (unit weight)

function used for fitting: f(x)
	f(x)=b+(x/a)**3
fitted parameters initialized with current variable values

iter      chisq       delta/lim  lambda   b             a            
   0 1.5103750746e+10   0.00e+00  3.64e+04    1.000000e-01   1.000000e+01
  15 1.1190137678e-01  -2.23e-01  3.64e-11    4.169055e-03   2.408926e+02

After 15 iterations the fit converged.
final sum of squares of residuals : 0.111901
rel. change during last iteration : -2.23224e-06

degrees of freedom    (FIT_NDF)                        : 49
rms of residuals      (FIT_STDFIT) = sqrt(WSSR/ndf)    : 0.0477881
variance of residuals (reduced chisquare) = WSSR/ndf   : 0.0022837

Final set of parameters            Asymptotic Standard Error
=======================            ==========================
b               = 0.00416905       +/- 0.02058      (493.6%)
a               = 240.893          +/- 1.345        (0.5583%)

correlation matrix of the fit parameters:
                b      a      
b               1.000 
a               0.946  1.000 
