-3 -3 0.177536
-3 -2.88 0.166884
-3 -2.76 0.156232
-3 -2.64 0.145579
-3 -2.52 0.134927
-3 -2.4 0.124275
-3 -2.28 0.113623
-3 -2.16 0.102971
-3 -2.04 0.0923187
-3 -1.92 0.0816665
-3 -1.8 0.0710144
-3 -1.68 0.0603622
-3 -1.56 0.04971
-3 -1.44 0.351248
-3 -1.32 0.255453
-3 -1.2 0.159658
-3 -1.08 0.0638632
-3 -0.96 -0.0319316
-3 -0.84 -0.127726
-3 -0.72 -0.223521
-3 -0.6 -0.319316
-3 -0.48 -0.415111
-3 -0.36 -0.510906
-3 -0.24 -0.606701
-3 -0.12 -0.702495
-3 0 -0.79829
-3 0.12 0.372434
-3 0.24 0.412337
-3 0.36 0.452241
-3 0.48 0.492145
-3 0.6 0.532048
-3 0.72 0.571952
-3 0.84 0.611855
-3 0.96 0.651759
-3 1.08 0.691663
-3 1.2 0.731566
-3 1.32 0.77147
-3 1.44 0.811374
-3 1.56 0.113423
-3 1.68 0.11874
-3 1.8 0.124057
-3 1.92 0.129373
-3 2.04 0.13469
-3 2.16 0.140007
-3 2.28 0.145324
-3 2.4 0.15064
-3 2.52 0.155957
-3 2.64 0.161274
-3 2.76 0.16659
-3 2.88 0.171907

-2.88 -3 0.166884
-2.88 -2.88 0.156871
-2.88 -2.76 0.146858
-2.88 -2.64 0.136845
-2.88 -2.52 0.126832
-2.88 -2.4 0.116819
-2.88 -2.28 0.106806
-2.88 -2.16 0.0967926
-2.88 -2.04 0.0867795
-2.88 -1.92 0.0767665
-2.88 -1.8 0.0667535
-2.88 -1.68 0.0567405
-2.88 -1.56 0.0467274
-2.88 -1.44 0.330173
-2.88 -1.32 0.240126
-2.88 -1.2 0.150079
-2.88 -1.08 0.0600314
-2.88 -0.96 -0.0300157
-2.88 -0.84 -0.120063
-2.88 -0.72 -0.21011
-2.88 -0.6 -0.300157
-2.88 -0.48 -0.390204
-2.88 -0.36 -0.480251
-2.88 -0.24 -0.570299
-2.88 -0.12 -0.660346
-2.88 0 -0.750393
-2.88 0.12 0.350088
-2.88 0.24 0.387597
-2.88 0.36 0.425107
-2.88 0.48 0.462616
-2.88 0.6 0.500125
-2.88 0.72 0.537635
-2.88 0.84 0.575144
-2.88 0.96 0.612654
-2.88 1.08 0.650163
-2.88 1.2 0.687672
-2.88 1.32 0.725182
-2.88 1.44 0.762691
-2.88 1.56 0.106618
-2.88 1.68 0.111616
-2.88 1.8 0.116613
-2.88 1.92 0.121611
-2.88 2.04 0.126609
-2.88 2.16 0.131606
-2.88 2.28 0.136604
-2.88 2.4 0.141602
-2.88 2.52 0.1466
-2.88 2.64 0.151597
-2.88 2.76 0.156595
-2.88 2.88 0.161593

-2.76 -3 0.156232
-2.76 -2.88 0.146858
-2.76 -2.76 0.137484
-2.76 -2.64 0.12811
-2.76 -2.52 0.118736
-2.76 -2.4 0.109362
-2.76 -2.28 0.0999882
-2.76 -2.16 0.0906143
-2.76 -2.04 0.0812404
-2.76 -1.92 0.0718665
-2.76 -1.8 0.0624926
-2.76 -1.68 0.0531187
-2.76 -1.56 0.0437448
-2.76 -1.44 0.309098
-2.76 -1.32 0.224799
-2.76 -1.2 0.140499
-2.76 -1.08 0.0561996
-2.76 -0.96 -0.0280998
-2.76 -0.84 -0.112399
-2.76 -0.72 -0.196699
-2.76 -0.6 -0.280998
-2.76 -0.48 -0.365298
-2.76 -0.36 -0.449597
-2.76 -0.24 -0.533896
-2.76 -0.12 -0.618196
-2.76 0 -0.702495
-2.76 0.12 0.327742
-2.76 0.24 0.362857
-2.76 0.36 0.397972
-2.76 0.48 0.433087
-2.76 0.6 0.468202
-2.76 0.72 0.503318
-2.76 0.84 0.538433
-2.76 0.96 0.573548
-2.76 1.08 0.608663
-2.76 1.2 0.643778
-2.76 1.32 0.678894
-2.76 1.44 0.714009
-2.76 1.56 0.0998125
-2.76 1.68 0.104491
-2.76 1.8 0.10917
-2.76 1.92 0.113849
-2.76 2.04 0.118527
-2.76 2.16 0.123206
-2.76 2.28 0.127885
-2.76 2.4 0.132563
-2.76 2.52 0.137242
-2.76 2.64 0.141921
-2.76 2.76 0.1466
-2.76 2.88 0.151278

-2.64 -3 0.145579
-2.64 -2.88 0.136845
-2.64 -2.76 0.12811
-2.64 -2.64 0.119375
-2.64 -2.52 0.11064
-2.64 -2.4 0.101906
-2.64 -2.28 0.0931708
-2.64 -2.16 0.0844361
-2.64 -2.04 0.0757013
-2.64 -1.92 0.0669665
-2.64 -1.8 0.0582318
-2.64 -1.68 0.049497
-2.64 -1.56 0.0407622
-2.64 -1.44 0.288023
-2.64 -1.32 0.209471
-2.64 -1.2 0.13092
-2.64 -1.08 0.0523678
-2.64 -0.96 -0.0261839
-2.64 -0.84 -0.104736
-2.64 -0.72 -0.183287
-2.64 -0.6 -0.261839
-2.64 -0.48 -0.340391
-2.64 -0.36 -0.418943
-2.64 -0.24 -0.497494
-2.64 -0.12 -0.576046
-2.64 0 -0.654598
-2.64 0.12 0.305396
-2.64 0.24 0.338117
-2.64 0.36 0.370838
-2.64 0.48 0.403559
-2.64 0.6 0.43628
-2.64 0.72 0.469001
-2.64 0.84 0.501721
-2.64 0.96 0.534442
-2.64 1.08 0.567163
-2.64 1.2 0.599884
-2.64 1.32 0.632605
-2.64 1.44 0.665326
-2.64 1.56 0.0930071
-2.64 1.68 0.0973668
-2.64 1.8 0.101727
-2.64 1.92 0.106086
-2.64 2.04 0.110446
-2.64 2.16 0.114806
-2.64 2.28 0.119165
-2.64 2.4 0.123525
-2.64 2.52 0.127885
-2.64 2.64 0.132244
-2.64 2.76 0.136604
-2.64 2.88 0.140964

-2.52 -3 0.134927
-2.52 -2.88 0.126832
-2.52 -2.76 0.118736
-2.52 -2.64 0.11064
-2.52 -2.52 0.102545
-2.52 -2.4 0.0944491
-2.52 -2.28 0.0863535
-2.52 -2.16 0.0782578
-2.52 -2.04 0.0701622
-2.52 -1.92 0.0620665
-2.52 -1.8 0.0539709
-2.52 -1.68 0.0458753
-2.52 -1.56 0.0377796
-2.52 -1.44 0.266948
-2.52 -1.32 0.194144
-2.52 -1.2 0.12134
-2.52 -1.08 0.048536
-2.52 -0.96 -0.024268
-2.52 -0.84 -0.0970721
-2.52 -0.72 -0.169876
-2.52 -0.6 -0.24268
-2.52 -0.48 -0.315484
-2.52 -0.36 -0.388288
-2.52 -0.24 -0.461092
-2.52 -0.12 -0.533896
-2.52 0 -0.606701
-2.52 0.12 0.28305
-2.52 0.24 0.313376
-2.52 0.36 0.343703
-2.52 0.48 0.37403
-2.52 0.6 0.404357
-2.52 0.72 0.434683
-2.52 0.84 0.46501
-2.52 0.96 0.495337
-2.52 1.08 0.525664
-2.52 1.2 0.55599
-2.52 1.32 0.586317
-2.52 1.44 0.616644
-2.52 1.56 0.0862017
-2.52 1.68 0.0902424
-2.52 1.8 0.0942831
-2.52 1.92 0.0983238
-2.52 2.04 0.102365
-2.52 2.16 0.106405
-2.52 2.28 0.110446
-2.52 2.4 0.114487
-2.52 2.52 0.118527
-2.52 2.64 0.122568
-2.52 2.76 0.126609
-2.52 2.88 0.130649

-2.4 -3 0.124275
-2.4 -2.88 0.116819
-2.4 -2.76 0.109362
-2.4 -2.64 0.101906
-2.4 -2.52 0.0944491
-2.4 -2.4 0.0869926
-2.4 -2.28 0.0795361
-2.4 -2.16 0.0720796
-2.4 -2.04 0.0646231
-2.4 -1.92 0.0571666
-2.4 -1.8 0.04971
-2.4 -1.68 0.0422535
-2.4 -1.56 0.034797
-2.4 -1.44 0.245873
-2.4 -1.32 0.178817
-2.4 -1.2 0.111761
-2.4 -1.08 0.0447043
-2.4 -0.96 -0.0223521
-2.4 -0.84 -0.0894085
-2.4 -0.72 -0.156465
-2.4 -0.6 -0.223521
-2.4 -0.48 -0.290578
-2.4 -0.36 -0.357634
-2.4 -0.24 -0.42469
-2.4 -0.12 -0.491747
-2.4 0 -0.558803
-2.4 0.12 0.260704
-2.4 0.24 0.288636
-2.4 0.36 0.316569
-2.4 0.48 0.344501
-2.4 0.6 0.372434
-2.4 0.72 0.400366
-2.4 0.84 0.428299
-2.4 0.96 0.456231
-2.4 1.08 0.484164
-2.4 1.2 0.512096
-2.4 1.32 0.540029
-2.4 1.44 0.567961
-2.4 1.56 0.0793963
-2.4 1.68 0.083118
-2.4 1.8 0.0868397
-2.4 1.92 0.0905614
-2.4 2.04 0.0942831
-2.4 2.16 0.0980048
-2.4 2.28 0.101727
-2.4 2.4 0.105448
-2.4 2.52 0.10917
-2.4 2.64 0.112892
-2.4 2.76 0.116613
-2.4 2.88 0.120335

-2.28 -3 0.113623
-2.28 -2.88 0.106806
-2.28 -2.76 0.0999882
-2.28 -2.64 0.0931708
-2.28 -2.52 0.0863535
-2.28 -2.4 0.0795361
-2.28 -2.28 0.0727187
-2.28 -2.16 0.0659013
-2.28 -2.04 0.0590839
-2.28 -1.92 0.0522666
-2.28 -1.8 0.0454492
-2.28 -1.68 0.0386318
-2.28 -1.56 0.0318144
-2.28 -1.44 0.224799
-2.28 -1.32 0.16349
-2.28 -1.2 0.102181
-2.28 -1.08 0.0408725
-2.28 -0.96 -0.0204362
-2.28 -0.84 -0.0817449
-2.28 -0.72 -0.143054
-2.28 -0.6 -0.204362
-2.28 -0.48 -0.265671
-2.28 -0.36 -0.32698
-2.28 -0.24 -0.388288
-2.28 -0.12 -0.449597
-2.28 0 -0.510906
-2.28 0.12 0.238358
-2.28 0.24 0.263896
-2.28 0.36 0.289434
-2.28 0.48 0.314973
-2.28 0.6 0.340511
-2.28 0.72 0.366049
-2.28 0.84 0.391587
-2.28 0.96 0.417126
-2.28 1.08 0.442664
-2.28 1.2 0.468202
-2.28 1.32 0.493741
-2.28 1.44 0.519279
-2.28 1.56 0.0725909
-2.28 1.68 0.0759936
-2.28 1.8 0.0793963
-2.28 1.92 0.082799
-2.28 2.04 0.0862017
-2.28 2.16 0.0896044
-2.28 2.28 0.0930071
-2.28 2.4 0.0964098
-2.28 2.52 0.0998125
-2.28 2.64 0.103215
-2.28 2.76 0.106618
-2.28 2.88 0.110021

-2.16 -3 0.102971
-2.16 -2.88 0.0967926
-2.16 -2.76 0.0906143
-2.16 -2.64 0.0844361
-2.16 -2.52 0.0782578
-2.16 -2.4 0.0720796
-2.16 -2.28 0.0659013
-2.16 -2.16 0.0597231
-2.16 -2.04 0.0535448
-2.16 -1.92 0.0473666
-2.16 -1.8 0.0411883
-2.16 -1.68 0.0350101
-2.16 -1.56 0.0288318
-2.16 -1.44 0.203724
-2.16 -1.32 0.148163
-2.16 -1.2 0.0926017
-2.16 -1.08 0.0370407
-2.16 -0.96 -0.0185203
-2.16 -0.84 -0.0740813
-2.16 -0.72 -0.129642
-2.16 -0.6 -0.185203
-2.16 -0.48 -0.240764
-2.16 -0.36 -0.296325
-2.16 -0.24 -0.351886
-2.16 -0.12 -0.407447
-2.16 0 -0.463008
-2.16 0.12 0.216012
-2.16 0.24 0.239156
-2.16 0.36 0.2623
-2.16 0.48 0.285444
-2.16 0.6 0.308588
-2.16 0.72 0.331732
-2.16 0.84 0.354876
-2.16 0.96 0.37802
-2.16 1.08 0.401164
-2.16 1.2 0.424308
-2.16 1.32 0.447453
-2.16 1.44 0.470597
-2.16 1.56 0.0657855
-2.16 1.68 0.0688692
-2.16 1.8 0.0719529
-2.16 1.92 0.0750366
-2.16 2.04 0.0781203
-2.16 2.16 0.081204
-2.16 2.28 0.0842877
-2.16 2.4 0.0873714
-2.16 2.52 0.0904551
-2.16 2.64 0.0935388
-2.16 2.76 0.0966225
-2.16 2.88 0.0997062

-2.04 -3 0.0923187
-2.04 -2.88 0.0867795
-2.04 -2.76 0.0812404
-2.04 -2.64 0.0757013
-2.04 -2.52 0.0701622
-2.04 -2.4 0.0646231
-2.04 -2.28 0.0590839
-2.04 -2.16 0.0535448
-2.04 -2.04 0.0480057
-2.04 -1.92 0.0424666
-2.04 -1.8 0.0369275
-2.04 -1.68 0.0313883
-2.04 -1.56 0.0258492
-2.04 -1.44 0.182649
-2.04 -1.32 0.132835
-2.04 -1.2 0.0830222
-2.04 -1.08 0.0332089
-2.04 -0.96 -0.0166044
-2.04 -0.84 -0.0664177
-2.04 -0.72 -0.116231
-2.04 -0.6 -0.166044
-2.04 -0.48 -0.215858
-2.04 -0.36 -0.265671
-2.04 -0.24 -0.315484
-2.04 -0.12 -0.365298
-2.04 0 -0.415111
-2.04 0.12 0.193666
-2.04 0.24 0.214415
-2.04 0.36 0.235165
-2.04 0.48 0.255915
-2.04 0.6 0.276665
-2.04 0.72 0.297415
-2.04 0.84 0.318165
-2.04 0.96 0.338915
-2.04 1.08 0.359665
-2.04 1.2 0.380414
-2.04 1.32 0.401164
-2.04 1.44 0.421914
-2.04 1.56 0.0589801
-2.04 1.68 0.0617448
-2.04 1.8 0.0645095
-2.04 1.92 0.0672742
-2.04 2.04 0.0700389
-2.04 2.16 0.0728036
-2.04 2.28 0.0755683
-2.04 2.4 0.078333
-2.04 2.52 0.0810977
-2.04 2.64 0.0838623
-2.04 2.76 0.086627
-2.04 2.88 0.0893917

-1.92 -3 0.0816665
-1.92 -2.88 0.0767665
-1.92 -2.76 0.0718665
-1.92 -2.64 0.0669665
-1.92 -2.52 0.0620665
-1.92 -2.4 0.0571666
-1.92 -2.28 0.0522666
-1.92 -2.16 0.0473666
-1.92 -2.04 0.0424666
-1.92 -1.92 0.0375666
-1.92 -1.8 0.0326666
-1.92 -1.68 0.0277666
-1.92 -1.56 0.0228666
-1.92 -1.44 0.161574
-1.92 -1.32 0.117508
-1.92 -1.2 0.0734427
-1.92 -1.08 0.0293771
-1.92 -0.96 -0.0146885
-1.92 -0.84 -0.0587542
-1.92 -0.72 -0.10282
-1.92 -0.6 -0.146885
-1.92 -0.48 -0.190951
-1.92 -0.36 -0.235017
-1.92 -0.24 -0.279082
-1.92 -0.12 -0.323148
-1.92 0 -0.367213
-1.92 0.12 0.17132
-1.92 0.24 0.189675
-1.92 0.36 0.208031
-1.92 0.48 0.226387
-1.92 0.6 0.244742
-1.92 0.72 0.263098
-1.92 0.84 0.281454
-1.92 0.96 0.299809
-1.92 1.08 0.318165
-1.92 1.2 0.33652
-1.92 1.32 0.354876
-1.92 1.44 0.373232
-1.92 1.56 0.0521747
-1.92 1.68 0.0546204
-1.92 1.8 0.0570661
-1.92 1.92 0.0595118
-1.92 2.04 0.0619575
-1.92 2.16 0.0644032
-1.92 2.28 0.0668489
-1.92 2.4 0.0692945
-1.92 2.52 0.0717402
-1.92 2.64 0.0741859
-1.92 2.76 0.0766316
-1.92 2.88 0.0790773

-1.8 -3 0.0710144
-1.8 -2.88 0.0667535
-1.8 -2.76 0.0624926
-1.8 -2.64 0.0582318
-1.8 -2.52 0.0539709
-1.8 -2.4 0.04971
-1.8 -2.28 0.0454492
-1.8 -2.16 0.0411883
-1.8 -2.04 0.0369275
-1.8 -1.92 0.0326666
-1.8 -1.8 0.0284057
-1.8 -1.68 0.0241449
-1.8 -1.56 0.019884
-1.8 -1.44 0.140499
-1.8 -1.32 0.102181
-1.8 -1.2 0.0638632
-1.8 -1.08 0.0255453
-1.8 -0.96 -0.0127726
-1.8 -0.84 -0.0510906
-1.8 -0.72 -0.0894085
-1.8 -0.6 -0.127726
-1.8 -0.48 -0.166044
-1.8 -0.36 -0.204362
-1.8 -0.24 -0.24268
-1.8 -0.12 -0.280998
-1.8 0 -0.319316
-1.8 0.12 0.148974
-1.8 0.24 0.164935
-1.8 0.36 0.180896
-1.8 0.48 0.196858
-1.8 0.6 0.212819
-1.8 0.72 0.228781
-1.8 0.84 0.244742
-1.8 0.96 0.260704
-1.8 1.08 0.276665
-1.8 1.2 0.292627
-1.8 1.32 0.308588
-1.8 1.44 0.324549
-1.8 1.56 0.0453693
-1.8 1.68 0.047496
-1.8 1.8 0.0496227
-1.8 1.92 0.0517494
-1.8 2.04 0.0538761
-1.8 2.16 0.0560028
-1.8 2.28 0.0581294
-1.8 2.4 0.0602561
-1.8 2.52 0.0623828
-1.8 2.64 0.0645095
-1.8 2.76 0.0666362
-1.8 2.88 0.0687629

-1.68 -3 0.0603622
-1.68 -2.88 0.0567405
-1.68 -2.76 0.0531187
-1.68 -2.64 0.049497
-1.68 -2.52 0.0458753
-1.68 -2.4 0.0422535
-1.68 -2.28 0.0386318
-1.68 -2.16 0.0350101
-1.68 -2.04 0.0313883
-1.68 -1.92 0.0277666
-1.68 -1.8 0.0241449
-1.68 -1.68 0.0205231
-1.68 -1.56 0.0169014
-1.68 -1.44 0.119424
-1.68 -1.32 0.086854
-1.68 -1.2 0.0542837
-1.68 -1.08 0.0217135
-1.68 -0.96 -0.0108567
-1.68 -0.84 -0.043427
-1.68 -0.72 -0.0759972
-1.68 -0.6 -0.108567
-1.68 -0.48 -0.141138
-1.68 -0.36 -0.173708
-1.68 -0.24 -0.206278
-1.68 -0.12 -0.238848
-1.68 0 -0.271419
-1.68 0.12 0.126627
-1.68 0.24 0.140195
-1.68 0.36 0.153762
-1.68 0.48 0.167329
-1.68 0.6 0.180896
-1.68 0.72 0.194464
-1.68 0.84 0.208031
-1.68 0.96 0.221598
-1.68 1.08 0.235165
-1.68 1.2 0.248733
-1.68 1.32 0.2623
-1.68 1.44 0.275867
-1.68 1.56 0.0385639
-1.68 1.68 0.0403716
-1.68 1.8 0.0421793
-1.68 1.92 0.043987
-1.68 2.04 0.0457947
-1.68 2.16 0.0476023
-1.68 2.28 0.04941
-1.68 2.4 0.0512177
-1.68 2.52 0.0530254
-1.68 2.64 0.0548331
-1.68 2.76 0.0566408
-1.68 2.88 0.0584484

-1.56 -3 0.04971
-1.56 -2.88 0.0467274
-1.56 -2.76 0.0437448
-1.56 -2.64 0.0407622
-1.56 -2.52 0.0377796
-1.56 -2.4 0.034797
-1.56 -2.28 0.0318144
-1.56 -2.16 0.0288318
-1.56 -2.04 0.0258492
-1.56 -1.92 0.0228666
-1.56 -1.8 0.019884
-1.56 -1.68 0.0169014
-1.56 -1.56 0.0139188
-1.56 -1.44 0.0983494
-1.56 -1.32 0.0715268
-1.56 -1.2 0.0447043
-1.56 -1.08 0.0178817
-1.56 -0.96 -0.00894085
-1.56 -0.84 -0.0357634
-1.56 -0.72 -0.062586
-1.56 -0.6 -0.0894085
-1.56 -0.48 -0.116231
-1.56 -0.36 -0.143054
-1.56 -0.24 -0.169876
-1.56 -0.12 -0.196699
-1.56 0 -0.223521
-1.56 0.12 0.104281
-1.56 0.24 0.115454
-1.56 0.36 0.126627
-1.56 0.48 0.1378
-1.56 0.6 0.148974
-1.56 0.72 0.160147
-1.56 0.84 0.17132
-1.56 0.96 0.182493
-1.56 1.08 0.193666
-1.56 1.2 0.204839
-1.56 1.32 0.216012
-1.56 1.44 0.227185
-1.56 1.56 0.0317585
-1.56 1.68 0.0332472
-1.56 1.8 0.0347359
-1.56 1.92 0.0362246
-1.56 2.04 0.0377132
-1.56 2.16 0.0392019
-1.56 2.28 0.0406906
-1.56 2.4 0.0421793
-1.56 2.52 0.043668
-1.56 2.64 0.0451566
-1.56 2.76 0.0466453
-1.56 2.88 0.048134

-1.44 -3 0.0927513
-1.44 -2.88 0.0871862
-1.44 -2.76 0.0816212
-1.44 -2.64 0.0760561
-1.44 -2.52 0.070491
-1.44 -2.4 0.0649259
-1.44 -2.28 0.0593608
-1.44 -2.16 0.0537958
-1.44 -2.04 0.0482307
-1.44 -1.92 0.0426656
-1.44 -1.8 0.0371005
-1.44 -1.68 0.0315354
-1.44 -1.56 0.0259704
-1.44 -1.44 0.1936
-1.44 -1.32 0.1408
-1.44 -1.2 0.088
-1.44 -1.08 0.0352
-1.44 -0.96 -0.0176
-1.44 -0.84 -0.0704
-1.44 -0.72 -0.1232
-1.44 -0.6 -0.176
-1.44 -0.48 -0.2288
-1.44 -0.36 -0.2816
-1.44 -0.24 -0.3344
-1.44 -0.12 -0.3872
-1.44 0 -0.44
-1.44 0.12 -0.0519407
-1.44 0.24 -0.0575058
-1.44 0.36 -0.0630709
-1.44 0.48 -0.068636
-1.44 0.6 -0.0742011
-1.44 0.72 -0.0797661
-1.44 0.84 -0.0853312
-1.44 0.96 -0.0908963
-1.44 1.08 -0.0964614
-1.44 1.2 -0.102026
-1.44 1.32 -0.107592
-1.44 1.44 -0.113157
-1.44 1.56 -0.000139009
-1.44 1.68 -0.000145525
-1.44 1.8 -0.000152041
-1.44 1.92 -0.000158557
-1.44 2.04 -0.000165073
-1.44 2.16 -0.000171589
-1.44 2.28 -0.000178105
-1.44 2.4 -0.000184621
-1.44 2.52 -0.000191137
-1.44 2.64 -0.000197653
-1.44 2.76 -0.000204169
-1.44 2.88 -0.000210685

-1.32 -3 0.0674555
-1.32 -2.88 0.0634082
-1.32 -2.76 0.0593608
-1.32 -2.64 0.0553135
-1.32 -2.52 0.0512662
-1.32 -2.4 0.0472189
-1.32 -2.28 0.0431715
-1.32 -2.16 0.0391242
-1.32 -2.04 0.0350769
-1.32 -1.92 0.0310295
-1.32 -1.8 0.0269822
-1.32 -1.68 0.0229349
-1.32 -1.56 0.0188875
-1.32 -1.44 0.1408
-1.32 -1.32 0.1024
-1.32 -1.2 0.064
-1.32 -1.08 0.0256
-1.32 -0.96 -0.0128
-1.32 -0.84 -0.0512
-1.32 -0.72 -0.0896
-1.32 -0.6 -0.128
-1.32 -0.48 -0.1664
-1.32 -0.36 -0.2048
-1.32 -0.24 -0.2432
-1.32 -0.12 -0.2816
-1.32 0 -0.32
-1.32 0.12 -0.0377751
-1.32 0.24 -0.0418224
-1.32 0.36 -0.0458697
-1.32 0.48 -0.0499171
-1.32 0.6 -0.0539644
-1.32 0.72 -0.0580117
-1.32 0.84 -0.0620591
-1.32 0.96 -0.0661064
-1.32 1.08 -0.0701537
-1.32 1.2 -0.0742011
-1.32 1.32 -0.0782484
-1.32 1.44 -0.0822957
-1.32 1.56 -0.000101097
-1.32 1.68 -0.000105836
-1.32 1.8 -0.000110575
-1.32 1.92 -0.000115314
-1.32 2.04 -0.000120053
-1.32 2.16 -0.000124792
-1.32 2.28 -0.000129531
-1.32 2.4 -0.00013427
-1.32 2.52 -0.000139009
-1.32 2.64 -0.000143748
-1.32 2.76 -0.000148487
-1.32 2.88 -0.000153226

-1.2 -3 0.0421597
-1.2 -2.88 0.0396301
-1.2 -2.76 0.0371005
-1.2 -2.64 0.0345709
-1.2 -2.52 0.0320414
-1.2 -2.4 0.0295118
-1.2 -2.28 0.0269822
-1.2 -2.16 0.0244526
-1.2 -2.04 0.021923
-1.2 -1.92 0.0193935
-1.2 -1.8 0.0168639
-1.2 -1.68 0.0143343
-1.2 -1.56 0.0118047
-1.2 -1.44 0.088
-1.2 -1.32 0.064
-1.2 -1.2 0.04
-1.2 -1.08 0.016
-1.2 -0.96 -0.008
-1.2 -0.84 -0.032
-1.2 -0.72 -0.056
-1.2 -0.6 -0.08
-1.2 -0.48 -0.104
-1.2 -0.36 -0.128
-1.2 -0.24 -0.152
-1.2 -0.12 -0.176
-1.2 0 -0.2
-1.2 0.12 -0.0236094
-1.2 0.24 -0.026139
-1.2 0.36 -0.0286686
-1.2 0.48 -0.0311982
-1.2 0.6 -0.0337278
-1.2 0.72 -0.0362573
-1.2 0.84 -0.0387869
-1.2 0.96 -0.0413165
-1.2 1.08 -0.0438461
-1.2 1.2 -0.0463757
-1.2 1.32 -0.0489052
-1.2 1.44 -0.0514348
-1.2 1.56 -6.31858e-05
-1.2 1.68 -6.61477e-05
-1.2 1.8 -6.91095e-05
-1.2 1.92 -7.20713e-05
-1.2 2.04 -7.50332e-05
-1.2 2.16 -7.7995e-05
-1.2 2.28 -8.09568e-05
-1.2 2.4 -8.39187e-05
-1.2 2.52 -8.68805e-05
-1.2 2.64 -8.98423e-05
-1.2 2.76 -9.28042e-05
-1.2 2.88 -9.5766e-05

-1.08 -3 0.0168639
-1.08 -2.88 0.015852
-1.08 -2.76 0.0148402
-1.08 -2.64 0.0138284
-1.08 -2.52 0.0128165
-1.08 -2.4 0.0118047
-1.08 -2.28 0.0107929
-1.08 -2.16 0.00978105
-1.08 -2.04 0.00876922
-1.08 -1.92 0.00775738
-1.08 -1.8 0.00674555
-1.08 -1.68 0.00573372
-1.08 -1.56 0.00472189
-1.08 -1.44 0.0352
-1.08 -1.32 0.0256
-1.08 -1.2 0.016
-1.08 -1.08 0.0064
-1.08 -0.96 -0.0032
-1.08 -0.84 -0.0128
-1.08 -0.72 -0.0224
-1.08 -0.6 -0.032
-1.08 -0.48 -0.0416
-1.08 -0.36 -0.0512
-1.08 -0.24 -0.0608
-1.08 -0.12 -0.0704
-1.08 0 -0.08
-1.08 0.12 -0.00944377
-1.08 0.24 -0.0104556
-1.08 0.36 -0.0114674
-1.08 0.48 -0.0124793
-1.08 0.6 -0.0134911
-1.08 0.72 -0.0145029
-1.08 0.84 -0.0155148
-1.08 0.96 -0.0165266
-1.08 1.08 -0.0175384
-1.08 1.2 -0.0185503
-1.08 1.32 -0.0195621
-1.08 1.44 -0.0205739
-1.08 1.56 -2.52743e-05
-1.08 1.68 -2.64591e-05
-1.08 1.8 -2.76438e-05
-1.08 1.92 -2.88285e-05
-1.08 2.04 -3.00133e-05
-1.08 2.16 -3.1198e-05
-1.08 2.28 -3.23827e-05
-1.08 2.4 -3.35675e-05
-1.08 2.52 -3.47522e-05
-1.08 2.64 -3.59369e-05
-1.08 2.76 -3.71217e-05
-1.08 2.88 -3.83064e-05

-0.96 -3 -0.00843194
-0.96 -2.88 -0.00792602
-0.96 -2.76 -0.00742011
-0.96 -2.64 -0.00691419
-0.96 -2.52 -0.00640827
-0.96 -2.4 -0.00590236
-0.96 -2.28 -0.00539644
-0.96 -2.16 -0.00489052
-0.96 -2.04 -0.00438461
-0.96 -1.92 -0.00387869
-0.96 -1.8 -0.00337278
-0.96 -1.68 -0.00286686
-0.96 -1.56 -0.00236094
-0.96 -1.44 -0.0176
-0.96 -1.32 -0.0128
-0.96 -1.2 -0.008
-0.96 -1.08 -0.0032
-0.96 -0.96 0.0016
-0.96 -0.84 0.0064
-0.96 -0.72 0.0112
-0.96 -0.6 0.016
-0.96 -0.48 0.0208
-0.96 -0.36 0.0256
-0.96 -0.24 0.0304
-0.96 -0.12 0.0352
-0.96 0 0.04
-0.96 0.12 0.00472189
-0.96 0.24 0.0052278
-0.96 0.36 0.00573372
-0.96 0.48 0.00623963
-0.96 0.6 0.00674555
-0.96 0.72 0.00725147
-0.96 0.84 0.00775738
-0.96 0.96 0.0082633
-0.96 1.08 0.00876922
-0.96 1.2 0.00927513
-0.96 1.32 0.00978105
-0.96 1.44 0.010287
-0.96 1.56 1.26372e-05
-0.96 1.68 1.32295e-05
-0.96 1.8 1.38219e-05
-0.96 1.92 1.44143e-05
-0.96 2.04 1.50066e-05
-0.96 2.16 1.5599e-05
-0.96 2.28 1.61914e-05
-0.96 2.4 1.67837e-05
-0.96 2.52 1.73761e-05
-0.96 2.64 1.79685e-05
-0.96 2.76 1.85608e-05
-0.96 2.88 1.91532e-05

-0.84 -3 -0.0337278
-0.84 -2.88 -0.0317041
-0.84 -2.76 -0.0296804
-0.84 -2.64 -0.0276568
-0.84 -2.52 -0.0256331
-0.84 -2.4 -0.0236094
-0.84 -2.28 -0.0215858
-0.84 -2.16 -0.0195621
-0.84 -2.04 -0.0175384
-0.84 -1.92 -0.0155148
-0.84 -1.8 -0.0134911
-0.84 -1.68 -0.0114674
-0.84 -1.56 -0.00944377
-0.84 -1.44 -0.0704
-0.84 -1.32 -0.0512
-0.84 -1.2 -0.032
-0.84 -1.08 -0.0128
-0.84 -0.96 0.0064
-0.84 -0.84 0.0256
-0.84 -0.72 0.0448
-0.84 -0.6 0.064
-0.84 -0.48 0.0832
-0.84 -0.36 0.1024
-0.84 -0.24 0.1216
-0.84 -0.12 0.1408
-0.84 0 0.16
-0.84 0.12 0.0188875
-0.84 0.24 0.0209112
-0.84 0.36 0.0229349
-0.84 0.48 0.0249585
-0.84 0.6 0.0269822
-0.84 0.72 0.0290059
-0.84 0.84 0.0310295
-0.84 0.96 0.0330532
-0.84 1.08 0.0350769
-0.84 1.2 0.0371005
-0.84 1.32 0.0391242
-0.84 1.44 0.0411479
-0.84 1.56 5.05487e-05
-0.84 1.68 5.29181e-05
-0.84 1.8 5.52876e-05
-0.84 1.92 5.76571e-05
-0.84 2.04 6.00265e-05
-0.84 2.16 6.2396e-05
-0.84 2.28 6.47655e-05
-0.84 2.4 6.71349e-05
-0.84 2.52 6.95044e-05
-0.84 2.64 7.18739e-05
-0.84 2.76 7.42433e-05
-0.84 2.88 7.66128e-05

-0.72 -3 -0.0590236
-0.72 -2.88 -0.0554822
-0.72 -2.76 -0.0519407
-0.72 -2.64 -0.0483993
-0.72 -2.52 -0.0448579
-0.72 -2.4 -0.0413165
-0.72 -2.28 -0.0377751
-0.72 -2.16 -0.0342337
-0.72 -2.04 -0.0306923
-0.72 -1.92 -0.0271508
-0.72 -1.8 -0.0236094
-0.72 -1.68 -0.020068
-0.72 -1.56 -0.0165266
-0.72 -1.44 -0.1232
-0.72 -1.32 -0.0896
-0.72 -1.2 -0.056
-0.72 -1.08 -0.0224
-0.72 -0.96 0.0112
-0.72 -0.84 0.0448
-0.72 -0.72 0.0784
-0.72 -0.6 0.112
-0.72 -0.48 0.1456
-0.72 -0.36 0.1792
-0.72 -0.24 0.2128
-0.72 -0.12 0.2464
-0.72 0 0.28
-0.72 0.12 0.0330532
-0.72 0.24 0.0365946
-0.72 0.36 0.040136
-0.72 0.48 0.0436774
-0.72 0.6 0.0472189
-0.72 0.72 0.0507603
-0.72 0.84 0.0543017
-0.72 0.96 0.0578431
-0.72 1.08 0.0613845
-0.72 1.2 0.0649259
-0.72 1.32 0.0684673
-0.72 1.44 0.0720088
-0.72 1.56 8.84601e-05
-0.72 1.68 9.26067e-05
-0.72 1.8 9.67533e-05
-0.72 1.92 0.0001009
-0.72 2.04 0.000105046
-0.72 2.16 0.000109193
-0.72 2.28 0.00011334
-0.72 2.4 0.000117486
-0.72 2.52 0.000121633
-0.72 2.64 0.000125779
-0.72 2.76 0.000129926
-0.72 2.88 0.000134072

-0.6 -3 -0.0843194
-0.6 -2.88 -0.0792602
-0.6 -2.76 -0.0742011
-0.6 -2.64 -0.0691419
-0.6 -2.52 -0.0640827
-0.6 -2.4 -0.0590236
-0.6 -2.28 -0.0539644
-0.6 -2.16 -0.0489052
-0.6 -2.04 -0.0438461
-0.6 -1.92 -0.0387869
-0.6 -1.8 -0.0337278
-0.6 -1.68 -0.0286686
-0.6 -1.56 -0.0236094
-0.6 -1.44 -0.176
-0.6 -1.32 -0.128
-0.6 -1.2 -0.08
-0.6 -1.08 -0.032
-0.6 -0.96 0.016
-0.6 -0.84 0.064
-0.6 -0.72 0.112
-0.6 -0.6 0.16
-0.6 -0.48 0.208
-0.6 -0.36 0.256
-0.6 -0.24 0.304
-0.6 -0.12 0.352
-0.6 0 0.4
-0.6 0.12 0.0472189
-0.6 0.24 0.052278
-0.6 0.36 0.0573372
-0.6 0.48 0.0623963
-0.6 0.6 0.0674555
-0.6 0.72 0.0725147
-0.6 0.84 0.0775738
-0.6 0.96 0.082633
-0.6 1.08 0.0876922
-0.6 1.2 0.0927513
-0.6 1.32 0.0978105
-0.6 1.44 0.10287
-0.6 1.56 0.000126372
-0.6 1.68 0.000132295
-0.6 1.8 0.000138219
-0.6 1.92 0.000144143
-0.6 2.04 0.000150066
-0.6 2.16 0.00015599
-0.6 2.28 0.000161914
-0.6 2.4 0.000167837
-0.6 2.52 0.000173761
-0.6 2.64 0.000179685
-0.6 2.76 0.000185608
-0.6 2.88 0.000191532

-0.48 -3 -0.109615
-0.48 -2.88 -0.103038
-0.48 -2.76 -0.0964614
-0.48 -2.64 -0.0898845
-0.48 -2.52 -0.0833075
-0.48 -2.4 -0.0767306
-0.48 -2.28 -0.0701537
-0.48 -2.16 -0.0635768
-0.48 -2.04 -0.0569999
-0.48 -1.92 -0.050423
-0.48 -1.8 -0.0438461
-0.48 -1.68 -0.0372692
-0.48 -1.56 -0.0306923
-0.48 -1.44 -0.2288
-0.48 -1.32 -0.1664
-0.48 -1.2 -0.104
-0.48 -1.08 -0.0416
-0.48 -0.96 0.0208
-0.48 -0.84 0.0832
-0.48 -0.72 0.1456
-0.48 -0.6 0.208
-0.48 -0.48 0.2704
-0.48 -0.36 0.3328
-0.48 -0.24 0.3952
-0.48 -0.12 0.4576
-0.48 0 0.52
-0.48 0.12 0.0613845
-0.48 0.24 0.0679614
-0.48 0.36 0.0745383
-0.48 0.48 0.0811152
-0.48 0.6 0.0876922
-0.48 0.72 0.0942691
-0.48 0.84 0.100846
-0.48 0.96 0.107423
-0.48 1.08 0.114
-0.48 1.2 0.120577
-0.48 1.32 0.127154
-0.48 1.44 0.133731
-0.48 1.56 0.000164283
-0.48 1.68 0.000171984
-0.48 1.8 0.000179685
-0.48 1.92 0.000187385
-0.48 2.04 0.000195086
-0.48 2.16 0.000202787
-0.48 2.28 0.000210488
-0.48 2.4 0.000218189
-0.48 2.52 0.000225889
-0.48 2.64 0.00023359
-0.48 2.76 0.000241291
-0.48 2.88 0.000248992

-0.36 -3 -0.134911
-0.36 -2.88 -0.126816
-0.36 -2.76 -0.118722
-0.36 -2.64 -0.110627
-0.36 -2.52 -0.102532
-0.36 -2.4 -0.0944377
-0.36 -2.28 -0.086343
-0.36 -2.16 -0.0782484
-0.36 -2.04 -0.0701537
-0.36 -1.92 -0.0620591
-0.36 -1.8 -0.0539644
-0.36 -1.68 -0.0458697
-0.36 -1.56 -0.0377751
-0.36 -1.44 -0.2816
-0.36 -1.32 -0.2048
-0.36 -1.2 -0.128
-0.36 -1.08 -0.0512
-0.36 -0.96 0.0256
-0.36 -0.84 0.1024
-0.36 -0.72 0.1792
-0.36 -0.6 0.256
-0.36 -0.48 0.3328
-0.36 -0.36 0.4096
-0.36 -0.24 0.4864
-0.36 -0.12 0.5632
-0.36 0 0.64
-0.36 0.12 0.0755502
-0.36 0.24 0.0836448
-0.36 0.36 0.0917395
-0.36 0.48 0.0998341
-0.36 0.6 0.107929
-0.36 0.72 0.116023
-0.36 0.84 0.124118
-0.36 0.96 0.132213
-0.36 1.08 0.140307
-0.36 1.2 0.148402
-0.36 1.32 0.156497
-0.36 1.44 0.164591
-0.36 1.56 0.000202195
-0.36 1.68 0.000211672
-0.36 1.8 0.00022115
-0.36 1.92 0.000230628
-0.36 2.04 0.000240106
-0.36 2.16 0.000249584
-0.36 2.28 0.000259062
-0.36 2.4 0.00026854
-0.36 2.52 0.000278018
-0.36 2.64 0.000287495
-0.36 2.76 0.000296973
-0.36 2.88 0.000306451

-0.24 -3 -0.160207
-0.24 -2.88 -0.150594
-0.24 -2.76 -0.140982
-0.24 -2.64 -0.13137
-0.24 -2.52 -0.121757
-0.24 -2.4 -0.112145
-0.24 -2.28 -0.102532
-0.24 -2.16 -0.09292
-0.24 -2.04 -0.0833075
-0.24 -1.92 -0.0736951
-0.24 -1.8 -0.0640827
-0.24 -1.68 -0.0544703
-0.24 -1.56 -0.0448579
-0.24 -1.44 -0.3344
-0.24 -1.32 -0.2432
-0.24 -1.2 -0.152
-0.24 -1.08 -0.0608
-0.24 -0.96 0.0304
-0.24 -0.84 0.1216
-0.24 -0.72 0.2128
-0.24 -0.6 0.304
-0.24 -0.48 0.3952
-0.24 -0.36 0.4864
-0.24 -0.24 0.5776
-0.24 -0.12 0.6688
-0.24 0 0.76
-0.24 0.12 0.0897158
-0.24 0.24 0.0993282
-0.24 0.36 0.108941
-0.24 0.48 0.118553
-0.24 0.6 0.128165
-0.24 0.72 0.137778
-0.24 0.84 0.14739
-0.24 0.96 0.157003
-0.24 1.08 0.166615
-0.24 1.2 0.176228
-0.24 1.32 0.18584
-0.24 1.44 0.195452
-0.24 1.56 0.000240106
-0.24 1.68 0.000251361
-0.24 1.8 0.000262616
-0.24 1.92 0.000273871
-0.24 2.04 0.000285126
-0.24 2.16 0.000296381
-0.24 2.28 0.000307636
-0.24 2.4 0.000318891
-0.24 2.52 0.000330146
-0.24 2.64 0.000341401
-0.24 2.76 0.000352656
-0.24 2.88 0.000363911

-0.12 -3 -0.185503
-0.12 -2.88 -0.174372
-0.12 -2.76 -0.163242
-0.12 -2.64 -0.152112
-0.12 -2.52 -0.140982
-0.12 -2.4 -0.129852
-0.12 -2.28 -0.118722
-0.12 -2.16 -0.107592
-0.12 -2.04 -0.0964614
-0.12 -1.92 -0.0853312
-0.12 -1.8 -0.0742011
-0.12 -1.68 -0.0630709
-0.12 -1.56 -0.0519407
-0.12 -1.44 -0.3872
-0.12 -1.32 -0.2816
-0.12 -1.2 -0.176
-0.12 -1.08 -0.0704
-0.12 -0.96 0.0352
-0.12 -0.84 0.1408
-0.12 -0.72 0.2464
-0.12 -0.6 0.352
-0.12 -0.48 0.4576
-0.12 -0.36 0.5632
-0.12 -0.24 0.6688
-0.12 -0.12 0.7744
-0.12 0 0.88
-0.12 0.12 0.103881
-0.12 0.24 0.115012
-0.12 0.36 0.126142
-0.12 0.48 0.137272
-0.12 0.6 0.148402
-0.12 0.72 0.159532
-0.12 0.84 0.170662
-0.12 0.96 0.181793
-0.12 1.08 0.192923
-0.12 1.2 0.204053
-0.12 1.32 0.215183
-0.12 1.44 0.226313
-0.12 1.56 0.000278018
-0.12 1.68 0.00029105
-0.12 1.8 0.000304082
-0.12 1.92 0.000317114
-0.12 2.04 0.000330146
-0.12 2.16 0.000343178
-0.12 2.28 0.00035621
-0.12 2.4 0.000369242
-0.12 2.52 0.000382274
-0.12 2.64 0.000395306
-0.12 2.76 0.000408338
-0.12 2.88 0.00042137

0 -3 -0.210798
0 -2.88 -0.198151
0 -2.76 -0.185503
0 -2.64 -0.172855
0 -2.52 -0.160207
0 -2.4 -0.147559
0 -2.28 -0.134911
0 -2.16 -0.122263
0 -2.04 -0.109615
0 -1.92 -0.0969673
0 -1.8 -0.0843194
0 -1.68 -0.0716715
0 -1.56 -0.0590236
0 -1.44 -0.44
0 -1.32 -0.32
0 -1.2 -0.2
0 -1.08 -0.08
0 -0.96 0.04
0 -0.84 0.16
0 -0.72 0.28
0 -0.6 0.4
0 -0.48 0.52
0 -0.36 0.64
0 -0.24 0.76
0 -0.12 0.88
0 0 1
0 0.12 0.118047
0 0.24 0.130695
0 0.36 0.143343
0 0.48 0.155991
0 0.6 0.168639
0 0.72 0.181287
0 0.84 0.193935
0 0.96 0.206582
0 1.08 0.21923
0 1.2 0.231878
0 1.32 0.244526
0 1.44 0.257174
0 1.56 0.000315929
0 1.68 0.000330738
0 1.8 0.000345547
0 1.92 0.000360357
0 2.04 0.000375166
0 2.16 0.000389975
0 2.28 0.000404784
0 2.4 0.000419593
0 2.52 0.000434403
0 2.64 0.000449212
0 2.76 0.000464021
0 2.88 0.00047883

0.12 -3 -0.000276438
0.12 -2.88 -0.000259852
0.12 -2.76 -0.000243265
0.12 -2.64 -0.000226679
0.12 -2.52 -0.000210093
0.12 -2.4 -0.000193507
0.12 -2.28 -0.00017692
0.12 -2.16 -0.000160334
0.12 -2.04 -0.000143748
0.12 -1.92 -0.000127161
0.12 -1.8 -0.000110575
0.12 -1.68 -9.39889e-05
0.12 -1.56 -7.74026e-05
0.12 -1.44 -0.0519407
0.12 -1.32 -0.0377751
0.12 -1.2 -0.0236094
0.12 -1.08 -0.00944377
0.12 -0.96 0.00472189
0.12 -0.84 0.0188875
0.12 -0.72 0.0330532
0.12 -0.6 0.0472189
0.12 -0.48 0.0613845
0.12 -0.36 0.0755502
0.12 -0.24 0.0897158
0.12 -0.12 0.103881
0.12 0 0.118047
0.12 0.12 1.2544
0.12 0.24 1.3888
0.12 0.36 1.5232
0.12 0.48 1.6576
0.12 0.6 1.792
0.12 0.72 1.9264
0.12 0.84 2.0608
0.12 0.96 2.1952
0.12 1.08 2.3296
0.12 1.2 2.464
0.12 1.32 2.5984
0.12 1.44 2.7328
0.12 1.56 0.302201
0.12 1.68 0.316366
0.12 1.8 0.330532
0.12 1.92 0.344698
0.12 2.04 0.358863
0.12 2.16 0.373029
0.12 2.28 0.387195
0.12 2.4 0.40136
0.12 2.52 0.415526
0.12 2.64 0.429692
0.12 2.76 0.443857
0.12 2.88 0.458023

0.24 -3 -0.000306056
0.24 -2.88 -0.000287693
0.24 -2.76 -0.00026933
0.24 -2.64 -0.000250966
0.24 -2.52 -0.000232603
0.24 -2.4 -0.000214239
0.24 -2.28 -0.000195876
0.24 -2.16 -0.000177513
0.24 -2.04 -0.000159149
0.24 -1.92 -0.000140786
0.24 -1.8 -0.000122423
0.24 -1.68 -0.000104059
0.24 -1.56 -8.56958e-05
0.24 -1.44 -0.0575058
0.24 -1.32 -0.0418224
0.24 -1.2 -0.026139
0.24 -1.08 -0.0104556
0.24 -0.96 0.0052278
0.24 -0.84 0.0209112
0.24 -0.72 0.0365946
0.24 -0.6 0.052278
0.24 -0.48 0.0679614
0.24 -0.36 0.0836448
0.24 -0.24 0.0993282
0.24 -0.12 0.115012
0.24 0 0.130695
0.24 0.12 1.3888
0.24 0.24 1.5376
0.24 0.36 1.6864
0.24 0.48 1.8352
0.24 0.6 1.984
0.24 0.72 2.1328
0.24 0.84 2.2816
0.24 0.96 2.4304
0.24 1.08 2.5792
0.24 1.2 2.728
0.24 1.32 2.8768
0.24 1.44 3.0256
0.24 1.56 0.334579
0.24 1.68 0.350263
0.24 1.8 0.365946
0.24 1.92 0.38163
0.24 2.04 0.397313
0.24 2.16 0.412996
0.24 2.28 0.42868
0.24 2.4 0.444363
0.24 2.52 0.460047
0.24 2.64 0.47573
0.24 2.76 0.491413
0.24 2.88 0.507097

0.36 -3 -0.000335675
0.36 -2.88 -0.000315534
0.36 -2.76 -0.000295394
0.36 -2.64 -0.000275253
0.36 -2.52 -0.000255113
0.36 -2.4 -0.000234972
0.36 -2.28 -0.000214832
0.36 -2.16 -0.000194691
0.36 -2.04 -0.000174551
0.36 -1.92 -0.00015441
0.36 -1.8 -0.00013427
0.36 -1.68 -0.000114129
0.36 -1.56 -9.39889e-05
0.36 -1.44 -0.0630709
0.36 -1.32 -0.0458697
0.36 -1.2 -0.0286686
0.36 -1.08 -0.0114674
0.36 -0.96 0.00573372
0.36 -0.84 0.0229349
0.36 -0.72 0.040136
0.36 -0.6 0.0573372
0.36 -0.48 0.0745383
0.36 -0.36 0.0917395
0.36 -0.24 0.108941
0.36 -0.12 0.126142
0.36 0 0.143343
0.36 0.12 1.5232
0.36 0.24 1.6864
0.36 0.36 1.8496
0.36 0.48 2.0128
0.36 0.6 2.176
0.36 0.72 2.3392
0.36 0.84 2.5024
0.36 0.96 2.6656
0.36 1.08 2.8288
0.36 1.2 2.992
0.36 1.32 3.1552
0.36 1.44 3.3184
0.36 1.56 0.366958
0.36 1.68 0.384159
0.36 1.8 0.40136
0.36 1.92 0.418561
0.36 2.04 0.435763
0.36 2.16 0.452964
0.36 2.28 0.470165
0.36 2.4 0.487366
0.36 2.52 0.504567
0.36 2.64 0.521768
0.36 2.76 0.538969
0.36 2.88 0.556171

0.48 -3 -0.000365293
0.48 -2.88 -0.000343375
0.48 -2.76 -0.000321458
0.48 -2.64 -0.00029954
0.48 -2.52 -0.000277623
0.48 -2.4 -0.000255705
0.48 -2.28 -0.000233788
0.48 -2.16 -0.00021187
0.48 -2.04 -0.000189952
0.48 -1.92 -0.000168035
0.48 -1.8 -0.000146117
0.48 -1.68 -0.0001242
0.48 -1.56 -0.000102282
0.48 -1.44 -0.068636
0.48 -1.32 -0.0499171
0.48 -1.2 -0.0311982
0.48 -1.08 -0.0124793
0.48 -0.96 0.00623963
0.48 -0.84 0.0249585
0.48 -0.72 0.0436774
0.48 -0.6 0.0623963
0.48 -0.48 0.0811152
0.48 -0.36 0.0998341
0.48 -0.24 0.118553
0.48 -0.12 0.137272
0.48 0 0.155991
0.48 0.12 1.6576
0.48 0.24 1.8352
0.48 0.36 2.0128
0.48 0.48 2.1904
0.48 0.6 2.368
0.48 0.72 2.5456
0.48 0.84 2.7232
0.48 0.96 2.9008
0.48 1.08 3.0784
0.48 1.2 3.256
0.48 1.32 3.4336
0.48 1.44 3.6112
0.48 1.56 0.399337
0.48 1.68 0.418055
0.48 1.8 0.436774
0.48 1.92 0.455493
0.48 2.04 0.474212
0.48 2.16 0.492931
0.48 2.28 0.51165
0.48 2.4 0.530369
0.48 2.52 0.549088
0.48 2.64 0.567807
0.48 2.76 0.586526
0.48 2.88 0.605245

0.6 -3 -0.000394911
0.6 -2.88 -0.000371217
0.6 -2.76 -0.000347522
0.6 -2.64 -0.000323827
0.6 -2.52 -0.000300133
0.6 -2.4 -0.000276438
0.6 -2.28 -0.000252743
0.6 -2.16 -0.000229049
0.6 -2.04 -0.000205354
0.6 -1.92 -0.000181659
0.6 -1.8 -0.000157965
0.6 -1.68 -0.00013427
0.6 -1.56 -0.000110575
0.6 -1.44 -0.0742011
0.6 -1.32 -0.0539644
0.6 -1.2 -0.0337278
0.6 -1.08 -0.0134911
0.6 -0.96 0.00674555
0.6 -0.84 0.0269822
0.6 -0.72 0.0472189
0.6 -0.6 0.0674555
0.6 -0.48 0.0876922
0.6 -0.36 0.107929
0.6 -0.24 0.128165
0.6 -0.12 0.148402
0.6 0 0.168639
0.6 0.12 1.792
0.6 0.24 1.984
0.6 0.36 2.176
0.6 0.48 2.368
0.6 0.6 2.56
0.6 0.72 2.752
0.6 0.84 2.944
0.6 0.96 3.136
0.6 1.08 3.328
0.6 1.2 3.52
0.6 1.32 3.712
0.6 1.44 3.904
0.6 1.56 0.431715
0.6 1.68 0.451952
0.6 1.8 0.472189
0.6 1.92 0.492425
0.6 2.04 0.512662
0.6 2.16 0.532898
0.6 2.28 0.553135
0.6 2.4 0.573372
0.6 2.52 0.593608
0.6 2.64 0.613845
0.6 2.76 0.634082
0.6 2.88 0.654318

0.72 -3 -0.00042453
0.72 -2.88 -0.000399058
0.72 -2.76 -0.000373586
0.72 -2.64 -0.000348114
0.72 -2.52 -0.000322643
0.72 -2.4 -0.000297171
0.72 -2.28 -0.000271699
0.72 -2.16 -0.000246227
0.72 -2.04 -0.000220755
0.72 -1.92 -0.000195284
0.72 -1.8 -0.000169812
0.72 -1.68 -0.00014434
0.72 -1.56 -0.000118868
0.72 -1.44 -0.0797661
0.72 -1.32 -0.0580117
0.72 -1.2 -0.0362573
0.72 -1.08 -0.0145029
0.72 -0.96 0.00725147
0.72 -0.84 0.0290059
0.72 -0.72 0.0507603
0.72 -0.6 0.0725147
0.72 -0.48 0.0942691
0.72 -0.36 0.116023
0.72 -0.24 0.137778
0.72 -0.12 0.159532
0.72 0 0.181287
0.72 0.12 1.9264
0.72 0.24 2.1328
0.72 0.36 2.3392
0.72 0.48 2.5456
0.72 0.6 2.752
0.72 0.72 2.9584
0.72 0.84 3.1648
0.72 0.96 3.3712
0.72 1.08 3.5776
0.72 1.2 3.784
0.72 1.32 3.9904
0.72 1.44 4.1968
0.72 1.56 0.464094
0.72 1.68 0.485848
0.72 1.8 0.507603
0.72 1.92 0.529357
0.72 2.04 0.551111
0.72 2.16 0.572866
0.72 2.28 0.59462
0.72 2.4 0.616375
0.72 2.52 0.638129
0.72 2.64 0.659883
0.72 2.76 0.681638
0.72 2.88 0.703392

0.84 -3 -0.000454148
0.84 -2.88 -0.000426899
0.84 -2.76 -0.00039965
0.84 -2.64 -0.000372401
0.84 -2.52 -0.000345153
0.84 -2.4 -0.000317904
0.84 -2.28 -0.000290655
0.84 -2.16 -0.000263406
0.84 -2.04 -0.000236157
0.84 -1.92 -0.000208908
0.84 -1.8 -0.000181659
0.84 -1.68 -0.00015441
0.84 -1.56 -0.000127161
0.84 -1.44 -0.0853312
0.84 -1.32 -0.0620591
0.84 -1.2 -0.0387869
0.84 -1.08 -0.0155148
0.84 -0.96 0.00775738
0.84 -0.84 0.0310295
0.84 -0.72 0.0543017
0.84 -0.6 0.0775738
0.84 -0.48 0.100846
0.84 -0.36 0.124118
0.84 -0.24 0.14739
0.84 -0.12 0.170662
0.84 0 0.193935
0.84 0.12 2.0608
0.84 0.24 2.2816
0.84 0.36 2.5024
0.84 0.48 2.7232
0.84 0.6 2.944
0.84 0.72 3.1648
0.84 0.84 3.3856
0.84 0.96 3.6064
0.84 1.08 3.8272
0.84 1.2 4.048
0.84 1.32 4.2688
0.84 1.44 4.4896
0.84 1.56 0.496473
0.84 1.68 0.519745
0.84 1.8 0.543017
0.84 1.92 0.566289
0.84 2.04 0.589561
0.84 2.16 0.612833
0.84 2.28 0.636105
0.84 2.4 0.659378
0.84 2.52 0.68265
0.84 2.64 0.705922
0.84 2.76 0.729194
0.84 2.88 0.752466

0.96 -3 -0.000483766
0.96 -2.88 -0.00045474
0.96 -2.76 -0.000425714
0.96 -2.64 -0.000396688
0.96 -2.52 -0.000367662
0.96 -2.4 -0.000338637
0.96 -2.28 -0.000309611
0.96 -2.16 -0.000280585
0.96 -2.04 -0.000251559
0.96 -1.92 -0.000222533
0.96 -1.8 -0.000193507
0.96 -1.68 -0.000164481
0.96 -1.56 -0.000135455
0.96 -1.44 -0.0908963
0.96 -1.32 -0.0661064
0.96 -1.2 -0.0413165
0.96 -1.08 -0.0165266
0.96 -0.96 0.0082633
0.96 -0.84 0.0330532
0.96 -0.72 0.0578431
0.96 -0.6 0.082633
0.96 -0.48 0.107423
0.96 -0.36 0.132213
0.96 -0.24 0.157003
0.96 -0.12 0.181793
0.96 0 0.206582
0.96 0.12 2.1952
0.96 0.24 2.4304
0.96 0.36 2.6656
0.96 0.48 2.9008
0.96 0.6 3.136
0.96 0.72 3.3712
0.96 0.84 3.6064
0.96 0.96 3.8416
0.96 1.08 4.0768
0.96 1.2 4.312
0.96 1.32 4.5472
0.96 1.44 4.7824
0.96 1.56 0.528851
0.96 1.68 0.553641
0.96 1.8 0.578431
0.96 1.92 0.603221
0.96 2.04 0.628011
0.96 2.16 0.652801
0.96 2.28 0.677591
0.96 2.4 0.70238
0.96 2.52 0.72717
0.96 2.64 0.75196
0.96 2.76 0.77675
0.96 2.88 0.80154

1.08 -3 -0.000513385
1.08 -2.88 -0.000482582
1.08 -2.76 -0.000451779
1.08 -2.64 -0.000420976
1.08 -2.52 -0.000390172
1.08 -2.4 -0.000359369
1.08 -2.28 -0.000328566
1.08 -2.16 -0.000297763
1.08 -2.04 -0.00026696
1.08 -1.92 -0.000236157
1.08 -1.8 -0.000205354
1.08 -1.68 -0.000174551
1.08 -1.56 -0.000143748
1.08 -1.44 -0.0964614
1.08 -1.32 -0.0701537
1.08 -1.2 -0.0438461
1.08 -1.08 -0.0175384
1.08 -0.96 0.00876922
1.08 -0.84 0.0350769
1.08 -0.72 0.0613845
1.08 -0.6 0.0876922
1.08 -0.48 0.114
1.08 -0.36 0.140307
1.08 -0.24 0.166615
1.08 -0.12 0.192923
1.08 0 0.21923
1.08 0.12 2.3296
1.08 0.24 2.5792
1.08 0.36 2.8288
1.08 0.48 3.0784
1.08 0.6 3.328
1.08 0.72 3.5776
1.08 0.84 3.8272
1.08 0.96 4.0768
1.08 1.08 4.3264
1.08 1.2 4.576
1.08 1.32 4.8256
1.08 1.44 5.0752
1.08 1.56 0.56123
1.08 1.68 0.587537
1.08 1.8 0.613845
1.08 1.92 0.640153
1.08 2.04 0.66646
1.08 2.16 0.692768
1.08 2.28 0.719076
1.08 2.4 0.745383
1.08 2.52 0.771691
1.08 2.64 0.797999
1.08 2.76 0.824306
1.08 2.88 0.850614

1.2 -3 -0.000543003
1.2 -2.88 -0.000510423
1.2 -2.76 -0.000477843
1.2 -2.64 -0.000445263
1.2 -2.52 -0.000412682
1.2 -2.4 -0.000380102
1.2 -2.28 -0.000347522
1.2 -2.16 -0.000314942
1.2 -2.04 -0.000282362
1.2 -1.92 -0.000249781
1.2 -1.8 -0.000217201
1.2 -1.68 -0.000184621
1.2 -1.56 -0.000152041
1.2 -1.44 -0.102026
1.2 -1.32 -0.0742011
1.2 -1.2 -0.0463757
1.2 -1.08 -0.0185503
1.2 -0.96 0.00927513
1.2 -0.84 0.0371005
1.2 -0.72 0.0649259
1.2 -0.6 0.0927513
1.2 -0.48 0.120577
1.2 -0.36 0.148402
1.2 -0.24 0.176228
1.2 -0.12 0.204053
1.2 0 0.231878
1.2 0.12 2.464
1.2 0.24 2.728
1.2 0.36 2.992
1.2 0.48 3.256
1.2 0.6 3.52
1.2 0.72 3.784
1.2 0.84 4.048
1.2 0.96 4.312
1.2 1.08 4.576
1.2 1.2 4.84
1.2 1.32 5.104
1.2 1.44 5.368
1.2 1.56 0.593608
1.2 1.68 0.621434
1.2 1.8 0.649259
1.2 1.92 0.677085
1.2 2.04 0.70491
1.2 2.16 0.732735
1.2 2.28 0.760561
1.2 2.4 0.788386
1.2 2.52 0.816212
1.2 2.64 0.844037
1.2 2.76 0.871862
1.2 2.88 0.899688

1.32 -3 -0.000572621
1.32 -2.88 -0.000538264
1.32 -2.76 -0.000503907
1.32 -2.64 -0.00046955
1.32 -2.52 -0.000435192
1.32 -2.4 -0.000400835
1.32 -2.28 -0.000366478
1.32 -2.16 -0.00033212
1.32 -2.04 -0.000297763
1.32 -1.92 -0.000263406
1.32 -1.8 -0.000229049
1.32 -1.68 -0.000194691
1.32 -1.56 -0.000160334
1.32 -1.44 -0.107592
1.32 -1.32 -0.0782484
1.32 -1.2 -0.0489052
1.32 -1.08 -0.0195621
1.32 -0.96 0.00978105
1.32 -0.84 0.0391242
1.32 -0.72 0.0684673
1.32 -0.6 0.0978105
1.32 -0.48 0.127154
1.32 -0.36 0.156497
1.32 -0.24 0.18584
1.32 -0.12 0.215183
1.32 0 0.244526
1.32 0.12 2.5984
1.32 0.24 2.8768
1.32 0.36 3.1552
1.32 0.48 3.4336
1.32 0.6 3.712
1.32 0.72 3.9904
1.32 0.84 4.2688
1.32 0.96 4.5472
1.32 1.08 4.8256
1.32 1.2 5.104
1.32 1.32 5.3824
1.32 1.44 5.6608
1.32 1.56 0.625987
1.32 1.68 0.65533
1.32 1.8 0.684673
1.32 1.92 0.714017
1.32 2.04 0.74336
1.32 2.16 0.772703
1.32 2.28 0.802046
1.32 2.4 0.831389
1.32 2.52 0.860732
1.32 2.64 0.890075
1.32 2.76 0.919419
1.32 2.88 0.948762

1.44 -3 -0.00060224
1.44 -2.88 -0.000566105
1.44 -2.76 -0.000529971
1.44 -2.64 -0.000493837
1.44 -2.52 -0.000457702
1.44 -2.4 -0.000421568
1.44 -2.28 -0.000385434
1.44 -2.16 -0.000349299
1.44 -2.04 -0.000313165
1.44 -1.92 -0.00027703
1.44 -1.8 -0.000240896
1.44 -1.68 -0.000204762
1.44 -1.56 -0.000168627
1.44 -1.44 -0.113157
1.44 -1.32 -0.0822957
1.44 -1.2 -0.0514348
1.44 -1.08 -0.0205739
1.44 -0.96 0.010287
1.44 -0.84 0.0411479
1.44 -0.72 0.0720088
1.44 -0.6 0.10287
1.44 -0.48 0.133731
1.44 -0.36 0.164591
1.44 -0.24 0.195452
1.44 -0.12 0.226313
1.44 0 0.257174
1.44 0.12 2.7328
1.44 0.24 3.0256
1.44 0.36 3.3184
1.44 0.48 3.6112
1.44 0.6 3.904
1.44 0.72 4.1968
1.44 0.84 4.4896
1.44 0.96 4.7824
1.44 1.08 5.0752
1.44 1.2 5.368
1.44 1.32 5.6608
1.44 1.44 5.9536
1.44 1.56 0.658366
1.44 1.68 0.689227
1.44 1.8 0.720088
1.44 1.92 0.750948
1.44 2.04 0.781809
1.44 2.16 0.81267
1.44 2.28 0.843531
1.44 2.4 0.874392
1.44 2.52 0.905253
1.44 2.64 0.936114
1.44 2.76 0.966975
1.44 2.88 0.997836

1.56 -3 0.113423
1.56 -2.88 0.106618
1.56 -2.76 0.0998125
1.56 -2.64 0.0930071
1.56 -2.52 0.0862017
1.56 -2.4 0.0793963
1.56 -2.28 0.0725909
1.56 -2.16 0.0657855
1.56 -2.04 0.0589801
1.56 -1.92 0.0521747
1.56 -1.8 0.0453693
1.56 -1.68 0.0385639
1.56 -1.56 0.0317585
1.56 -1.44 0.187281
1.56 -1.32 0.136204
1.56 -1.2 0.0851277
1.56 -1.08 0.0340511
1.56 -0.96 -0.0170255
1.56 -0.84 -0.0681022
1.56 -0.72 -0.119179
1.56 -0.6 -0.170255
1.56 -0.48 -0.221332
1.56 -0.36 -0.272409
1.56 -0.24 -0.323485
1.56 -0.12 -0.374562
1.56 0 -0.425639
1.56 0.12 1.14443
1.56 0.24 1.26705
1.56 0.36 1.38966
1.56 0.48 1.51228
1.56 0.6 1.6349
1.56 0.72 1.75752
1.56 0.84 1.88013
1.56 0.96 2.00275
1.56 1.08 2.12537
1.56 1.2 2.24799
1.56 1.32 2.3706
1.56 1.44 2.49322
1.56 1.56 0.290875
1.56 1.68 0.30451
1.56 1.8 0.318144
1.56 1.92 0.331779
1.56 2.04 0.345414
1.56 2.16 0.359049
1.56 2.28 0.372683
1.56 2.4 0.386318
1.56 2.52 0.399953
1.56 2.64 0.413588
1.56 2.76 0.427222
1.56 2.88 0.440857

1.68 -3 0.11874
1.68 -2.88 0.111616
1.68 -2.76 0.104491
1.68 -2.64 0.0973668
1.68 -2.52 0.0902424
1.68 -2.4 0.083118
1.68 -2.28 0.0759936
1.68 -2.16 0.0688692
1.68 -2.04 0.0617448
1.68 -1.92 0.0546204
1.68 -1.8 0.047496
1.68 -1.68 0.0403716
1.68 -1.56 0.0332472
1.68 -1.44 0.19606
1.68 -1.32 0.142589
1.68 -1.2 0.0891181
1.68 -1.08 0.0356472
1.68 -0.96 -0.0178236
1.68 -0.84 -0.0712945
1.68 -0.72 -0.124765
1.68 -0.6 -0.178236
1.68 -0.48 -0.231707
1.68 -0.36 -0.285178
1.68 -0.24 -0.338649
1.68 -0.12 -0.39212
1.68 0 -0.44559
1.68 0.12 1.19807
1.68 0.24 1.32644
1.68 0.36 1.4548
1.68 0.48 1.58317
1.68 0.6 1.71153
1.68 0.72 1.8399
1.68 0.84 1.96826
1.68 0.96 2.09663
1.68 1.08 2.22499
1.68 1.2 2.35336
1.68 1.32 2.48172
1.68 1.44 2.61009
1.68 1.56 0.30451
1.68 1.68 0.318783
1.68 1.8 0.333057
1.68 1.92 0.347331
1.68 2.04 0.361605
1.68 2.16 0.375879
1.68 2.28 0.390153
1.68 2.4 0.404427
1.68 2.52 0.418701
1.68 2.64 0.432975
1.68 2.76 0.447248
1.68 2.88 0.461522

1.8 -3 0.124057
1.8 -2.88 0.116613
1.8 -2.76 0.10917
1.8 -2.64 0.101727
1.8 -2.52 0.0942831
1.8 -2.4 0.0868397
1.8 -2.28 0.0793963
1.8 -2.16 0.0719529
1.8 -2.04 0.0645095
1.8 -1.92 0.0570661
1.8 -1.8 0.0496227
1.8 -1.68 0.0421793
1.8 -1.56 0.0347359
1.8 -1.44 0.204839
1.8 -1.32 0.148974
1.8 -1.2 0.0931084
1.8 -1.08 0.0372434
1.8 -0.96 -0.0186217
1.8 -0.84 -0.0744868
1.8 -0.72 -0.130352
1.8 -0.6 -0.186217
1.8 -0.48 -0.242082
1.8 -0.36 -0.297947
1.8 -0.24 -0.353812
1.8 -0.12 -0.409677
1.8 0 -0.465542
1.8 0.12 1.25172
1.8 0.24 1.38583
1.8 0.36 1.51994
1.8 0.48 1.65406
1.8 0.6 1.78817
1.8 0.72 1.92228
1.8 0.84 2.0564
1.8 0.96 2.19051
1.8 1.08 2.32462
1.8 1.2 2.45873
1.8 1.32 2.59285
1.8 1.44 2.72696
1.8 1.56 0.318144
1.8 1.68 0.333057
1.8 1.8 0.34797
1.8 1.92 0.362883
1.8 2.04 0.377796
1.8 2.16 0.392709
1.8 2.28 0.407622
1.8 2.4 0.422535
1.8 2.52 0.437448
1.8 2.64 0.452361
1.8 2.76 0.467274
1.8 2.88 0.482187

1.92 -3 0.129373
1.92 -2.88 0.121611
1.92 -2.76 0.113849
1.92 -2.64 0.106086
1.92 -2.52 0.0983238
1.92 -2.4 0.0905614
1.92 -2.28 0.082799
1.92 -2.16 0.0750366
1.92 -2.04 0.0672742
1.92 -1.92 0.0595118
1.92 -1.8 0.0517494
1.92 -1.68 0.043987
1.92 -1.56 0.0362246
1.92 -1.44 0.213617
1.92 -1.32 0.155358
1.92 -1.2 0.0970988
1.92 -1.08 0.0388395
1.92 -0.96 -0.0194198
1.92 -0.84 -0.077679
1.92 -0.72 -0.135938
1.92 -0.6 -0.194198
1.92 -0.48 -0.252457
1.92 -0.36 -0.310716
1.92 -0.24 -0.368975
1.92 -0.12 -0.427235
1.92 0 -0.485494
1.92 0.12 1.30536
1.92 0.24 1.44522
1.92 0.36 1.58508
1.92 0.48 1.72495
1.92 0.6 1.86481
1.92 0.72 2.00467
1.92 0.84 2.14453
1.92 0.96 2.28439
1.92 1.08 2.42425
1.92 1.2 2.56411
1.92 1.32 2.70397
1.92 1.44 2.84383
1.92 1.56 0.331779
1.92 1.68 0.347331
1.92 1.8 0.362883
1.92 1.92 0.378436
1.92 2.04 0.393988
1.92 2.16 0.40954
1.92 2.28 0.425092
1.92 2.4 0.440644
1.92 2.52 0.456196
1.92 2.64 0.471748
1.92 2.76 0.487301
1.92 2.88 0.502853

2.04 -3 0.13469
2.04 -2.88 0.126609
2.04 -2.76 0.118527
2.04 -2.64 0.110446
2.04 -2.52 0.102365
2.04 -2.4 0.0942831
2.04 -2.28 0.0862017
2.04 -2.16 0.0781203
2.04 -2.04 0.0700389
2.04 -1.92 0.0619575
2.04 -1.8 0.0538761
2.04 -1.68 0.0457947
2.04 -1.56 0.0377132
2.04 -1.44 0.222396
2.04 -1.32 0.161743
2.04 -1.2 0.101089
2.04 -1.08 0.0404357
2.04 -0.96 -0.0202178
2.04 -0.84 -0.0808713
2.04 -0.72 -0.141525
2.04 -0.6 -0.202178
2.04 -0.48 -0.262832
2.04 -0.36 -0.323485
2.04 -0.24 -0.384139
2.04 -0.12 -0.444792
2.04 0 -0.505446
2.04 0.12 1.35901
2.04 0.24 1.50462
2.04 0.36 1.65023
2.04 0.48 1.79583
2.04 0.6 1.94144
2.04 0.72 2.08705
2.04 0.84 2.23266
2.04 0.96 2.37827
2.04 1.08 2.52387
2.04 1.2 2.66948
2.04 1.32 2.81509
2.04 1.44 2.9607
2.04 1.56 0.345414
2.04 1.68 0.361605
2.04 1.8 0.377796
2.04 1.92 0.393988
2.04 2.04 0.410179
2.04 2.16 0.42637
2.04 2.28 0.442561
2.04 2.4 0.458753
2.04 2.52 0.474944
2.04 2.64 0.491135
2.04 2.76 0.507327
2.04 2.88 0.523518

2.16 -3 0.140007
2.16 -2.88 0.131606
2.16 -2.76 0.123206
2.16 -2.64 0.114806
2.16 -2.52 0.106405
2.16 -2.4 0.0980048
2.16 -2.28 0.0896044
2.16 -2.16 0.081204
2.16 -2.04 0.0728036
2.16 -1.92 0.0644032
2.16 -1.8 0.0560028
2.16 -1.68 0.0476023
2.16 -1.56 0.0392019
2.16 -1.44 0.231175
2.16 -1.32 0.168127
2.16 -1.2 0.10508
2.16 -1.08 0.0420318
2.16 -0.96 -0.0210159
2.16 -0.84 -0.0840636
2.16 -0.72 -0.147111
2.16 -0.6 -0.210159
2.16 -0.48 -0.273207
2.16 -0.36 -0.336254
2.16 -0.24 -0.399302
2.16 -0.12 -0.46235
2.16 0 -0.525398
2.16 0.12 1.41265
2.16 0.24 1.56401
2.16 0.36 1.71537
2.16 0.48 1.86672
2.16 0.6 2.01808
2.16 0.72 2.16943
2.16 0.84 2.32079
2.16 0.96 2.47215
2.16 1.08 2.6235
2.16 1.2 2.77486
2.16 1.32 2.92621
2.16 1.44 3.07757
2.16 1.56 0.359049
2.16 1.68 0.375879
2.16 1.8 0.392709
2.16 1.92 0.40954
2.16 2.04 0.42637
2.16 2.16 0.443201
2.16 2.28 0.460031
2.16 2.4 0.476861
2.16 2.52 0.493692
2.16 2.64 0.510522
2.16 2.76 0.527353
2.16 2.88 0.544183

2.28 -3 0.145324
2.28 -2.88 0.136604
2.28 -2.76 0.127885
2.28 -2.64 0.119165
2.28 -2.52 0.110446
2.28 -2.4 0.101727
2.28 -2.28 0.0930071
2.28 -2.16 0.0842877
2.28 -2.04 0.0755683
2.28 -1.92 0.0668489
2.28 -1.8 0.0581294
2.28 -1.68 0.04941
2.28 -1.56 0.0406906
2.28 -1.44 0.239954
2.28 -1.32 0.174512
2.28 -1.2 0.10907
2.28 -1.08 0.043628
2.28 -0.96 -0.021814
2.28 -0.84 -0.0872559
2.28 -0.72 -0.152698
2.28 -0.6 -0.21814
2.28 -0.48 -0.283582
2.28 -0.36 -0.349024
2.28 -0.24 -0.414466
2.28 -0.12 -0.479907
2.28 0 -0.545349
2.28 0.12 1.4663
2.28 0.24 1.6234
2.28 0.36 1.78051
2.28 0.48 1.93761
2.28 0.6 2.09471
2.28 0.72 2.25182
2.28 0.84 2.40892
2.28 0.96 2.56602
2.28 1.08 2.72313
2.28 1.2 2.88023
2.28 1.32 3.03733
2.28 1.44 3.19444
2.28 1.56 0.372683
2.28 1.68 0.390153
2.28 1.8 0.407622
2.28 1.92 0.425092
2.28 2.04 0.442561
2.28 2.16 0.460031
2.28 2.28 0.477501
2.28 2.4 0.49497
2.28 2.52 0.51244
2.28 2.64 0.529909
2.28 2.76 0.547379
2.28 2.88 0.564848

2.4 -3 0.15064
2.4 -2.88 0.141602
2.4 -2.76 0.132563
2.4 -2.64 0.123525
2.4 -2.52 0.114487
2.4 -2.4 0.105448
2.4 -2.28 0.0964098
2.4 -2.16 0.0873714
2.4 -2.04 0.078333
2.4 -1.92 0.0692945
2.4 -1.8 0.0602561
2.4 -1.68 0.0512177
2.4 -1.56 0.0421793
2.4 -1.44 0.248733
2.4 -1.32 0.180896
2.4 -1.2 0.11306
2.4 -1.08 0.0452241
2.4 -0.96 -0.022612
2.4 -0.84 -0.0904482
2.4 -0.72 -0.158284
2.4 -0.6 -0.22612
2.4 -0.48 -0.293957
2.4 -0.36 -0.361793
2.4 -0.24 -0.429629
2.4 -0.12 -0.497465
2.4 0 -0.565301
2.4 0.12 1.51994
2.4 0.24 1.6828
2.4 0.36 1.84565
2.4 0.48 2.0085
2.4 0.6 2.17135
2.4 0.72 2.3342
2.4 0.84 2.49705
2.4 0.96 2.6599
2.4 1.08 2.82275
2.4 1.2 2.98561
2.4 1.32 3.14846
2.4 1.44 3.31131
2.4 1.56 0.386318
2.4 1.68 0.404427
2.4 1.8 0.422535
2.4 1.92 0.440644
2.4 2.04 0.458753
2.4 2.16 0.476861
2.4 2.28 0.49497
2.4 2.4 0.513079
2.4 2.52 0.531187
2.4 2.64 0.549296
2.4 2.76 0.567405
2.4 2.88 0.585513

2.52 -3 0.155957
2.52 -2.88 0.1466
2.52 -2.76 0.137242
2.52 -2.64 0.127885
2.52 -2.52 0.118527
2.52 -2.4 0.10917
2.52 -2.28 0.0998125
2.52 -2.16 0.0904551
2.52 -2.04 0.0810977
2.52 -1.92 0.0717402
2.52 -1.8 0.0623828
2.52 -1.68 0.0530254
2.52 -1.56 0.043668
2.52 -1.44 0.257511
2.52 -1.32 0.187281
2.52 -1.2 0.117051
2.52 -1.08 0.0468202
2.52 -0.96 -0.0234101
2.52 -0.84 -0.0936405
2.52 -0.72 -0.163871
2.52 -0.6 -0.234101
2.52 -0.48 -0.304332
2.52 -0.36 -0.374562
2.52 -0.24 -0.444792
2.52 -0.12 -0.515023
2.52 0 -0.585253
2.52 0.12 1.57359
2.52 0.24 1.74219
2.52 0.36 1.91079
2.52 0.48 2.07939
2.52 0.6 2.24799
2.52 0.72 2.41658
2.52 0.84 2.58518
2.52 0.96 2.75378
2.52 1.08 2.92238
2.52 1.2 3.09098
2.52 1.32 3.25958
2.52 1.44 3.42818
2.52 1.56 0.399953
2.52 1.68 0.418701
2.52 1.8 0.437448
2.52 1.92 0.456196
2.52 2.04 0.474944
2.52 2.16 0.493692
2.52 2.28 0.51244
2.52 2.4 0.531187
2.52 2.52 0.549935
2.52 2.64 0.568683
2.52 2.76 0.587431
2.52 2.88 0.606179

2.64 -3 0.161274
2.64 -2.88 0.151597
2.64 -2.76 0.141921
2.64 -2.64 0.132244
2.64 -2.52 0.122568
2.64 -2.4 0.112892
2.64 -2.28 0.103215
2.64 -2.16 0.0935388
2.64 -2.04 0.0838623
2.64 -1.92 0.0741859
2.64 -1.8 0.0645095
2.64 -1.68 0.0548331
2.64 -1.56 0.0451566
2.64 -1.44 0.26629
2.64 -1.32 0.193666
2.64 -1.2 0.121041
2.64 -1.08 0.0484164
2.64 -0.96 -0.0242082
2.64 -0.84 -0.0968328
2.64 -0.72 -0.169457
2.64 -0.6 -0.242082
2.64 -0.48 -0.314707
2.64 -0.36 -0.387331
2.64 -0.24 -0.459956
2.64 -0.12 -0.53258
2.64 0 -0.605205
2.64 0.12 1.62723
2.64 0.24 1.80158
2.64 0.36 1.97593
2.64 0.48 2.15027
2.64 0.6 2.32462
2.64 0.72 2.49897
2.64 0.84 2.67331
2.64 0.96 2.84766
2.64 1.08 3.02201
2.64 1.2 3.19635
2.64 1.32 3.3707
2.64 1.44 3.54505
2.64 1.56 0.413588
2.64 1.68 0.432975
2.64 1.8 0.452361
2.64 1.92 0.471748
2.64 2.04 0.491135
2.64 2.16 0.510522
2.64 2.28 0.529909
2.64 2.4 0.549296
2.64 2.52 0.568683
2.64 2.64 0.58807
2.64 2.76 0.607457
2.64 2.88 0.626844

2.76 -3 0.16659
2.76 -2.88 0.156595
2.76 -2.76 0.1466
2.76 -2.64 0.136604
2.76 -2.52 0.126609
2.76 -2.4 0.116613
2.76 -2.28 0.106618
2.76 -2.16 0.0966225
2.76 -2.04 0.086627
2.76 -1.92 0.0766316
2.76 -1.8 0.0666362
2.76 -1.68 0.0566408
2.76 -1.56 0.0466453
2.76 -1.44 0.275069
2.76 -1.32 0.20005
2.76 -1.2 0.125031
2.76 -1.08 0.0500125
2.76 -0.96 -0.0250063
2.76 -0.84 -0.100025
2.76 -0.72 -0.175044
2.76 -0.6 -0.250063
2.76 -0.48 -0.325081
2.76 -0.36 -0.4001
2.76 -0.24 -0.475119
2.76 -0.12 -0.550138
2.76 0 -0.625157
2.76 0.12 1.68088
2.76 0.24 1.86097
2.76 0.36 2.04107
2.76 0.48 2.22116
2.76 0.6 2.40126
2.76 0.72 2.58135
2.76 0.84 2.76145
2.76 0.96 2.94154
2.76 1.08 3.12163
2.76 1.2 3.30173
2.76 1.32 3.48182
2.76 1.44 3.66192
2.76 1.56 0.427222
2.76 1.68 0.447248
2.76 1.8 0.467274
2.76 1.92 0.487301
2.76 2.04 0.507327
2.76 2.16 0.527353
2.76 2.28 0.547379
2.76 2.4 0.567405
2.76 2.52 0.587431
2.76 2.64 0.607457
2.76 2.76 0.627483
2.76 2.88 0.647509

2.88 -3 0.171907
2.88 -2.88 0.161593
2.88 -2.76 0.151278
2.88 -2.64 0.140964
2.88 -2.52 0.130649
2.88 -2.4 0.120335
2.88 -2.28 0.110021
2.88 -2.16 0.0997062
2.88 -2.04 0.0893917
2.88 -1.92 0.0790773
2.88 -1.8 0.0687629
2.88 -1.68 0.0584484
2.88 -1.56 0.048134
2.88 -1.44 0.283848
2.88 -1.32 0.206435
2.88 -1.2 0.129022
2.88 -1.08 0.0516087
2.88 -0.96 -0.0258043
2.88 -0.84 -0.103217
2.88 -0.72 -0.18063
2.88 -0.6 -0.258043
2.88 -0.48 -0.335456
2.88 -0.36 -0.412869
2.88 -0.24 -0.490282
2.88 -0.12 -0.567695
2.88 0 -0.645108
2.88 0.12 1.73452
2.88 0.24 1.92037
2.88 0.36 2.10621
2.88 0.48 2.29205
2.88 0.6 2.47789
2.88 0.72 2.66373
2.88 0.84 2.84958
2.88 0.96 3.03542
2.88 1.08 3.22126
2.88 1.2 3.4071
2.88 1.32 3.59294
2.88 1.44 3.77879
2.88 1.56 0.440857
2.88 1.68 0.461522
2.88 1.8 0.482187
2.88 1.92 0.502853
2.88 2.04 0.523518
2.88 2.16 0.544183
2.88 2.28 0.564848
2.88 2.4 0.585513
2.88 2.52 0.606179
2.88 2.64 0.626844
2.88 2.76 0.647509
2.88 2.88 0.668174

