-3 -3 1.523e-08
-3 -2.88 3.08416e-08
-3 -2.76 6.06831e-08
-3 -2.64 1.16009e-07
-3 -2.52 2.1548e-07
-3 -2.4 3.88878e-07
-3 -2.28 6.81888e-07
-3 -2.16 1.16173e-06
-3 -2.04 1.92305e-06
-3 -1.92 3.0929e-06
-3 -1.8 4.83321e-06
-3 -1.68 7.33832e-06
-3 -1.56 1.08256e-05
-3 -1.44 1.55166e-05
-3 -1.32 2.1609e-05
-3 -1.2 2.92392e-05
-3 -1.08 3.84405e-05
-3 -0.96 4.91025e-05
-3 -0.84 6.09413e-05
-3 -0.72 7.34871e-05
-3 -0.6 8.61001e-05
-3 -0.48 9.8014e-05
-3 -0.36 0.000108409
-3 -0.24 0.000116502
-3 -0.12 0.000121645
-3 0 0.00012341
-3 0.12 0.000121645
-3 0.24 0.000116502
-3 0.36 0.000108409
-3 0.48 9.8014e-05
-3 0.6 8.61001e-05
-3 0.72 7.34871e-05
-3 0.84 6.09413e-05
-3 0.96 4.91025e-05
-3 1.08 3.84405e-05
-3 1.2 2.92392e-05
-3 1.32 2.1609e-05
-3 1.44 1.55166e-05
-3 1.56 1.08256e-05
-3 1.68 7.33832e-06
-3 1.8 4.83321e-06
-3 1.92 3.0929e-06
-3 2.04 1.92305e-06
-3 2.16 1.16173e-06
-3 2.28 6.81888e-07
-3 2.4 3.88878e-07
-3 2.52 2.1548e-07
-3 2.64 1.16009e-07
-3 2.76 6.06831e-08
-3 2.88 3.08416e-08

-2.88 -3 3.08416e-08
-2.88 -2.88 6.24562e-08
-2.88 -2.76 1.22887e-07
-2.88 -2.64 2.34925e-07
-2.88 -2.52 4.36359e-07
-2.88 -2.4 7.87502e-07
-2.88 -2.28 1.38087e-06
-2.88 -2.16 2.35258e-06
-2.88 -2.04 3.89429e-06
-2.88 -1.92 6.26332e-06
-2.88 -1.8 9.78754e-06
-2.88 -1.68 1.48606e-05
-2.88 -1.56 2.19224e-05
-2.88 -1.44 3.14221e-05
-2.88 -1.32 4.37596e-05
-2.88 -1.2 5.92112e-05
-2.88 -1.08 7.78443e-05
-2.88 -0.96 9.94356e-05
-2.88 -0.84 0.00012341
-2.88 -0.72 0.000148816
-2.88 -0.6 0.000174358
-2.88 -0.48 0.000198484
-2.88 -0.36 0.000219535
-2.88 -0.24 0.000235924
-2.88 -0.12 0.000246339
-2.88 0 0.000249912
-2.88 0.12 0.000246339
-2.88 0.24 0.000235924
-2.88 0.36 0.000219535
-2.88 0.48 0.000198484
-2.88 0.6 0.000174358
-2.88 0.72 0.000148816
-2.88 0.84 0.00012341
-2.88 0.96 9.94356e-05
-2.88 1.08 7.78443e-05
-2.88 1.2 5.92112e-05
-2.88 1.32 4.37596e-05
-2.88 1.44 3.14221e-05
-2.88 1.56 2.19224e-05
-2.88 1.68 1.48606e-05
-2.88 1.8 9.78754e-06
-2.88 1.92 6.26332e-06
-2.88 2.04 3.89429e-06
-2.88 2.16 2.35258e-06
-2.88 2.28 1.38087e-06
-2.88 2.4 7.87502e-07
-2.88 2.52 4.36359e-07
-2.88 2.64 2.34925e-07
-2.88 2.76 1.22887e-07
-2.88 2.88 6.24562e-08

-2.76 -3 6.06831e-08
-2.76 -2.88 1.22887e-07
-2.76 -2.76 2.41789e-07
-2.76 -2.64 4.62231e-07
-2.76 -2.52 8.58568e-07
-2.76 -2.4 1.54947e-06
-2.76 -2.28 2.71695e-06
-2.76 -2.16 4.62886e-06
-2.76 -2.04 7.66229e-06
-2.76 -1.92 1.23235e-05
-2.76 -1.8 1.92577e-05
-2.76 -1.68 2.92392e-05
-2.76 -1.56 4.3134e-05
-2.76 -1.44 6.18252e-05
-2.76 -1.32 8.61001e-05
-2.76 -1.2 0.000116502
-2.76 -1.08 0.000153164
-2.76 -0.96 0.000195647
-2.76 -0.84 0.000242818
-2.76 -0.72 0.000292806
-2.76 -0.6 0.000343062
-2.76 -0.48 0.000390532
-2.76 -0.36 0.00043195
-2.76 -0.24 0.000464198
-2.76 -0.12 0.000484691
-2.76 0 0.000491721
-2.76 0.12 0.000484691
-2.76 0.24 0.000464198
-2.76 0.36 0.00043195
-2.76 0.48 0.000390532
-2.76 0.6 0.000343062
-2.76 0.72 0.000292806
-2.76 0.84 0.000242818
-2.76 0.96 0.000195647
-2.76 1.08 0.000153164
-2.76 1.2 0.000116502
-2.76 1.32 8.61001e-05
-2.76 1.44 6.18252e-05
-2.76 1.56 4.3134e-05
-2.76 1.68 2.92392e-05
-2.76 1.8 1.92577e-05
-2.76 1.92 1.23235e-05
-2.76 2.04 7.66229e-06
-2.76 2.16 4.62886e-06
-2.76 2.28 2.71695e-06
-2.76 2.4 1.54947e-06
-2.76 2.52 8.58568e-07
-2.76 2.64 4.62231e-07
-2.76 2.76 2.41789e-07
-2.76 2.88 1.22887e-07

-2.64 -3 1.16009e-07
-2.64 -2.88 2.34925e-07
-2.64 -2.76 4.62231e-07
-2.64 -2.64 8.83654e-07
-2.64 -2.52 1.64134e-06
-2.64 -2.4 2.96214e-06
-2.64 -2.28 5.19403e-06
-2.64 -2.16 8.84905e-06
-2.64 -2.04 1.46481e-05
-2.64 -1.92 2.35591e-05
-2.64 -1.8 3.68152e-05
-2.64 -1.68 5.5897e-05
-2.64 -1.56 8.24598e-05
-2.64 -1.44 0.000118192
-2.64 -1.32 0.000164599
-2.64 -1.2 0.000222719
-2.64 -1.08 0.000292806
-2.64 -0.96 0.00037402
-2.64 -0.84 0.000464198
-2.64 -0.72 0.000559761
-2.64 -0.6 0.000655836
-2.64 -0.48 0.000746586
-2.64 -0.36 0.000825765
-2.64 -0.24 0.000887413
-2.64 -0.12 0.000926589
-2.64 0 0.000940029
-2.64 0.12 0.000926589
-2.64 0.24 0.000887413
-2.64 0.36 0.000825765
-2.64 0.48 0.000746586
-2.64 0.6 0.000655836
-2.64 0.72 0.000559761
-2.64 0.84 0.000464198
-2.64 0.96 0.00037402
-2.64 1.08 0.000292806
-2.64 1.2 0.000222719
-2.64 1.32 0.000164599
-2.64 1.44 0.000118192
-2.64 1.56 8.24598e-05
-2.64 1.68 5.5897e-05
-2.64 1.8 3.68152e-05
-2.64 1.92 2.35591e-05
-2.64 2.04 1.46481e-05
-2.64 2.16 8.84905e-06
-2.64 2.28 5.19403e-06
-2.64 2.4 2.96214e-06
-2.64 2.52 1.64134e-06
-2.64 2.64 8.83654e-07
-2.64 2.76 4.62231e-07
-2.64 2.88 2.34925e-07

-2.52 -3 2.1548e-07
-2.52 -2.88 4.36359e-07
-2.52 -2.76 8.58568e-07
-2.52 -2.64 1.64134e-06
-2.52 -2.52 3.04869e-06
-2.52 -2.4 5.50199e-06
-2.52 -2.28 9.64761e-06
-2.52 -2.16 1.64366e-05
-2.52 -2.04 2.7208e-05
-2.52 -1.92 4.37596e-05
-2.52 -1.8 6.83821e-05
-2.52 -1.68 0.000103825
-2.52 -1.56 0.000153164
-2.52 -1.44 0.000219535
-2.52 -1.32 0.000305733
-2.52 -1.2 0.000413687
-2.52 -1.08 0.00054387
-2.52 -0.96 0.000694721
-2.52 -0.84 0.00086222
-2.52 -0.72 0.00103972
-2.52 -0.6 0.00121818
-2.52 -0.48 0.00138674
-2.52 -0.36 0.00153381
-2.52 -0.24 0.00164832
-2.52 -0.12 0.00172109
-2.52 0 0.00174605
-2.52 0.12 0.00172109
-2.52 0.24 0.00164832
-2.52 0.36 0.00153381
-2.52 0.48 0.00138674
-2.52 0.6 0.00121818
-2.52 0.72 0.00103972
-2.52 0.84 0.00086222
-2.52 0.96 0.000694721
-2.52 1.08 0.00054387
-2.52 1.2 0.000413687
-2.52 1.32 0.000305733
-2.52 1.44 0.000219535
-2.52 1.56 0.000153164
-2.52 1.68 0.000103825
-2.52 1.8 6.83821e-05
-2.52 1.92 4.37596e-05
-2.52 2.04 2.7208e-05
-2.52 2.16 1.64366e-05
-2.52 2.28 9.64761e-06
-2.52 2.4 5.50199e-06
-2.52 2.52 3.04869e-06
-2.52 2.64 1.64134e-06
-2.52 2.76 8.58568e-07
-2.52 2.88 4.36359e-07

-2.4 -3 3.88878e-07
-2.4 -2.88 7.87502e-07
-2.4 -2.76 1.54947e-06
-2.4 -2.64 2.96214e-06
-2.4 -2.52 5.50199e-06
-2.4 -2.4 9.9295e-06
-2.4 -2.28 1.74111e-05
-2.4 -2.16 2.96633e-05
-2.4 -2.04 4.91025e-05
-2.4 -1.92 7.89734e-05
-2.4 -1.8 0.00012341
-2.4 -1.68 0.000187375
-2.4 -1.56 0.000276417
-2.4 -1.44 0.000396197
-2.4 -1.32 0.000551759
-2.4 -1.2 0.000746586
-2.4 -1.08 0.000981528
-2.4 -0.96 0.00125377
-2.4 -0.84 0.00155606
-2.4 -0.72 0.0018764
-2.4 -0.6 0.00219846
-2.4 -0.48 0.00250266
-2.4 -0.36 0.00276808
-2.4 -0.24 0.00297474
-2.4 -0.12 0.00310606
-2.4 0 0.00315111
-2.4 0.12 0.00310606
-2.4 0.24 0.00297474
-2.4 0.36 0.00276808
-2.4 0.48 0.00250266
-2.4 0.6 0.00219846
-2.4 0.72 0.0018764
-2.4 0.84 0.00155606
-2.4 0.96 0.00125377
-2.4 1.08 0.000981528
-2.4 1.2 0.000746586
-2.4 1.32 0.000551759
-2.4 1.44 0.000396197
-2.4 1.56 0.000276417
-2.4 1.68 0.000187375
-2.4 1.8 0.00012341
-2.4 1.92 7.89734e-05
-2.4 2.04 4.91025e-05
-2.4 2.16 2.96633e-05
-2.4 2.28 1.74111e-05
-2.4 2.4 9.9295e-06
-2.4 2.52 5.50199e-06
-2.4 2.64 2.96214e-06
-2.4 2.76 1.54947e-06
-2.4 2.88 7.87502e-07

-2.28 -3 6.81888e-07
-2.28 -2.88 1.38087e-06
-2.28 -2.76 2.71695e-06
-2.28 -2.64 5.19403e-06
-2.28 -2.52 9.64761e-06
-2.28 -2.4 1.74111e-05
-2.28 -2.28 3.053e-05
-2.28 -2.16 5.20139e-05
-2.28 -2.04 8.61001e-05
-2.28 -1.92 0.000138478
-2.28 -1.8 0.000216396
-2.28 -1.68 0.000328557
-2.28 -1.56 0.000484691
-2.28 -1.44 0.000694721
-2.28 -1.32 0.000967495
-2.28 -1.2 0.00130912
-2.28 -1.08 0.00172109
-2.28 -0.96 0.00219846
-2.28 -0.84 0.00272851
-2.28 -0.72 0.00329022
-2.28 -0.6 0.00385494
-2.28 -0.48 0.00438836
-2.28 -0.36 0.00485377
-2.28 -0.24 0.00521613
-2.28 -0.12 0.0054464
-2.28 0 0.0055254
-2.28 0.12 0.0054464
-2.28 0.24 0.00521613
-2.28 0.36 0.00485377
-2.28 0.48 0.00438836
-2.28 0.6 0.00385494
-2.28 0.72 0.00329022
-2.28 0.84 0.00272851
-2.28 0.96 0.00219846
-2.28 1.08 0.00172109
-2.28 1.2 0.00130912
-2.28 1.32 0.000967495
-2.28 1.44 0.000694721
-2.28 1.56 0.000484691
-2.28 1.68 0.000328557
-2.28 1.8 0.000216396
-2.28 1.92 0.000138478
-2.28 2.04 8.61001e-05
-2.28 2.16 5.20139e-05
-2.28 2.28 3.053e-05
-2.28 2.4 1.74111e-05
-2.28 2.52 9.64761e-06
-2.28 2.64 5.19403e-06
-2.28 2.76 2.71695e-06
-2.28 2.88 1.38087e-06

-2.16 -3 1.16173e-06
-2.16 -2.88 2.35258e-06
-2.16 -2.76 4.62886e-06
-2.16 -2.64 8.84905e-06
-2.16 -2.52 1.64366e-05
-2.16 -2.4 2.96633e-05
-2.16 -2.28 5.20139e-05
-2.16 -2.16 8.86158e-05
-2.16 -2.04 0.000146688
-2.16 -1.92 0.000235924
-2.16 -1.8 0.000368673
-2.16 -1.68 0.000559761
-2.16 -1.56 0.000825765
-2.16 -1.44 0.00118359
-2.16 -1.32 0.00164832
-2.16 -1.2 0.00223034
-2.16 -1.08 0.00293221
-2.16 -0.96 0.0037455
-2.16 -0.84 0.00464855
-2.16 -0.72 0.00560554
-2.16 -0.6 0.00656764
-2.16 -0.48 0.00747643
-2.16 -0.36 0.00826934
-2.16 -0.24 0.0088867
-2.16 -0.12 0.00927901
-2.16 0 0.0094136
-2.16 0.12 0.00927901
-2.16 0.24 0.0088867
-2.16 0.36 0.00826934
-2.16 0.48 0.00747643
-2.16 0.6 0.00656764
-2.16 0.72 0.00560554
-2.16 0.84 0.00464855
-2.16 0.96 0.0037455
-2.16 1.08 0.00293221
-2.16 1.2 0.00223034
-2.16 1.32 0.00164832
-2.16 1.44 0.00118359
-2.16 1.56 0.000825765
-2.16 1.68 0.000559761
-2.16 1.8 0.000368673
-2.16 1.92 0.000235924
-2.16 2.04 0.000146688
-2.16 2.16 8.86158e-05
-2.16 2.28 5.20139e-05
-2.16 2.4 2.96633e-05
-2.16 2.52 1.64366e-05
-2.16 2.64 8.84905e-06
-2.16 2.76 4.62886e-06
-2.16 2.88 2.35258e-06

-2.04 -3 1.92305e-06
-2.04 -2.88 3.89429e-06
-2.04 -2.76 7.66229e-06
-2.04 -2.64 1.46481e-05
-2.04 -2.52 2.7208e-05
-2.04 -2.4 4.91025e-05
-2.04 -2.28 8.61001e-05
-2.04 -2.16 0.000146688
-2.04 -2.04 0.000242818
-2.04 -1.92 0.000390532
-2.04 -1.8 0.000610276
-2.04 -1.68 0.000926589
-2.04 -1.56 0.00136691
-2.04 -1.44 0.00195924
-2.04 -1.32 0.00272851
-2.04 -1.2 0.00369195
-2.04 -1.08 0.00485377
-2.04 -0.96 0.00620004
-2.04 -0.84 0.00769488
-2.04 -0.72 0.00927901
-2.04 -0.6 0.0108716
-2.04 -0.48 0.012376
-2.04 -0.36 0.0136885
-2.04 -0.24 0.0147104
-2.04 -0.12 0.0153598
-2.04 0 0.0155826
-2.04 0.12 0.0153598
-2.04 0.24 0.0147104
-2.04 0.36 0.0136885
-2.04 0.48 0.012376
-2.04 0.6 0.0108716
-2.04 0.72 0.00927901
-2.04 0.84 0.00769488
-2.04 0.96 0.00620004
-2.04 1.08 0.00485377
-2.04 1.2 0.00369195
-2.04 1.32 0.00272851
-2.04 1.44 0.00195924
-2.04 1.56 0.00136691
-2.04 1.68 0.000926589
-2.04 1.8 0.000610276
-2.04 1.92 0.000390532
-2.04 2.04 0.000242818
-2.04 2.16 0.000146688
-2.04 2.28 8.61001e-05
-2.04 2.4 4.91025e-05
-2.04 2.52 2.7208e-05
-2.04 2.64 1.46481e-05
-2.04 2.76 7.66229e-06
-2.04 2.88 3.89429e-06

-1.92 -3 3.0929e-06
-1.92 -2.88 6.26332e-06
-1.92 -2.76 1.23235e-05
-1.92 -2.64 2.35591e-05
-1.92 -2.52 4.37596e-05
-1.92 -2.4 7.89734e-05
-1.92 -2.28 0.000138478
-1.92 -2.16 0.000235924
-1.92 -2.04 0.000390532
-1.92 -1.92 0.000628107
-1.92 -1.8 0.000981528
-1.92 -1.68 0.00149027
-1.92 -1.56 0.00219846
-1.92 -1.44 0.00315111
-1.92 -1.32 0.00438836
-1.92 -1.2 0.0059379
-1.92 -1.08 0.00780649
-1.92 -0.96 0.00997174
-1.92 -0.84 0.012376
-1.92 -0.72 0.0149238
-1.92 -0.6 0.0174852
-1.92 -0.48 0.0199047
-1.92 -0.36 0.0220157
-1.92 -0.24 0.0236593
-1.92 -0.12 0.0247038
-1.92 0 0.0250621
-1.92 0.12 0.0247038
-1.92 0.24 0.0236593
-1.92 0.36 0.0220157
-1.92 0.48 0.0199047
-1.92 0.6 0.0174852
-1.92 0.72 0.0149238
-1.92 0.84 0.012376
-1.92 0.96 0.00997174
-1.92 1.08 0.00780649
-1.92 1.2 0.0059379
-1.92 1.32 0.00438836
-1.92 1.44 0.00315111
-1.92 1.56 0.00219846
-1.92 1.68 0.00149027
-1.92 1.8 0.000981528
-1.92 1.92 0.000628107
-1.92 2.04 0.000390532
-1.92 2.16 0.000235924
-1.92 2.28 0.000138478
-1.92 2.4 7.89734e-05
-1.92 2.52 4.37596e-05
-1.92 2.64 2.35591e-05
-1.92 2.76 1.23235e-05
-1.92 2.88 6.26332e-06

-1.8 -3 4.83321e-06
-1.8 -2.88 9.78754e-06
-1.8 -2.76 1.92577e-05
-1.8 -2.64 3.68152e-05
-1.8 -2.52 6.83821e-05
-1.8 -2.4 0.00012341
-1.8 -2.28 0.000216396
-1.8 -2.16 0.000368673
-1.8 -2.04 0.000610276
-1.8 -1.92 0.000981528
-1.8 -1.8 0.00153381
-1.8 -1.68 0.00232881
-1.8 -1.56 0.00343548
-1.8 -1.44 0.00492417
-1.8 -1.32 0.00685758
-1.8 -1.2 0.00927901
-1.8 -1.08 0.012199
-1.8 -0.96 0.0155826
-1.8 -0.84 0.0193396
-1.8 -0.72 0.023321
-1.8 -0.6 0.0273237
-1.8 -0.48 0.0311046
-1.8 -0.36 0.0344034
-1.8 -0.24 0.0369718
-1.8 -0.12 0.038604
-1.8 0 0.0391639
-1.8 0.12 0.038604
-1.8 0.24 0.0369718
-1.8 0.36 0.0344034
-1.8 0.48 0.0311046
-1.8 0.6 0.0273237
-1.8 0.72 0.023321
-1.8 0.84 0.0193396
-1.8 0.96 0.0155826
-1.8 1.08 0.012199
-1.8 1.2 0.00927901
-1.8 1.32 0.00685758
-1.8 1.44 0.00492417
-1.8 1.56 0.00343548
-1.8 1.68 0.00232881
-1.8 1.8 0.00153381
-1.8 1.92 0.000981528
-1.8 2.04 0.000610276
-1.8 2.16 0.000368673
-1.8 2.28 0.000216396
-1.8 2.4 0.00012341
-1.8 2.52 6.83821e-05
-1.8 2.64 3.68152e-05
-1.8 2.76 1.92577e-05
-1.8 2.88 9.78754e-06

-1.68 -3 7.33832e-06
-1.68 -2.88 1.48606e-05
-1.68 -2.76 2.92392e-05
-1.68 -2.64 5.5897e-05
-1.68 -2.52 0.000103825
-1.68 -2.4 0.000187375
-1.68 -2.28 0.000328557
-1.68 -2.16 0.000559761
-1.68 -2.04 0.000926589
-1.68 -1.92 0.00149027
-1.68 -1.8 0.00232881
-1.68 -1.68 0.00353586
-1.68 -1.56 0.00521613
-1.68 -1.44 0.00747643
-1.68 -1.32 0.010412
-1.68 -1.2 0.0140884
-1.68 -1.08 0.0185219
-1.68 -0.96 0.0236593
-1.68 -0.84 0.0293636
-1.68 -0.72 0.0354086
-1.68 -0.6 0.041486
-1.68 -0.48 0.0472265
-1.68 -0.36 0.0522351
-1.68 -0.24 0.0561348
-1.68 -0.12 0.0586129
-1.68 0 0.0594631
-1.68 0.12 0.0586129
-1.68 0.24 0.0561348
-1.68 0.36 0.0522351
-1.68 0.48 0.0472265
-1.68 0.6 0.041486
-1.68 0.72 0.0354086
-1.68 0.84 0.0293636
-1.68 0.96 0.0236593
-1.68 1.08 0.0185219
-1.68 1.2 0.0140884
-1.68 1.32 0.010412
-1.68 1.44 0.00747643
-1.68 1.56 0.00521613
-1.68 1.68 0.00353586
-1.68 1.8 0.00232881
-1.68 1.92 0.00149027
-1.68 2.04 0.000926589
-1.68 2.16 0.000559761
-1.68 2.28 0.000328557
-1.68 2.4 0.000187375
-1.68 2.52 0.000103825
-1.68 2.64 5.5897e-05
-1.68 2.76 2.92392e-05
-1.68 2.88 1.48606e-05

-1.56 -3 1.08256e-05
-1.56 -2.88 2.19224e-05
-1.56 -2.76 4.3134e-05
-1.56 -2.64 8.24598e-05
-1.56 -2.52 0.000153164
-1.56 -2.4 0.000276417
-1.56 -2.28 0.000484691
-1.56 -2.16 0.000825765
-1.56 -2.04 0.00136691
-1.56 -1.92 0.00219846
-1.56 -1.8 0.00343548
-1.56 -1.68 0.00521613
-1.56 -1.56 0.00769488
-1.56 -1.44 0.0110293
-1.56 -1.32 0.0153598
-1.56 -1.2 0.0207834
-1.56 -1.08 0.0273237
-1.56 -0.96 0.0349024
-1.56 -0.84 0.0433174
-1.56 -0.72 0.0522351
-1.56 -0.6 0.0612005
-1.56 -0.48 0.069669
-1.56 -0.36 0.0770578
-1.56 -0.24 0.0828105
-1.56 -0.12 0.0864663
-1.56 0 0.0877205
-1.56 0.12 0.0864663
-1.56 0.24 0.0828105
-1.56 0.36 0.0770578
-1.56 0.48 0.069669
-1.56 0.6 0.0612005
-1.56 0.72 0.0522351
-1.56 0.84 0.0433174
-1.56 0.96 0.0349024
-1.56 1.08 0.0273237
-1.56 1.2 0.0207834
-1.56 1.32 0.0153598
-1.56 1.44 0.0110293
-1.56 1.56 0.00769488
-1.56 1.68 0.00521613
-1.56 1.8 0.00343548
-1.56 1.92 0.00219846
-1.56 2.04 0.00136691
-1.56 2.16 0.000825765
-1.56 2.28 0.000484691
-1.56 2.4 0.000276417
-1.56 2.52 0.000153164
-1.56 2.64 8.24598e-05
-1.56 2.76 4.3134e-05
-1.56 2.88 2.19224e-05

-1.44 -3 1.55166e-05
-1.44 -2.88 3.14221e-05
-1.44 -2.76 6.18252e-05
-1.44 -2.64 0.000118192
-1.44 -2.52 0.000219535
-1.44 -2.4 0.000396197
-1.44 -2.28 0.000694721
-1.44 -2.16 0.00118359
-1.44 -2.04 0.00195924
-1.44 -1.92 0.00315111
-1.44 -1.8 0.00492417
-1.44 -1.68 0.00747643
-1.44 -1.56 0.0110293
-1.44 -1.44 0.0158086
-1.44 -1.32 0.0220157
-1.44 -1.2 0.0297895
-1.44 -1.08 0.0391639
-1.44 -0.96 0.0500266
-1.44 -0.84 0.0620882
-1.44 -0.72 0.0748701
-1.44 -0.6 0.0877205
-1.44 -0.48 0.0998586
-1.44 -0.36 0.110449
-1.44 -0.24 0.118695
-1.44 -0.12 0.123935
-1.44 0 0.125732
-1.44 0.12 0.123935
-1.44 0.24 0.118695
-1.44 0.36 0.110449
-1.44 0.48 0.0998586
-1.44 0.6 0.0877205
-1.44 0.72 0.0748701
-1.44 0.84 0.0620882
-1.44 0.96 0.0500266
-1.44 1.08 0.0391639
-1.44 1.2 0.0297895
-1.44 1.32 0.0220157
-1.44 1.44 0.0158086
-1.44 1.56 0.0110293
-1.44 1.68 0.00747643
-1.44 1.8 0.00492417
-1.44 1.92 0.00315111
-1.44 2.04 0.00195924
-1.44 2.16 0.00118359
-1.44 2.28 0.000694721
-1.44 2.4 0.000396197
-1.44 2.52 0.000219535
-1.44 2.64 0.000118192
-1.44 2.76 6.18252e-05
-1.44 2.88 3.14221e-05

-1.32 -3 2.1609e-05
-1.32 -2.88 4.37596e-05
-1.32 -2.76 8.61001e-05
-1.32 -2.64 0.000164599
-1.32 -2.52 0.000305733
-1.32 -2.4 0.000551759
-1.32 -2.28 0.000967495
-1.32 -2.16 0.00164832
-1.32 -2.04 0.00272851
-1.32 -1.92 0.00438836
-1.32 -1.8 0.00685758
-1.32 -1.68 0.010412
-1.32 -1.56 0.0153598
-1.32 -1.44 0.0220157
-1.32 -1.32 0.0306599
-1.32 -1.2 0.041486
-1.32 -1.08 0.0545411
-1.32 -0.96 0.069669
-1.32 -0.84 0.0864663
-1.32 -0.72 0.104267
-1.32 -0.6 0.122163
-1.32 -0.48 0.139067
-1.32 -0.36 0.153816
-1.32 -0.24 0.165299
-1.32 -0.12 0.172596
-1.32 0 0.1751
-1.32 0.12 0.172596
-1.32 0.24 0.165299
-1.32 0.36 0.153816
-1.32 0.48 0.139067
-1.32 0.6 0.122163
-1.32 0.72 0.104267
-1.32 0.84 0.0864663
-1.32 0.96 0.069669
-1.32 1.08 0.0545411
-1.32 1.2 0.041486
-1.32 1.32 0.0306599
-1.32 1.44 0.0220157
-1.32 1.56 0.0153598
-1.32 1.68 0.010412
-1.32 1.8 0.00685758
-1.32 1.92 0.00438836
-1.32 2.04 0.00272851
-1.32 2.16 0.00164832
-1.32 2.28 0.000967495
-1.32 2.4 0.000551759
-1.32 2.52 0.000305733
-1.32 2.64 0.000164599
-1.32 2.76 8.61001e-05
-1.32 2.88 4.37596e-05

-1.2 -3 2.92392e-05
-1.2 -2.88 5.92112e-05
-1.2 -2.76 0.000116502
-1.2 -2.64 0.000222719
-1.2 -2.52 0.000413687
-1.2 -2.4 0.000746586
-1.2 -2.28 0.00130912
-1.2 -2.16 0.00223034
-1.2 -2.04 0.00369195
-1.2 -1.92 0.0059379
-1.2 -1.8 0.00927901
-1.2 -1.68 0.0140884
-1.2 -1.56 0.0207834
-1.2 -1.44 0.0297895
-1.2 -1.32 0.041486
-1.2 -1.2 0.0561348
-1.2 -1.08 0.0737997
-1.2 -0.96 0.0942693
-1.2 -0.84 0.116998
-1.2 -0.72 0.141084
-1.2 -0.6 0.165299
-1.2 -0.48 0.188172
-1.2 -0.36 0.208128
-1.2 -0.24 0.223666
-1.2 -0.12 0.23354
-1.2 0 0.236928
-1.2 0.12 0.23354
-1.2 0.24 0.223666
-1.2 0.36 0.208128
-1.2 0.48 0.188172
-1.2 0.6 0.165299
-1.2 0.72 0.141084
-1.2 0.84 0.116998
-1.2 0.96 0.0942693
-1.2 1.08 0.0737997
-1.2 1.2 0.0561348
-1.2 1.32 0.041486
-1.2 1.44 0.0297895
-1.2 1.56 0.0207834
-1.2 1.68 0.0140884
-1.2 1.8 0.00927901
-1.2 1.92 0.0059379
-1.2 2.04 0.00369195
-1.2 2.16 0.00223034
-1.2 2.28 0.00130912
-1.2 2.4 0.000746586
-1.2 2.52 0.000413687
-1.2 2.64 0.000222719
-1.2 2.76 0.000116502
-1.2 2.88 5.92112e-05

-1.08 -3 3.84405e-05
-1.08 -2.88 7.78443e-05
-1.08 -2.76 0.000153164
-1.08 -2.64 0.000292806
-1.08 -2.52 0.00054387
-1.08 -2.4 0.000981528
-1.08 -2.28 0.00172109
-1.08 -2.16 0.00293221
-1.08 -2.04 0.00485377
-1.08 -1.92 0.00780649
-1.08 -1.8 0.012199
-1.08 -1.68 0.0185219
-1.08 -1.56 0.0273237
-1.08 -1.44 0.0391639
-1.08 -1.32 0.0545411
-1.08 -1.2 0.0737997
-1.08 -1.08 0.0970237
-1.08 -0.96 0.123935
-1.08 -0.84 0.153816
-1.08 -0.72 0.185482
-1.08 -0.6 0.217317
-1.08 -0.48 0.247387
-1.08 -0.36 0.273624
-1.08 -0.24 0.294052
-1.08 -0.12 0.307033
-1.08 0 0.311486
-1.08 0.12 0.307033
-1.08 0.24 0.294052
-1.08 0.36 0.273624
-1.08 0.48 0.247387
-1.08 0.6 0.217317
-1.08 0.72 0.185482
-1.08 0.84 0.153816
-1.08 0.96 0.123935
-1.08 1.08 0.0970237
-1.08 1.2 0.0737997
-1.08 1.32 0.0545411
-1.08 1.44 0.0391639
-1.08 1.56 0.0273237
-1.08 1.68 0.0185219
-1.08 1.8 0.012199
-1.08 1.92 0.00780649
-1.08 2.04 0.00485377
-1.08 2.16 0.00293221
-1.08 2.28 0.00172109
-1.08 2.4 0.000981528
-1.08 2.52 0.00054387
-1.08 2.64 0.000292806
-1.08 2.76 0.000153164
-1.08 2.88 7.78443e-05

-0.96 -3 4.91025e-05
-0.96 -2.88 9.94356e-05
-0.96 -2.76 0.000195647
-0.96 -2.64 0.00037402
-0.96 -2.52 0.000694721
-0.96 -2.4 0.00125377
-0.96 -2.28 0.00219846
-0.96 -2.16 0.0037455
-0.96 -2.04 0.00620004
-0.96 -1.92 0.00997174
-0.96 -1.8 0.0155826
-0.96 -1.68 0.0236593
-0.96 -1.56 0.0349024
-0.96 -1.44 0.0500266
-0.96 -1.32 0.069669
-0.96 -1.2 0.0942693
-0.96 -1.08 0.123935
-0.96 -0.96 0.15831
-0.96 -0.84 0.196479
-0.96 -0.72 0.236928
-0.96 -0.6 0.277593
-0.96 -0.48 0.316004
-0.96 -0.36 0.349518
-0.96 -0.24 0.375611
-0.96 -0.12 0.392193
-0.96 0 0.397882
-0.96 0.12 0.392193
-0.96 0.24 0.375611
-0.96 0.36 0.349518
-0.96 0.48 0.316004
-0.96 0.6 0.277593
-0.96 0.72 0.236928
-0.96 0.84 0.196479
-0.96 0.96 0.15831
-0.96 1.08 0.123935
-0.96 1.2 0.0942693
-0.96 1.32 0.069669
-0.96 1.44 0.0500266
-0.96 1.56 0.0349024
-0.96 1.68 0.0236593
-0.96 1.8 0.0155826
-0.96 1.92 0.00997174
-0.96 2.04 0.00620004
-0.96 2.16 0.0037455
-0.96 2.28 0.00219846
-0.96 2.4 0.00125377
-0.96 2.52 0.000694721
-0.96 2.64 0.00037402
-0.96 2.76 0.000195647
-0.96 2.88 9.94356e-05

-0.84 -3 6.09413e-05
-0.84 -2.88 0.00012341
-0.84 -2.76 0.000242818
-0.84 -2.64 0.000464198
-0.84 -2.52 0.00086222
-0.84 -2.4 0.00155606
-0.84 -2.28 0.00272851
-0.84 -2.16 0.00464855
-0.84 -2.04 0.00769488
-0.84 -1.92 0.012376
-0.84 -1.8 0.0193396
-0.84 -1.68 0.0293636
-0.84 -1.56 0.0433174
-0.84 -1.44 0.0620882
-0.84 -1.32 0.0864663
-0.84 -1.2 0.116998
-0.84 -1.08 0.153816
-0.84 -0.96 0.196479
-0.84 -0.84 0.24385
-0.84 -0.72 0.294052
-0.84 -0.6 0.344521
-0.84 -0.48 0.392193
-0.84 -0.36 0.433788
-0.84 -0.24 0.466172
-0.84 -0.12 0.486752
-0.84 0 0.493812
-0.84 0.12 0.486752
-0.84 0.24 0.466172
-0.84 0.36 0.433788
-0.84 0.48 0.392193
-0.84 0.6 0.344521
-0.84 0.72 0.294052
-0.84 0.84 0.24385
-0.84 0.96 0.196479
-0.84 1.08 0.153816
-0.84 1.2 0.116998
-0.84 1.32 0.0864663
-0.84 1.44 0.0620882
-0.84 1.56 0.0433174
-0.84 1.68 0.0293636
-0.84 1.8 0.0193396
-0.84 1.92 0.012376
-0.84 2.04 0.00769488
-0.84 2.16 0.00464855
-0.84 2.28 0.00272851
-0.84 2.4 0.00155606
-0.84 2.52 0.00086222
-0.84 2.64 0.000464198
-0.84 2.76 0.000242818
-0.84 2.88 0.00012341

-0.72 -3 7.34871e-05
-0.72 -2.88 0.000148816
-0.72 -2.76 0.000292806
-0.72 -2.64 0.000559761
-0.72 -2.52 0.00103972
-0.72 -2.4 0.0018764
-0.72 -2.28 0.00329022
-0.72 -2.16 0.00560554
-0.72 -2.04 0.00927901
-0.72 -1.92 0.0149238
-0.72 -1.8 0.023321
-0.72 -1.68 0.0354086
-0.72 -1.56 0.0522351
-0.72 -1.44 0.0748701
-0.72 -1.32 0.104267
-0.72 -1.2 0.141084
-0.72 -1.08 0.185482
-0.72 -0.96 0.236928
-0.72 -0.84 0.294052
-0.72 -0.72 0.354588
-0.72 -0.6 0.415447
-0.72 -0.48 0.472934
-0.72 -0.36 0.523091
-0.72 -0.24 0.562142
-0.72 -0.12 0.586959
-0.72 0 0.595473
-0.72 0.12 0.586959
-0.72 0.24 0.562142
-0.72 0.36 0.523091
-0.72 0.48 0.472934
-0.72 0.6 0.415447
-0.72 0.72 0.354588
-0.72 0.84 0.294052
-0.72 0.96 0.236928
-0.72 1.08 0.185482
-0.72 1.2 0.141084
-0.72 1.32 0.104267
-0.72 1.44 0.0748701
-0.72 1.56 0.0522351
-0.72 1.68 0.0354086
-0.72 1.8 0.023321
-0.72 1.92 0.0149238
-0.72 2.04 0.00927901
-0.72 2.16 0.00560554
-0.72 2.28 0.00329022
-0.72 2.4 0.0018764
-0.72 2.52 0.00103972
-0.72 2.64 0.000559761
-0.72 2.76 0.000292806
-0.72 2.88 0.000148816

-0.6 -3 8.61001e-05
-0.6 -2.88 0.000174358
-0.6 -2.76 0.000343062
-0.6 -2.64 0.000655836
-0.6 -2.52 0.00121818
-0.6 -2.4 0.00219846
-0.6 -2.28 0.00385494
-0.6 -2.16 0.00656764
-0.6 -2.04 0.0108716
-0.6 -1.92 0.0174852
-0.6 -1.8 0.0273237
-0.6 -1.68 0.041486
-0.6 -1.56 0.0612005
-0.6 -1.44 0.0877205
-0.6 -1.32 0.122163
-0.6 -1.2 0.165299
-0.6 -1.08 0.217317
-0.6 -0.96 0.277593
-0.6 -0.84 0.344521
-0.6 -0.72 0.415447
-0.6 -0.6 0.486752
-0.6 -0.48 0.554106
-0.6 -0.36 0.612871
-0.6 -0.24 0.658626
-0.6 -0.12 0.687702
-0.6 0 0.697676
-0.6 0.12 0.687702
-0.6 0.24 0.658626
-0.6 0.36 0.612871
-0.6 0.48 0.554106
-0.6 0.6 0.486752
-0.6 0.72 0.415447
-0.6 0.84 0.344521
-0.6 0.96 0.277593
-0.6 1.08 0.217317
-0.6 1.2 0.165299
-0.6 1.32 0.122163
-0.6 1.44 0.0877205
-0.6 1.56 0.0612005
-0.6 1.68 0.041486
-0.6 1.8 0.0273237
-0.6 1.92 0.0174852
-0.6 2.04 0.0108716
-0.6 2.16 0.00656764
-0.6 2.28 0.00385494
-0.6 2.4 0.00219846
-0.6 2.52 0.00121818
-0.6 2.64 0.000655836
-0.6 2.76 0.000343062
-0.6 2.88 0.000174358

-0.48 -3 9.8014e-05
-0.48 -2.88 0.000198484
-0.48 -2.76 0.000390532
-0.48 -2.64 0.000746586
-0.48 -2.52 0.00138674
-0.48 -2.4 0.00250266
-0.48 -2.28 0.00438836
-0.48 -2.16 0.00747643
-0.48 -2.04 0.012376
-0.48 -1.92 0.0199047
-0.48 -1.8 0.0311046
-0.48 -1.68 0.0472265
-0.48 -1.56 0.069669
-0.48 -1.44 0.0998586
-0.48 -1.32 0.139067
-0.48 -1.2 0.188172
-0.48 -1.08 0.247387
-0.48 -0.96 0.316004
-0.48 -0.84 0.392193
-0.48 -0.72 0.472934
-0.48 -0.6 0.554106
-0.48 -0.48 0.630779
-0.48 -0.36 0.697676
-0.48 -0.24 0.749762
-0.48 -0.12 0.782861
-0.48 0 0.794216
-0.48 0.12 0.782861
-0.48 0.24 0.749762
-0.48 0.36 0.697676
-0.48 0.48 0.630779
-0.48 0.6 0.554106
-0.48 0.72 0.472934
-0.48 0.84 0.392193
-0.48 0.96 0.316004
-0.48 1.08 0.247387
-0.48 1.2 0.188172
-0.48 1.32 0.139067
-0.48 1.44 0.0998586
-0.48 1.56 0.069669
-0.48 1.68 0.0472265
-0.48 1.8 0.0311046
-0.48 1.92 0.0199047
-0.48 2.04 0.012376
-0.48 2.16 0.00747643
-0.48 2.28 0.00438836
-0.48 2.4 0.00250266
-0.48 2.52 0.00138674
-0.48 2.64 0.000746586
-0.48 2.76 0.000390532
-0.48 2.88 0.000198484

-0.36 -3 0.000108409
-0.36 -2.88 0.000219535
-0.36 -2.76 0.00043195
-0.36 -2.64 0.000825765
-0.36 -2.52 0.00153381
-0.36 -2.4 0.00276808
-0.36 -2.28 0.00485377
-0.36 -2.16 0.00826934
-0.36 -2.04 0.0136885
-0.36 -1.92 0.0220157
-0.36 -1.8 0.0344034
-0.36 -1.68 0.0522351
-0.36 -1.56 0.0770578
-0.36 -1.44 0.110449
-0.36 -1.32 0.153816
-0.36 -1.2 0.208128
-0.36 -1.08 0.273624
-0.36 -0.96 0.349518
-0.36 -0.84 0.433788
-0.36 -0.72 0.523091
-0.36 -0.6 0.612871
-0.36 -0.48 0.697676
-0.36 -0.36 0.771669
-0.36 -0.24 0.829278
-0.36 -0.12 0.865888
-0.36 0 0.878447
-0.36 0.12 0.865888
-0.36 0.24 0.829278
-0.36 0.36 0.771669
-0.36 0.48 0.697676
-0.36 0.6 0.612871
-0.36 0.72 0.523091
-0.36 0.84 0.433788
-0.36 0.96 0.349518
-0.36 1.08 0.273624
-0.36 1.2 0.208128
-0.36 1.32 0.153816
-0.36 1.44 0.110449
-0.36 1.56 0.0770578
-0.36 1.68 0.0522351
-0.36 1.8 0.0344034
-0.36 1.92 0.0220157
-0.36 2.04 0.0136885
-0.36 2.16 0.00826934
-0.36 2.28 0.00485377
-0.36 2.4 0.00276808
-0.36 2.52 0.00153381
-0.36 2.64 0.000825765
-0.36 2.76 0.00043195
-0.36 2.88 0.000219535

-0.24 -3 0.000116502
-0.24 -2.88 0.000235924
-0.24 -2.76 0.000464198
-0.24 -2.64 0.000887413
-0.24 -2.52 0.00164832
-0.24 -2.4 0.00297474
-0.24 -2.28 0.00521613
-0.24 -2.16 0.0088867
-0.24 -2.04 0.0147104
-0.24 -1.92 0.0236593
-0.24 -1.8 0.0369718
-0.24 -1.68 0.0561348
-0.24 -1.56 0.0828105
-0.24 -1.44 0.118695
-0.24 -1.32 0.165299
-0.24 -1.2 0.223666
-0.24 -1.08 0.294052
-0.24 -0.96 0.375611
-0.24 -0.84 0.466172
-0.24 -0.72 0.562142
-0.24 -0.6 0.658626
-0.24 -0.48 0.749762
-0.24 -0.36 0.829278
-0.24 -0.24 0.891188
-0.24 -0.12 0.930531
-0.24 0 0.944027
-0.24 0.12 0.930531
-0.24 0.24 0.891188
-0.24 0.36 0.829278
-0.24 0.48 0.749762
-0.24 0.6 0.658626
-0.24 0.72 0.562142
-0.24 0.84 0.466172
-0.24 0.96 0.375611
-0.24 1.08 0.294052
-0.24 1.2 0.223666
-0.24 1.32 0.165299
-0.24 1.44 0.118695
-0.24 1.56 0.0828105
-0.24 1.68 0.0561348
-0.24 1.8 0.0369718
-0.24 1.92 0.0236593
-0.24 2.04 0.0147104
-0.24 2.16 0.0088867
-0.24 2.28 0.00521613
-0.24 2.4 0.00297474
-0.24 2.52 0.00164832
-0.24 2.64 0.000887413
-0.24 2.76 0.000464198
-0.24 2.88 0.000235924

-0.12 -3 0.000121645
-0.12 -2.88 0.000246339
-0.12 -2.76 0.000484691
-0.12 -2.64 0.000926589
-0.12 -2.52 0.00172109
-0.12 -2.4 0.00310606
-0.12 -2.28 0.0054464
-0.12 -2.16 0.00927901
-0.12 -2.04 0.0153598
-0.12 -1.92 0.0247038
-0.12 -1.8 0.038604
-0.12 -1.68 0.0586129
-0.12 -1.56 0.0864663
-0.12 -1.44 0.123935
-0.12 -1.32 0.172596
-0.12 -1.2 0.23354
-0.12 -1.08 0.307033
-0.12 -0.96 0.392193
-0.12 -0.84 0.486752
-0.12 -0.72 0.586959
-0.12 -0.6 0.687702
-0.12 -0.48 0.782861
-0.12 -0.36 0.865888
-0.12 -0.24 0.930531
-0.12 -0.12 0.971611
-0.12 0 0.985703
-0.12 0.12 0.971611
-0.12 0.24 0.930531
-0.12 0.36 0.865888
-0.12 0.48 0.782861
-0.12 0.6 0.687702
-0.12 0.72 0.586959
-0.12 0.84 0.486752
-0.12 0.96 0.392193
-0.12 1.08 0.307033
-0.12 1.2 0.23354
-0.12 1.32 0.172596
-0.12 1.44 0.123935
-0.12 1.56 0.0864663
-0.12 1.68 0.0586129
-0.12 1.8 0.038604
-0.12 1.92 0.0247038
-0.12 2.04 0.0153598
-0.12 2.16 0.00927901
-0.12 2.28 0.0054464
-0.12 2.4 0.00310606
-0.12 2.52 0.00172109
-0.12 2.64 0.000926589
-0.12 2.76 0.000484691
-0.12 2.88 0.000246339

0 -3 0.00012341
0 -2.88 0.000249912
0 -2.76 0.000491721
0 -2.64 0.000940029
0 -2.52 0.00174605
0 -2.4 0.00315111
0 -2.28 0.0055254
0 -2.16 0.0094136
0 -2.04 0.0155826
0 -1.92 0.0250621
0 -1.8 0.0391639
0 -1.68 0.0594631
0 -1.56 0.0877205
0 -1.44 0.125732
0 -1.32 0.1751
0 -1.2 0.236928
0 -1.08 0.311486
0 -0.96 0.397882
0 -0.84 0.493812
0 -0.72 0.595473
0 -0.6 0.697676
0 -0.48 0.794216
0 -0.36 0.878447
0 -0.24 0.944027
0 -0.12 0.985703
0 0 1
0 0.12 0.985703
0 0.24 0.944027
0 0.36 0.878447
0 0.48 0.794216
0 0.6 0.697676
0 0.72 0.595473
0 0.84 0.493812
0 0.96 0.397882
0 1.08 0.311486
0 1.2 0.236928
0 1.32 0.1751
0 1.44 0.125732
0 1.56 0.0877205
0 1.68 0.0594631
0 1.8 0.0391639
0 1.92 0.0250621
0 2.04 0.0155826
0 2.16 0.0094136
0 2.28 0.0055254
0 2.4 0.00315111
0 2.52 0.00174605
0 2.64 0.000940029
0 2.76 0.000491721
0 2.88 0.000249912

0.12 -3 0.000121645
0.12 -2.88 0.000246339
0.12 -2.76 0.000484691
0.12 -2.64 0.000926589
0.12 -2.52 0.00172109
0.12 -2.4 0.00310606
0.12 -2.28 0.0054464
0.12 -2.16 0.00927901
0.12 -2.04 0.0153598
0.12 -1.92 0.0247038
0.12 -1.8 0.038604
0.12 -1.68 0.0586129
0.12 -1.56 0.0864663
0.12 -1.44 0.123935
0.12 -1.32 0.172596
0.12 -1.2 0.23354
0.12 -1.08 0.307033
0.12 -0.96 0.392193
0.12 -0.84 0.486752
0.12 -0.72 0.586959
0.12 -0.6 0.687702
0.12 -0.48 0.782861
0.12 -0.36 0.865888
0.12 -0.24 0.930531
0.12 -0.12 0.971611
0.12 0 0.985703
0.12 0.12 0.971611
0.12 0.24 0.930531
0.12 0.36 0.865888
0.12 0.48 0.782861
0.12 0.6 0.687702
0.12 0.72 0.586959
0.12 0.84 0.486752
0.12 0.96 0.392193
0.12 1.08 0.307033
0.12 1.2 0.23354
0.12 1.32 0.172596
0.12 1.44 0.123935
0.12 1.56 0.0864663
0.12 1.68 0.0586129
0.12 1.8 0.038604
0.12 1.92 0.0247038
0.12 2.04 0.0153598
0.12 2.16 0.00927901
0.12 2.28 0.0054464
0.12 2.4 0.00310606
0.12 2.52 0.00172109
0.12 2.64 0.000926589
0.12 2.76 0.000484691
0.12 2.88 0.000246339

0.24 -3 0.000116502
0.24 -2.88 0.000235924
0.24 -2.76 0.000464198
0.24 -2.64 0.000887413
0.24 -2.52 0.00164832
0.24 -2.4 0.00297474
0.24 -2.28 0.00521613
0.24 -2.16 0.0088867
0.24 -2.04 0.0147104
0.24 -1.92 0.0236593
0.24 -1.8 0.0369718
0.24 -1.68 0.0561348
0.24 -1.56 0.0828105
0.24 -1.44 0.118695
0.24 -1.32 0.165299
0.24 -1.2 0.223666
0.24 -1.08 0.294052
0.24 -0.96 0.375611
0.24 -0.84 0.466172
0.24 -0.72 0.562142
0.24 -0.6 0.658626
0.24 -0.48 0.749762
0.24 -0.36 0.829278
0.24 -0.24 0.891188
0.24 -0.12 0.930531
0.24 0 0.944027
0.24 0.12 0.930531
0.24 0.24 0.891188
0.24 0.36 0.829278
0.24 0.48 0.749762
0.24 0.6 0.658626
0.24 0.72 0.562142
0.24 0.84 0.466172
0.24 0.96 0.375611
0.24 1.08 0.294052
0.24 1.2 0.223666
0.24 1.32 0.165299
0.24 1.44 0.118695
0.24 1.56 0.0828105
0.24 1.68 0.0561348
0.24 1.8 0.0369718
0.24 1.92 0.0236593
0.24 2.04 0.0147104
0.24 2.16 0.0088867
0.24 2.28 0.00521613
0.24 2.4 0.00297474
0.24 2.52 0.00164832
0.24 2.64 0.000887413
0.24 2.76 0.000464198
0.24 2.88 0.000235924

0.36 -3 0.000108409
0.36 -2.88 0.000219535
0.36 -2.76 0.00043195
0.36 -2.64 0.000825765
0.36 -2.52 0.00153381
0.36 -2.4 0.00276808
0.36 -2.28 0.00485377
0.36 -2.16 0.00826934
0.36 -2.04 0.0136885
0.36 -1.92 0.0220157
0.36 -1.8 0.0344034
0.36 -1.68 0.0522351
0.36 -1.56 0.0770578
0.36 -1.44 0.110449
0.36 -1.32 0.153816
0.36 -1.2 0.208128
0.36 -1.08 0.273624
0.36 -0.96 0.349518
0.36 -0.84 0.433788
0.36 -0.72 0.523091
0.36 -0.6 0.612871
0.36 -0.48 0.697676
0.36 -0.36 0.771669
0.36 -0.24 0.829278
0.36 -0.12 0.865888
0.36 0 0.878447
0.36 0.12 0.865888
0.36 0.24 0.829278
0.36 0.36 0.771669
0.36 0.48 0.697676
0.36 0.6 0.612871
0.36 0.72 0.523091
0.36 0.84 0.433788
0.36 0.96 0.349518
0.36 1.08 0.273624
0.36 1.2 0.208128
0.36 1.32 0.153816
0.36 1.44 0.110449
0.36 1.56 0.0770578
0.36 1.68 0.0522351
0.36 1.8 0.0344034
0.36 1.92 0.0220157
0.36 2.04 0.0136885
0.36 2.16 0.00826934
0.36 2.28 0.00485377
0.36 2.4 0.00276808
0.36 2.52 0.00153381
0.36 2.64 0.000825765
0.36 2.76 0.00043195
0.36 2.88 0.000219535

0.48 -3 9.8014e-05
0.48 -2.88 0.000198484
0.48 -2.76 0.000390532
0.48 -2.64 0.000746586
0.48 -2.52 0.00138674
0.48 -2.4 0.00250266
0.48 -2.28 0.00438836
0.48 -2.16 0.00747643
0.48 -2.04 0.012376
0.48 -1.92 0.0199047
0.48 -1.8 0.0311046
0.48 -1.68 0.0472265
0.48 -1.56 0.069669
0.48 -1.44 0.0998586
0.48 -1.32 0.139067
0.48 -1.2 0.188172
0.48 -1.08 0.247387
0.48 -0.96 0.316004
0.48 -0.84 0.392193
0.48 -0.72 0.472934
0.48 -0.6 0.554106
0.48 -0.48 0.630779
0.48 -0.36 0.697676
0.48 -0.24 0.749762
0.48 -0.12 0.782861
0.48 0 0.794216
0.48 0.12 0.782861
0.48 0.24 0.749762
0.48 0.36 0.697676
0.48 0.48 0.630779
0.48 0.6 0.554106
0.48 0.72 0.472934
0.48 0.84 0.392193
0.48 0.96 0.316004
0.48 1.08 0.247387
0.48 1.2 0.188172
0.48 1.32 0.139067
0.48 1.44 0.0998586
0.48 1.56 0.069669
0.48 1.68 0.0472265
0.48 1.8 0.0311046
0.48 1.92 0.0199047
0.48 2.04 0.012376
0.48 2.16 0.00747643
0.48 2.28 0.00438836
0.48 2.4 0.00250266
0.48 2.52 0.00138674
0.48 2.64 0.000746586
0.48 2.76 0.000390532
0.48 2.88 0.000198484

0.6 -3 8.61001e-05
0.6 -2.88 0.000174358
0.6 -2.76 0.000343062
0.6 -2.64 0.000655836
0.6 -2.52 0.00121818
0.6 -2.4 0.00219846
0.6 -2.28 0.00385494
0.6 -2.16 0.00656764
0.6 -2.04 0.0108716
0.6 -1.92 0.0174852
0.6 -1.8 0.0273237
0.6 -1.68 0.041486
0.6 -1.56 0.0612005
0.6 -1.44 0.0877205
0.6 -1.32 0.122163
0.6 -1.2 0.165299
0.6 -1.08 0.217317
0.6 -0.96 0.277593
0.6 -0.84 0.344521
0.6 -0.72 0.415447
0.6 -0.6 0.486752
0.6 -0.48 0.554106
0.6 -0.36 0.612871
0.6 -0.24 0.658626
0.6 -0.12 0.687702
0.6 0 0.697676
0.6 0.12 0.687702
0.6 0.24 0.658626
0.6 0.36 0.612871
0.6 0.48 0.554106
0.6 0.6 0.486752
0.6 0.72 0.415447
0.6 0.84 0.344521
0.6 0.96 0.277593
0.6 1.08 0.217317
0.6 1.2 0.165299
0.6 1.32 0.122163
0.6 1.44 0.0877205
0.6 1.56 0.0612005
0.6 1.68 0.041486
0.6 1.8 0.0273237
0.6 1.92 0.0174852
0.6 2.04 0.0108716
0.6 2.16 0.00656764
0.6 2.28 0.00385494
0.6 2.4 0.00219846
0.6 2.52 0.00121818
0.6 2.64 0.000655836
0.6 2.76 0.000343062
0.6 2.88 0.000174358

0.72 -3 7.34871e-05
0.72 -2.88 0.000148816
0.72 -2.76 0.000292806
0.72 -2.64 0.000559761
0.72 -2.52 0.00103972
0.72 -2.4 0.0018764
0.72 -2.28 0.00329022
0.72 -2.16 0.00560554
0.72 -2.04 0.00927901
0.72 -1.92 0.0149238
0.72 -1.8 0.023321
0.72 -1.68 0.0354086
0.72 -1.56 0.0522351
0.72 -1.44 0.0748701
0.72 -1.32 0.104267
0.72 -1.2 0.141084
0.72 -1.08 0.185482
0.72 -0.96 0.236928
0.72 -0.84 0.294052
0.72 -0.72 0.354588
0.72 -0.6 0.415447
0.72 -0.48 0.472934
0.72 -0.36 0.523091
0.72 -0.24 0.562142
0.72 -0.12 0.586959
0.72 0 0.595473
0.72 0.12 0.586959
0.72 0.24 0.562142
0.72 0.36 0.523091
0.72 0.48 0.472934
0.72 0.6 0.415447
0.72 0.72 0.354588
0.72 0.84 0.294052
0.72 0.96 0.236928
0.72 1.08 0.185482
0.72 1.2 0.141084
0.72 1.32 0.104267
0.72 1.44 0.0748701
0.72 1.56 0.0522351
0.72 1.68 0.0354086
0.72 1.8 0.023321
0.72 1.92 0.0149238
0.72 2.04 0.00927901
0.72 2.16 0.00560554
0.72 2.28 0.00329022
0.72 2.4 0.0018764
0.72 2.52 0.00103972
0.72 2.64 0.000559761
0.72 2.76 0.000292806
0.72 2.88 0.000148816

0.84 -3 6.09413e-05
0.84 -2.88 0.00012341
0.84 -2.76 0.000242818
0.84 -2.64 0.000464198
0.84 -2.52 0.00086222
0.84 -2.4 0.00155606
0.84 -2.28 0.00272851
0.84 -2.16 0.00464855
0.84 -2.04 0.00769488
0.84 -1.92 0.012376
0.84 -1.8 0.0193396
0.84 -1.68 0.0293636
0.84 -1.56 0.0433174
0.84 -1.44 0.0620882
0.84 -1.32 0.0864663
0.84 -1.2 0.116998
0.84 -1.08 0.153816
0.84 -0.96 0.196479
0.84 -0.84 0.24385
0.84 -0.72 0.294052
0.84 -0.6 0.344521
0.84 -0.48 0.392193
0.84 -0.36 0.433788
0.84 -0.24 0.466172
0.84 -0.12 0.486752
0.84 0 0.493812
0.84 0.12 0.486752
0.84 0.24 0.466172
0.84 0.36 0.433788
0.84 0.48 0.392193
0.84 0.6 0.344521
0.84 0.72 0.294052
0.84 0.84 0.24385
0.84 0.96 0.196479
0.84 1.08 0.153816
0.84 1.2 0.116998
0.84 1.32 0.0864663
0.84 1.44 0.0620882
0.84 1.56 0.0433174
0.84 1.68 0.0293636
0.84 1.8 0.0193396
0.84 1.92 0.012376
0.84 2.04 0.00769488
0.84 2.16 0.00464855
0.84 2.28 0.00272851
0.84 2.4 0.00155606
0.84 2.52 0.00086222
0.84 2.64 0.000464198
0.84 2.76 0.000242818
0.84 2.88 0.00012341

0.96 -3 4.91025e-05
0.96 -2.88 9.94356e-05
0.96 -2.76 0.000195647
0.96 -2.64 0.00037402
0.96 -2.52 0.000694721
0.96 -2.4 0.00125377
0.96 -2.28 0.00219846
0.96 -2.16 0.0037455
0.96 -2.04 0.00620004
0.96 -1.92 0.00997174
0.96 -1.8 0.0155826
0.96 -1.68 0.0236593
0.96 -1.56 0.0349024
0.96 -1.44 0.0500266
0.96 -1.32 0.069669
0.96 -1.2 0.0942693
0.96 -1.08 0.123935
0.96 -0.96 0.15831
0.96 -0.84 0.196479
0.96 -0.72 0.236928
0.96 -0.6 0.277593
0.96 -0.48 0.316004
0.96 -0.36 0.349518
0.96 -0.24 0.375611
0.96 -0.12 0.392193
0.96 0 0.397882
0.96 0.12 0.392193
0.96 0.24 0.375611
0.96 0.36 0.349518
0.96 0.48 0.316004
0.96 0.6 0.277593
0.96 0.72 0.236928
0.96 0.84 0.196479
0.96 0.96 0.15831
0.96 1.08 0.123935
0.96 1.2 0.0942693
0.96 1.32 0.069669
0.96 1.44 0.0500266
0.96 1.56 0.0349024
0.96 1.68 0.0236593
0.96 1.8 0.0155826
0.96 1.92 0.00997174
0.96 2.04 0.00620004
0.96 2.16 0.0037455
0.96 2.28 0.00219846
0.96 2.4 0.00125377
0.96 2.52 0.000694721
0.96 2.64 0.00037402
0.96 2.76 0.000195647
0.96 2.88 9.94356e-05

1.08 -3 3.84405e-05
1.08 -2.88 7.78443e-05
1.08 -2.76 0.000153164
1.08 -2.64 0.000292806
1.08 -2.52 0.00054387
1.08 -2.4 0.000981528
1.08 -2.28 0.00172109
1.08 -2.16 0.00293221
1.08 -2.04 0.00485377
1.08 -1.92 0.00780649
1.08 -1.8 0.012199
1.08 -1.68 0.0185219
1.08 -1.56 0.0273237
1.08 -1.44 0.0391639
1.08 -1.32 0.0545411
1.08 -1.2 0.0737997
1.08 -1.08 0.0970237
1.08 -0.96 0.123935
1.08 -0.84 0.153816
1.08 -0.72 0.185482
1.08 -0.6 0.217317
1.08 -0.48 0.247387
1.08 -0.36 0.273624
1.08 -0.24 0.294052
1.08 -0.12 0.307033
1.08 0 0.311486
1.08 0.12 0.307033
1.08 0.24 0.294052
1.08 0.36 0.273624
1.08 0.48 0.247387
1.08 0.6 0.217317
1.08 0.72 0.185482
1.08 0.84 0.153816
1.08 0.96 0.123935
1.08 1.08 0.0970237
1.08 1.2 0.0737997
1.08 1.32 0.0545411
1.08 1.44 0.0391639
1.08 1.56 0.0273237
1.08 1.68 0.0185219
1.08 1.8 0.012199
1.08 1.92 0.00780649
1.08 2.04 0.00485377
1.08 2.16 0.00293221
1.08 2.28 0.00172109
1.08 2.4 0.000981528
1.08 2.52 0.00054387
1.08 2.64 0.000292806
1.08 2.76 0.000153164
1.08 2.88 7.78443e-05

1.2 -3 2.92392e-05
1.2 -2.88 5.92112e-05
1.2 -2.76 0.000116502
1.2 -2.64 0.000222719
1.2 -2.52 0.000413687
1.2 -2.4 0.000746586
1.2 -2.28 0.00130912
1.2 -2.16 0.00223034
1.2 -2.04 0.00369195
1.2 -1.92 0.0059379
1.2 -1.8 0.00927901
1.2 -1.68 0.0140884
1.2 -1.56 0.0207834
1.2 -1.44 0.0297895
1.2 -1.32 0.041486
1.2 -1.2 0.0561348
1.2 -1.08 0.0737997
1.2 -0.96 0.0942693
1.2 -0.84 0.116998
1.2 -0.72 0.141084
1.2 -0.6 0.165299
1.2 -0.48 0.188172
1.2 -0.36 0.208128
1.2 -0.24 0.223666
1.2 -0.12 0.23354
1.2 0 0.236928
1.2 0.12 0.23354
1.2 0.24 0.223666
1.2 0.36 0.208128
1.2 0.48 0.188172
1.2 0.6 0.165299
1.2 0.72 0.141084
1.2 0.84 0.116998
1.2 0.96 0.0942693
1.2 1.08 0.0737997
1.2 1.2 0.0561348
1.2 1.32 0.041486
1.2 1.44 0.0297895
1.2 1.56 0.0207834
1.2 1.68 0.0140884
1.2 1.8 0.00927901
1.2 1.92 0.0059379
1.2 2.04 0.00369195
1.2 2.16 0.00223034
1.2 2.28 0.00130912
1.2 2.4 0.000746586
1.2 2.52 0.000413687
1.2 2.64 0.000222719
1.2 2.76 0.000116502
1.2 2.88 5.92112e-05

1.32 -3 2.1609e-05
1.32 -2.88 4.37596e-05
1.32 -2.76 8.61001e-05
1.32 -2.64 0.000164599
1.32 -2.52 0.000305733
1.32 -2.4 0.000551759
1.32 -2.28 0.000967495
1.32 -2.16 0.00164832
1.32 -2.04 0.00272851
1.32 -1.92 0.00438836
1.32 -1.8 0.00685758
1.32 -1.68 0.010412
1.32 -1.56 0.0153598
1.32 -1.44 0.0220157
1.32 -1.32 0.0306599
1.32 -1.2 0.041486
1.32 -1.08 0.0545411
1.32 -0.96 0.069669
1.32 -0.84 0.0864663
1.32 -0.72 0.104267
1.32 -0.6 0.122163
1.32 -0.48 0.139067
1.32 -0.36 0.153816
1.32 -0.24 0.165299
1.32 -0.12 0.172596
1.32 0 0.1751
1.32 0.12 0.172596
1.32 0.24 0.165299
1.32 0.36 0.153816
1.32 0.48 0.139067
1.32 0.6 0.122163
1.32 0.72 0.104267
1.32 0.84 0.0864663
1.32 0.96 0.069669
1.32 1.08 0.0545411
1.32 1.2 0.041486
1.32 1.32 0.0306599
1.32 1.44 0.0220157
1.32 1.56 0.0153598
1.32 1.68 0.010412
1.32 1.8 0.00685758
1.32 1.92 0.00438836
1.32 2.04 0.00272851
1.32 2.16 0.00164832
1.32 2.28 0.000967495
1.32 2.4 0.000551759
1.32 2.52 0.000305733
1.32 2.64 0.000164599
1.32 2.76 8.61001e-05
1.32 2.88 4.37596e-05

1.44 -3 1.55166e-05
1.44 -2.88 3.14221e-05
1.44 -2.76 6.18252e-05
1.44 -2.64 0.000118192
1.44 -2.52 0.000219535
1.44 -2.4 0.000396197
1.44 -2.28 0.000694721
1.44 -2.16 0.00118359
1.44 -2.04 0.00195924
1.44 -1.92 0.00315111
1.44 -1.8 0.00492417
1.44 -1.68 0.00747643
1.44 -1.56 0.0110293
1.44 -1.44 0.0158086
1.44 -1.32 0.0220157
1.44 -1.2 0.0297895
1.44 -1.08 0.0391639
1.44 -0.96 0.0500266
1.44 -0.84 0.0620882
1.44 -0.72 0.0748701
1.44 -0.6 0.0877205
1.44 -0.48 0.0998586
1.44 -0.36 0.110449
1.44 -0.24 0.118695
1.44 -0.12 0.123935
1.44 0 0.125732
1.44 0.12 0.123935
1.44 0.24 0.118695
1.44 0.36 0.110449
1.44 0.48 0.0998586
1.44 0.6 0.0877205
1.44 0.72 0.0748701
1.44 0.84 0.0620882
1.44 0.96 0.0500266
1.44 1.08 0.0391639
1.44 1.2 0.0297895
1.44 1.32 0.0220157
1.44 1.44 0.0158086
1.44 1.56 0.0110293
1.44 1.68 0.00747643
1.44 1.8 0.00492417
1.44 1.92 0.00315111
1.44 2.04 0.00195924
1.44 2.16 0.00118359
1.44 2.28 0.000694721
1.44 2.4 0.000396197
1.44 2.52 0.000219535
1.44 2.64 0.000118192
1.44 2.76 6.18252e-05
1.44 2.88 3.14221e-05

1.56 -3 1.08256e-05
1.56 -2.88 2.19224e-05
1.56 -2.76 4.3134e-05
1.56 -2.64 8.24598e-05
1.56 -2.52 0.000153164
1.56 -2.4 0.000276417
1.56 -2.28 0.000484691
1.56 -2.16 0.000825765
1.56 -2.04 0.00136691
1.56 -1.92 0.00219846
1.56 -1.8 0.00343548
1.56 -1.68 0.00521613
1.56 -1.56 0.00769488
1.56 -1.44 0.0110293
1.56 -1.32 0.0153598
1.56 -1.2 0.0207834
1.56 -1.08 0.0273237
1.56 -0.96 0.0349024
1.56 -0.84 0.0433174
1.56 -0.72 0.0522351
1.56 -0.6 0.0612005
1.56 -0.48 0.069669
1.56 -0.36 0.0770578
1.56 -0.24 0.0828105
1.56 -0.12 0.0864663
1.56 0 0.0877205
1.56 0.12 0.0864663
1.56 0.24 0.0828105
1.56 0.36 0.0770578
1.56 0.48 0.069669
1.56 0.6 0.0612005
1.56 0.72 0.0522351
1.56 0.84 0.0433174
1.56 0.96 0.0349024
1.56 1.08 0.0273237
1.56 1.2 0.0207834
1.56 1.32 0.0153598
1.56 1.44 0.0110293
1.56 1.56 0.00769488
1.56 1.68 0.00521613
1.56 1.8 0.00343548
1.56 1.92 0.00219846
1.56 2.04 0.00136691
1.56 2.16 0.000825765
1.56 2.28 0.000484691
1.56 2.4 0.000276417
1.56 2.52 0.000153164
1.56 2.64 8.24598e-05
1.56 2.76 4.3134e-05
1.56 2.88 2.19224e-05

1.68 -3 7.33832e-06
1.68 -2.88 1.48606e-05
1.68 -2.76 2.92392e-05
1.68 -2.64 5.5897e-05
1.68 -2.52 0.000103825
1.68 -2.4 0.000187375
1.68 -2.28 0.000328557
1.68 -2.16 0.000559761
1.68 -2.04 0.000926589
1.68 -1.92 0.00149027
1.68 -1.8 0.00232881
1.68 -1.68 0.00353586
1.68 -1.56 0.00521613
1.68 -1.44 0.00747643
1.68 -1.32 0.010412
1.68 -1.2 0.0140884
1.68 -1.08 0.0185219
1.68 -0.96 0.0236593
1.68 -0.84 0.0293636
1.68 -0.72 0.0354086
1.68 -0.6 0.041486
1.68 -0.48 0.0472265
1.68 -0.36 0.0522351
1.68 -0.24 0.0561348
1.68 -0.12 0.0586129
1.68 0 0.0594631
1.68 0.12 0.0586129
1.68 0.24 0.0561348
1.68 0.36 0.0522351
1.68 0.48 0.0472265
1.68 0.6 0.041486
1.68 0.72 0.0354086
1.68 0.84 0.0293636
1.68 0.96 0.0236593
1.68 1.08 0.0185219
1.68 1.2 0.0140884
1.68 1.32 0.010412
1.68 1.44 0.00747643
1.68 1.56 0.00521613
1.68 1.68 0.00353586
1.68 1.8 0.00232881
1.68 1.92 0.00149027
1.68 2.04 0.000926589
1.68 2.16 0.000559761
1.68 2.28 0.000328557
1.68 2.4 0.000187375
1.68 2.52 0.000103825
1.68 2.64 5.5897e-05
1.68 2.76 2.92392e-05
1.68 2.88 1.48606e-05

1.8 -3 4.83321e-06
1.8 -2.88 9.78754e-06
1.8 -2.76 1.92577e-05
1.8 -2.64 3.68152e-05
1.8 -2.52 6.83821e-05
1.8 -2.4 0.00012341
1.8 -2.28 0.000216396
1.8 -2.16 0.000368673
1.8 -2.04 0.000610276
1.8 -1.92 0.000981528
1.8 -1.8 0.00153381
1.8 -1.68 0.00232881
1.8 -1.56 0.00343548
1.8 -1.44 0.00492417
1.8 -1.32 0.00685758
1.8 -1.2 0.00927901
1.8 -1.08 0.012199
1.8 -0.96 0.0155826
1.8 -0.84 0.0193396
1.8 -0.72 0.023321
1.8 -0.6 0.0273237
1.8 -0.48 0.0311046
1.8 -0.36 0.0344034
1.8 -0.24 0.0369718
1.8 -0.12 0.038604
1.8 0 0.0391639
1.8 0.12 0.038604
1.8 0.24 0.0369718
1.8 0.36 0.0344034
1.8 0.48 0.0311046
1.8 0.6 0.0273237
1.8 0.72 0.023321
1.8 0.84 0.0193396
1.8 0.96 0.0155826
1.8 1.08 0.012199
1.8 1.2 0.00927901
1.8 1.32 0.00685758
1.8 1.44 0.00492417
1.8 1.56 0.00343548
1.8 1.68 0.00232881
1.8 1.8 0.00153381
1.8 1.92 0.000981528
1.8 2.04 0.000610276
1.8 2.16 0.000368673
1.8 2.28 0.000216396
1.8 2.4 0.00012341
1.8 2.52 6.83821e-05
1.8 2.64 3.68152e-05
1.8 2.76 1.92577e-05
1.8 2.88 9.78754e-06

1.92 -3 3.0929e-06
1.92 -2.88 6.26332e-06
1.92 -2.76 1.23235e-05
1.92 -2.64 2.35591e-05
1.92 -2.52 4.37596e-05
1.92 -2.4 7.89734e-05
1.92 -2.28 0.000138478
1.92 -2.16 0.000235924
1.92 -2.04 0.000390532
1.92 -1.92 0.000628107
1.92 -1.8 0.000981528
1.92 -1.68 0.00149027
1.92 -1.56 0.00219846
1.92 -1.44 0.00315111
1.92 -1.32 0.00438836
1.92 -1.2 0.0059379
1.92 -1.08 0.00780649
1.92 -0.96 0.00997174
1.92 -0.84 0.012376
1.92 -0.72 0.0149238
1.92 -0.6 0.0174852
1.92 -0.48 0.0199047
1.92 -0.36 0.0220157
1.92 -0.24 0.0236593
1.92 -0.12 0.0247038
1.92 0 0.0250621
1.92 0.12 0.0247038
1.92 0.24 0.0236593
1.92 0.36 0.0220157
1.92 0.48 0.0199047
1.92 0.6 0.0174852
1.92 0.72 0.0149238
1.92 0.84 0.012376
1.92 0.96 0.00997174
1.92 1.08 0.00780649
1.92 1.2 0.0059379
1.92 1.32 0.00438836
1.92 1.44 0.00315111
1.92 1.56 0.00219846
1.92 1.68 0.00149027
1.92 1.8 0.000981528
1.92 1.92 0.000628107
1.92 2.04 0.000390532
1.92 2.16 0.000235924
1.92 2.28 0.000138478
1.92 2.4 7.89734e-05
1.92 2.52 4.37596e-05
1.92 2.64 2.35591e-05
1.92 2.76 1.23235e-05
1.92 2.88 6.26332e-06

2.04 -3 1.92305e-06
2.04 -2.88 3.89429e-06
2.04 -2.76 7.66229e-06
2.04 -2.64 1.46481e-05
2.04 -2.52 2.7208e-05
2.04 -2.4 4.91025e-05
2.04 -2.28 8.61001e-05
2.04 -2.16 0.000146688
2.04 -2.04 0.000242818
2.04 -1.92 0.000390532
2.04 -1.8 0.000610276
2.04 -1.68 0.000926589
2.04 -1.56 0.00136691
2.04 -1.44 0.00195924
2.04 -1.32 0.00272851
2.04 -1.2 0.00369195
2.04 -1.08 0.00485377
2.04 -0.96 0.00620004
2.04 -0.84 0.00769488
2.04 -0.72 0.00927901
2.04 -0.6 0.0108716
2.04 -0.48 0.012376
2.04 -0.36 0.0136885
2.04 -0.24 0.0147104
2.04 -0.12 0.0153598
2.04 0 0.0155826
2.04 0.12 0.0153598
2.04 0.24 0.0147104
2.04 0.36 0.0136885
2.04 0.48 0.012376
2.04 0.6 0.0108716
2.04 0.72 0.00927901
2.04 0.84 0.00769488
2.04 0.96 0.00620004
2.04 1.08 0.00485377
2.04 1.2 0.00369195
2.04 1.32 0.00272851
2.04 1.44 0.00195924
2.04 1.56 0.00136691
2.04 1.68 0.000926589
2.04 1.8 0.000610276
2.04 1.92 0.000390532
2.04 2.04 0.000242818
2.04 2.16 0.000146688
2.04 2.28 8.61001e-05
2.04 2.4 4.91025e-05
2.04 2.52 2.7208e-05
2.04 2.64 1.46481e-05
2.04 2.76 7.66229e-06
2.04 2.88 3.89429e-06

2.16 -3 1.16173e-06
2.16 -2.88 2.35258e-06
2.16 -2.76 4.62886e-06
2.16 -2.64 8.84905e-06
2.16 -2.52 1.64366e-05
2.16 -2.4 2.96633e-05
2.16 -2.28 5.20139e-05
2.16 -2.16 8.86158e-05
2.16 -2.04 0.000146688
2.16 -1.92 0.000235924
2.16 -1.8 0.000368673
2.16 -1.68 0.000559761
2.16 -1.56 0.000825765
2.16 -1.44 0.00118359
2.16 -1.32 0.00164832
2.16 -1.2 0.00223034
2.16 -1.08 0.00293221
2.16 -0.96 0.0037455
2.16 -0.84 0.00464855
2.16 -0.72 0.00560554
2.16 -0.6 0.00656764
2.16 -0.48 0.00747643
2.16 -0.36 0.00826934
2.16 -0.24 0.0088867
2.16 -0.12 0.00927901
2.16 0 0.0094136
2.16 0.12 0.00927901
2.16 0.24 0.0088867
2.16 0.36 0.00826934
2.16 0.48 0.00747643
2.16 0.6 0.00656764
2.16 0.72 0.00560554
2.16 0.84 0.00464855
2.16 0.96 0.0037455
2.16 1.08 0.00293221
2.16 1.2 0.00223034
2.16 1.32 0.00164832
2.16 1.44 0.00118359
2.16 1.56 0.000825765
2.16 1.68 0.000559761
2.16 1.8 0.000368673
2.16 1.92 0.000235924
2.16 2.04 0.000146688
2.16 2.16 8.86158e-05
2.16 2.28 5.20139e-05
2.16 2.4 2.96633e-05
2.16 2.52 1.64366e-05
2.16 2.64 8.84905e-06
2.16 2.76 4.62886e-06
2.16 2.88 2.35258e-06

2.28 -3 6.81888e-07
2.28 -2.88 1.38087e-06
2.28 -2.76 2.71695e-06
2.28 -2.64 5.19403e-06
2.28 -2.52 9.64761e-06
2.28 -2.4 1.74111e-05
2.28 -2.28 3.053e-05
2.28 -2.16 5.20139e-05
2.28 -2.04 8.61001e-05
2.28 -1.92 0.000138478
2.28 -1.8 0.000216396
2.28 -1.68 0.000328557
2.28 -1.56 0.000484691
2.28 -1.44 0.000694721
2.28 -1.32 0.000967495
2.28 -1.2 0.00130912
2.28 -1.08 0.00172109
2.28 -0.96 0.00219846
2.28 -0.84 0.00272851
2.28 -0.72 0.00329022
2.28 -0.6 0.00385494
2.28 -0.48 0.00438836
2.28 -0.36 0.00485377
2.28 -0.24 0.00521613
2.28 -0.12 0.0054464
2.28 0 0.0055254
2.28 0.12 0.0054464
2.28 0.24 0.00521613
2.28 0.36 0.00485377
2.28 0.48 0.00438836
2.28 0.6 0.00385494
2.28 0.72 0.00329022
2.28 0.84 0.00272851
2.28 0.96 0.00219846
2.28 1.08 0.00172109
2.28 1.2 0.00130912
2.28 1.32 0.000967495
2.28 1.44 0.000694721
2.28 1.56 0.000484691
2.28 1.68 0.000328557
2.28 1.8 0.000216396
2.28 1.92 0.000138478
2.28 2.04 8.61001e-05
2.28 2.16 5.20139e-05
2.28 2.28 3.053e-05
2.28 2.4 1.74111e-05
2.28 2.52 9.64761e-06
2.28 2.64 5.19403e-06
2.28 2.76 2.71695e-06
2.28 2.88 1.38087e-06

2.4 -3 3.88878e-07
2.4 -2.88 7.87502e-07
2.4 -2.76 1.54947e-06
2.4 -2.64 2.96214e-06
2.4 -2.52 5.50199e-06
2.4 -2.4 9.9295e-06
2.4 -2.28 1.74111e-05
2.4 -2.16 2.96633e-05
2.4 -2.04 4.91025e-05
2.4 -1.92 7.89734e-05
2.4 -1.8 0.00012341
2.4 -1.68 0.000187375
2.4 -1.56 0.000276417
2.4 -1.44 0.000396197
2.4 -1.32 0.000551759
2.4 -1.2 0.000746586
2.4 -1.08 0.000981528
2.4 -0.96 0.00125377
2.4 -0.84 0.00155606
2.4 -0.72 0.0018764
2.4 -0.6 0.00219846
2.4 -0.48 0.00250266
2.4 -0.36 0.00276808
2.4 -0.24 0.00297474
2.4 -0.12 0.00310606
2.4 0 0.00315111
2.4 0.12 0.00310606
2.4 0.24 0.00297474
2.4 0.36 0.00276808
2.4 0.48 0.00250266
2.4 0.6 0.00219846
2.4 0.72 0.0018764
2.4 0.84 0.00155606
2.4 0.96 0.00125377
2.4 1.08 0.000981528
2.4 1.2 0.000746586
2.4 1.32 0.000551759
2.4 1.44 0.000396197
2.4 1.56 0.000276417
2.4 1.68 0.000187375
2.4 1.8 0.00012341
2.4 1.92 7.89734e-05
2.4 2.04 4.91025e-05
2.4 2.16 2.96633e-05
2.4 2.28 1.74111e-05
2.4 2.4 9.9295e-06
2.4 2.52 5.50199e-06
2.4 2.64 2.96214e-06
2.4 2.76 1.54947e-06
2.4 2.88 7.87502e-07

2.52 -3 2.1548e-07
2.52 -2.88 4.36359e-07
2.52 -2.76 8.58568e-07
2.52 -2.64 1.64134e-06
2.52 -2.52 3.04869e-06
2.52 -2.4 5.50199e-06
2.52 -2.28 9.64761e-06
2.52 -2.16 1.64366e-05
2.52 -2.04 2.7208e-05
2.52 -1.92 4.37596e-05
2.52 -1.8 6.83821e-05
2.52 -1.68 0.000103825
2.52 -1.56 0.000153164
2.52 -1.44 0.000219535
2.52 -1.32 0.000305733
2.52 -1.2 0.000413687
2.52 -1.08 0.00054387
2.52 -0.96 0.000694721
2.52 -0.84 0.00086222
2.52 -0.72 0.00103972
2.52 -0.6 0.00121818
2.52 -0.48 0.00138674
2.52 -0.36 0.00153381
2.52 -0.24 0.00164832
2.52 -0.12 0.00172109
2.52 0 0.00174605
2.52 0.12 0.00172109
2.52 0.24 0.00164832
2.52 0.36 0.00153381
2.52 0.48 0.00138674
2.52 0.6 0.00121818
2.52 0.72 0.00103972
2.52 0.84 0.00086222
2.52 0.96 0.000694721
2.52 1.08 0.00054387
2.52 1.2 0.000413687
2.52 1.32 0.000305733
2.52 1.44 0.000219535
2.52 1.56 0.000153164
2.52 1.68 0.000103825
2.52 1.8 6.83821e-05
2.52 1.92 4.37596e-05
2.52 2.04 2.7208e-05
2.52 2.16 1.64366e-05
2.52 2.28 9.64761e-06
2.52 2.4 5.50199e-06
2.52 2.52 3.04869e-06
2.52 2.64 1.64134e-06
2.52 2.76 8.58568e-07
2.52 2.88 4.36359e-07

2.64 -3 1.16009e-07
2.64 -2.88 2.34925e-07
2.64 -2.76 4.62231e-07
2.64 -2.64 8.83654e-07
2.64 -2.52 1.64134e-06
2.64 -2.4 2.96214e-06
2.64 -2.28 5.19403e-06
2.64 -2.16 8.84905e-06
2.64 -2.04 1.46481e-05
2.64 -1.92 2.35591e-05
2.64 -1.8 3.68152e-05
2.64 -1.68 5.5897e-05
2.64 -1.56 8.24598e-05
2.64 -1.44 0.000118192
2.64 -1.32 0.000164599
2.64 -1.2 0.000222719
2.64 -1.08 0.000292806
2.64 -0.96 0.00037402
2.64 -0.84 0.000464198
2.64 -0.72 0.000559761
2.64 -0.6 0.000655836
2.64 -0.48 0.000746586
2.64 -0.36 0.000825765
2.64 -0.24 0.000887413
2.64 -0.12 0.000926589
2.64 0 0.000940029
2.64 0.12 0.000926589
2.64 0.24 0.000887413
2.64 0.36 0.000825765
2.64 0.48 0.000746586
2.64 0.6 0.000655836
2.64 0.72 0.000559761
2.64 0.84 0.000464198
2.64 0.96 0.00037402
2.64 1.08 0.000292806
2.64 1.2 0.000222719
2.64 1.32 0.000164599
2.64 1.44 0.000118192
2.64 1.56 8.24598e-05
2.64 1.68 5.5897e-05
2.64 1.8 3.68152e-05
2.64 1.92 2.35591e-05
2.64 2.04 1.46481e-05
2.64 2.16 8.84905e-06
2.64 2.28 5.19403e-06
2.64 2.4 2.96214e-06
2.64 2.52 1.64134e-06
2.64 2.64 8.83654e-07
2.64 2.76 4.62231e-07
2.64 2.88 2.34925e-07

2.76 -3 6.06831e-08
2.76 -2.88 1.22887e-07
2.76 -2.76 2.41789e-07
2.76 -2.64 4.62231e-07
2.76 -2.52 8.58568e-07
2.76 -2.4 1.54947e-06
2.76 -2.28 2.71695e-06
2.76 -2.16 4.62886e-06
2.76 -2.04 7.66229e-06
2.76 -1.92 1.23235e-05
2.76 -1.8 1.92577e-05
2.76 -1.68 2.92392e-05
2.76 -1.56 4.3134e-05
2.76 -1.44 6.18252e-05
2.76 -1.32 8.61001e-05
2.76 -1.2 0.000116502
2.76 -1.08 0.000153164
2.76 -0.96 0.000195647
2.76 -0.84 0.000242818
2.76 -0.72 0.000292806
2.76 -0.6 0.000343062
2.76 -0.48 0.000390532
2.76 -0.36 0.00043195
2.76 -0.24 0.000464198
2.76 -0.12 0.000484691
2.76 0 0.000491721
2.76 0.12 0.000484691
2.76 0.24 0.000464198
2.76 0.36 0.00043195
2.76 0.48 0.000390532
2.76 0.6 0.000343062
2.76 0.72 0.000292806
2.76 0.84 0.000242818
2.76 0.96 0.000195647
2.76 1.08 0.000153164
2.76 1.2 0.000116502
2.76 1.32 8.61001e-05
2.76 1.44 6.18252e-05
2.76 1.56 4.3134e-05
2.76 1.68 2.92392e-05
2.76 1.8 1.92577e-05
2.76 1.92 1.23235e-05
2.76 2.04 7.66229e-06
2.76 2.16 4.62886e-06
2.76 2.28 2.71695e-06
2.76 2.4 1.54947e-06
2.76 2.52 8.58568e-07
2.76 2.64 4.62231e-07
2.76 2.76 2.41789e-07
2.76 2.88 1.22887e-07

2.88 -3 3.08416e-08
2.88 -2.88 6.24562e-08
2.88 -2.76 1.22887e-07
2.88 -2.64 2.34925e-07
2.88 -2.52 4.36359e-07
2.88 -2.4 7.87502e-07
2.88 -2.28 1.38087e-06
2.88 -2.16 2.35258e-06
2.88 -2.04 3.89429e-06
2.88 -1.92 6.26332e-06
2.88 -1.8 9.78754e-06
2.88 -1.68 1.48606e-05
2.88 -1.56 2.19224e-05
2.88 -1.44 3.14221e-05
2.88 -1.32 4.37596e-05
2.88 -1.2 5.92112e-05
2.88 -1.08 7.78443e-05
2.88 -0.96 9.94356e-05
2.88 -0.84 0.00012341
2.88 -0.72 0.000148816
2.88 -0.6 0.000174358
2.88 -0.48 0.000198484
2.88 -0.36 0.000219535
2.88 -0.24 0.000235924
2.88 -0.12 0.000246339
2.88 0 0.000249912
2.88 0.12 0.000246339
2.88 0.24 0.000235924
2.88 0.36 0.000219535
2.88 0.48 0.000198484
2.88 0.6 0.000174358
2.88 0.72 0.000148816
2.88 0.84 0.00012341
2.88 0.96 9.94356e-05
2.88 1.08 7.78443e-05
2.88 1.2 5.92112e-05
2.88 1.32 4.37596e-05
2.88 1.44 3.14221e-05
2.88 1.56 2.19224e-05
2.88 1.68 1.48606e-05
2.88 1.8 9.78754e-06
2.88 1.92 6.26332e-06
2.88 2.04 3.89429e-06
2.88 2.16 2.35258e-06
2.88 2.28 1.38087e-06
2.88 2.4 7.87502e-07
2.88 2.52 4.36359e-07
2.88 2.64 2.34925e-07
2.88 2.76 1.22887e-07
2.88 2.88 6.24562e-08

