-0.633702 -1.81469 493.855
-0.633702 -1.70056 444.566
-0.633702 -1.58642 397.883
-0.633702 -1.47228 353.805
-0.633702 -1.35815 312.333
-0.633702 -1.24401 273.466
-0.633702 -1.12988 237.205
-0.633702 -1.01574 203.549
-0.633702 -0.901607 172.498
-0.633702 -0.787471 144.053
-0.633702 -0.673335 118.213
-0.633702 -0.5592 94.9785
-0.633702 -0.445064 74.3494
-0.633702 -0.330928 56.3257
-0.633702 -0.216793 40.9073
-0.633702 -0.102657 28.0944
-0.633702 0.0114785 17.8868
-0.633702 0.125614 10.2846
-0.633702 0.23975 5.28784
-0.633702 0.353885 2.89645
-0.633702 0.468021 3.11044
-0.633702 0.582157 5.92982
-0.633702 0.696292 11.3546
-0.633702 0.810428 19.3848
-0.633702 0.924564 30.0203
-0.633702 1.0387 43.2612
-0.633702 1.15283 59.1076
-0.633702 1.26697 77.5593
-0.633702 1.38111 98.6164
-0.633702 1.49524 122.279

-0.571631 -1.81469 461.052
-0.571631 -1.70056 413.472
-0.571631 -1.58642 368.497
-0.571631 -1.47228 326.127
-0.571631 -1.35815 286.362
-0.571631 -1.24401 249.204
-0.571631 -1.12988 214.65
-0.571631 -1.01574 182.702
-0.571631 -0.901607 153.359
-0.571631 -0.787471 126.621
-0.571631 -0.673335 102.489
-0.571631 -0.5592 80.9628
-0.571631 -0.445064 62.0415
-0.571631 -0.330928 45.7256
-0.571631 -0.216793 32.0152
-0.571631 -0.102657 20.9101
-0.571631 0.0114785 12.4104
-0.571631 0.125614 6.51605
-0.571631 0.23975 3.22713
-0.571631 0.353885 2.54359
-0.571631 0.468021 4.46545
-0.571631 0.582157 8.99269
-0.571631 0.696292 16.1253
-0.571631 0.810428 25.8633
-0.571631 0.924564 38.2068
-0.571631 1.0387 53.1555
-0.571631 1.15283 70.7097
-0.571631 1.26697 90.8693
-0.571631 1.38111 113.634
-0.571631 1.49524 139.005

-0.509559 -1.81469 432.568
-0.509559 -1.70056 386.52
-0.509559 -1.58642 343.077
-0.509559 -1.47228 302.239
-0.509559 -1.35815 264.006
-0.509559 -1.24401 228.379
-0.509559 -1.12988 195.358
-0.509559 -1.01574 164.941
-0.509559 -0.901607 137.131
-0.509559 -0.787471 111.925
-0.509559 -0.673335 89.325
-0.509559 -0.5592 69.3303
-0.509559 -0.445064 51.941
-0.509559 -0.330928 37.1571
-0.509559 -0.216793 24.9786
-0.509559 -0.102657 15.4054
-0.509559 0.0114785 8.43769
-0.509559 0.125614 4.07534
-0.509559 0.23975 2.31837
-0.509559 0.353885 3.16679
-0.509559 0.468021 6.62061
-0.509559 0.582157 12.6798
-0.509559 0.696292 21.3444
-0.509559 0.810428 32.6144
-0.509559 0.924564 46.4897
-0.509559 1.0387 62.9705
-0.509559 1.15283 82.0566
-0.509559 1.26697 103.748
-0.509559 1.38111 128.045
-0.509559 1.49524 154.947

-0.447487 -1.81469 408.092
-0.447487 -1.70056 363.4
-0.447487 -1.58642 321.313
-0.447487 -1.47228 281.831
-0.447487 -1.35815 244.954
-0.447487 -1.24401 210.683
-0.447487 -1.12988 179.018
-0.447487 -1.01574 149.958
-0.447487 -0.901607 123.503
-0.447487 -0.787471 99.6535
-0.447487 -0.673335 78.4095
-0.447487 -0.5592 59.7708
-0.447487 -0.445064 43.7376
-0.447487 -0.330928 30.3097
-0.447487 -0.216793 19.4873
-0.447487 -0.102657 11.2702
-0.447487 0.0114785 5.65849
-0.447487 0.125614 2.65219
-0.447487 0.23975 2.25128
-0.447487 0.353885 4.45576
-0.447487 0.468021 9.26563
-0.447487 0.582157 16.6809
-0.447487 0.696292 26.7015
-0.447487 0.810428 39.3276
-0.447487 0.924564 54.559
-0.447487 1.0387 72.3958
-0.447487 1.15283 92.838
-0.447487 1.26697 115.886
-0.447487 1.38111 141.539
-0.447487 1.49524 169.797

-0.385416 -1.81469 387.349
-0.385416 -1.70056 343.837
-0.385416 -1.58642 302.93
-0.385416 -1.47228 264.628
-0.385416 -1.35815 228.932
-0.385416 -1.24401 195.841
-0.385416 -1.12988 165.356
-0.385416 -1.01574 137.476
-0.385416 -0.901607 112.201
-0.385416 -0.787471 89.532
-0.385416 -0.673335 69.4681
-0.385416 -0.5592 52.0096
-0.385416 -0.445064 37.1566
-0.385416 -0.330928 24.9089
-0.385416 -0.216793 15.2666
-0.385416 -0.102657 8.22963
-0.385416 0.0114785 3.7981
-0.385416 0.125614 1.97196
-0.385416 0.23975 2.75121
-0.385416 0.353885 6.13584
-0.385416 0.468021 12.1259
-0.385416 0.582157 20.7213
-0.385416 0.696292 31.9221
-0.385416 0.810428 45.7283
-0.385416 0.924564 62.1399
-0.385416 1.0387 81.1568
-0.385416 1.15283 102.779
-0.385416 1.26697 127.007
-0.385416 1.38111 153.84
-0.385416 1.49524 183.279

-0.323344 -1.81469 370.101
-0.323344 -1.70056 327.592
-0.323344 -1.58642 287.69
-0.323344 -1.47228 250.392
-0.323344 -1.35815 215.7
-0.323344 -1.24401 183.614
-0.323344 -1.12988 154.133
-0.323344 -1.01574 127.257
-0.323344 -0.901607 102.987
-0.323344 -0.787471 81.3216
-0.323344 -0.673335 62.262
-0.323344 -0.5592 45.8078
-0.323344 -0.445064 31.9589
-0.323344 -0.330928 20.7155
-0.323344 -0.216793 12.0774
-0.323344 -0.102657 6.04477
-0.323344 0.0114785 2.61749
-0.323344 0.125614 1.7956
-0.323344 0.23975 3.57911
-0.323344 0.353885 7.968
-0.323344 0.468021 14.9623
-0.323344 0.582157 24.5619
-0.323344 0.696292 36.767
-0.323344 0.810428 51.5775
-0.323344 0.924564 68.9933
-0.323344 1.0387 89.0145
-0.323344 1.15283 111.641
-0.323344 1.26697 136.873
-0.323344 1.38111 164.711
-0.323344 1.49524 195.153

-0.261272 -1.81469 356.143
-0.261272 -1.70056 314.463
-0.261272 -1.58642 275.389
-0.261272 -1.47228 238.92
-0.261272 -1.35815 205.056
-0.261272 -1.24401 173.798
-0.261272 -1.12988 145.145
-0.261272 -1.01574 119.098
-0.261272 -0.901607 95.6555
-0.261272 -0.787471 74.8189
-0.261272 -0.673335 56.5876
-0.261272 -0.5592 40.9618
-0.261272 -0.445064 27.9413
-0.261272 -0.330928 17.5262
-0.261272 -0.216793 9.71649
-0.261272 -0.102657 4.51218
-0.261272 0.0114785 1.91326
-0.261272 0.125614 1.91972
-0.261272 0.23975 4.53158
-0.261272 0.353885 9.74882
-0.261272 0.468021 17.5715
-0.261272 0.582157 27.9995
-0.261272 0.696292 41.0329
-0.261272 0.810428 56.6717
-0.261272 0.924564 74.9159
-0.261272 1.0387 95.7655
-0.261272 1.15283 119.22
-0.261272 1.26697 145.281
-0.261272 1.38111 173.947
-0.261272 1.49524 205.218

-0.1992 -1.81469 345.308
-0.1992 -1.70056 304.281
-0.1992 -1.58642 265.859
-0.1992 -1.47228 230.042
-0.1992 -1.35815 196.831
-0.1992 -1.24401 166.225
-0.1992 -1.12988 138.225
-0.1992 -1.01574 112.83
-0.1992 -0.901607 90.0403
-0.1992 -0.787471 69.8561
-0.1992 -0.673335 52.2773
-0.1992 -0.5592 37.3039
-0.1992 -0.445064 24.9358
-0.1992 -0.330928 15.1732
-0.1992 -0.216793 8.01595
-0.1992 -0.102657 3.46409
-0.1992 0.0114785 1.51762
-0.1992 0.125614 2.17654
-0.1992 0.23975 5.44084
-0.1992 0.353885 11.3105
-0.1992 0.468021 19.7856
-0.1992 0.582157 30.8661
-0.1992 0.696292 44.552
-0.1992 0.810428 60.8432
-0.1992 0.924564 79.7399
-0.1992 1.0387 101.242
-0.1992 1.15283 125.349
-0.1992 1.26697 152.062
-0.1992 1.38111 181.38
-0.1992 1.49524 213.304

-0.137129 -1.81469 337.464
-0.137129 -1.70056 296.913
-0.137129 -1.58642 258.968
-0.137129 -1.47228 223.628
-0.137129 -1.35815 190.893
-0.137129 -1.24401 160.764
-0.137129 -1.12988 133.24
-0.137129 -1.01574 108.322
-0.137129 -0.901607 86.0087
-0.137129 -0.787471 66.301
-0.137129 -0.673335 49.1988
-0.137129 -0.5592 34.7019
-0.137129 -0.445064 22.8104
-0.137129 -0.330928 13.5244
-0.137129 -0.216793 6.84366
-0.137129 -0.102657 2.76835
-0.137129 0.0114785 1.29843
-0.137129 0.125614 2.4339
-0.137129 0.23975 6.17476
-0.137129 0.353885 12.521
-0.137129 0.468021 21.4726
-0.137129 0.582157 33.0297
-0.137129 0.696292 47.1921
-0.137129 0.810428 63.9599
-0.137129 0.924564 83.3331
-0.137129 1.0387 105.312
-0.137129 1.15283 129.896
-0.137129 1.26697 157.085
-0.137129 1.38111 186.88
-0.137129 1.49524 219.28

-0.0750569 -1.81469 332.514
-0.0750569 -1.70056 292.264
-0.0750569 -1.58642 254.619
-0.0750569 -1.47228 219.58
-0.0750569 -1.35815 187.146
-0.0750569 -1.24401 157.318
-0.0750569 -1.12988 130.094
-0.0750569 -1.01574 105.477
-0.0750569 -0.901607 83.4642
-0.0750569 -0.787471 64.0572
-0.0750569 -0.673335 47.2556
-0.0750569 -0.5592 33.0594
-0.0750569 -0.445064 21.4686
-0.0750569 -0.330928 12.4831
-0.0750569 -0.216793 6.10309
-0.0750569 -0.102657 2.32843
-0.0750569 0.0114785 1.15916
-0.0750569 0.125614 2.59528
-0.0750569 0.23975 6.63679
-0.0750569 0.353885 13.2837
-0.0750569 0.468021 22.536
-0.0750569 0.582157 34.3937
-0.0750569 0.696292 48.8567
-0.0750569 0.810428 65.9252
-0.0750569 0.924564 85.599
-0.0750569 1.0387 107.878
-0.0750569 1.15283 132.763
-0.0750569 1.26697 160.253
-0.0750569 1.38111 190.348
-0.0750569 1.49524 223.049

-0.0129851 -1.81469 330.398
-0.0129851 -1.70056 290.273
-0.0129851 -1.58642 252.753
-0.0129851 -1.47228 217.838
-0.0129851 -1.35815 185.529
-0.0129851 -1.24401 155.825
-0.0129851 -1.12988 128.727
-0.0129851 -1.01574 104.234
-0.0129851 -0.901607 82.346
-0.0129851 -0.787471 63.0638
-0.0129851 -0.673335 46.3869
-0.0129851 -0.5592 32.3154
-0.0129851 -0.445064 20.8494
-0.0129851 -0.330928 11.9887
-0.0129851 -0.216793 5.73336
-0.0129851 -0.102657 2.08345
-0.0129851 0.0114785 1.03893
-0.0129851 0.125614 2.5998
-0.0129851 0.23975 6.76605
-0.0129851 0.353885 13.5377
-0.0129851 0.468021 22.9147
-0.0129851 0.582157 34.8972
-0.0129851 0.696292 49.485
-0.0129851 0.810428 66.6782
-0.0129851 0.924564 86.4768
-0.0129851 1.0387 108.881
-0.0129851 1.15283 133.89
-0.0129851 1.26697 161.505
-0.0129851 1.38111 191.725
-0.0129851 1.49524 224.551

0.0490866 -1.81469 331.09
0.0490866 -1.70056 290.913
0.0490866 -1.58642 253.342
0.0490866 -1.47228 218.377
0.0490866 -1.35815 186.016
0.0490866 -1.24401 156.261
0.0490866 -1.12988 129.112
0.0490866 -1.01574 104.568
0.0490866 -0.901607 82.6288
0.0490866 -0.787471 63.2954
0.0490866 -0.673335 46.5673
0.0490866 -0.5592 32.4447
0.0490866 -0.445064 20.9275
0.0490866 -0.330928 12.0157
0.0490866 -0.216793 5.7092
0.0490866 -0.102657 2.00814
0.0490866 0.0114785 0.912461
0.0490866 0.125614 2.42218
0.0490866 0.23975 6.53728
0.0490866 0.353885 13.2578
0.0490866 0.468021 22.5837
0.0490866 0.582157 34.5149
0.0490866 0.696292 49.0516
0.0490866 0.810428 66.1936
0.0490866 0.924564 85.9411
0.0490866 1.0387 108.294
0.0490866 1.15283 133.252
0.0490866 1.26697 160.816
0.0490866 1.38111 190.985
0.0490866 1.49524 223.759

0.111158 -1.81469 334.6
0.111158 -1.70056 294.197
0.111158 -1.58642 256.399
0.111158 -1.47228 221.206
0.111158 -1.35815 188.619
0.111158 -1.24401 158.637
0.111158 -1.12988 131.26
0.111158 -1.01574 106.489
0.111158 -0.901607 84.3228
0.111158 -0.787471 64.7624
0.111158 -0.673335 47.8073
0.111158 -0.5592 33.4577
0.111158 -0.445064 21.7134
0.111158 -0.330928 12.5745
0.111158 -0.216793 6.04096
0.111158 -0.102657 2.11285
0.111158 0.0114785 0.790117
0.111158 0.125614 2.07278
0.111158 0.23975 5.96083
0.111158 0.353885 12.4543
0.111158 0.468021 21.5531
0.111158 0.582157 33.2573
0.111158 0.696292 47.5669
0.111158 0.810428 64.4819
0.111158 0.924564 84.0023
0.111158 1.0387 106.128
0.111158 1.15283 130.859
0.111158 1.26697 158.196
0.111158 1.38111 188.138
0.111158 1.49524 220.685

0.17323 -1.81469 340.976
0.17323 -1.70056 300.169
0.17323 -1.58642 261.968
0.17323 -1.47228 226.372
0.17323 -1.35815 193.382
0.17323 -1.24401 162.997
0.17323 -1.12988 135.217
0.17323 -1.01574 110.043
0.17323 -0.901607 87.4743
0.17323 -0.787471 67.5108
0.17323 -0.673335 50.1528
0.17323 -0.5592 35.4002
0.17323 -0.445064 23.253
0.17323 -0.330928 13.7111
0.17323 -0.216793 6.77464
0.17323 -0.102657 2.44357
0.17323 0.0114785 0.717885
0.17323 0.125614 1.59759
0.17323 0.23975 5.08268
0.17323 0.353885 11.1732
0.17323 0.468021 19.869
0.17323 0.582157 31.1703
0.17323 0.696292 45.077
0.17323 0.810428 61.589
0.17323 0.924564 80.7064
0.17323 1.0387 102.429
0.17323 1.15283 126.757
0.17323 1.26697 153.691
0.17323 1.38111 183.23
0.17323 1.49524 215.374

0.235302 -1.81469 350.297
0.235302 -1.70056 308.911
0.235302 -1.58642 270.131
0.235302 -1.47228 233.957
0.235302 -1.35815 200.388
0.235302 -1.24401 169.424
0.235302 -1.12988 141.065
0.235302 -1.01574 115.312
0.235302 -0.901607 92.1646
0.235302 -0.787471 71.6223
0.235302 -0.673335 53.6855
0.235302 -0.5592 38.354
0.235302 -0.445064 25.6279
0.235302 -0.330928 15.5072
0.235302 -0.216793 7.99185
0.235302 -0.102657 3.08192
0.235302 0.0114785 0.777383
0.235302 0.125614 1.07823
0.235302 0.23975 3.98447
0.235302 0.353885 9.49609
0.235302 0.468021 17.6131
0.235302 0.582157 28.3355
0.235302 0.696292 41.6633
0.235302 0.810428 57.5965
0.235302 0.924564 76.1351
0.235302 1.0387 97.279
0.235302 1.15283 121.028
0.235302 1.26697 147.383
0.235302 1.38111 176.343
0.235302 1.49524 207.909

0.297374 -1.81469 362.681
0.297374 -1.70056 320.541
0.297374 -1.58642 281.006
0.297374 -1.47228 244.077
0.297374 -1.35815 209.753
0.297374 -1.24401 178.035
0.297374 -1.12988 148.921
0.297374 -1.01574 122.414
0.297374 -0.901607 98.5111
0.297374 -0.787471 77.2141
0.297374 -0.673335 58.5225
0.297374 -0.5592 42.4362
0.297374 -0.445064 28.9554
0.297374 -0.330928 18.0799
0.297374 -0.216793 9.80984
0.297374 -0.102657 4.14515
0.297374 0.0114785 1.08585
0.297374 0.125614 0.631943
0.297374 0.23975 2.78342
0.297374 0.353885 7.54029
0.297374 0.468021 14.9025
0.297374 0.582157 24.8702
0.297374 0.696292 37.4432
0.297374 0.810428 52.6217
0.297374 0.924564 70.4055
0.297374 1.0387 90.7947
0.297374 1.15283 113.789
0.297374 1.26697 139.389
0.297374 1.38111 167.595
0.297374 1.49524 198.405

0.359445 -1.81469 378.282
0.359445 -1.70056 335.211
0.359445 -1.58642 294.746
0.359445 -1.47228 256.886
0.359445 -1.35815 221.631
0.359445 -1.24401 188.982
0.359445 -1.12988 158.938
0.359445 -1.01574 131.5
0.359445 -0.901607 106.667
0.359445 -0.787471 84.439
0.359445 -0.673335 64.8168
0.359445 -0.5592 47.7998
0.359445 -0.445064 33.3883
0.359445 -0.330928 21.5822
0.359445 -0.216793 12.3815
0.359445 -0.102657 5.78612
0.359445 0.0114785 1.79617
0.359445 0.125614 0.411597
0.359445 0.23975 1.63242
0.359445 0.353885 5.45863
0.359445 0.468021 11.8902
0.359445 0.582157 20.9272
0.359445 0.696292 32.5696
0.359445 0.810428 46.8174
0.359445 0.924564 63.6705
0.359445 1.0387 83.1291
0.359445 1.15283 105.193
0.359445 1.26697 129.862
0.359445 1.38111 157.137
0.359445 1.49524 187.017

0.421517 -1.81469 397.288
0.421517 -1.70056 353.11
0.421517 -1.58642 311.538
0.421517 -1.47228 272.572
0.421517 -1.35815 236.211
0.421517 -1.24401 202.455
0.421517 -1.12988 171.305
0.421517 -1.01574 142.759
0.421517 -0.901607 116.82
0.421517 -0.787471 93.4856
0.421517 -0.673335 72.7568
0.421517 -0.5592 54.6333
0.421517 -0.445064 39.1152
0.421517 -0.330928 26.2025
0.421517 -0.216793 15.8952
0.421517 -0.102657 8.19334
0.421517 0.0114785 3.09682
0.421517 0.125614 0.605692
0.421517 0.23975 0.719951
0.421517 0.353885 3.4396
0.421517 0.468021 8.76464
0.421517 0.582157 16.6951
0.421517 0.696292 27.2309
0.421517 0.810428 40.3721
0.421517 0.924564 56.1187
0.421517 1.0387 74.4707
0.421517 1.15283 95.428
0.421517 1.26697 118.991
0.421517 1.38111 145.159
0.421517 1.49524 173.932

0.483589 -1.81469 419.922
0.483589 -1.70056 374.463
0.483589 -1.58642 331.608
0.483589 -1.47228 291.359
0.483589 -1.35815 253.715
0.483589 -1.24401 218.677
0.483589 -1.12988 186.244
0.483589 -1.01574 156.417
0.483589 -0.901607 129.195
0.483589 -0.787471 104.578
0.483589 -0.673335 82.5667
0.483589 -0.5592 63.1607
0.483589 -0.445064 46.3602
0.483589 -0.330928 32.1651
0.483589 -0.216793 20.5753
0.483589 -0.102657 11.5909
0.483589 0.0114785 5.21195
0.483589 0.125614 1.43835
0.483589 0.23975 0.270152
0.483589 0.353885 1.70734
0.483589 0.468021 5.74991
0.483589 0.582157 12.3979
0.483589 0.696292 21.6512
0.483589 0.810428 33.51
0.483589 0.924564 47.9741
0.483589 1.0387 65.0436
0.483589 1.15283 84.7185
0.483589 1.26697 106.999
0.483589 1.38111 131.885
0.483589 1.49524 159.376

0.54566 -1.81469 446.445
0.54566 -1.70056 399.527
0.54566 -1.58642 355.215
0.54566 -1.47228 313.507
0.54566 -1.35815 274.405
0.54566 -1.24401 237.908
0.54566 -1.12988 204.017
0.54566 -1.01574 172.731
0.54566 -0.901607 144.051
0.54566 -0.787471 117.976
0.54566 -0.673335 94.5062
0.54566 -0.5592 73.6419
0.54566 -0.445064 55.383
0.54566 -0.330928 39.7295
0.54566 -0.216793 26.6814
0.54566 -0.102657 16.2386
0.54566 0.0114785 8.40129
0.54566 0.125614 3.16934
0.54566 0.23975 0.542772
0.54566 0.353885 0.521596
0.54566 0.468021 3.10581
0.54566 0.582157 8.29541
0.54566 0.696292 16.0904
0.54566 0.810428 26.4908
0.54566 0.924564 39.4965
0.54566 1.0387 55.1077
0.54566 1.15283 73.3243
0.54566 1.26697 94.1462
0.54566 1.38111 117.574
0.54566 1.49524 143.606

0.607732 -1.81469 477.153
0.607732 -1.70056 428.6
0.607732 -1.58642 382.653
0.607732 -1.47228 339.312
0.607732 -1.35815 298.575
0.607732 -1.24401 260.444
0.607732 -1.12988 224.919
0.607732 -1.01574 191.999
0.607732 -0.901607 161.684
0.607732 -0.787471 133.975
0.607732 -0.673335 108.871
0.607732 -0.5592 86.3722
0.607732 -0.445064 66.479
0.607732 -0.330928 49.1912
0.607732 -0.216793 34.5088
0.607732 -0.102657 22.4319
0.607732 0.0114785 12.9602
0.607732 0.125614 6.09402
0.607732 0.23975 1.83319
0.607732 0.353885 0.177753
0.607732 0.468021 1.1277
0.607732 0.582157 4.68304
0.607732 0.696292 10.8438
0.607732 0.810428 19.6099
0.607732 0.924564 30.9814
0.607732 1.0387 44.9583
0.607732 1.15283 61.5406
0.607732 1.26697 80.7282
0.607732 1.38111 102.521
0.607732 1.49524 126.92

0.669804 -1.81469 512.375
0.669804 -1.70056 462.012
0.669804 -1.58642 414.255
0.669804 -1.47228 369.103
0.669804 -1.35815 326.557
0.669804 -1.24401 286.616
0.669804 -1.12988 249.28
0.669804 -1.01574 214.55
0.669804 -0.901607 182.425
0.669804 -0.787471 152.905
0.669804 -0.673335 125.991
0.669804 -0.5592 101.683
0.669804 -0.445064 79.9792
0.669804 -0.330928 60.8813
0.669804 -0.216793 44.3887
0.669804 -0.102657 30.5016
0.669804 0.0114785 19.2198
0.669804 0.125614 10.5434
0.669804 0.23975 4.47243
0.669804 0.353885 1.00682
0.669804 0.468021 0.146603
0.669804 0.582157 1.89177
0.669804 0.696292 6.24233
0.669804 0.810428 13.1983
0.669804 0.924564 22.7596
0.669804 1.0387 34.9264
0.669804 1.15283 49.6985
0.669804 1.26697 67.076
0.669804 1.38111 87.0589
0.669804 1.49524 109.647

0.731876 -1.81469 552.479
0.731876 -1.70056 500.13
0.731876 -1.58642 450.387
0.731876 -1.47228 403.249
0.731876 -1.35815 358.716
0.731876 -1.24401 316.789
0.731876 -1.12988 277.468
0.731876 -1.01574 240.751
0.731876 -0.901607 206.64
0.731876 -0.787471 175.135
0.731876 -0.673335 146.235
0.731876 -0.5592 119.94
0.731876 -0.445064 96.2503
0.731876 -0.330928 75.1663
0.731876 -0.216793 56.6877
0.731876 -0.102657 40.8145
0.731876 0.0114785 27.5466
0.731876 0.125614 16.8842
0.731876 0.23975 8.82711
0.731876 0.353885 3.37543
0.731876 0.468021 0.529149
0.731876 0.582157 0.288253
0.731876 0.696292 2.65275
0.731876 0.810428 7.62263
0.731876 0.924564 15.1979
0.731876 1.0387 25.3786
0.731876 1.15283 38.1646
0.731876 1.26697 53.5561
0.731876 1.38111 71.5529
0.731876 1.49524 92.1551

0.793947 -1.81469 597.867
0.793947 -1.70056 543.356
0.793947 -1.58642 491.451
0.793947 -1.47228 442.151
0.793947 -1.35815 395.456
0.793947 -1.24401 351.367
0.793947 -1.12988 309.884
0.793947 -1.01574 271.005
0.793947 -0.901607 234.732
0.793947 -0.787471 201.065
0.793947 -0.673335 170.003
0.793947 -0.5592 141.546
0.793947 -0.445064 115.695
0.793947 -0.330928 92.4485
0.793947 -0.216793 71.808
0.793947 -0.102657 53.7728
0.793947 0.0114785 38.343
0.793947 0.125614 25.5185
0.793947 0.23975 15.2995
0.793947 0.353885 7.68586
0.793947 0.468021 2.6776
0.793947 0.582157 0.27474
0.793947 0.696292 0.477265
0.793947 0.810428 3.28518
0.793947 0.924564 8.69848
0.793947 1.0387 16.7172
0.793947 1.15283 27.3413
0.793947 1.26697 40.5707
0.793947 1.38111 56.4056
0.793947 1.49524 74.8458

0.856019 -1.81469 648.976
0.856019 -1.70056 592.128
0.856019 -1.58642 537.885
0.856019 -1.47228 486.247
0.856019 -1.35815 437.215
0.856019 -1.24401 390.788
0.856019 -1.12988 346.966
0.856019 -1.01574 305.75
0.856019 -0.901607 267.139
0.856019 -0.787471 231.134
0.856019 -0.673335 197.734
0.856019 -0.5592 166.939
0.856019 -0.445064 138.75
0.856019 -0.330928 113.166
0.856019 -0.216793 90.1874
0.856019 -0.102657 69.8144
0.856019 0.0114785 52.0467
0.856019 0.125614 36.8844
0.856019 0.23975 24.3275
0.856019 0.353885 14.376
0.856019 0.468021 7.02986
0.856019 0.582157 2.28913
0.856019 0.696292 0.153783
0.856019 0.810428 0.623827
0.856019 0.924564 3.69926
0.856019 1.0387 9.38008
0.856019 1.15283 17.6663
0.856019 1.26697 28.5579
0.856019 1.38111 42.0549
0.856019 1.49524 58.1573

0.918091 -1.81469 706.281
0.918091 -1.70056 646.919
0.918091 -1.58642 590.162
0.918091 -1.47228 536.011
0.918091 -1.35815 484.464
0.918091 -1.24401 435.524
0.918091 -1.12988 389.188
0.918091 -1.01574 345.458
0.918091 -0.901607 304.334
0.918091 -0.787471 265.815
0.918091 -0.673335 229.901
0.918091 -0.5592 196.592
0.918091 -0.445064 165.889
0.918091 -0.330928 137.792
0.918091 -0.216793 112.3
0.918091 -0.102657 89.4128
0.918091 0.0114785 69.1313
0.918091 0.125614 51.4553
0.918091 0.23975 36.3846
0.918091 0.353885 23.9193
0.918091 0.468021 14.0594
0.918091 0.582157 6.80493
0.918091 0.696292 2.15582
0.918091 0.810428 0.112092
0.918091 0.924564 0.673755
0.918091 1.0387 3.84081
0.918091 1.15283 9.61325
0.918091 1.26697 17.9911
0.918091 1.38111 28.9743
0.918091 1.49524 42.5629

0.980163 -1.81469 770.291
0.980163 -1.70056 708.239
0.980163 -1.58642 648.792
0.980163 -1.47228 591.951
0.980163 -1.35815 537.715
0.980163 -1.24401 486.085
0.980163 -1.12988 437.06
0.980163 -1.01574 390.64
0.980163 -0.901607 346.826
0.980163 -0.787471 305.617
0.980163 -0.673335 267.014
0.980163 -0.5592 231.016
0.980163 -0.445064 197.623
0.980163 -0.330928 166.836
0.980163 -0.216793 138.654
0.980163 -0.102657 113.077
0.980163 0.0114785 90.1061
0.980163 0.125614 69.7403
0.980163 0.23975 51.98
0.980163 0.353885 36.825
0.980163 0.468021 24.2755
0.980163 0.582157 14.3313
0.980163 0.696292 6.99252
0.980163 0.810428 2.25912
0.980163 0.924564 0.131112
0.980163 1.0387 0.608492
0.980163 1.15283 3.69126
0.980163 1.26697 9.37942
0.980163 1.38111 17.673
0.980163 1.49524 28.5719

1.04223 -1.81469 841.549
1.04223 -1.70056 776.632
1.04223 -1.58642 714.32
1.04223 -1.47228 654.613
1.04223 -1.35815 597.512
1.04223 -1.24401 543.016
1.04223 -1.12988 491.125
1.04223 -1.01574 441.84
1.04223 -0.901607 395.16
1.04223 -0.787471 351.086
1.04223 -0.673335 309.617
1.04223 -0.5592 270.753
1.04223 -0.445064 234.495
1.04223 -0.330928 200.842
1.04223 -0.216793 169.794
1.04223 -0.102657 141.352
1.04223 0.0114785 115.516
1.04223 0.125614 92.2844
1.04223 0.23975 71.6584
1.04223 0.353885 53.6379
1.04223 0.468021 38.2228
1.04223 0.582157 25.413
1.04223 0.696292 15.2087
1.04223 0.810428 7.60969
1.04223 0.924564 2.61611
1.04223 1.0387 0.227913
1.04223 1.15283 0.445108
1.04223 1.26697 3.26769
1.04223 1.38111 8.69567
1.04223 1.49524 16.729

1.10431 -1.81469 920.638
1.10431 -1.70056 852.679
1.10431 -1.58642 787.325
1.10431 -1.47228 724.577
1.10431 -1.35815 664.434
1.10431 -1.24401 606.897
1.10431 -1.12988 551.965
1.10431 -1.01574 499.638
1.10431 -0.901607 449.917
1.10431 -0.787471 402.801
1.10431 -0.673335 358.29
1.10431 -0.5592 316.385
1.10431 -0.445064 277.086
1.10431 -0.330928 240.391
1.10431 -0.216793 206.302
1.10431 -0.102657 174.819
1.10431 0.0114785 145.94
1.10431 0.125614 119.668
1.10431 0.23975 96.0003
1.10431 0.353885 74.9383
1.10431 0.468021 56.4817
1.10431 0.582157 40.6305
1.10431 0.696292 27.3846
1.10431 0.810428 16.7442
1.10431 0.924564 8.70914
1.10431 1.0387 3.27947
1.10431 1.15283 0.455193
1.10431 1.26697 0.236303
1.10431 1.38111 2.6228
1.10431 1.49524 7.61469

1.16638 -1.81469 1008.17
1.16638 -1.70056 936.996
1.16638 -1.58642 868.425
1.16638 -1.47228 802.459
1.16638 -1.35815 739.099
1.16638 -1.24401 678.344
1.16638 -1.12988 620.195
1.16638 -1.01574 564.651
1.16638 -0.901607 511.712
1.16638 -0.787471 461.379
1.16638 -0.673335 413.651
1.16638 -0.5592 368.528
1.16638 -0.445064 326.011
1.16638 -0.330928 286.099
1.16638 -0.216793 248.793
1.16638 -0.102657 214.092
1.16638 0.0114785 181.997
1.16638 0.125614 152.506
1.16638 0.23975 125.622
1.16638 0.353885 101.342
1.16638 0.468021 79.6683
1.16638 0.582157 60.5997
1.16638 0.696292 44.1365
1.16638 0.810428 30.2787
1.16638 0.924564 19.0262
1.16638 1.0387 10.3792
1.16638 1.15283 4.33755
1.16638 1.26697 0.90128
1.16638 1.38111 0.0704029
1.16638 1.49524 1.84491

1.22845 -1.81469 1104.8
1.22845 -1.70056 1030.23
1.22845 -1.58642 958.27
1.22845 -1.47228 888.911
1.22845 -1.35815 822.157
1.22845 -1.24401 758.009
1.22845 -1.12988 696.466
1.22845 -1.01574 637.529
1.22845 -0.901607 581.197
1.22845 -0.787471 527.471
1.22845 -0.673335 476.349
1.22845 -0.5592 427.834
1.22845 -0.445064 381.923
1.22845 -0.330928 338.618
1.22845 -0.216793 297.919
1.22845 -0.102657 259.824
1.22845 0.0114785 224.336
1.22845 0.125614 191.452
1.22845 0.23975 161.174
1.22845 0.353885 133.502
1.22845 0.468021 108.434
1.22845 0.582157 85.9724
1.22845 0.696292 66.1159
1.22845 0.810428 48.8648
1.22845 0.924564 34.2191
1.22845 1.0387 22.1788
1.22845 1.15283 12.7438
1.22845 1.26697 5.91428
1.22845 1.38111 1.69013
1.22845 1.49524 0.0713611

1.29052 -1.81469 1211.22
1.29052 -1.70056 1133.08
1.29052 -1.58642 1057.55
1.29052 -1.47228 984.619
1.29052 -1.35815 914.297
1.29052 -1.24401 846.579
1.29052 -1.12988 781.467
1.29052 -1.01574 718.961
1.29052 -0.901607 659.06
1.29052 -0.787471 601.764
1.29052 -0.673335 547.074
1.29052 -0.5592 494.989
1.29052 -0.445064 445.509
1.29052 -0.330928 398.635
1.29052 -0.216793 354.366
1.29052 -0.102657 312.703
1.29052 0.0114785 273.645
1.29052 0.125614 237.192
1.29052 0.23975 203.345
1.29052 0.353885 172.103
1.29052 0.468021 143.467
1.29052 0.582157 117.436
1.29052 0.696292 94.0101
1.29052 0.810428 73.1898
1.29052 0.924564 54.9749
1.29052 1.0387 39.3654
1.29052 1.15283 26.3613
1.29052 1.26697 15.9626
1.29052 1.38111 8.16926
1.29052 1.49524 2.98131

1.35259 -1.81469 1328.14
1.35259 -1.70056 1246.26
1.35259 -1.58642 1166.98
1.35259 -1.47228 1090.31
1.35259 -1.35815 1016.24
1.35259 -1.24401 944.778
1.35259 -1.12988 875.921
1.35259 -1.01574 809.669
1.35259 -0.901607 746.023
1.35259 -0.787471 684.982
1.35259 -0.673335 626.547
1.35259 -0.5592 570.717
1.35259 -0.445064 517.492
1.35259 -0.330928 466.873
1.35259 -0.216793 418.859
1.35259 -0.102657 373.45
1.35259 0.0114785 330.647
1.35259 0.125614 290.45
1.35259 0.23975 252.857
1.35259 0.353885 217.87
1.35259 0.468021 185.489
1.35259 0.582157 155.713
1.35259 0.696292 128.542
1.35259 0.810428 103.977
1.35259 0.924564 82.0167
1.35259 1.0387 62.6621
1.35259 1.15283 45.9129
1.35259 1.26697 31.7691
1.35259 1.38111 20.2307
1.35259 1.49524 11.2977

1.41466 -1.81469 1456.33
1.41466 -1.70056 1370.53
1.41466 -1.58642 1287.33
1.41466 -1.47228 1206.73
1.41466 -1.35815 1128.75
1.41466 -1.24401 1053.36
1.41466 -1.12988 980.585
1.41466 -1.01574 910.412
1.41466 -0.901607 842.845
1.41466 -0.787471 777.883
1.41466 -0.673335 715.527
1.41466 -0.5592 655.776
1.41466 -0.445064 598.63
1.41466 -0.330928 544.09
1.41466 -0.216793 492.155
1.41466 -0.102657 442.825
1.41466 0.0114785 396.101
1.41466 0.125614 351.983
1.41466 0.23975 310.469
1.41466 0.353885 271.562
1.41466 0.468021 235.259
1.41466 0.582157 201.562
1.41466 0.696292 170.47
1.41466 0.810428 141.984
1.41466 0.924564 116.103
1.41466 1.0387 92.8274
1.41466 1.15283 72.1572
1.41466 1.26697 54.0924
1.41466 1.38111 38.633
1.41466 1.49524 25.779

1.47674 -1.81469 1596.58
1.47674 -1.70056 1506.68
1.47674 -1.58642 1419.39
1.47674 -1.47228 1334.69
1.47674 -1.35815 1252.61
1.47674 -1.24401 1173.13
1.47674 -1.12988 1096.25
1.47674 -1.01574 1021.98
1.47674 -0.901607 950.32
1.47674 -0.787471 881.261
1.47674 -0.673335 814.808
1.47674 -0.5592 750.96
1.47674 -0.445064 689.717
1.47674 -0.330928 631.08
1.47674 -0.216793 575.049
1.47674 -0.102657 521.622
1.47674 0.0114785 470.801
1.47674 0.125614 422.586
1.47674 0.23975 376.976
1.47674 0.353885 333.971
1.47674 0.468021 293.571
1.47674 0.582157 255.777
1.47674 0.696292 220.589
1.47674 0.810428 188.006
1.47674 0.924564 158.028
1.47674 1.0387 130.655
1.47674 1.15283 105.888
1.47674 1.26697 83.7266
1.47674 1.38111 64.1704
1.47674 1.49524 47.2195

1.53881 -1.81469 1749.72
1.53881 -1.70056 1655.55
1.53881 -1.58642 1563.98
1.53881 -1.47228 1475.02
1.53881 -1.35815 1388.66
1.53881 -1.24401 1304.9
1.53881 -1.12988 1223.76
1.53881 -1.01574 1145.21
1.53881 -0.901607 1069.28
1.53881 -0.787471 995.946
1.53881 -0.673335 925.22
1.53881 -0.5592 857.099
1.53881 -0.445064 791.584
1.53881 -0.330928 728.674
1.53881 -0.216793 668.37
1.53881 -0.102657 610.671
1.53881 0.0114785 555.577
1.53881 0.125614 503.089
1.53881 0.23975 453.206
1.53881 0.353885 405.928
1.53881 0.468021 361.256
1.53881 0.582157 319.189
1.53881 0.696292 279.728
1.53881 0.810428 242.872
1.53881 0.924564 208.621
1.53881 1.0387 176.976
1.53881 1.15283 147.936
1.53881 1.26697 121.502
1.53881 1.38111 97.6725
1.53881 1.49524 76.4489

1.60088 -1.81469 1916.62
1.60088 -1.70056 1818
1.60088 -1.58642 1721.98
1.60088 -1.47228 1628.57
1.60088 -1.35815 1537.76
1.60088 -1.24401 1449.56
1.60088 -1.12988 1363.96
1.60088 -1.01574 1280.97
1.60088 -0.901607 1200.58
1.60088 -0.787471 1122.8
1.60088 -0.673335 1047.63
1.60088 -0.5592 975.06
1.60088 -0.445064 905.096
1.60088 -0.330928 837.737
1.60088 -0.216793 772.984
1.60088 -0.102657 710.836
1.60088 0.0114785 651.294
1.60088 0.125614 594.357
1.60088 0.23975 540.025
1.60088 0.353885 488.299
1.60088 0.468021 439.178
1.60088 0.582157 392.662
1.60088 0.696292 348.752
1.60088 0.810428 307.448
1.60088 0.924564 268.748
1.60088 1.0387 232.654
1.60088 1.15283 199.166
1.60088 1.26697 168.283
1.60088 1.38111 140.005
1.60088 1.49524 114.333

1.66295 -1.81469 2098.17
1.66295 -1.70056 1994.92
1.66295 -1.58642 1894.28
1.66295 -1.47228 1796.24
1.66295 -1.35815 1700.81
1.66295 -1.24401 1607.99
1.66295 -1.12988 1517.76
1.66295 -1.01574 1430.15
1.66295 -0.901607 1345.14
1.66295 -0.787471 1262.73
1.66295 -0.673335 1182.94
1.66295 -0.5592 1105.74
1.66295 -0.445064 1031.15
1.66295 -0.330928 959.17
1.66295 -0.216793 889.792
1.66295 -0.102657 823.019
1.66295 0.0114785 758.852
1.66295 0.125614 697.291
1.66295 0.23975 638.334
1.66295 0.353885 581.984
1.66295 0.468021 528.238
1.66295 0.582157 477.098
1.66295 0.696292 428.563
1.66295 0.810428 382.634
1.66295 0.924564 339.31
1.66295 1.0387 298.592
1.66295 1.15283 260.479
1.66295 1.26697 224.971
1.66295 1.38111 192.069
1.66295 1.49524 161.772

1.72502 -1.81469 2295.32
1.72502 -1.70056 2187.27
1.72502 -1.58642 2081.83
1.72502 -1.47228 1978.99
1.72502 -1.35815 1878.76
1.72502 -1.24401 1781.13
1.72502 -1.12988 1686.11
1.72502 -1.01574 1593.69
1.72502 -0.901607 1503.88
1.72502 -0.787471 1416.68
1.72502 -0.673335 1332.08
1.72502 -0.5592 1250.08
1.72502 -0.445064 1170.69
1.72502 -0.330928 1093.91
1.72502 -0.216793 1019.73
1.72502 -0.102657 948.157
1.72502 0.0114785 879.19
1.72502 0.125614 812.828
1.72502 0.23975 749.071
1.72502 0.353885 687.92
1.72502 0.468021 629.374
1.72502 0.582157 573.433
1.72502 0.696292 520.098
1.72502 0.810428 469.368
1.72502 0.924564 421.244
1.72502 1.0387 375.725
1.72502 1.15283 332.811
1.72502 1.26697 292.503
1.72502 1.38111 254.8
1.72502 1.49524 219.703

1.7871 -1.81469 2509.03
1.7871 -1.70056 2396
1.7871 -1.58642 2285.58
1.7871 -1.47228 2177.77
1.7871 -1.35815 2072.56
1.7871 -1.24401 1969.96
1.7871 -1.12988 1869.96
1.7871 -1.01574 1772.57
1.7871 -0.901607 1677.78
1.7871 -0.787471 1585.6
1.7871 -0.673335 1496.02
1.7871 -0.5592 1409.05
1.7871 -0.445064 1324.69
1.7871 -0.330928 1242.93
1.7871 -0.216793 1163.77
1.7871 -0.102657 1087.22
1.7871 0.0114785 1013.28
1.7871 0.125614 941.94
1.7871 0.23975 873.207
1.7871 0.353885 807.079
1.7871 0.468021 743.557
1.7871 0.582157 682.64
1.7871 0.696292 624.328
1.7871 0.810428 568.622
1.7871 0.924564 515.522
1.7871 1.0387 465.026
1.7871 1.15283 417.136
1.7871 1.26697 371.852
1.7871 1.38111 329.172
1.7871 1.49524 289.099

1.84917 -1.81469 2740.31
1.84917 -1.70056 2622.13
1.84917 -1.58642 2506.56
1.84917 -1.47228 2393.6
1.84917 -1.35815 2283.24
1.84917 -1.24401 2175.48
1.84917 -1.12988 2070.33
1.84917 -1.01574 1967.79
1.84917 -0.901607 1867.85
1.84917 -0.787471 1770.51
1.84917 -0.673335 1675.78
1.84917 -0.5592 1583.66
1.84917 -0.445064 1494.14
1.84917 -0.330928 1407.23
1.84917 -0.216793 1322.92
1.84917 -0.102657 1241.22
1.84917 0.0114785 1162.13
1.84917 0.125614 1085.64
1.84917 0.23975 1011.75
1.84917 0.353885 940.47
1.84917 0.468021 871.795
1.84917 0.582157 805.726
1.84917 0.696292 742.262
1.84917 0.810428 681.404
1.84917 0.924564 623.151
1.84917 1.0387 567.503
1.84917 1.15283 514.461
1.84917 1.26697 464.024
1.84917 1.38111 416.193
1.84917 1.49524 370.966

1.91124 -1.81469 2990.21
1.91124 -1.70056 2866.71
1.91124 -1.58642 2745.81
1.91124 -1.47228 2627.51
1.91124 -1.35815 2511.82
1.91124 -1.24401 2398.74
1.91124 -1.12988 2288.26
1.91124 -1.01574 2180.39
1.91124 -0.901607 2075.12
1.91124 -0.787471 1972.46
1.91124 -0.673335 1872.4
1.91124 -0.5592 1774.95
1.91124 -0.445064 1680.11
1.91124 -0.330928 1587.87
1.91124 -0.216793 1498.23
1.91124 -0.102657 1411.2
1.91124 0.0114785 1326.78
1.91124 0.125614 1244.96
1.91124 0.23975 1165.74
1.91124 0.353885 1089.14
1.91124 0.468021 1015.13
1.91124 0.582157 943.736
1.91124 0.696292 874.943
1.91124 0.810428 808.757
1.91124 0.924564 745.176
1.91124 1.0387 684.2
1.91124 1.15283 625.829
1.91124 1.26697 570.064
1.91124 1.38111 516.905
1.91124 1.49524 466.35

1.97331 -1.81469 3259.81
1.97331 -1.70056 3130.8
1.97331 -1.58642 3004.4
1.97331 -1.47228 2880.6
1.97331 -1.35815 2759.41
1.97331 -1.24401 2640.82
1.97331 -1.12988 2524.84
1.97331 -1.01574 2411.46
1.97331 -0.901607 2300.69
1.97331 -0.787471 2192.52
1.97331 -0.673335 2086.96
1.97331 -0.5592 1984
1.97331 -0.445064 1883.65
1.97331 -0.330928 1785.91
1.97331 -0.216793 1690.77
1.97331 -0.102657 1598.24
1.97331 0.0114785 1508.31
1.97331 0.125614 1420.99
1.97331 0.23975 1336.27
1.97331 0.353885 1254.16
1.97331 0.468021 1174.65
1.97331 0.582157 1097.75
1.97331 0.696292 1023.45
1.97331 0.810428 951.76
1.97331 0.924564 882.675
1.97331 1.0387 816.195
1.97331 1.15283 752.32
1.97331 1.26697 691.051
1.97331 1.38111 632.387
1.97331 1.49524 576.329

2.03538 -1.81469 3550.22
2.03538 -1.70056 3415.53
2.03538 -1.58642 3283.45
2.03538 -1.47228 3153.97
2.03538 -1.35815 3027.09
2.03538 -1.24401 2902.83
2.03538 -1.12988 2781.16
2.03538 -1.01574 2662.11
2.03538 -0.901607 2545.66
2.03538 -0.787471 2431.81
2.03538 -0.673335 2320.57
2.03538 -0.5592 2211.93
2.03538 -0.445064 2105.9
2.03538 -0.330928 2002.48
2.03538 -0.216793 1901.66
2.03538 -0.102657 1803.45
2.03538 0.0114785 1707.84
2.03538 0.125614 1614.83
2.03538 0.23975 1524.44
2.03538 0.353885 1436.64
2.03538 0.468021 1351.46
2.03538 0.582157 1268.88
2.03538 0.696292 1188.9
2.03538 0.810428 1111.53
2.03538 0.924564 1036.76
2.03538 1.0387 964.604
2.03538 1.15283 895.049
2.03538 1.26697 828.1
2.03538 1.38111 763.756
2.03538 1.49524 702.018

2.09745 -1.81469 3862.59
2.09745 -1.70056 3722.04
2.09745 -1.58642 3584.1
2.09745 -1.47228 3448.77
2.09745 -1.35815 3316.04
2.09745 -1.24401 3185.92
2.09745 -1.12988 3058.4
2.09745 -1.01574 2933.49
2.09745 -0.901607 2811.18
2.09745 -0.787471 2691.48
2.09745 -0.673335 2574.38
2.09745 -0.5592 2459.89
2.09745 -0.445064 2348
2.09745 -0.330928 2238.72
2.09745 -0.216793 2132.05
2.09745 -0.102657 2027.98
2.09745 0.0114785 1926.51
2.09745 0.125614 1827.65
2.09745 0.23975 1731.4
2.09745 0.353885 1637.75
2.09745 0.468021 1546.71
2.09745 0.582157 1458.27
2.09745 0.696292 1372.44
2.09745 0.810428 1289.21
2.09745 0.924564 1208.59
2.09745 1.0387 1130.58
2.09745 1.15283 1055.17
2.09745 1.26697 982.361
2.09745 1.38111 912.161
2.09745 1.49524 844.567

2.15953 -1.81469 4198.11
2.15953 -1.70056 4051.53
2.15953 -1.58642 3907.56
2.15953 -1.47228 3766.19
2.15953 -1.35815 3627.43
2.15953 -1.24401 3491.28
2.15953 -1.12988 3357.73
2.15953 -1.01574 3226.78
2.15953 -0.901607 3098.44
2.15953 -0.787471 2972.71
2.15953 -0.673335 2849.58
2.15953 -0.5592 2729.06
2.15953 -0.445064 2611.14
2.15953 -0.330928 2495.83
2.15953 -0.216793 2383.12
2.15953 -0.102657 2273.02
2.15953 0.0114785 2165.52
2.15953 0.125614 2060.63
2.15953 0.23975 1958.35
2.15953 0.353885 1858.67
2.15953 0.468021 1761.59
2.15953 0.582157 1667.12
2.15953 0.696292 1575.26
2.15953 0.810428 1486
2.15953 0.924564 1399.35
2.15953 1.0387 1315.3
2.15953 1.15283 1233.86
2.15953 1.26697 1155.02
2.15953 1.38111 1078.79
2.15953 1.49524 1005.16

2.2216 -1.81469 4557.99
2.2216 -1.70056 4405.21
2.2216 -1.58642 4255.03
2.2216 -1.47228 4107.46
2.2216 -1.35815 3962.49
2.2216 -1.24401 3820.12
2.2216 -1.12988 3680.37
2.2216 -1.01574 3543.21
2.2216 -0.901607 3408.67
2.2216 -0.787471 3276.73
2.2216 -0.673335 3147.39
2.2216 -0.5592 3020.66
2.2216 -0.445064 2896.53
2.2216 -0.330928 2775.01
2.2216 -0.216793 2656.1
2.2216 -0.102657 2539.79
2.2216 0.0114785 2426.09
2.2216 0.125614 2314.99
2.2216 0.23975 2206.49
2.2216 0.353885 2100.61
2.2216 0.468021 1997.32
2.2216 0.582157 1896.65
2.2216 0.696292 1798.58
2.2216 0.810428 1703.11
2.2216 0.924564 1610.25
2.2216 1.0387 1519.99
2.2216 1.15283 1432.34
2.2216 1.26697 1347.3
2.2216 1.38111 1264.86
2.2216 1.49524 1185.03

2.28367 -1.81469 4943.51
2.28367 -1.70056 4784.34
2.28367 -1.58642 4627.78
2.28367 -1.47228 4473.82
2.28367 -1.35815 4322.47
2.28367 -1.24401 4173.72
2.28367 -1.12988 4027.58
2.28367 -1.01574 3884.04
2.28367 -0.901607 3743.11
2.28367 -0.787471 3604.79
2.28367 -0.673335 3469.07
2.28367 -0.5592 3335.95
2.28367 -0.445064 3205.44
2.28367 -0.330928 3077.54
2.28367 -0.216793 2952.24
2.28367 -0.102657 2829.55
2.28367 0.0114785 2709.46
2.28367 0.125614 2591.98
2.28367 0.23975 2477.1
2.28367 0.353885 2364.83
2.28367 0.468021 2255.17
2.28367 0.582157 2148.1
2.28367 0.696292 2043.65
2.28367 0.810428 1941.8
2.28367 0.924564 1842.56
2.28367 1.0387 1745.92
2.28367 1.15283 1651.88
2.28367 1.26697 1560.46
2.28367 1.38111 1471.63
2.28367 1.49524 1385.41

2.34574 -1.81469 5355.94
2.34574 -1.70056 5190.21
2.34574 -1.58642 5027.09
2.34574 -1.47228 4866.57
2.34574 -1.35815 4708.66
2.34574 -1.24401 4553.35
2.34574 -1.12988 4400.65
2.34574 -1.01574 4250.56
2.34574 -0.901607 4103.07
2.34574 -0.787471 3958.18
2.34574 -0.673335 3815.9
2.34574 -0.5592 3676.23
2.34574 -0.445064 3539.16
2.34574 -0.330928 3404.7
2.34574 -0.216793 3272.84
2.34574 -0.102657 3143.59
2.34574 0.0114785 3016.94
2.34574 0.125614 2892.9
2.34574 0.23975 2771.46
2.34574 0.353885 2652.63
2.34574 0.468021 2536.41
2.34574 0.582157 2422.79
2.34574 0.696292 2311.77
2.34574 0.810428 2203.36
2.34574 0.924564 2097.56
2.34574 1.0387 1994.36
2.34574 1.15283 1893.77
2.34574 1.26697 1795.78
2.34574 1.38111 1700.4
2.34574 1.49524 1607.62

2.40781 -1.81469 5796.62
2.40781 -1.70056 5624.16
2.40781 -1.58642 5454.3
2.40781 -1.47228 5287.05
2.40781 -1.35815 5122.4
2.40781 -1.24401 4960.36
2.40781 -1.12988 4800.92
2.40781 -1.01574 4644.09
2.40781 -0.901607 4489.87
2.40781 -0.787471 4338.25
2.40781 -0.673335 4189.23
2.40781 -0.5592 4042.82
2.40781 -0.445064 3899.02
2.40781 -0.330928 3757.82
2.40781 -0.216793 3619.23
2.40781 -0.102657 3483.24
2.40781 0.0114785 3349.86
2.40781 0.125614 3219.08
2.40781 0.23975 3090.91
2.40781 0.353885 2965.34
2.40781 0.468021 2842.38
2.40781 0.582157 2722.03
2.40781 0.696292 2604.28
2.40781 0.810428 2489.13
2.40781 0.924564 2376.59
2.40781 1.0387 2266.66
2.40781 1.15283 2159.33
2.40781 1.26697 2054.61
2.40781 1.38111 1952.49
2.40781 1.49524 1852.98

