-0.633702 -1.81469 172.926
-0.633702 -1.70056 173.705
-0.633702 -1.58642 174.485
-0.633702 -1.47228 175.264
-0.633702 -1.35815 176.043
-0.633702 -1.24401 176.823
-0.633702 -1.12988 177.602
-0.633702 -1.01574 178.381
-0.633702 -0.901607 176.143
-0.633702 -0.787471 172.965
-0.633702 -0.673335 169.788
-0.633702 -0.5592 166.611
-0.633702 -0.445064 163.433
-0.633702 -0.330928 160.256
-0.633702 -0.216793 157.079
-0.633702 -0.102657 153.901
-0.633702 0.0114785 150.724
-0.633702 0.125614 147.546
-0.633702 0.23975 144.369
-0.633702 0.353885 141.192
-0.633702 0.468021 138.014
-0.633702 0.582157 134.837
-0.633702 0.696292 131.66
-0.633702 0.810428 128.482
-0.633702 0.924564 125.305
-0.633702 1.0387 122.128
-0.633702 1.15283 118.95
-0.633702 1.26697 115.773
-0.633702 1.38111 112.596
-0.633702 1.49524 109.418

-0.571631 -1.81469 171.055
-0.571631 -1.70056 171.81
-0.571631 -1.58642 172.565
-0.571631 -1.47228 173.319
-0.571631 -1.35815 174.074
-0.571631 -1.24401 174.829
-0.571631 -1.12988 175.583
-0.571631 -1.01574 176.338
-0.571631 -0.901607 174.112
-0.571631 -0.787471 170.958
-0.571631 -0.673335 167.805
-0.571631 -0.5592 164.651
-0.571631 -0.445064 161.498
-0.571631 -0.330928 158.344
-0.571631 -0.216793 155.191
-0.571631 -0.102657 152.037
-0.571631 0.0114785 148.884
-0.571631 0.125614 145.73
-0.571631 0.23975 142.577
-0.571631 0.353885 139.423
-0.571631 0.468021 136.27
-0.571631 0.582157 133.117
-0.571631 0.696292 129.963
-0.571631 0.810428 126.81
-0.571631 0.924564 123.656
-0.571631 1.0387 120.503
-0.571631 1.15283 117.349
-0.571631 1.26697 114.196
-0.571631 1.38111 111.042
-0.571631 1.49524 107.889

-0.509559 -1.81469 169.184
-0.509559 -1.70056 169.914
-0.509559 -1.58642 170.644
-0.509559 -1.47228 171.374
-0.509559 -1.35815 172.104
-0.509559 -1.24401 172.834
-0.509559 -1.12988 173.565
-0.509559 -1.01574 174.295
-0.509559 -0.901607 172.081
-0.509559 -0.787471 168.951
-0.509559 -0.673335 165.822
-0.509559 -0.5592 162.692
-0.509559 -0.445064 159.562
-0.509559 -0.330928 156.433
-0.509559 -0.216793 153.303
-0.509559 -0.102657 150.174
-0.509559 0.0114785 147.044
-0.509559 0.125614 143.914
-0.509559 0.23975 140.785
-0.509559 0.353885 137.655
-0.509559 0.468021 134.526
-0.509559 0.582157 131.396
-0.509559 0.696292 128.266
-0.509559 0.810428 125.137
-0.509559 0.924564 122.007
-0.509559 1.0387 118.878
-0.509559 1.15283 115.748
-0.509559 1.26697 112.619
-0.509559 1.38111 109.489
-0.509559 1.49524 106.359

-0.447487 -1.81469 167.313
-0.447487 -1.70056 168.019
-0.447487 -1.58642 168.724
-0.447487 -1.47228 169.43
-0.447487 -1.35815 170.135
-0.447487 -1.24401 170.84
-0.447487 -1.12988 171.546
-0.447487 -1.01574 172.251
-0.447487 -0.901607 170.05
-0.447487 -0.787471 166.944
-0.447487 -0.673335 163.838
-0.447487 -0.5592 160.733
-0.447487 -0.445064 157.627
-0.447487 -0.330928 154.521
-0.447487 -0.216793 151.415
-0.447487 -0.102657 148.31
-0.447487 0.0114785 145.204
-0.447487 0.125614 142.098
-0.447487 0.23975 138.993
-0.447487 0.353885 135.887
-0.447487 0.468021 132.781
-0.447487 0.582157 129.676
-0.447487 0.696292 126.57
-0.447487 0.810428 123.464
-0.447487 0.924564 120.358
-0.447487 1.0387 117.253
-0.447487 1.15283 114.147
-0.447487 1.26697 111.041
-0.447487 1.38111 107.936
-0.447487 1.49524 104.83

-0.385416 -1.81469 165.442
-0.385416 -1.70056 166.123
-0.385416 -1.58642 166.804
-0.385416 -1.47228 167.485
-0.385416 -1.35815 168.166
-0.385416 -1.24401 168.846
-0.385416 -1.12988 169.527
-0.385416 -1.01574 170.208
-0.385416 -0.901607 168.019
-0.385416 -0.787471 164.937
-0.385416 -0.673335 161.855
-0.385416 -0.5592 158.773
-0.385416 -0.445064 155.691
-0.385416 -0.330928 152.61
-0.385416 -0.216793 149.528
-0.385416 -0.102657 146.446
-0.385416 0.0114785 143.364
-0.385416 0.125614 140.282
-0.385416 0.23975 137.201
-0.385416 0.353885 134.119
-0.385416 0.468021 131.037
-0.385416 0.582157 127.955
-0.385416 0.696292 124.873
-0.385416 0.810428 121.791
-0.385416 0.924564 118.71
-0.385416 1.0387 115.628
-0.385416 1.15283 112.546
-0.385416 1.26697 109.464
-0.385416 1.38111 106.382
-0.385416 1.49524 103.301

-0.323344 -1.81469 163.572
-0.323344 -1.70056 164.228
-0.323344 -1.58642 164.884
-0.323344 -1.47228 165.54
-0.323344 -1.35815 166.196
-0.323344 -1.24401 166.852
-0.323344 -1.12988 167.508
-0.323344 -1.01574 168.164
-0.323344 -0.901607 165.988
-0.323344 -0.787471 162.93
-0.323344 -0.673335 159.872
-0.323344 -0.5592 156.814
-0.323344 -0.445064 153.756
-0.323344 -0.330928 150.698
-0.323344 -0.216793 147.64
-0.323344 -0.102657 144.582
-0.323344 0.0114785 141.524
-0.323344 0.125614 138.466
-0.323344 0.23975 135.408
-0.323344 0.353885 132.35
-0.323344 0.468021 129.293
-0.323344 0.582157 126.235
-0.323344 0.696292 123.177
-0.323344 0.810428 120.119
-0.323344 0.924564 117.061
-0.323344 1.0387 114.003
-0.323344 1.15283 110.945
-0.323344 1.26697 107.887
-0.323344 1.38111 104.829
-0.323344 1.49524 101.771

-0.261272 -1.81469 161.701
-0.261272 -1.70056 162.332
-0.261272 -1.58642 162.964
-0.261272 -1.47228 163.595
-0.261272 -1.35815 164.227
-0.261272 -1.24401 164.858
-0.261272 -1.12988 165.49
-0.261272 -1.01574 166.121
-0.261272 -0.901607 163.957
-0.261272 -0.787471 160.923
-0.261272 -0.673335 157.889
-0.261272 -0.5592 154.855
-0.261272 -0.445064 151.821
-0.261272 -0.330928 148.786
-0.261272 -0.216793 145.752
-0.261272 -0.102657 142.718
-0.261272 0.0114785 139.684
-0.261272 0.125614 136.65
-0.261272 0.23975 133.616
-0.261272 0.353885 130.582
-0.261272 0.468021 127.548
-0.261272 0.582157 124.514
-0.261272 0.696292 121.48
-0.261272 0.810428 118.446
-0.261272 0.924564 115.412
-0.261272 1.0387 112.378
-0.261272 1.15283 109.344
-0.261272 1.26697 106.31
-0.261272 1.38111 103.276
-0.261272 1.49524 100.242

-0.1992 -1.81469 159.83
-0.1992 -1.70056 160.437
-0.1992 -1.58642 161.043
-0.1992 -1.47228 161.65
-0.1992 -1.35815 162.257
-0.1992 -1.24401 162.864
-0.1992 -1.12988 163.471
-0.1992 -1.01574 164.078
-0.1992 -0.901607 161.926
-0.1992 -0.787471 158.916
-0.1992 -0.673335 155.905
-0.1992 -0.5592 152.895
-0.1992 -0.445064 149.885
-0.1992 -0.330928 146.875
-0.1992 -0.216793 143.865
-0.1992 -0.102657 140.855
-0.1992 0.0114785 137.844
-0.1992 0.125614 134.834
-0.1992 0.23975 131.824
-0.1992 0.353885 128.814
-0.1992 0.468021 125.804
-0.1992 0.582157 122.794
-0.1992 0.696292 119.783
-0.1992 0.810428 116.773
-0.1992 0.924564 113.763
-0.1992 1.0387 110.753
-0.1992 1.15283 107.743
-0.1992 1.26697 104.733
-0.1992 1.38111 101.722
-0.1992 1.49524 98.7123

-0.137129 -1.81469 157.959
-0.137129 -1.70056 158.541
-0.137129 -1.58642 159.123
-0.137129 -1.47228 159.705
-0.137129 -1.35815 160.288
-0.137129 -1.24401 160.87
-0.137129 -1.12988 161.452
-0.137129 -1.01574 162.034
-0.137129 -0.901607 159.895
-0.137129 -0.787471 156.909
-0.137129 -0.673335 153.922
-0.137129 -0.5592 150.936
-0.137129 -0.445064 147.95
-0.137129 -0.330928 144.963
-0.137129 -0.216793 141.977
-0.137129 -0.102657 138.991
-0.137129 0.0114785 136.005
-0.137129 0.125614 133.018
-0.137129 0.23975 130.032
-0.137129 0.353885 127.046
-0.137129 0.468021 124.059
-0.137129 0.582157 121.073
-0.137129 0.696292 118.087
-0.137129 0.810428 115.101
-0.137129 0.924564 112.114
-0.137129 1.0387 109.128
-0.137129 1.15283 106.142
-0.137129 1.26697 103.155
-0.137129 1.38111 100.169
-0.137129 1.49524 97.1828

-0.0750569 -1.81469 156.088
-0.0750569 -1.70056 156.645
-0.0750569 -1.58642 157.203
-0.0750569 -1.47228 157.761
-0.0750569 -1.35815 158.318
-0.0750569 -1.24401 158.876
-0.0750569 -1.12988 159.433
-0.0750569 -1.01574 159.991
-0.0750569 -0.901607 157.864
-0.0750569 -0.787471 154.901
-0.0750569 -0.673335 151.939
-0.0750569 -0.5592 148.977
-0.0750569 -0.445064 146.014
-0.0750569 -0.330928 143.052
-0.0750569 -0.216793 140.089
-0.0750569 -0.102657 137.127
-0.0750569 0.0114785 134.165
-0.0750569 0.125614 131.202
-0.0750569 0.23975 128.24
-0.0750569 0.353885 125.277
-0.0750569 0.468021 122.315
-0.0750569 0.582157 119.353
-0.0750569 0.696292 116.39
-0.0750569 0.810428 113.428
-0.0750569 0.924564 110.465
-0.0750569 1.0387 107.503
-0.0750569 1.15283 104.541
-0.0750569 1.26697 101.578
-0.0750569 1.38111 98.6158
-0.0750569 1.49524 95.6534

-0.0129851 -1.81469 154.217
-0.0129851 -1.70056 154.75
-0.0129851 -1.58642 155.283
-0.0129851 -1.47228 155.816
-0.0129851 -1.35815 156.349
-0.0129851 -1.24401 156.882
-0.0129851 -1.12988 157.415
-0.0129851 -1.01574 157.948
-0.0129851 -0.901607 155.833
-0.0129851 -0.787471 152.894
-0.0129851 -0.673335 149.956
-0.0129851 -0.5592 147.017
-0.0129851 -0.445064 144.079
-0.0129851 -0.330928 141.14
-0.0129851 -0.216793 138.202
-0.0129851 -0.102657 135.263
-0.0129851 0.0114785 132.325
-0.0129851 0.125614 129.386
-0.0129851 0.23975 126.448
-0.0129851 0.353885 123.509
-0.0129851 0.468021 120.571
-0.0129851 0.582157 117.632
-0.0129851 0.696292 114.694
-0.0129851 0.810428 111.755
-0.0129851 0.924564 108.817
-0.0129851 1.0387 105.878
-0.0129851 1.15283 102.94
-0.0129851 1.26697 100.001
-0.0129851 1.38111 97.0625
-0.0129851 1.49524 94.124

0.0490866 -1.81469 152.346
0.0490866 -1.70056 152.854
0.0490866 -1.58642 153.363
0.0490866 -1.47228 153.871
0.0490866 -1.35815 154.379
0.0490866 -1.24401 154.888
0.0490866 -1.12988 155.396
0.0490866 -1.01574 155.904
0.0490866 -0.901607 153.802
0.0490866 -0.787471 150.887
0.0490866 -0.673335 147.973
0.0490866 -0.5592 145.058
0.0490866 -0.445064 142.143
0.0490866 -0.330928 139.229
0.0490866 -0.216793 136.314
0.0490866 -0.102657 133.399
0.0490866 0.0114785 130.485
0.0490866 0.125614 127.57
0.0490866 0.23975 124.656
0.0490866 0.353885 121.741
0.0490866 0.468021 118.826
0.0490866 0.582157 115.912
0.0490866 0.696292 112.997
0.0490866 0.810428 110.082
0.0490866 0.924564 107.168
0.0490866 1.0387 104.253
0.0490866 1.15283 101.338
0.0490866 1.26697 98.4238
0.0490866 1.38111 95.5092
0.0490866 1.49524 92.5946

0.111158 -1.81469 150.475
0.111158 -1.70056 150.959
0.111158 -1.58642 151.442
0.111158 -1.47228 151.926
0.111158 -1.35815 152.41
0.111158 -1.24401 152.894
0.111158 -1.12988 153.377
0.111158 -1.01574 153.861
0.111158 -0.901607 151.771
0.111158 -0.787471 148.88
0.111158 -0.673335 145.989
0.111158 -0.5592 143.099
0.111158 -0.445064 140.208
0.111158 -0.330928 137.317
0.111158 -0.216793 134.426
0.111158 -0.102657 131.536
0.111158 0.0114785 128.645
0.111158 0.125614 125.754
0.111158 0.23975 122.863
0.111158 0.353885 119.973
0.111158 0.468021 117.082
0.111158 0.582157 114.191
0.111158 0.696292 111.3
0.111158 0.810428 108.41
0.111158 0.924564 105.519
0.111158 1.0387 102.628
0.111158 1.15283 99.7374
0.111158 1.26697 96.8466
0.111158 1.38111 93.9559
0.111158 1.49524 91.0651

0.17323 -1.81469 148.604
0.17323 -1.70056 149.063
0.17323 -1.58642 149.522
0.17323 -1.47228 149.981
0.17323 -1.35815 150.44
0.17323 -1.24401 150.9
0.17323 -1.12988 151.359
0.17323 -1.01574 151.818
0.17323 -0.901607 149.74
0.17323 -0.787471 146.873
0.17323 -0.673335 144.006
0.17323 -0.5592 141.139
0.17323 -0.445064 138.272
0.17323 -0.330928 135.406
0.17323 -0.216793 132.539
0.17323 -0.102657 129.672
0.17323 0.0114785 126.805
0.17323 0.125614 123.938
0.17323 0.23975 121.071
0.17323 0.353885 118.204
0.17323 0.468021 115.338
0.17323 0.582157 112.471
0.17323 0.696292 109.604
0.17323 0.810428 106.737
0.17323 0.924564 103.87
0.17323 1.0387 101.003
0.17323 1.15283 98.1363
0.17323 1.26697 95.2695
0.17323 1.38111 92.4026
0.17323 1.49524 89.5357

0.235302 -1.81469 146.733
0.235302 -1.70056 147.168
0.235302 -1.58642 147.602
0.235302 -1.47228 148.037
0.235302 -1.35815 148.471
0.235302 -1.24401 148.905
0.235302 -1.12988 149.34
0.235302 -1.01574 149.774
0.235302 -0.901607 147.709
0.235302 -0.787471 144.866
0.235302 -0.673335 142.023
0.235302 -0.5592 139.18
0.235302 -0.445064 136.337
0.235302 -0.330928 133.494
0.235302 -0.216793 130.651
0.235302 -0.102657 127.808
0.235302 0.0114785 124.965
0.235302 0.125614 122.122
0.235302 0.23975 119.279
0.235302 0.353885 116.436
0.235302 0.468021 113.593
0.235302 0.582157 110.75
0.235302 0.696292 107.907
0.235302 0.810428 105.064
0.235302 0.924564 102.221
0.235302 1.0387 99.3782
0.235302 1.15283 96.5352
0.235302 1.26697 93.6923
0.235302 1.38111 90.8493
0.235302 1.49524 88.0063

0.297374 -1.81469 144.862
0.297374 -1.70056 145.272
0.297374 -1.58642 145.682
0.297374 -1.47228 146.092
0.297374 -1.35815 146.502
0.297374 -1.24401 146.911
0.297374 -1.12988 147.321
0.297374 -1.01574 147.731
0.297374 -0.901607 145.678
0.297374 -0.787471 142.859
0.297374 -0.673335 140.04
0.297374 -0.5592 137.221
0.297374 -0.445064 134.402
0.297374 -0.330928 131.582
0.297374 -0.216793 128.763
0.297374 -0.102657 125.944
0.297374 0.0114785 123.125
0.297374 0.125614 120.306
0.297374 0.23975 117.487
0.297374 0.353885 114.668
0.297374 0.468021 111.849
0.297374 0.582157 109.03
0.297374 0.696292 106.211
0.297374 0.810428 103.391
0.297374 0.924564 100.572
0.297374 1.0387 97.7533
0.297374 1.15283 94.9342
0.297374 1.26697 92.1151
0.297374 1.38111 89.296
0.297374 1.49524 86.4769

0.359445 -1.81469 142.991
0.359445 -1.70056 143.377
0.359445 -1.58642 143.762
0.359445 -1.47228 144.147
0.359445 -1.35815 144.532
0.359445 -1.24401 144.917
0.359445 -1.12988 145.302
0.359445 -1.01574 145.688
0.359445 -0.901607 143.647
0.359445 -0.787471 140.852
0.359445 -0.673335 138.057
0.359445 -0.5592 135.261
0.359445 -0.445064 132.466
0.359445 -0.330928 129.671
0.359445 -0.216793 126.876
0.359445 -0.102657 124.08
0.359445 0.0114785 121.285
0.359445 0.125614 118.49
0.359445 0.23975 115.695
0.359445 0.353885 112.9
0.359445 0.468021 110.104
0.359445 0.582157 107.309
0.359445 0.696292 104.514
0.359445 0.810428 101.719
0.359445 0.924564 98.9235
0.359445 1.0387 96.1283
0.359445 1.15283 93.3331
0.359445 1.26697 90.5379
0.359445 1.38111 87.7427
0.359445 1.49524 84.9475

0.421517 -1.81469 141.12
0.421517 -1.70056 141.481
0.421517 -1.58642 141.842
0.421517 -1.47228 142.202
0.421517 -1.35815 142.563
0.421517 -1.24401 142.923
0.421517 -1.12988 143.284
0.421517 -1.01574 143.644
0.421517 -0.901607 141.616
0.421517 -0.787471 138.845
0.421517 -0.673335 136.073
0.421517 -0.5592 133.302
0.421517 -0.445064 130.531
0.421517 -0.330928 127.759
0.421517 -0.216793 124.988
0.421517 -0.102657 122.217
0.421517 0.0114785 119.445
0.421517 0.125614 116.674
0.421517 0.23975 113.903
0.421517 0.353885 111.131
0.421517 0.468021 108.36
0.421517 0.582157 105.589
0.421517 0.696292 102.817
0.421517 0.810428 100.046
0.421517 0.924564 97.2747
0.421517 1.0387 94.5033
0.421517 1.15283 91.732
0.421517 1.26697 88.9607
0.421517 1.38111 86.1894
0.421517 1.49524 83.418

0.483589 -1.81469 139.249
0.483589 -1.70056 139.585
0.483589 -1.58642 139.921
0.483589 -1.47228 140.257
0.483589 -1.35815 140.593
0.483589 -1.24401 140.929
0.483589 -1.12988 141.265
0.483589 -1.01574 141.601
0.483589 -0.901607 139.585
0.483589 -0.787471 136.838
0.483589 -0.673335 134.09
0.483589 -0.5592 131.343
0.483589 -0.445064 128.595
0.483589 -0.330928 125.848
0.483589 -0.216793 123.1
0.483589 -0.102657 120.353
0.483589 0.0114785 117.605
0.483589 0.125614 114.858
0.483589 0.23975 112.111
0.483589 0.353885 109.363
0.483589 0.468021 106.616
0.483589 0.582157 103.868
0.483589 0.696292 101.121
0.483589 0.810428 98.3733
0.483589 0.924564 95.6258
0.483589 1.0387 92.8784
0.483589 1.15283 90.1309
0.483589 1.26697 87.3835
0.483589 1.38111 84.6361
0.483589 1.49524 81.8886

0.54566 -1.81469 137.379
0.54566 -1.70056 137.69
0.54566 -1.58642 138.001
0.54566 -1.47228 138.312
0.54566 -1.35815 138.624
0.54566 -1.24401 138.935
0.54566 -1.12988 139.246
0.54566 -1.01574 139.558
0.54566 -0.901607 137.554
0.54566 -0.787471 134.83
0.54566 -0.673335 132.107
0.54566 -0.5592 129.383
0.54566 -0.445064 126.66
0.54566 -0.330928 123.936
0.54566 -0.216793 121.213
0.54566 -0.102657 118.489
0.54566 0.0114785 115.765
0.54566 0.125614 113.042
0.54566 0.23975 110.318
0.54566 0.353885 107.595
0.54566 0.468021 104.871
0.54566 0.582157 102.148
0.54566 0.696292 99.4241
0.54566 0.810428 96.7006
0.54566 0.924564 93.977
0.54566 1.0387 91.2534
0.54566 1.15283 88.5299
0.54566 1.26697 85.8063
0.54566 1.38111 83.0827
0.54566 1.49524 80.3592

0.607732 -1.81469 135.508
0.607732 -1.70056 135.794
0.607732 -1.58642 136.081
0.607732 -1.47228 136.368
0.607732 -1.35815 136.654
0.607732 -1.24401 136.941
0.607732 -1.12988 137.228
0.607732 -1.01574 137.514
0.607732 -0.901607 135.523
0.607732 -0.787471 132.823
0.607732 -0.673335 130.124
0.607732 -0.5592 127.424
0.607732 -0.445064 124.724
0.607732 -0.330928 122.025
0.607732 -0.216793 119.325
0.607732 -0.102657 116.625
0.607732 0.0114785 113.926
0.607732 0.125614 111.226
0.607732 0.23975 108.526
0.607732 0.353885 105.827
0.607732 0.468021 103.127
0.607732 0.582157 100.427
0.607732 0.696292 97.7275
0.607732 0.810428 95.0278
0.607732 0.924564 92.3282
0.607732 1.0387 89.6285
0.607732 1.15283 86.9288
0.607732 1.26697 84.2291
0.607732 1.38111 81.5294
0.607732 1.49524 78.8298

0.669804 -1.81469 133.637
0.669804 -1.70056 133.899
0.669804 -1.58642 134.161
0.669804 -1.47228 134.423
0.669804 -1.35815 134.685
0.669804 -1.24401 134.947
0.669804 -1.12988 135.209
0.669804 -1.01574 135.471
0.669804 -0.901607 133.492
0.669804 -0.787471 130.816
0.669804 -0.673335 128.14
0.669804 -0.5592 125.465
0.669804 -0.445064 122.789
0.669804 -0.330928 120.113
0.669804 -0.216793 117.437
0.669804 -0.102657 114.761
0.669804 0.0114785 112.086
0.669804 0.125614 109.41
0.669804 0.23975 106.734
0.669804 0.353885 104.058
0.669804 0.468021 101.382
0.669804 0.582157 98.7067
0.669804 0.696292 96.0309
0.669804 0.810428 93.3551
0.669804 0.924564 90.6793
0.669804 1.0387 88.0035
0.669804 1.15283 85.3277
0.669804 1.26697 82.6519
0.669804 1.38111 79.9761
0.669804 1.49524 77.3003

0.731876 -1.81469 131.766
0.731876 -1.70056 132.003
0.731876 -1.58642 132.241
0.731876 -1.47228 132.478
0.731876 -1.35815 132.715
0.731876 -1.24401 132.953
0.731876 -1.12988 133.19
0.731876 -1.01574 133.427
0.731876 -0.901607 131.461
0.731876 -0.787471 128.809
0.731876 -0.673335 126.157
0.731876 -0.5592 123.505
0.731876 -0.445064 120.853
0.731876 -0.330928 118.201
0.731876 -0.216793 115.55
0.731876 -0.102657 112.898
0.731876 0.0114785 110.246
0.731876 0.125614 107.594
0.731876 0.23975 104.942
0.731876 0.353885 102.29
0.731876 0.468021 99.6381
0.731876 0.582157 96.9862
0.731876 0.696292 94.3343
0.731876 0.810428 91.6824
0.731876 0.924564 89.0305
0.731876 1.0387 86.3786
0.731876 1.15283 83.7266
0.731876 1.26697 81.0747
0.731876 1.38111 78.4228
0.731876 1.49524 75.7709

0.793947 -1.81469 129.895
0.793947 -1.70056 130.108
0.793947 -1.58642 130.32
0.793947 -1.47228 130.533
0.793947 -1.35815 130.746
0.793947 -1.24401 130.959
0.793947 -1.12988 131.171
0.793947 -1.01574 131.384
0.793947 -0.901607 129.43
0.793947 -0.787471 126.802
0.793947 -0.673335 124.174
0.793947 -0.5592 121.546
0.793947 -0.445064 118.918
0.793947 -0.330928 116.29
0.793947 -0.216793 113.662
0.793947 -0.102657 111.034
0.793947 0.0114785 108.406
0.793947 0.125614 105.778
0.793947 0.23975 103.15
0.793947 0.353885 100.522
0.793947 0.468021 97.8937
0.793947 0.582157 95.2657
0.793947 0.696292 92.6377
0.793947 0.810428 90.0097
0.793947 0.924564 87.3816
0.793947 1.0387 84.7536
0.793947 1.15283 82.1256
0.793947 1.26697 79.4975
0.793947 1.38111 76.8695
0.793947 1.49524 74.2415

0.856019 -1.81469 128.024
0.856019 -1.70056 128.212
0.856019 -1.58642 128.4
0.856019 -1.47228 128.588
0.856019 -1.35815 128.776
0.856019 -1.24401 128.965
0.856019 -1.12988 129.153
0.856019 -1.01574 129.341
0.856019 -0.901607 127.399
0.856019 -0.787471 124.795
0.856019 -0.673335 122.191
0.856019 -0.5592 119.587
0.856019 -0.445064 116.983
0.856019 -0.330928 114.378
0.856019 -0.216793 111.774
0.856019 -0.102657 109.17
0.856019 0.0114785 106.566
0.856019 0.125614 103.962
0.856019 0.23975 101.358
0.856019 0.353885 98.7535
0.856019 0.468021 96.1494
0.856019 0.582157 93.5452
0.856019 0.696292 90.9411
0.856019 0.810428 88.3369
0.856019 0.924564 85.7328
0.856019 1.0387 83.1286
0.856019 1.15283 80.5245
0.856019 1.26697 77.9204
0.856019 1.38111 75.3162
0.856019 1.49524 72.7121

0.918091 -1.81469 126.153
0.918091 -1.70056 126.316
0.918091 -1.58642 126.48
0.918091 -1.47228 126.643
0.918091 -1.35815 126.807
0.918091 -1.24401 126.97
0.918091 -1.12988 127.134
0.918091 -1.01574 127.297
0.918091 -0.901607 125.368
0.918091 -0.787471 122.788
0.918091 -0.673335 120.208
0.918091 -0.5592 117.627
0.918091 -0.445064 115.047
0.918091 -0.330928 112.467
0.918091 -0.216793 109.887
0.918091 -0.102657 107.306
0.918091 0.0114785 104.726
0.918091 0.125614 102.146
0.918091 0.23975 99.5655
0.918091 0.353885 96.9852
0.918091 0.468021 94.405
0.918091 0.582157 91.8247
0.918091 0.696292 89.2445
0.918091 0.810428 86.6642
0.918091 0.924564 84.0839
0.918091 1.0387 81.5037
0.918091 1.15283 78.9234
0.918091 1.26697 76.3432
0.918091 1.38111 73.7629
0.918091 1.49524 71.1826

0.980163 -1.81469 124.282
0.980163 -1.70056 124.421
0.980163 -1.58642 124.56
0.980163 -1.47228 124.699
0.980163 -1.35815 124.837
0.980163 -1.24401 124.976
0.980163 -1.12988 125.115
0.980163 -1.01574 125.254
0.980163 -0.901607 123.337
0.980163 -0.787471 120.781
0.980163 -0.673335 118.224
0.980163 -0.5592 115.668
0.980163 -0.445064 113.112
0.980163 -0.330928 110.555
0.980163 -0.216793 107.999
0.980163 -0.102657 105.442
0.980163 0.0114785 102.886
0.980163 0.125614 100.33
0.980163 0.23975 97.7734
0.980163 0.353885 95.217
0.980163 0.468021 92.6606
0.980163 0.582157 90.1042
0.980163 0.696292 87.5479
0.980163 0.810428 84.9915
0.980163 0.924564 82.4351
0.980163 1.0387 79.8787
0.980163 1.15283 77.3223
0.980163 1.26697 74.766
0.980163 1.38111 72.2096
0.980163 1.49524 69.6532

1.04223 -1.81469 122.411
1.04223 -1.70056 122.525
1.04223 -1.58642 122.64
1.04223 -1.47228 122.754
1.04223 -1.35815 122.868
1.04223 -1.24401 122.982
1.04223 -1.12988 123.096
1.04223 -1.01574 123.211
1.04223 -0.901607 121.306
1.04223 -0.787471 118.774
1.04223 -0.673335 116.241
1.04223 -0.5592 113.709
1.04223 -0.445064 111.176
1.04223 -0.330928 108.644
1.04223 -0.216793 106.111
1.04223 -0.102657 103.579
1.04223 0.0114785 101.046
1.04223 0.125614 98.5137
1.04223 0.23975 95.9812
1.04223 0.353885 93.4487
1.04223 0.468021 90.9162
1.04223 0.582157 88.3837
1.04223 0.696292 85.8512
1.04223 0.810428 83.3188
1.04223 0.924564 80.7863
1.04223 1.0387 78.2538
1.04223 1.15283 75.7213
1.04223 1.26697 73.1888
1.04223 1.38111 70.6563
1.04223 1.49524 68.1238

1.10431 -1.81469 120.54
1.10431 -1.70056 120.63
1.10431 -1.58642 120.719
1.10431 -1.47228 120.809
1.10431 -1.35815 120.899
1.10431 -1.24401 120.988
1.10431 -1.12988 121.078
1.10431 -1.01574 121.167
1.10431 -0.901607 119.275
1.10431 -0.787471 116.767
1.10431 -0.673335 114.258
1.10431 -0.5592 111.749
1.10431 -0.445064 109.241
1.10431 -0.330928 106.732
1.10431 -0.216793 104.224
1.10431 -0.102657 101.715
1.10431 0.0114785 99.2063
1.10431 0.125614 96.6977
1.10431 0.23975 94.1891
1.10431 0.353885 91.6805
1.10431 0.468021 89.1719
1.10431 0.582157 86.6632
1.10431 0.696292 84.1546
1.10431 0.810428 81.646
1.10431 0.924564 79.1374
1.10431 1.0387 76.6288
1.10431 1.15283 74.1202
1.10431 1.26697 71.6116
1.10431 1.38111 69.103
1.10431 1.49524 66.5944

1.16638 -1.81469 118.669
1.16638 -1.70056 118.734
1.16638 -1.58642 118.799
1.16638 -1.47228 118.864
1.16638 -1.35815 118.929
1.16638 -1.24401 118.994
1.16638 -1.12988 119.059
1.16638 -1.01574 119.124
1.16638 -0.901607 117.244
1.16638 -0.787471 114.759
1.16638 -0.673335 112.275
1.16638 -0.5592 109.79
1.16638 -0.445064 107.305
1.16638 -0.330928 104.821
1.16638 -0.216793 102.336
1.16638 -0.102657 99.8511
1.16638 0.0114785 97.3664
1.16638 0.125614 94.8817
1.16638 0.23975 92.3969
1.16638 0.353885 89.9122
1.16638 0.468021 87.4275
1.16638 0.582157 84.9428
1.16638 0.696292 82.458
1.16638 0.810428 79.9733
1.16638 0.924564 77.4886
1.16638 1.0387 75.0039
1.16638 1.15283 72.5191
1.16638 1.26697 70.0344
1.16638 1.38111 67.5497
1.16638 1.49524 65.0649

1.22845 -1.81469 116.798
1.22845 -1.70056 116.839
1.22845 -1.58642 116.879
1.22845 -1.47228 116.919
1.22845 -1.35815 116.96
1.22845 -1.24401 117
1.22845 -1.12988 117.04
1.22845 -1.01574 117.081
1.22845 -0.901607 115.213
1.22845 -0.787471 112.752
1.22845 -0.673335 110.292
1.22845 -0.5592 107.831
1.22845 -0.445064 105.37
1.22845 -0.330928 102.909
1.22845 -0.216793 100.448
1.22845 -0.102657 97.9873
1.22845 0.0114785 95.5265
1.22845 0.125614 93.0656
1.22845 0.23975 90.6048
1.22845 0.353885 88.1439
1.22845 0.468021 85.6831
1.22845 0.582157 83.2223
1.22845 0.696292 80.7614
1.22845 0.810428 78.3006
1.22845 0.924564 75.8397
1.22845 1.0387 73.3789
1.22845 1.15283 70.9181
1.22845 1.26697 68.4572
1.22845 1.38111 65.9964
1.22845 1.49524 63.5355

1.29052 -1.81469 114.927
1.29052 -1.70056 114.943
1.29052 -1.58642 114.959
1.29052 -1.47228 114.975
1.29052 -1.35815 114.99
1.29052 -1.24401 115.006
1.29052 -1.12988 115.022
1.29052 -1.01574 115.037
1.29052 -0.901607 113.182
1.29052 -0.787471 110.745
1.29052 -0.673335 108.308
1.29052 -0.5592 105.871
1.29052 -0.445064 103.434
1.29052 -0.330928 100.997
1.29052 -0.216793 98.5605
1.29052 -0.102657 96.1235
1.29052 0.0114785 93.6866
1.29052 0.125614 91.2496
1.29052 0.23975 88.8126
1.29052 0.353885 86.3757
1.29052 0.468021 83.9387
1.29052 0.582157 81.5018
1.29052 0.696292 79.0648
1.29052 0.810428 76.6279
1.29052 0.924564 74.1909
1.29052 1.0387 71.7539
1.29052 1.15283 69.317
1.29052 1.26697 66.88
1.29052 1.38111 64.4431
1.29052 1.49524 62.0061

1.35259 -1.81469 113.057
1.35259 -1.70056 113.048
1.35259 -1.58642 113.039
1.35259 -1.47228 113.03
1.35259 -1.35815 113.021
1.35259 -1.24401 113.012
1.35259 -1.12988 113.003
1.35259 -1.01574 112.994
1.35259 -0.901607 111.151
1.35259 -0.787471 108.738
1.35259 -0.673335 106.325
1.35259 -0.5592 103.912
1.35259 -0.445064 101.499
1.35259 -0.330928 99.0859
1.35259 -0.216793 96.6728
1.35259 -0.102657 94.2597
1.35259 0.0114785 91.8467
1.35259 0.125614 89.4336
1.35259 0.23975 87.0205
1.35259 0.353885 84.6074
1.35259 0.468021 82.1944
1.35259 0.582157 79.7813
1.35259 0.696292 77.3682
1.35259 0.810428 74.9551
1.35259 0.924564 72.5421
1.35259 1.0387 70.129
1.35259 1.15283 67.7159
1.35259 1.26697 65.3028
1.35259 1.38111 62.8898
1.35259 1.49524 60.4767

1.41466 -1.81469 111.186
1.41466 -1.70056 111.152
1.41466 -1.58642 111.118
1.41466 -1.47228 111.085
1.41466 -1.35815 111.051
1.41466 -1.24401 111.018
1.41466 -1.12988 110.984
1.41466 -1.01574 110.951
1.41466 -0.901607 109.12
1.41466 -0.787471 106.731
1.41466 -0.673335 104.342
1.41466 -0.5592 101.953
1.41466 -0.445064 99.5635
1.41466 -0.330928 97.1743
1.41466 -0.216793 94.7851
1.41466 -0.102657 92.3959
1.41466 0.0114785 90.0067
1.41466 0.125614 87.6175
1.41466 0.23975 85.2284
1.41466 0.353885 82.8392
1.41466 0.468021 80.45
1.41466 0.582157 78.0608
1.41466 0.696292 75.6716
1.41466 0.810428 73.2824
1.41466 0.924564 70.8932
1.41466 1.0387 68.504
1.41466 1.15283 66.1148
1.41466 1.26697 63.7256
1.41466 1.38111 61.3364
1.41466 1.49524 58.9473

1.47674 -1.81469 109.315
1.47674 -1.70056 109.256
1.47674 -1.58642 109.198
1.47674 -1.47228 109.14
1.47674 -1.35815 109.082
1.47674 -1.24401 109.024
1.47674 -1.12988 108.965
1.47674 -1.01574 108.907
1.47674 -0.901607 107.089
1.47674 -0.787471 104.724
1.47674 -0.673335 102.359
1.47674 -0.5592 99.9934
1.47674 -0.445064 97.6281
1.47674 -0.330928 95.2627
1.47674 -0.216793 92.8974
1.47674 -0.102657 90.5321
1.47674 0.0114785 88.1668
1.47674 0.125614 85.8015
1.47674 0.23975 83.4362
1.47674 0.353885 81.0709
1.47674 0.468021 78.7056
1.47674 0.582157 76.3403
1.47674 0.696292 73.975
1.47674 0.810428 71.6097
1.47674 0.924564 69.2444
1.47674 1.0387 66.8791
1.47674 1.15283 64.5138
1.47674 1.26697 62.1484
1.47674 1.38111 59.7831
1.47674 1.49524 57.4178

1.53881 -1.81469 107.444
1.53881 -1.70056 107.361
1.53881 -1.58642 107.278
1.53881 -1.47228 107.195
1.53881 -1.35815 107.112
1.53881 -1.24401 107.03
1.53881 -1.12988 106.947
1.53881 -1.01574 106.864
1.53881 -0.901607 105.058
1.53881 -0.787471 102.717
1.53881 -0.673335 100.375
1.53881 -0.5592 98.034
1.53881 -0.445064 95.6926
1.53881 -0.330928 93.3512
1.53881 -0.216793 91.0098
1.53881 -0.102657 88.6683
1.53881 0.0114785 86.3269
1.53881 0.125614 83.9855
1.53881 0.23975 81.6441
1.53881 0.353885 79.3026
1.53881 0.468021 76.9612
1.53881 0.582157 74.6198
1.53881 0.696292 72.2784
1.53881 0.810428 69.937
1.53881 0.924564 67.5955
1.53881 1.0387 65.2541
1.53881 1.15283 62.9127
1.53881 1.26697 60.5713
1.53881 1.38111 58.2298
1.53881 1.49524 55.8884

1.60088 -1.81469 105.573
1.60088 -1.70056 105.465
1.60088 -1.58642 105.358
1.60088 -1.47228 105.25
1.60088 -1.35815 105.143
1.60088 -1.24401 105.035
1.60088 -1.12988 104.928
1.60088 -1.01574 104.821
1.60088 -0.901607 103.027
1.60088 -0.787471 100.71
1.60088 -0.673335 98.3922
1.60088 -0.5592 96.0747
1.60088 -0.445064 93.7572
1.60088 -0.330928 91.4396
1.60088 -0.216793 89.1221
1.60088 -0.102657 86.8045
1.60088 0.0114785 84.487
1.60088 0.125614 82.1695
1.60088 0.23975 79.8519
1.60088 0.353885 77.5344
1.60088 0.468021 75.2168
1.60088 0.582157 72.8993
1.60088 0.696292 70.5818
1.60088 0.810428 68.2642
1.60088 0.924564 65.9467
1.60088 1.0387 63.6291
1.60088 1.15283 61.3116
1.60088 1.26697 58.9941
1.60088 1.38111 56.6765
1.60088 1.49524 54.359

1.66295 -1.81469 103.702
1.66295 -1.70056 103.57
1.66295 -1.58642 103.438
1.66295 -1.47228 103.306
1.66295 -1.35815 103.173
1.66295 -1.24401 103.041
1.66295 -1.12988 102.909
1.66295 -1.01574 102.777
1.66295 -0.901607 100.996
1.66295 -0.787471 98.7027
1.66295 -0.673335 96.409
1.66295 -0.5592 94.1154
1.66295 -0.445064 91.8217
1.66295 -0.330928 89.5281
1.66295 -0.216793 87.2344
1.66295 -0.102657 84.9408
1.66295 0.0114785 82.6471
1.66295 0.125614 80.3534
1.66295 0.23975 78.0598
1.66295 0.353885 75.7661
1.66295 0.468021 73.4725
1.66295 0.582157 71.1788
1.66295 0.696292 68.8852
1.66295 0.810428 66.5915
1.66295 0.924564 64.2978
1.66295 1.0387 62.0042
1.66295 1.15283 59.7105
1.66295 1.26697 57.4169
1.66295 1.38111 55.1232
1.66295 1.49524 52.8296

1.72502 -1.81469 100.722
1.72502 -1.70056 100.58
1.72502 -1.58642 100.438
1.72502 -1.47228 100.296
1.72502 -1.35815 100.154
1.72502 -1.24401 100.012
1.72502 -1.12988 99.8695
1.72502 -1.01574 99.7274
1.72502 -0.901607 97.9736
1.72502 -0.787471 95.7184
1.72502 -0.673335 93.4633
1.72502 -0.5592 91.2081
1.72502 -0.445064 88.953
1.72502 -0.330928 86.6978
1.72502 -0.216793 84.4427
1.72502 -0.102657 82.1875
1.72502 0.0114785 79.9324
1.72502 0.125614 77.6773
1.72502 0.23975 75.4221
1.72502 0.353885 73.167
1.72502 0.468021 70.9118
1.72502 0.582157 68.6567
1.72502 0.696292 66.4015
1.72502 0.810428 64.1464
1.72502 0.924564 61.8912
1.72502 1.0387 59.6361
1.72502 1.15283 57.3809
1.72502 1.26697 55.1258
1.72502 1.38111 52.8706
1.72502 1.49524 50.6155

1.7871 -1.81469 96.247
1.7871 -1.70056 96.1146
1.7871 -1.58642 95.9822
1.7871 -1.47228 95.8499
1.7871 -1.35815 95.7175
1.7871 -1.24401 95.5851
1.7871 -1.12988 95.4527
1.7871 -1.01574 95.3203
1.7871 -0.901607 93.6132
1.7871 -0.787471 91.4163
1.7871 -0.673335 89.2194
1.7871 -0.5592 87.0224
1.7871 -0.445064 84.8255
1.7871 -0.330928 82.6286
1.7871 -0.216793 80.4317
1.7871 -0.102657 78.2348
1.7871 0.0114785 76.0379
1.7871 0.125614 73.841
1.7871 0.23975 71.6441
1.7871 0.353885 69.4471
1.7871 0.468021 67.2502
1.7871 0.582157 65.0533
1.7871 0.696292 62.8564
1.7871 0.810428 60.6595
1.7871 0.924564 58.4626
1.7871 1.0387 56.2657
1.7871 1.15283 54.0688
1.7871 1.26697 51.8718
1.7871 1.38111 49.6749
1.7871 1.49524 47.478

1.84917 -1.81469 91.6875
1.84917 -1.70056 91.5694
1.84917 -1.58642 91.4513
1.84917 -1.47228 91.3332
1.84917 -1.35815 91.2151
1.84917 -1.24401 91.097
1.84917 -1.12988 90.9789
1.84917 -1.01574 90.8608
1.84917 -0.901607 89.205
1.84917 -0.787471 87.0709
1.84917 -0.673335 84.9368
1.84917 -0.5592 82.8027
1.84917 -0.445064 80.6686
1.84917 -0.330928 78.5345
1.84917 -0.216793 76.4004
1.84917 -0.102657 74.2663
1.84917 0.0114785 72.1322
1.84917 0.125614 69.9981
1.84917 0.23975 67.864
1.84917 0.353885 65.7299
1.84917 0.468021 63.5958
1.84917 0.582157 61.4617
1.84917 0.696292 59.3276
1.84917 0.810428 57.1935
1.84917 0.924564 55.0594
1.84917 1.0387 52.9253
1.84917 1.15283 50.7912
1.84917 1.26697 48.6571
1.84917 1.38111 46.523
1.84917 1.49524 44.3889

1.91124 -1.81469 87.1229
1.91124 -1.70056 87.0194
1.91124 -1.58642 86.9159
1.91124 -1.47228 86.8123
1.91124 -1.35815 86.7088
1.91124 -1.24401 86.6053
1.91124 -1.12988 86.5017
1.91124 -1.01574 86.3982
1.91124 -0.901607 84.794
1.91124 -0.787471 82.723
1.91124 -0.673335 80.652
1.91124 -0.5592 78.581
1.91124 -0.445064 76.5099
1.91124 -0.330928 74.4389
1.91124 -0.216793 72.3679
1.91124 -0.102657 70.2969
1.91124 0.0114785 68.2259
1.91124 0.125614 66.1549
1.91124 0.23975 64.0839
1.91124 0.353885 62.0128
1.91124 0.468021 59.9418
1.91124 0.582157 57.8708
1.91124 0.696292 55.7998
1.91124 0.810428 53.7288
1.91124 0.924564 51.6578
1.91124 1.0387 49.5868
1.91124 1.15283 47.5158
1.91124 1.26697 45.4447
1.91124 1.38111 43.3737
1.91124 1.49524 41.3027

1.97331 -1.81469 82.5583
1.97331 -1.70056 82.4693
1.97331 -1.58642 82.3804
1.97331 -1.47228 82.2914
1.97331 -1.35815 82.2025
1.97331 -1.24401 82.1135
1.97331 -1.12988 82.0246
1.97331 -1.01574 81.9356
1.97331 -0.901607 80.383
1.97331 -0.787471 78.375
1.97331 -0.673335 76.3671
1.97331 -0.5592 74.3592
1.97331 -0.445064 72.3513
1.97331 -0.330928 70.3433
1.97331 -0.216793 68.3354
1.97331 -0.102657 66.3275
1.97331 0.0114785 64.3196
1.97331 0.125614 62.3116
1.97331 0.23975 60.3037
1.97331 0.353885 58.2958
1.97331 0.468021 56.2879
1.97331 0.582157 54.2799
1.97331 0.696292 52.272
1.97331 0.810428 50.2641
1.97331 0.924564 48.2562
1.97331 1.0387 46.2482
1.97331 1.15283 44.2403
1.97331 1.26697 42.2324
1.97331 1.38111 40.2244
1.97331 1.49524 38.2165

2.03538 -1.81469 77.9937
2.03538 -1.70056 77.9193
2.03538 -1.58642 77.8449
2.03538 -1.47228 77.7705
2.03538 -1.35815 77.6961
2.03538 -1.24401 77.6218
2.03538 -1.12988 77.5474
2.03538 -1.01574 77.473
2.03538 -0.901607 75.9719
2.03538 -0.787471 74.0271
2.03538 -0.673335 72.0822
2.03538 -0.5592 70.1374
2.03538 -0.445064 68.1926
2.03538 -0.330928 66.2477
2.03538 -0.216793 64.3029
2.03538 -0.102657 62.3581
2.03538 0.0114785 60.4132
2.03538 0.125614 58.4684
2.03538 0.23975 56.5235
2.03538 0.353885 54.5787
2.03538 0.468021 52.6339
2.03538 0.582157 50.689
2.03538 0.696292 48.7442
2.03538 0.810428 46.7994
2.03538 0.924564 44.8545
2.03538 1.0387 42.9097
2.03538 1.15283 40.9648
2.03538 1.26697 39.02
2.03538 1.38111 37.0752
2.03538 1.49524 35.1303

2.09745 -1.81469 73.5041
2.09745 -1.70056 73.4531
2.09745 -1.58642 73.402
2.09745 -1.47228 73.3509
2.09745 -1.35815 73.2998
2.09745 -1.24401 73.2487
2.09745 -1.12988 73.1977
2.09745 -1.01574 73.1466
2.09745 -0.901607 71.7058
2.09745 -0.787471 69.8328
2.09745 -0.673335 67.9598
2.09745 -0.5592 66.0868
2.09745 -0.445064 64.2138
2.09745 -0.330928 62.3408
2.09745 -0.216793 60.4677
2.09745 -0.102657 58.5947
2.09745 0.0114785 56.7217
2.09745 0.125614 54.8487
2.09745 0.23975 52.9757
2.09745 0.353885 51.1027
2.09745 0.468021 49.2296
2.09745 0.582157 47.3566
2.09745 0.696292 45.4836
2.09745 0.810428 43.6106
2.09745 0.924564 41.7376
2.09745 1.0387 39.8646
2.09745 1.15283 37.9916
2.09745 1.26697 36.1185
2.09745 1.38111 34.2455
2.09745 1.49524 32.3725

2.15953 -1.81469 69.0223
2.15953 -1.70056 68.9954
2.15953 -1.58642 68.9685
2.15953 -1.47228 68.9416
2.15953 -1.35815 68.9147
2.15953 -1.24401 68.8879
2.15953 -1.12988 68.861
2.15953 -1.01574 68.8341
2.15953 -0.901607 67.4545
2.15953 -0.787471 65.6542
2.15953 -0.673335 63.8539
2.15953 -0.5592 62.0536
2.15953 -0.445064 60.2533
2.15953 -0.330928 58.453
2.15953 -0.216793 56.6527
2.15953 -0.102657 54.8524
2.15953 0.0114785 53.0521
2.15953 0.125614 51.2518
2.15953 0.23975 49.4515
2.15953 0.353885 47.6512
2.15953 0.468021 45.8509
2.15953 0.582157 44.0506
2.15953 0.696292 42.2503
2.15953 0.810428 40.45
2.15953 0.924564 38.6497
2.15953 1.0387 36.8494
2.15953 1.15283 35.0491
2.15953 1.26697 33.2488
2.15953 1.38111 31.4485
2.15953 1.49524 29.6482

2.2216 -1.81469 64.5404
2.2216 -1.70056 64.5377
2.2216 -1.58642 64.535
2.2216 -1.47228 64.5323
2.2216 -1.35815 64.5296
2.2216 -1.24401 64.527
2.2216 -1.12988 64.5243
2.2216 -1.01574 64.5216
2.2216 -0.901607 63.2032
2.2216 -0.787471 61.4756
2.2216 -0.673335 59.748
2.2216 -0.5592 58.0205
2.2216 -0.445064 56.2929
2.2216 -0.330928 54.5653
2.2216 -0.216793 52.8377
2.2216 -0.102657 51.1101
2.2216 0.0114785 49.3825
2.2216 0.125614 47.6549
2.2216 0.23975 45.9273
2.2216 0.353885 44.1997
2.2216 0.468021 42.4721
2.2216 0.582157 40.7445
2.2216 0.696292 39.017
2.2216 0.810428 37.2894
2.2216 0.924564 35.5618
2.2216 1.0387 33.8342
2.2216 1.15283 32.1066
2.2216 1.26697 30.379
2.2216 1.38111 28.6514
2.2216 1.49524 26.9238

2.28367 -1.81469 60.0585
2.28367 -1.70056 60.08
2.28367 -1.58642 60.1015
2.28367 -1.47228 60.123
2.28367 -1.35815 60.1445
2.28367 -1.24401 60.1661
2.28367 -1.12988 60.1876
2.28367 -1.01574 60.2091
2.28367 -0.901607 58.9519
2.28367 -0.787471 57.297
2.28367 -0.673335 55.6422
2.28367 -0.5592 53.9873
2.28367 -0.445064 52.3324
2.28367 -0.330928 50.6775
2.28367 -0.216793 49.0227
2.28367 -0.102657 47.3678
2.28367 0.0114785 45.7129
2.28367 0.125614 44.058
2.28367 0.23975 42.4031
2.28367 0.353885 40.7483
2.28367 0.468021 39.0934
2.28367 0.582157 37.4385
2.28367 0.696292 35.7836
2.28367 0.810428 34.1288
2.28367 0.924564 32.4739
2.28367 1.0387 30.819
2.28367 1.15283 29.1641
2.28367 1.26697 27.5092
2.28367 1.38111 25.8544
2.28367 1.49524 24.1995

2.34574 -1.81469 55.5766
2.34574 -1.70056 55.6223
2.34574 -1.58642 55.668
2.34574 -1.47228 55.7138
2.34574 -1.35815 55.7595
2.34574 -1.24401 55.8052
2.34574 -1.12988 55.8509
2.34574 -1.01574 55.8966
2.34574 -0.901607 54.7006
2.34574 -0.787471 53.1185
2.34574 -0.673335 51.5363
2.34574 -0.5592 49.9541
2.34574 -0.445064 48.372
2.34574 -0.330928 46.7898
2.34574 -0.216793 45.2076
2.34574 -0.102657 43.6255
2.34574 0.0114785 42.0433
2.34574 0.125614 40.4611
2.34574 0.23975 38.879
2.34574 0.353885 37.2968
2.34574 0.468021 35.7146
2.34574 0.582157 34.1325
2.34574 0.696292 32.5503
2.34574 0.810428 30.9681
2.34574 0.924564 29.386
2.34574 1.0387 27.8038
2.34574 1.15283 26.2216
2.34574 1.26697 24.6395
2.34574 1.38111 23.0573
2.34574 1.49524 21.4751

2.40781 -1.81469 51.0948
2.40781 -1.70056 51.1647
2.40781 -1.58642 51.2346
2.40781 -1.47228 51.3045
2.40781 -1.35815 51.3744
2.40781 -1.24401 51.4443
2.40781 -1.12988 51.5142
2.40781 -1.01574 51.5841
2.40781 -0.901607 50.4493
2.40781 -0.787471 48.9399
2.40781 -0.673335 47.4304
2.40781 -0.5592 45.921
2.40781 -0.445064 44.4115
2.40781 -0.330928 42.9021
2.40781 -0.216793 41.3926
2.40781 -0.102657 39.8831
2.40781 0.0114785 38.3737
2.40781 0.125614 36.8642
2.40781 0.23975 35.3548
2.40781 0.353885 33.8453
2.40781 0.468021 32.3359
2.40781 0.582157 30.8264
2.40781 0.696292 29.317
2.40781 0.810428 27.8075
2.40781 0.924564 26.2981
2.40781 1.0387 24.7886
2.40781 1.15283 23.2792
2.40781 1.26697 21.7697
2.40781 1.38111 20.2603
2.40781 1.49524 18.7508

