-0.633702 -1.81469 0.0248553
-0.633702 -1.70056 0.0562161
-0.633702 -1.58642 0.087577
-0.633702 -1.47228 0.118938
-0.633702 -1.35815 0.150299
-0.633702 -1.24401 0.18166
-0.633702 -1.12988 0.21302
-0.633702 -1.01574 0.244381
-0.633702 -0.901607 0.245066
-0.633702 -0.787471 0.236208
-0.633702 -0.673335 0.227351
-0.633702 -0.5592 0.218494
-0.633702 -0.445064 0.209636
-0.633702 -0.330928 0.200779
-0.633702 -0.216793 0.191921
-0.633702 -0.102657 0.183064
-0.633702 0.0114785 0.174207
-0.633702 0.125614 0.165349
-0.633702 0.23975 0.156492
-0.633702 0.353885 0.147634
-0.633702 0.468021 0.138777
-0.633702 0.582157 0.12992
-0.633702 0.696292 0.121062
-0.633702 0.810428 0.112205
-0.633702 0.924564 0.103348
-0.633702 1.0387 0.0944902
-0.633702 1.15283 0.0856328
-0.633702 1.26697 0.0767754
-0.633702 1.38111 0.067918
-0.633702 1.49524 0.0590607

-0.571631 -1.81469 0.024249
-0.571631 -1.70056 0.0548448
-0.571631 -1.58642 0.0854407
-0.571631 -1.47228 0.116037
-0.571631 -1.35815 0.146632
-0.571631 -1.24401 0.177228
-0.571631 -1.12988 0.207824
-0.571631 -1.01574 0.23842
-0.571631 -0.901607 0.239088
-0.571631 -0.787471 0.230446
-0.571631 -0.673335 0.221805
-0.571631 -0.5592 0.213164
-0.571631 -0.445064 0.204522
-0.571631 -0.330928 0.195881
-0.571631 -0.216793 0.18724
-0.571631 -0.102657 0.178598
-0.571631 0.0114785 0.169957
-0.571631 0.125614 0.161316
-0.571631 0.23975 0.152674
-0.571631 0.353885 0.144033
-0.571631 0.468021 0.135392
-0.571631 0.582157 0.126751
-0.571631 0.696292 0.118109
-0.571631 0.810428 0.109468
-0.571631 0.924564 0.100827
-0.571631 1.0387 0.0921853
-0.571631 1.15283 0.0835439
-0.571631 1.26697 0.0749026
-0.571631 1.38111 0.0662613
-0.571631 1.49524 0.05762

-0.509559 -1.81469 0.0236427
-0.509559 -1.70056 0.0534735
-0.509559 -1.58642 0.0833044
-0.509559 -1.47228 0.113135
-0.509559 -1.35815 0.142966
-0.509559 -1.24401 0.172797
-0.509559 -1.12988 0.202628
-0.509559 -1.01574 0.232459
-0.509559 -0.901607 0.23311
-0.509559 -0.787471 0.224684
-0.509559 -0.673335 0.216259
-0.509559 -0.5592 0.207834
-0.509559 -0.445064 0.199409
-0.509559 -0.330928 0.190983
-0.509559 -0.216793 0.182558
-0.509559 -0.102657 0.174133
-0.509559 0.0114785 0.165708
-0.509559 0.125614 0.157282
-0.509559 0.23975 0.148857
-0.509559 0.353885 0.140432
-0.509559 0.468021 0.132007
-0.509559 0.582157 0.123581
-0.509559 0.696292 0.115156
-0.509559 0.810428 0.106731
-0.509559 0.924564 0.0983056
-0.509559 1.0387 0.0898803
-0.509559 1.15283 0.0814551
-0.509559 1.26697 0.0730298
-0.509559 1.38111 0.0646045
-0.509559 1.49524 0.0561793

-0.447487 -1.81469 0.0230364
-0.447487 -1.70056 0.0521022
-0.447487 -1.58642 0.0811681
-0.447487 -1.47228 0.110234
-0.447487 -1.35815 0.1393
-0.447487 -1.24401 0.168366
-0.447487 -1.12988 0.197432
-0.447487 -1.01574 0.226497
-0.447487 -0.901607 0.227132
-0.447487 -0.787471 0.218923
-0.447487 -0.673335 0.210713
-0.447487 -0.5592 0.202504
-0.447487 -0.445064 0.194295
-0.447487 -0.330928 0.186086
-0.447487 -0.216793 0.177877
-0.447487 -0.102657 0.169667
-0.447487 0.0114785 0.161458
-0.447487 0.125614 0.153249
-0.447487 0.23975 0.14504
-0.447487 0.353885 0.136831
-0.447487 0.468021 0.128621
-0.447487 0.582157 0.120412
-0.447487 0.696292 0.112203
-0.447487 0.810428 0.103994
-0.447487 0.924564 0.0957846
-0.447487 1.0387 0.0875754
-0.447487 1.15283 0.0793662
-0.447487 1.26697 0.071157
-0.447487 1.38111 0.0629478
-0.447487 1.49524 0.0547386

-0.385416 -1.81469 0.0224301
-0.385416 -1.70056 0.0507309
-0.385416 -1.58642 0.0790318
-0.385416 -1.47228 0.107333
-0.385416 -1.35815 0.135634
-0.385416 -1.24401 0.163934
-0.385416 -1.12988 0.192235
-0.385416 -1.01574 0.220536
-0.385416 -0.901607 0.221154
-0.385416 -0.787471 0.213161
-0.385416 -0.673335 0.205168
-0.385416 -0.5592 0.197174
-0.385416 -0.445064 0.189181
-0.385416 -0.330928 0.181188
-0.385416 -0.216793 0.173195
-0.385416 -0.102657 0.165202
-0.385416 0.0114785 0.157209
-0.385416 0.125614 0.149216
-0.385416 0.23975 0.141222
-0.385416 0.353885 0.133229
-0.385416 0.468021 0.125236
-0.385416 0.582157 0.117243
-0.385416 0.696292 0.10925
-0.385416 0.810428 0.101257
-0.385416 0.924564 0.0932636
-0.385416 1.0387 0.0852705
-0.385416 1.15283 0.0772773
-0.385416 1.26697 0.0692842
-0.385416 1.38111 0.061291
-0.385416 1.49524 0.0532979

-0.323344 -1.81469 0.0218238
-0.323344 -1.70056 0.0493596
-0.323344 -1.58642 0.0768955
-0.323344 -1.47228 0.104431
-0.323344 -1.35815 0.131967
-0.323344 -1.24401 0.159503
-0.323344 -1.12988 0.187039
-0.323344 -1.01574 0.214575
-0.323344 -0.901607 0.215176
-0.323344 -0.787471 0.207399
-0.323344 -0.673335 0.199622
-0.323344 -0.5592 0.191845
-0.323344 -0.445064 0.184068
-0.323344 -0.330928 0.17629
-0.323344 -0.216793 0.168513
-0.323344 -0.102657 0.160736
-0.323344 0.0114785 0.152959
-0.323344 0.125614 0.145182
-0.323344 0.23975 0.137405
-0.323344 0.353885 0.129628
-0.323344 0.468021 0.121851
-0.323344 0.582157 0.114074
-0.323344 0.696292 0.106297
-0.323344 0.810428 0.0985197
-0.323344 0.924564 0.0907426
-0.323344 1.0387 0.0829655
-0.323344 1.15283 0.0751884
-0.323344 1.26697 0.0674114
-0.323344 1.38111 0.0596343
-0.323344 1.49524 0.0518572

-0.261272 -1.81469 0.0212175
-0.261272 -1.70056 0.0479883
-0.261272 -1.58642 0.0747592
-0.261272 -1.47228 0.10153
-0.261272 -1.35815 0.128301
-0.261272 -1.24401 0.155072
-0.261272 -1.12988 0.181843
-0.261272 -1.01574 0.208614
-0.261272 -0.901607 0.209198
-0.261272 -0.787471 0.201637
-0.261272 -0.673335 0.194076
-0.261272 -0.5592 0.186515
-0.261272 -0.445064 0.178954
-0.261272 -0.330928 0.171393
-0.261272 -0.216793 0.163832
-0.261272 -0.102657 0.156271
-0.261272 0.0114785 0.14871
-0.261272 0.125614 0.141149
-0.261272 0.23975 0.133588
-0.261272 0.353885 0.126027
-0.261272 0.468021 0.118466
-0.261272 0.582157 0.110905
-0.261272 0.696292 0.103344
-0.261272 0.810428 0.0957826
-0.261272 0.924564 0.0882216
-0.261272 1.0387 0.0806606
-0.261272 1.15283 0.0730996
-0.261272 1.26697 0.0655386
-0.261272 1.38111 0.0579775
-0.261272 1.49524 0.0504165

-0.1992 -1.81469 0.0206112
-0.1992 -1.70056 0.046617
-0.1992 -1.58642 0.0726229
-0.1992 -1.47228 0.0986288
-0.1992 -1.35815 0.124635
-0.1992 -1.24401 0.150641
-0.1992 -1.12988 0.176646
-0.1992 -1.01574 0.202652
-0.1992 -0.901607 0.20322
-0.1992 -0.787471 0.195875
-0.1992 -0.673335 0.18853
-0.1992 -0.5592 0.181185
-0.1992 -0.445064 0.17384
-0.1992 -0.330928 0.166495
-0.1992 -0.216793 0.15915
-0.1992 -0.102657 0.151805
-0.1992 0.0114785 0.14446
-0.1992 0.125614 0.137115
-0.1992 0.23975 0.12977
-0.1992 0.353885 0.122425
-0.1992 0.468021 0.11508
-0.1992 0.582157 0.107735
-0.1992 0.696292 0.100391
-0.1992 0.810428 0.0930456
-0.1992 0.924564 0.0857006
-0.1992 1.0387 0.0783557
-0.1992 1.15283 0.0710107
-0.1992 1.26697 0.0636658
-0.1992 1.38111 0.0563208
-0.1992 1.49524 0.0489758

-0.137129 -1.81469 0.0200049
-0.137129 -1.70056 0.0452457
-0.137129 -1.58642 0.0704866
-0.137129 -1.47228 0.0957275
-0.137129 -1.35815 0.120968
-0.137129 -1.24401 0.146209
-0.137129 -1.12988 0.17145
-0.137129 -1.01574 0.196691
-0.137129 -0.901607 0.197242
-0.137129 -0.787471 0.190113
-0.137129 -0.673335 0.182984
-0.137129 -0.5592 0.175855
-0.137129 -0.445064 0.168726
-0.137129 -0.330928 0.161597
-0.137129 -0.216793 0.154469
-0.137129 -0.102657 0.14734
-0.137129 0.0114785 0.140211
-0.137129 0.125614 0.133082
-0.137129 0.23975 0.125953
-0.137129 0.353885 0.118824
-0.137129 0.468021 0.111695
-0.137129 0.582157 0.104566
-0.137129 0.696292 0.0974374
-0.137129 0.810428 0.0903085
-0.137129 0.924564 0.0831796
-0.137129 1.0387 0.0760507
-0.137129 1.15283 0.0689218
-0.137129 1.26697 0.0617929
-0.137129 1.38111 0.0546641
-0.137129 1.49524 0.0475352

-0.0750569 -1.81469 0.0193985
-0.0750569 -1.70056 0.0438744
-0.0750569 -1.58642 0.0683503
-0.0750569 -1.47228 0.0928262
-0.0750569 -1.35815 0.117302
-0.0750569 -1.24401 0.141778
-0.0750569 -1.12988 0.166254
-0.0750569 -1.01574 0.19073
-0.0750569 -0.901607 0.191264
-0.0750569 -0.787471 0.184351
-0.0750569 -0.673335 0.177438
-0.0750569 -0.5592 0.170525
-0.0750569 -0.445064 0.163613
-0.0750569 -0.330928 0.1567
-0.0750569 -0.216793 0.149787
-0.0750569 -0.102657 0.142874
-0.0750569 0.0114785 0.135961
-0.0750569 0.125614 0.129048
-0.0750569 0.23975 0.122136
-0.0750569 0.353885 0.115223
-0.0750569 0.468021 0.10831
-0.0750569 0.582157 0.101397
-0.0750569 0.696292 0.0944843
-0.0750569 0.810428 0.0875715
-0.0750569 0.924564 0.0806586
-0.0750569 1.0387 0.0737458
-0.0750569 1.15283 0.066833
-0.0750569 1.26697 0.0599201
-0.0750569 1.38111 0.0530073
-0.0750569 1.49524 0.0460945

-0.0129851 -1.81469 0.0187922
-0.0129851 -1.70056 0.0425031
-0.0129851 -1.58642 0.066214
-0.0129851 -1.47228 0.0899249
-0.0129851 -1.35815 0.113636
-0.0129851 -1.24401 0.137347
-0.0129851 -1.12988 0.161058
-0.0129851 -1.01574 0.184768
-0.0129851 -0.901607 0.185286
-0.0129851 -0.787471 0.178589
-0.0129851 -0.673335 0.171892
-0.0129851 -0.5592 0.165196
-0.0129851 -0.445064 0.158499
-0.0129851 -0.330928 0.151802
-0.0129851 -0.216793 0.145105
-0.0129851 -0.102657 0.138409
-0.0129851 0.0114785 0.131712
-0.0129851 0.125614 0.125015
-0.0129851 0.23975 0.118318
-0.0129851 0.353885 0.111621
-0.0129851 0.468021 0.104925
-0.0129851 0.582157 0.0982279
-0.0129851 0.696292 0.0915312
-0.0129851 0.810428 0.0848344
-0.0129851 0.924564 0.0781376
-0.0129851 1.0387 0.0714409
-0.0129851 1.15283 0.0647441
-0.0129851 1.26697 0.0580473
-0.0129851 1.38111 0.0513506
-0.0129851 1.49524 0.0446538

0.0490866 -1.81469 0.0181859
0.0490866 -1.70056 0.0411318
0.0490866 -1.58642 0.0640777
0.0490866 -1.47228 0.0870236
0.0490866 -1.35815 0.10997
0.0490866 -1.24401 0.132915
0.0490866 -1.12988 0.155861
0.0490866 -1.01574 0.178807
0.0490866 -0.901607 0.179308
0.0490866 -0.787471 0.172827
0.0490866 -0.673335 0.166347
0.0490866 -0.5592 0.159866
0.0490866 -0.445064 0.153385
0.0490866 -0.330928 0.146904
0.0490866 -0.216793 0.140424
0.0490866 -0.102657 0.133943
0.0490866 0.0114785 0.127462
0.0490866 0.125614 0.120982
0.0490866 0.23975 0.114501
0.0490866 0.353885 0.10802
0.0490866 0.468021 0.101539
0.0490866 0.582157 0.0950588
0.0490866 0.696292 0.0885781
0.0490866 0.810428 0.0820973
0.0490866 0.924564 0.0756166
0.0490866 1.0387 0.0691359
0.0490866 1.15283 0.0626552
0.0490866 1.26697 0.0561745
0.0490866 1.38111 0.0496938
0.0490866 1.49524 0.0432131

0.111158 -1.81469 0.0175796
0.111158 -1.70056 0.0397605
0.111158 -1.58642 0.0619414
0.111158 -1.47228 0.0841223
0.111158 -1.35815 0.106303
0.111158 -1.24401 0.128484
0.111158 -1.12988 0.150665
0.111158 -1.01574 0.172846
0.111158 -0.901607 0.17333
0.111158 -0.787471 0.167065
0.111158 -0.673335 0.160801
0.111158 -0.5592 0.154536
0.111158 -0.445064 0.148271
0.111158 -0.330928 0.142007
0.111158 -0.216793 0.135742
0.111158 -0.102657 0.129477
0.111158 0.0114785 0.123213
0.111158 0.125614 0.116948
0.111158 0.23975 0.110684
0.111158 0.353885 0.104419
0.111158 0.468021 0.0981542
0.111158 0.582157 0.0918896
0.111158 0.696292 0.0856249
0.111158 0.810428 0.0793603
0.111158 0.924564 0.0730956
0.111158 1.0387 0.066831
0.111158 1.15283 0.0605663
0.111158 1.26697 0.0543017
0.111158 1.38111 0.0480371
0.111158 1.49524 0.0417724

0.17323 -1.81469 0.0169733
0.17323 -1.70056 0.0383892
0.17323 -1.58642 0.0598051
0.17323 -1.47228 0.081221
0.17323 -1.35815 0.102637
0.17323 -1.24401 0.124053
0.17323 -1.12988 0.145469
0.17323 -1.01574 0.166885
0.17323 -0.901607 0.167352
0.17323 -0.787471 0.161303
0.17323 -0.673335 0.155255
0.17323 -0.5592 0.149206
0.17323 -0.445064 0.143158
0.17323 -0.330928 0.137109
0.17323 -0.216793 0.131061
0.17323 -0.102657 0.125012
0.17323 0.0114785 0.118963
0.17323 0.125614 0.112915
0.17323 0.23975 0.106866
0.17323 0.353885 0.100818
0.17323 0.468021 0.094769
0.17323 0.582157 0.0887204
0.17323 0.696292 0.0826718
0.17323 0.810428 0.0766232
0.17323 0.924564 0.0705746
0.17323 1.0387 0.0645261
0.17323 1.15283 0.0584775
0.17323 1.26697 0.0524289
0.17323 1.38111 0.0463803
0.17323 1.49524 0.0403317

0.235302 -1.81469 0.016367
0.235302 -1.70056 0.0370179
0.235302 -1.58642 0.0576688
0.235302 -1.47228 0.0783197
0.235302 -1.35815 0.0989706
0.235302 -1.24401 0.119622
0.235302 -1.12988 0.140272
0.235302 -1.01574 0.160923
0.235302 -0.901607 0.161374
0.235302 -0.787471 0.155542
0.235302 -0.673335 0.149709
0.235302 -0.5592 0.143876
0.235302 -0.445064 0.138044
0.235302 -0.330928 0.132211
0.235302 -0.216793 0.126379
0.235302 -0.102657 0.120546
0.235302 0.0114785 0.114714
0.235302 0.125614 0.108881
0.235302 0.23975 0.103049
0.235302 0.353885 0.0972163
0.235302 0.468021 0.0913837
0.235302 0.582157 0.0855512
0.235302 0.696292 0.0797187
0.235302 0.810428 0.0738862
0.235302 0.924564 0.0680537
0.235302 1.0387 0.0622211
0.235302 1.15283 0.0563886
0.235302 1.26697 0.0505561
0.235302 1.38111 0.0447236
0.235302 1.49524 0.038891

0.297374 -1.81469 0.0157607
0.297374 -1.70056 0.0356466
0.297374 -1.58642 0.0555325
0.297374 -1.47228 0.0754184
0.297374 -1.35815 0.0953043
0.297374 -1.24401 0.11519
0.297374 -1.12988 0.135076
0.297374 -1.01574 0.154962
0.297374 -0.901607 0.155396
0.297374 -0.787471 0.14978
0.297374 -0.673335 0.144163
0.297374 -0.5592 0.138547
0.297374 -0.445064 0.13293
0.297374 -0.330928 0.127314
0.297374 -0.216793 0.121697
0.297374 -0.102657 0.116081
0.297374 0.0114785 0.110464
0.297374 0.125614 0.104848
0.297374 0.23975 0.0992314
0.297374 0.353885 0.093615
0.297374 0.468021 0.0879985
0.297374 0.582157 0.082382
0.297374 0.696292 0.0767656
0.297374 0.810428 0.0711491
0.297374 0.924564 0.0655327
0.297374 1.0387 0.0599162
0.297374 1.15283 0.0542997
0.297374 1.26697 0.0486833
0.297374 1.38111 0.0430668
0.297374 1.49524 0.0374503

0.359445 -1.81469 0.0151544
0.359445 -1.70056 0.0342753
0.359445 -1.58642 0.0533962
0.359445 -1.47228 0.0725171
0.359445 -1.35815 0.0916381
0.359445 -1.24401 0.110759
0.359445 -1.12988 0.12988
0.359445 -1.01574 0.149001
0.359445 -0.901607 0.149418
0.359445 -0.787471 0.144018
0.359445 -0.673335 0.138617
0.359445 -0.5592 0.133217
0.359445 -0.445064 0.127816
0.359445 -0.330928 0.122416
0.359445 -0.216793 0.117016
0.359445 -0.102657 0.111615
0.359445 0.0114785 0.106215
0.359445 0.125614 0.100814
0.359445 0.23975 0.0954141
0.359445 0.353885 0.0900137
0.359445 0.468021 0.0846133
0.359445 0.582157 0.0792129
0.359445 0.696292 0.0738125
0.359445 0.810428 0.0684121
0.359445 0.924564 0.0630117
0.359445 1.0387 0.0576113
0.359445 1.15283 0.0522109
0.359445 1.26697 0.0468105
0.359445 1.38111 0.0414101
0.359445 1.49524 0.0360097

0.421517 -1.81469 0.0145481
0.421517 -1.70056 0.032904
0.421517 -1.58642 0.0512599
0.421517 -1.47228 0.0696159
0.421517 -1.35815 0.0879718
0.421517 -1.24401 0.106328
0.421517 -1.12988 0.124684
0.421517 -1.01574 0.14304
0.421517 -0.901607 0.14344
0.421517 -0.787471 0.138256
0.421517 -0.673335 0.133071
0.421517 -0.5592 0.127887
0.421517 -0.445064 0.122703
0.421517 -0.330928 0.117518
0.421517 -0.216793 0.112334
0.421517 -0.102657 0.10715
0.421517 0.0114785 0.101965
0.421517 0.125614 0.0967811
0.421517 0.23975 0.0915967
0.421517 0.353885 0.0864124
0.421517 0.468021 0.081228
0.421517 0.582157 0.0760437
0.421517 0.696292 0.0708594
0.421517 0.810428 0.065675
0.421517 0.924564 0.0604907
0.421517 1.0387 0.0553063
0.421517 1.15283 0.050122
0.421517 1.26697 0.0449377
0.421517 1.38111 0.0397533
0.421517 1.49524 0.034569

0.483589 -1.81469 0.0139418
0.483589 -1.70056 0.0315327
0.483589 -1.58642 0.0491236
0.483589 -1.47228 0.0667146
0.483589 -1.35815 0.0843055
0.483589 -1.24401 0.101896
0.483589 -1.12988 0.119487
0.483589 -1.01574 0.137078
0.483589 -0.901607 0.137462
0.483589 -0.787471 0.132494
0.483589 -0.673335 0.127526
0.483589 -0.5592 0.122557
0.483589 -0.445064 0.117589
0.483589 -0.330928 0.112621
0.483589 -0.216793 0.107652
0.483589 -0.102657 0.102684
0.483589 0.0114785 0.0977159
0.483589 0.125614 0.0927476
0.483589 0.23975 0.0877794
0.483589 0.353885 0.0828111
0.483589 0.468021 0.0778428
0.483589 0.582157 0.0728745
0.483589 0.696292 0.0679062
0.483589 0.810428 0.062938
0.483589 0.924564 0.0579697
0.483589 1.0387 0.0530014
0.483589 1.15283 0.0480331
0.483589 1.26697 0.0430648
0.483589 1.38111 0.0380966
0.483589 1.49524 0.0331283

0.54566 -1.81469 0.0133355
0.54566 -1.70056 0.0301614
0.54566 -1.58642 0.0469873
0.54566 -1.47228 0.0638133
0.54566 -1.35815 0.0806392
0.54566 -1.24401 0.0974651
0.54566 -1.12988 0.114291
0.54566 -1.01574 0.131117
0.54566 -0.901607 0.131484
0.54566 -0.787471 0.126732
0.54566 -0.673335 0.12198
0.54566 -0.5592 0.117228
0.54566 -0.445064 0.112475
0.54566 -0.330928 0.107723
0.54566 -0.216793 0.102971
0.54566 -0.102657 0.0982186
0.54566 0.0114785 0.0934664
0.54566 0.125614 0.0887142
0.54566 0.23975 0.083962
0.54566 0.353885 0.0792098
0.54566 0.468021 0.0744576
0.54566 0.582157 0.0697053
0.54566 0.696292 0.0649531
0.54566 0.810428 0.0602009
0.54566 0.924564 0.0554487
0.54566 1.0387 0.0506965
0.54566 1.15283 0.0459442
0.54566 1.26697 0.041192
0.54566 1.38111 0.0364398
0.54566 1.49524 0.0316876

0.607732 -1.81469 0.0127292
0.607732 -1.70056 0.0287901
0.607732 -1.58642 0.0448511
0.607732 -1.47228 0.060912
0.607732 -1.35815 0.0769729
0.607732 -1.24401 0.0930338
0.607732 -1.12988 0.109095
0.607732 -1.01574 0.125156
0.607732 -0.901607 0.125506
0.607732 -0.787471 0.12097
0.607732 -0.673335 0.116434
0.607732 -0.5592 0.111898
0.607732 -0.445064 0.107362
0.607732 -0.330928 0.102825
0.607732 -0.216793 0.0982893
0.607732 -0.102657 0.0937531
0.607732 0.0114785 0.0892169
0.607732 0.125614 0.0846808
0.607732 0.23975 0.0801446
0.607732 0.353885 0.0756085
0.607732 0.468021 0.0710723
0.607732 0.582157 0.0665362
0.607732 0.696292 0.062
0.607732 0.810428 0.0574638
0.607732 0.924564 0.0529277
0.607732 1.0387 0.0483915
0.607732 1.15283 0.0438554
0.607732 1.26697 0.0393192
0.607732 1.38111 0.0347831
0.607732 1.49524 0.0302469

0.669804 -1.81469 0.0121229
0.669804 -1.70056 0.0274188
0.669804 -1.58642 0.0427148
0.669804 -1.47228 0.0580107
0.669804 -1.35815 0.0733066
0.669804 -1.24401 0.0886025
0.669804 -1.12988 0.103898
0.669804 -1.01574 0.119194
0.669804 -0.901607 0.119528
0.669804 -0.787471 0.115208
0.669804 -0.673335 0.110888
0.669804 -0.5592 0.106568
0.669804 -0.445064 0.102248
0.669804 -0.330928 0.0979277
0.669804 -0.216793 0.0936076
0.669804 -0.102657 0.0892876
0.669804 0.0114785 0.0849675
0.669804 0.125614 0.0806474
0.669804 0.23975 0.0763273
0.669804 0.353885 0.0720072
0.669804 0.468021 0.0676871
0.669804 0.582157 0.063367
0.669804 0.696292 0.0590469
0.669804 0.810428 0.0547268
0.669804 0.924564 0.0504067
0.669804 1.0387 0.0460866
0.669804 1.15283 0.0417665
0.669804 1.26697 0.0374464
0.669804 1.38111 0.0331263
0.669804 1.49524 0.0288062

0.731876 -1.81469 0.0115166
0.731876 -1.70056 0.0260475
0.731876 -1.58642 0.0405785
0.731876 -1.47228 0.0551094
0.731876 -1.35815 0.0696403
0.731876 -1.24401 0.0841713
0.731876 -1.12988 0.0987022
0.731876 -1.01574 0.113233
0.731876 -0.901607 0.11355
0.731876 -0.787471 0.109446
0.731876 -0.673335 0.105342
0.731876 -0.5592 0.101238
0.731876 -0.445064 0.0971341
0.731876 -0.330928 0.0930301
0.731876 -0.216793 0.088926
0.731876 -0.102657 0.084822
0.731876 0.0114785 0.080718
0.731876 0.125614 0.0766139
0.731876 0.23975 0.0725099
0.731876 0.353885 0.0684059
0.731876 0.468021 0.0643018
0.731876 0.582157 0.0601978
0.731876 0.696292 0.0560938
0.731876 0.810428 0.0519897
0.731876 0.924564 0.0478857
0.731876 1.0387 0.0437817
0.731876 1.15283 0.0396776
0.731876 1.26697 0.0355736
0.731876 1.38111 0.0314696
0.731876 1.49524 0.0273655

0.793947 -1.81469 0.0109103
0.793947 -1.70056 0.0246762
0.793947 -1.58642 0.0384422
0.793947 -1.47228 0.0522081
0.793947 -1.35815 0.065974
0.793947 -1.24401 0.07974
0.793947 -1.12988 0.0935059
0.793947 -1.01574 0.107272
0.793947 -0.901607 0.107572
0.793947 -0.787471 0.103684
0.793947 -0.673335 0.0997963
0.793947 -0.5592 0.0959084
0.793947 -0.445064 0.0920204
0.793947 -0.330928 0.0881324
0.793947 -0.216793 0.0842444
0.793947 -0.102657 0.0803565
0.793947 0.0114785 0.0764685
0.793947 0.125614 0.0725805
0.793947 0.23975 0.0686925
0.793947 0.353885 0.0648046
0.793947 0.468021 0.0609166
0.793947 0.582157 0.0570286
0.793947 0.696292 0.0531407
0.793947 0.810428 0.0492527
0.793947 0.924564 0.0453647
0.793947 1.0387 0.0414767
0.793947 1.15283 0.0375888
0.793947 1.26697 0.0337008
0.793947 1.38111 0.0298128
0.793947 1.49524 0.0259248

0.856019 -1.81469 0.010304
0.856019 -1.70056 0.0233049
0.856019 -1.58642 0.0363059
0.856019 -1.47228 0.0493068
0.856019 -1.35815 0.0623077
0.856019 -1.24401 0.0753087
0.856019 -1.12988 0.0883096
0.856019 -1.01574 0.101311
0.856019 -0.901607 0.101594
0.856019 -0.787471 0.0979224
0.856019 -0.673335 0.0942505
0.856019 -0.5592 0.0905786
0.856019 -0.445064 0.0869067
0.856019 -0.330928 0.0832347
0.856019 -0.216793 0.0795628
0.856019 -0.102657 0.0758909
0.856019 0.0114785 0.072219
0.856019 0.125614 0.0685471
0.856019 0.23975 0.0648752
0.856019 0.353885 0.0612033
0.856019 0.468021 0.0575314
0.856019 0.582157 0.0538594
0.856019 0.696292 0.0501875
0.856019 0.810428 0.0465156
0.856019 0.924564 0.0428437
0.856019 1.0387 0.0391718
0.856019 1.15283 0.0354999
0.856019 1.26697 0.031828
0.856019 1.38111 0.0281561
0.856019 1.49524 0.0244842

0.918091 -1.81469 0.00969769
0.918091 -1.70056 0.0219336
0.918091 -1.58642 0.0341696
0.918091 -1.47228 0.0464055
0.918091 -1.35815 0.0586415
0.918091 -1.24401 0.0708774
0.918091 -1.12988 0.0831133
0.918091 -1.01574 0.0953493
0.918091 -0.901607 0.0956163
0.918091 -0.787471 0.0921605
0.918091 -0.673335 0.0887046
0.918091 -0.5592 0.0852488
0.918091 -0.445064 0.0817929
0.918091 -0.330928 0.0783371
0.918091 -0.216793 0.0748812
0.918091 -0.102657 0.0714254
0.918091 0.0114785 0.0679695
0.918091 0.125614 0.0645137
0.918091 0.23975 0.0610578
0.918091 0.353885 0.057602
0.918091 0.468021 0.0541461
0.918091 0.582157 0.0506903
0.918091 0.696292 0.0472344
0.918091 0.810428 0.0437786
0.918091 0.924564 0.0403227
0.918091 1.0387 0.0368669
0.918091 1.15283 0.033411
0.918091 1.26697 0.0299552
0.918091 1.38111 0.0264993
0.918091 1.49524 0.0230435

0.980163 -1.81469 0.00909138
0.980163 -1.70056 0.0205623
0.980163 -1.58642 0.0320333
0.980163 -1.47228 0.0435042
0.980163 -1.35815 0.0549752
0.980163 -1.24401 0.0664461
0.980163 -1.12988 0.0779171
0.980163 -1.01574 0.089388
0.980163 -0.901607 0.0896383
0.980163 -0.787471 0.0863986
0.980163 -0.673335 0.0831588
0.980163 -0.5592 0.079919
0.980163 -0.445064 0.0766792
0.980163 -0.330928 0.0734394
0.980163 -0.216793 0.0701996
0.980163 -0.102657 0.0669598
0.980163 0.0114785 0.06372
0.980163 0.125614 0.0604802
0.980163 0.23975 0.0572405
0.980163 0.353885 0.0540007
0.980163 0.468021 0.0507609
0.980163 0.582157 0.0475211
0.980163 0.696292 0.0442813
0.980163 0.810428 0.0410415
0.980163 0.924564 0.0378017
0.980163 1.0387 0.0345619
0.980163 1.15283 0.0313221
0.980163 1.26697 0.0280824
0.980163 1.38111 0.0248426
0.980163 1.49524 0.0216028

1.04223 -1.81469 0.00848508
1.04223 -1.70056 0.019191
1.04223 -1.58642 0.029897
1.04223 -1.47228 0.0406029
1.04223 -1.35815 0.0513089
1.04223 -1.24401 0.0620148
1.04223 -1.12988 0.0727208
1.04223 -1.01574 0.0834267
1.04223 -0.901607 0.0836604
1.04223 -0.787471 0.0806366
1.04223 -0.673335 0.0776129
1.04223 -0.5592 0.0745892
1.04223 -0.445064 0.0715655
1.04223 -0.330928 0.0685417
1.04223 -0.216793 0.065518
1.04223 -0.102657 0.0624943
1.04223 0.0114785 0.0594706
1.04223 0.125614 0.0564468
1.04223 0.23975 0.0534231
1.04223 0.353885 0.0503994
1.04223 0.468021 0.0473756
1.04223 0.582157 0.0443519
1.04223 0.696292 0.0413282
1.04223 0.810428 0.0383045
1.04223 0.924564 0.0352807
1.04223 1.0387 0.032257
1.04223 1.15283 0.0292333
1.04223 1.26697 0.0262095
1.04223 1.38111 0.0231858
1.04223 1.49524 0.0201621

1.10431 -1.81469 0.00787878
1.10431 -1.70056 0.0178197
1.10431 -1.58642 0.0277607
1.10431 -1.47228 0.0377016
1.10431 -1.35815 0.0476426
1.10431 -1.24401 0.0575835
1.10431 -1.12988 0.0675245
1.10431 -1.01574 0.0774654
1.10431 -0.901607 0.0776824
1.10431 -0.787471 0.0748747
1.10431 -0.673335 0.0720671
1.10431 -0.5592 0.0692594
1.10431 -0.445064 0.0664517
1.10431 -0.330928 0.0636441
1.10431 -0.216793 0.0608364
1.10431 -0.102657 0.0580287
1.10431 0.0114785 0.0552211
1.10431 0.125614 0.0524134
1.10431 0.23975 0.0496057
1.10431 0.353885 0.0467981
1.10431 0.468021 0.0439904
1.10431 0.582157 0.0411827
1.10431 0.696292 0.0383751
1.10431 0.810428 0.0355674
1.10431 0.924564 0.0327597
1.10431 1.0387 0.0299521
1.10431 1.15283 0.0271444
1.10431 1.26697 0.0243367
1.10431 1.38111 0.0215291
1.10431 1.49524 0.0187214

1.16638 -1.81469 0.00727247
1.16638 -1.70056 0.0164484
1.16638 -1.58642 0.0256244
1.16638 -1.47228 0.0348003
1.16638 -1.35815 0.0439763
1.16638 -1.24401 0.0531523
1.16638 -1.12988 0.0623282
1.16638 -1.01574 0.0715042
1.16638 -0.901607 0.0717044
1.16638 -0.787471 0.0691128
1.16638 -0.673335 0.0665212
1.16638 -0.5592 0.0639296
1.16638 -0.445064 0.061338
1.16638 -0.330928 0.0587464
1.16638 -0.216793 0.0561548
1.16638 -0.102657 0.0535632
1.16638 0.0114785 0.0509716
1.16638 0.125614 0.04838
1.16638 0.23975 0.0457884
1.16638 0.353885 0.0431968
1.16638 0.468021 0.0406052
1.16638 0.582157 0.0380136
1.16638 0.696292 0.035422
1.16638 0.810428 0.0328303
1.16638 0.924564 0.0302387
1.16638 1.0387 0.0276471
1.16638 1.15283 0.0250555
1.16638 1.26697 0.0224639
1.16638 1.38111 0.0198723
1.16638 1.49524 0.0172807

1.22845 -1.81469 0.00666617
1.22845 -1.70056 0.0150771
1.22845 -1.58642 0.0234881
1.22845 -1.47228 0.031899
1.22845 -1.35815 0.04031
1.22845 -1.24401 0.048721
1.22845 -1.12988 0.0571319
1.22845 -1.01574 0.0655429
1.22845 -0.901607 0.0657265
1.22845 -0.787471 0.0633509
1.22845 -0.673335 0.0609754
1.22845 -0.5592 0.0585998
1.22845 -0.445064 0.0562243
1.22845 -0.330928 0.0538487
1.22845 -0.216793 0.0514732
1.22845 -0.102657 0.0490976
1.22845 0.0114785 0.0467221
1.22845 0.125614 0.0443466
1.22845 0.23975 0.041971
1.22845 0.353885 0.0395955
1.22845 0.468021 0.0372199
1.22845 0.582157 0.0348444
1.22845 0.696292 0.0324688
1.22845 0.810428 0.0300933
1.22845 0.924564 0.0277177
1.22845 1.0387 0.0253422
1.22845 1.15283 0.0229667
1.22845 1.26697 0.0205911
1.22845 1.38111 0.0182156
1.22845 1.49524 0.01584

1.29052 -1.81469 0.00605987
1.29052 -1.70056 0.0137058
1.29052 -1.58642 0.0213518
1.29052 -1.47228 0.0289978
1.29052 -1.35815 0.0366437
1.29052 -1.24401 0.0442897
1.29052 -1.12988 0.0519356
1.29052 -1.01574 0.0595816
1.29052 -0.901607 0.0597485
1.29052 -0.787471 0.057589
1.29052 -0.673335 0.0554295
1.29052 -0.5592 0.05327
1.29052 -0.445064 0.0511105
1.29052 -0.330928 0.0489511
1.29052 -0.216793 0.0467916
1.29052 -0.102657 0.0446321
1.29052 0.0114785 0.0424726
1.29052 0.125614 0.0403131
1.29052 0.23975 0.0381537
1.29052 0.353885 0.0359942
1.29052 0.468021 0.0338347
1.29052 0.582157 0.0316752
1.29052 0.696292 0.0295157
1.29052 0.810428 0.0273562
1.29052 0.924564 0.0251968
1.29052 1.0387 0.0230373
1.29052 1.15283 0.0208778
1.29052 1.26697 0.0187183
1.29052 1.38111 0.0165588
1.29052 1.49524 0.0143993

1.35259 -1.81469 0.00545356
1.35259 -1.70056 0.0123345
1.35259 -1.58642 0.0192155
1.35259 -1.47228 0.0260965
1.35259 -1.35815 0.0329774
1.35259 -1.24401 0.0398584
1.35259 -1.12988 0.0467394
1.35259 -1.01574 0.0536203
1.35259 -0.901607 0.0537705
1.35259 -0.787471 0.0518271
1.35259 -0.673335 0.0498837
1.35259 -0.5592 0.0479402
1.35259 -0.445064 0.0459968
1.35259 -0.330928 0.0440534
1.35259 -0.216793 0.04211
1.35259 -0.102657 0.0401666
1.35259 0.0114785 0.0382231
1.35259 0.125614 0.0362797
1.35259 0.23975 0.0343363
1.35259 0.353885 0.0323929
1.35259 0.468021 0.0304494
1.35259 0.582157 0.028506
1.35259 0.696292 0.0265626
1.35259 0.810428 0.0246192
1.35259 0.924564 0.0226758
1.35259 1.0387 0.0207323
1.35259 1.15283 0.0187889
1.35259 1.26697 0.0168455
1.35259 1.38111 0.0149021
1.35259 1.49524 0.0129587

1.41466 -1.81469 0.00484726
1.41466 -1.70056 0.0109632
1.41466 -1.58642 0.0170792
1.41466 -1.47228 0.0231952
1.41466 -1.35815 0.0293111
1.41466 -1.24401 0.0354271
1.41466 -1.12988 0.0415431
1.41466 -1.01574 0.047659
1.41466 -0.901607 0.0477925
1.41466 -0.787471 0.0460652
1.41466 -0.673335 0.0443378
1.41466 -0.5592 0.0426104
1.41466 -0.445064 0.0408831
1.41466 -0.330928 0.0391557
1.41466 -0.216793 0.0374284
1.41466 -0.102657 0.035701
1.41466 0.0114785 0.0339736
1.41466 0.125614 0.0322463
1.41466 0.23975 0.0305189
1.41466 0.353885 0.0287916
1.41466 0.468021 0.0270642
1.41466 0.582157 0.0253368
1.41466 0.696292 0.0236095
1.41466 0.810428 0.0218821
1.41466 0.924564 0.0201548
1.41466 1.0387 0.0184274
1.41466 1.15283 0.0167
1.41466 1.26697 0.0149727
1.41466 1.38111 0.0132453
1.41466 1.49524 0.011518

1.47674 -1.81469 0.00424095
1.47674 -1.70056 0.00959193
1.47674 -1.58642 0.0149429
1.47674 -1.47228 0.0202939
1.47674 -1.35815 0.0256448
1.47674 -1.24401 0.0309958
1.47674 -1.12988 0.0363468
1.47674 -1.01574 0.0416978
1.47674 -0.901607 0.0418146
1.47674 -0.787471 0.0403033
1.47674 -0.673335 0.038792
1.47674 -0.5592 0.0372807
1.47674 -0.445064 0.0357694
1.47674 -0.330928 0.0342581
1.47674 -0.216793 0.0327468
1.47674 -0.102657 0.0312355
1.47674 0.0114785 0.0297242
1.47674 0.125614 0.0282129
1.47674 0.23975 0.0267016
1.47674 0.353885 0.0251903
1.47674 0.468021 0.023679
1.47674 0.582157 0.0221677
1.47674 0.696292 0.0206564
1.47674 0.810428 0.0191451
1.47674 0.924564 0.0176338
1.47674 1.0387 0.0161225
1.47674 1.15283 0.0146112
1.47674 1.26697 0.0130999
1.47674 1.38111 0.0115886
1.47674 1.49524 0.0100773

1.53881 -1.81469 0.00363465
1.53881 -1.70056 0.00822063
1.53881 -1.58642 0.0128066
1.53881 -1.47228 0.0173926
1.53881 -1.35815 0.0219786
1.53881 -1.24401 0.0265645
1.53881 -1.12988 0.0311505
1.53881 -1.01574 0.0357365
1.53881 -0.901607 0.0358366
1.53881 -0.787471 0.0345413
1.53881 -0.673335 0.0332461
1.53881 -0.5592 0.0319509
1.53881 -0.445064 0.0306556
1.53881 -0.330928 0.0293604
1.53881 -0.216793 0.0280652
1.53881 -0.102657 0.0267699
1.53881 0.0114785 0.0254747
1.53881 0.125614 0.0241794
1.53881 0.23975 0.0228842
1.53881 0.353885 0.021589
1.53881 0.468021 0.0202937
1.53881 0.582157 0.0189985
1.53881 0.696292 0.0177033
1.53881 0.810428 0.016408
1.53881 0.924564 0.0151128
1.53881 1.0387 0.0138175
1.53881 1.15283 0.0125223
1.53881 1.26697 0.0112271
1.53881 1.38111 0.00993183
1.53881 1.49524 0.00863659

1.60088 -1.81469 0.00302835
1.60088 -1.70056 0.00684933
1.60088 -1.58642 0.0106703
1.60088 -1.47228 0.0144913
1.60088 -1.35815 0.0183123
1.60088 -1.24401 0.0221333
1.60088 -1.12988 0.0259542
1.60088 -1.01574 0.0297752
1.60088 -0.901607 0.0298586
1.60088 -0.787471 0.0287794
1.60088 -0.673335 0.0277003
1.60088 -0.5592 0.0266211
1.60088 -0.445064 0.0255419
1.60088 -0.330928 0.0244627
1.60088 -0.216793 0.0233835
1.60088 -0.102657 0.0223044
1.60088 0.0114785 0.0212252
1.60088 0.125614 0.020146
1.60088 0.23975 0.0190668
1.60088 0.353885 0.0179877
1.60088 0.468021 0.0169085
1.60088 0.582157 0.0158293
1.60088 0.696292 0.0147501
1.60088 0.810428 0.013671
1.60088 0.924564 0.0125918
1.60088 1.0387 0.0115126
1.60088 1.15283 0.0104334
1.60088 1.26697 0.00935426
1.60088 1.38111 0.00827508
1.60088 1.49524 0.0071959

1.66295 -1.81469 0.00242204
1.66295 -1.70056 0.00547803
1.66295 -1.58642 0.00853401
1.66295 -1.47228 0.01159
1.66295 -1.35815 0.014646
1.66295 -1.24401 0.017702
1.66295 -1.12988 0.020758
1.66295 -1.01574 0.0238139
1.66295 -0.901607 0.0238806
1.66295 -0.787471 0.0230175
1.66295 -0.673335 0.0221544
1.66295 -0.5592 0.0212913
1.66295 -0.445064 0.0204282
1.66295 -0.330928 0.0195651
1.66295 -0.216793 0.0187019
1.66295 -0.102657 0.0178388
1.66295 0.0114785 0.0169757
1.66295 0.125614 0.0161126
1.66295 0.23975 0.0152495
1.66295 0.353885 0.0143864
1.66295 0.468021 0.0135233
1.66295 0.582157 0.0126601
1.66295 0.696292 0.011797
1.66295 0.810428 0.0109339
1.66295 0.924564 0.0100708
1.66295 1.0387 0.00920768
1.66295 1.15283 0.00834456
1.66295 1.26697 0.00748145
1.66295 1.38111 0.00661833
1.66295 1.49524 0.00575522

1.72502 -1.81469 0.00191031
1.72502 -1.70056 0.00432063
1.72502 -1.58642 0.00673094
1.72502 -1.47228 0.00914126
1.72502 -1.35815 0.0115516
1.72502 -1.24401 0.0139619
1.72502 -1.12988 0.0163722
1.72502 -1.01574 0.0187825
1.72502 -0.901607 0.0188351
1.72502 -0.787471 0.0181544
1.72502 -0.673335 0.0174736
1.72502 -0.5592 0.0167929
1.72502 -0.445064 0.0161121
1.72502 -0.330928 0.0154313
1.72502 -0.216793 0.0147506
1.72502 -0.102657 0.0140698
1.72502 0.0114785 0.0133891
1.72502 0.125614 0.0127083
1.72502 0.23975 0.0120276
1.72502 0.353885 0.0113468
1.72502 0.468021 0.0106661
1.72502 0.582157 0.0099853
1.72502 0.696292 0.00930454
1.72502 0.810428 0.00862379
1.72502 0.924564 0.00794303
1.72502 1.0387 0.00726227
1.72502 1.15283 0.00658152
1.72502 1.26697 0.00590076
1.72502 1.38111 0.00522001
1.72502 1.49524 0.00453925

1.7871 -1.81469 0.00152613
1.7871 -1.70056 0.00345172
1.7871 -1.58642 0.0053773
1.7871 -1.47228 0.00730288
1.7871 -1.35815 0.00922846
1.7871 -1.24401 0.011154
1.7871 -1.12988 0.0130796
1.7871 -1.01574 0.0150052
1.7871 -0.901607 0.0150472
1.7871 -0.787471 0.0145034
1.7871 -0.673335 0.0139595
1.7871 -0.5592 0.0134157
1.7871 -0.445064 0.0128718
1.7871 -0.330928 0.012328
1.7871 -0.216793 0.0117841
1.7871 -0.102657 0.0112403
1.7871 0.0114785 0.0106964
1.7871 0.125614 0.0101526
1.7871 0.23975 0.00960873
1.7871 0.353885 0.00906488
1.7871 0.468021 0.00852103
1.7871 0.582157 0.00797718
1.7871 0.696292 0.00743333
1.7871 0.810428 0.00688948
1.7871 0.924564 0.00634563
1.7871 1.0387 0.00580178
1.7871 1.15283 0.00525793
1.7871 1.26697 0.00471407
1.7871 1.38111 0.00417022
1.7871 1.49524 0.00362637

1.84917 -1.81469 0.00128733
1.84917 -1.70056 0.00291161
1.84917 -1.58642 0.00453588
1.84917 -1.47228 0.00616016
1.84917 -1.35815 0.00778444
1.84917 -1.24401 0.00940871
1.84917 -1.12988 0.011033
1.84917 -1.01574 0.0126573
1.84917 -0.901607 0.0126927
1.84917 -0.787471 0.012234
1.84917 -0.673335 0.0117752
1.84917 -0.5592 0.0113165
1.84917 -0.445064 0.0108577
1.84917 -0.330928 0.010399
1.84917 -0.216793 0.00994021
1.84917 -0.102657 0.00948145
1.84917 0.0114785 0.0090227
1.84917 0.125614 0.00856395
1.84917 0.23975 0.0081052
1.84917 0.353885 0.00764645
1.84917 0.468021 0.0071877
1.84917 0.582157 0.00672895
1.84917 0.696292 0.00627019
1.84917 0.810428 0.00581144
1.84917 0.924564 0.00535269
1.84917 1.0387 0.00489394
1.84917 1.15283 0.00443519
1.84917 1.26697 0.00397644
1.84917 1.38111 0.00351769
1.84917 1.49524 0.00305894

1.91124 -1.81469 0.00105734
1.91124 -1.70056 0.00239142
1.91124 -1.58642 0.0037255
1.91124 -1.47228 0.00505958
1.91124 -1.35815 0.00639366
1.91124 -1.24401 0.00772774
1.91124 -1.12988 0.00906182
1.91124 -1.01574 0.0103959
1.91124 -0.901607 0.010425
1.91124 -0.787471 0.0100482
1.91124 -0.673335 0.00967143
1.91124 -0.5592 0.00929464
1.91124 -0.445064 0.00891785
1.91124 -0.330928 0.00854106
1.91124 -0.216793 0.00816427
1.91124 -0.102657 0.00778748
1.91124 0.0114785 0.00741069
1.91124 0.125614 0.0070339
1.91124 0.23975 0.00665711
1.91124 0.353885 0.00628032
1.91124 0.468021 0.00590353
1.91124 0.582157 0.00552674
1.91124 0.696292 0.00514995
1.91124 0.810428 0.00477316
1.91124 0.924564 0.00439637
1.91124 1.0387 0.00401958
1.91124 1.15283 0.00364279
1.91124 1.26697 0.003266
1.91124 1.38111 0.00288921
1.91124 1.49524 0.00251242

1.97331 -1.81469 0.000827339
1.97331 -1.70056 0.00187122
1.97331 -1.58642 0.00291511
1.97331 -1.47228 0.00395899
1.97331 -1.35815 0.00500288
1.97331 -1.24401 0.00604676
1.97331 -1.12988 0.00709065
1.97331 -1.01574 0.00813453
1.97331 -0.901607 0.00815732
1.97331 -0.787471 0.00786249
1.97331 -0.673335 0.00756766
1.97331 -0.5592 0.00727283
1.97331 -0.445064 0.006978
1.97331 -0.330928 0.00668317
1.97331 -0.216793 0.00638834
1.97331 -0.102657 0.00609351
1.97331 0.0114785 0.00579868
1.97331 0.125614 0.00550385
1.97331 0.23975 0.00520903
1.97331 0.353885 0.0049142
1.97331 0.468021 0.00461937
1.97331 0.582157 0.00432454
1.97331 0.696292 0.00402971
1.97331 0.810428 0.00373488
1.97331 0.924564 0.00344005
1.97331 1.0387 0.00314522
1.97331 1.15283 0.00285039
1.97331 1.26697 0.00255557
1.97331 1.38111 0.00226074
1.97331 1.49524 0.00196591

2.03538 -1.81469 0.000597342
2.03538 -1.70056 0.00135103
2.03538 -1.58642 0.00210472
2.03538 -1.47228 0.00285841
2.03538 -1.35815 0.0036121
2.03538 -1.24401 0.00436579
2.03538 -1.12988 0.00511948
2.03538 -1.01574 0.00587317
2.03538 -0.901607 0.00588962
2.03538 -0.787471 0.00567675
2.03538 -0.673335 0.00546388
2.03538 -0.5592 0.00525101
2.03538 -0.445064 0.00503814
2.03538 -0.330928 0.00482528
2.03538 -0.216793 0.00461241
2.03538 -0.102657 0.00439954
2.03538 0.0114785 0.00418667
2.03538 0.125614 0.00397381
2.03538 0.23975 0.00376094
2.03538 0.353885 0.00354807
2.03538 0.468021 0.0033352
2.03538 0.582157 0.00312234
2.03538 0.696292 0.00290947
2.03538 0.810428 0.0026966
2.03538 0.924564 0.00248373
2.03538 1.0387 0.00227086
2.03538 1.15283 0.002058
2.03538 1.26697 0.00184513
2.03538 1.38111 0.00163226
2.03538 1.49524 0.00141939

2.09745 -1.81469 0.000511318
2.09745 -1.70056 0.00115647
2.09745 -1.58642 0.00180162
2.09745 -1.47228 0.00244677
2.09745 -1.35815 0.00309192
2.09745 -1.24401 0.00373707
2.09745 -1.12988 0.00438222
2.09745 -1.01574 0.00502737
2.09745 -0.901607 0.00504145
2.09745 -0.787471 0.00485923
2.09745 -0.673335 0.00467702
2.09745 -0.5592 0.00449481
2.09745 -0.445064 0.0043126
2.09745 -0.330928 0.00413038
2.09745 -0.216793 0.00394817
2.09745 -0.102657 0.00376596
2.09745 0.0114785 0.00358375
2.09745 0.125614 0.00340153
2.09745 0.23975 0.00321932
2.09745 0.353885 0.00303711
2.09745 0.468021 0.0028549
2.09745 0.582157 0.00267268
2.09745 0.696292 0.00249047
2.09745 0.810428 0.00230826
2.09745 0.924564 0.00212605
2.09745 1.0387 0.00194383
2.09745 1.15283 0.00176162
2.09745 1.26697 0.00157941
2.09745 1.38111 0.0013972
2.09745 1.49524 0.00121498

2.15953 -1.81469 0.000439977
2.15953 -1.70056 0.000995112
2.15953 -1.58642 0.00155025
2.15953 -1.47228 0.00210538
2.15953 -1.35815 0.00266052
2.15953 -1.24401 0.00321565
2.15953 -1.12988 0.00377079
2.15953 -1.01574 0.00432592
2.15953 -0.901607 0.00433804
2.15953 -0.787471 0.00418125
2.15953 -0.673335 0.00402446
2.15953 -0.5592 0.00386767
2.15953 -0.445064 0.00371088
2.15953 -0.330928 0.00355409
2.15953 -0.216793 0.0033973
2.15953 -0.102657 0.00324051
2.15953 0.0114785 0.00308373
2.15953 0.125614 0.00292694
2.15953 0.23975 0.00277015
2.15953 0.353885 0.00261336
2.15953 0.468021 0.00245657
2.15953 0.582157 0.00229978
2.15953 0.696292 0.00214299
2.15953 0.810428 0.0019862
2.15953 0.924564 0.00182941
2.15953 1.0387 0.00167262
2.15953 1.15283 0.00151583
2.15953 1.26697 0.00135904
2.15953 1.38111 0.00120225
2.15953 1.49524 0.00104546

2.2216 -1.81469 0.000368635
2.2216 -1.70056 0.000833756
2.2216 -1.58642 0.00129888
2.2216 -1.47228 0.001764
2.2216 -1.35815 0.00222912
2.2216 -1.24401 0.00269424
2.2216 -1.12988 0.00315936
2.2216 -1.01574 0.00362448
2.2216 -0.901607 0.00363463
2.2216 -0.787471 0.00350327
2.2216 -0.673335 0.0033719
2.2216 -0.5592 0.00324053
2.2216 -0.445064 0.00310917
2.2216 -0.330928 0.0029778
2.2216 -0.216793 0.00284644
2.2216 -0.102657 0.00271507
2.2216 0.0114785 0.0025837
2.2216 0.125614 0.00245234
2.2216 0.23975 0.00232097
2.2216 0.353885 0.00218961
2.2216 0.468021 0.00205824
2.2216 0.582157 0.00192687
2.2216 0.696292 0.00179551
2.2216 0.810428 0.00166414
2.2216 0.924564 0.00153277
2.2216 1.0387 0.00140141
2.2216 1.15283 0.00127004
2.2216 1.26697 0.00113868
2.2216 1.38111 0.00100731
2.2216 1.49524 0.000875944

2.28367 -1.81469 0.000297294
2.28367 -1.70056 0.0006724
2.28367 -1.58642 0.00104751
2.28367 -1.47228 0.00142261
2.28367 -1.35815 0.00179772
2.28367 -1.24401 0.00217283
2.28367 -1.12988 0.00254793
2.28367 -1.01574 0.00292304
2.28367 -0.901607 0.00293123
2.28367 -0.787471 0.00282528
2.28367 -0.673335 0.00271934
2.28367 -0.5592 0.0026134
2.28367 -0.445064 0.00250745
2.28367 -0.330928 0.00240151
2.28367 -0.216793 0.00229557
2.28367 -0.102657 0.00218963
2.28367 0.0114785 0.00208368
2.28367 0.125614 0.00197774
2.28367 0.23975 0.0018718
2.28367 0.353885 0.00176585
2.28367 0.468021 0.00165991
2.28367 0.582157 0.00155397
2.28367 0.696292 0.00144802
2.28367 0.810428 0.00134208
2.28367 0.924564 0.00123614
2.28367 1.0387 0.0011302
2.28367 1.15283 0.00102425
2.28367 1.26697 0.00091831
2.28367 1.38111 0.000812367
2.28367 1.49524 0.000706424

2.34574 -1.81469 0.000225952
2.34574 -1.70056 0.000511044
2.34574 -1.58642 0.000796137
2.34574 -1.47228 0.00108123
2.34574 -1.35815 0.00136632
2.34574 -1.24401 0.00165141
2.34574 -1.12988 0.00193651
2.34574 -1.01574 0.0022216
2.34574 -0.901607 0.00222782
2.34574 -0.787471 0.0021473
2.34574 -0.673335 0.00206678
2.34574 -0.5592 0.00198626
2.34574 -0.445064 0.00190574
2.34574 -0.330928 0.00182522
2.34574 -0.216793 0.0017447
2.34574 -0.102657 0.00166418
2.34574 0.0114785 0.00158366
2.34574 0.125614 0.00150314
2.34574 0.23975 0.00142262
2.34574 0.353885 0.0013421
2.34574 0.468021 0.00126158
2.34574 0.582157 0.00118106
2.34574 0.696292 0.00110054
2.34574 0.810428 0.00102002
2.34574 0.924564 0.000939503
2.34574 1.0387 0.000858983
2.34574 1.15283 0.000778463
2.34574 1.26697 0.000697943
2.34574 1.38111 0.000617423
2.34574 1.49524 0.000536903

2.40781 -1.81469 0.000154611
2.40781 -1.70056 0.000349689
2.40781 -1.58642 0.000544767
2.40781 -1.47228 0.000739845
2.40781 -1.35815 0.000934923
2.40781 -1.24401 0.00113
2.40781 -1.12988 0.00132508
2.40781 -1.01574 0.00152016
2.40781 -0.901607 0.00152441
2.40781 -0.787471 0.00146932
2.40781 -0.673335 0.00141422
2.40781 -0.5592 0.00135912
2.40781 -0.445064 0.00130403
2.40781 -0.330928 0.00124893
2.40781 -0.216793 0.00119383
2.40781 -0.102657 0.00113874
2.40781 0.0114785 0.00108364
2.40781 0.125614 0.00102854
2.40781 0.23975 0.000973447
2.40781 0.353885 0.00091835
2.40781 0.468021 0.000863253
2.40781 0.582157 0.000808157
2.40781 0.696292 0.00075306
2.40781 0.810428 0.000697963
2.40781 0.924564 0.000642866
2.40781 1.0387 0.00058777
2.40781 1.15283 0.000532673
2.40781 1.26697 0.000477576
2.40781 1.38111 0.000422479
2.40781 1.49524 0.000367383

