-0.633702 -1.81469 -2.44839
-0.633702 -1.70056 -2.33426
-0.633702 -1.58642 -2.22012
-0.633702 -1.47228 -2.10599
-0.633702 -1.35815 -1.99185
-0.633702 -1.24401 -1.87772
-0.633702 -1.12988 -1.76358
-0.633702 -1.01574 -1.64944
-0.633702 -0.901607 -1.53531
-0.633702 -0.787471 -1.42117
-0.633702 -0.673335 -1.30704
-0.633702 -0.5592 -1.1929
-0.633702 -0.445064 -1.07877
-0.633702 -0.330928 -0.964631
-0.633702 -0.216793 -0.850495
-0.633702 -0.102657 -0.73636
-0.633702 0.0114785 -0.622224
-0.633702 0.125614 -0.508088
-0.633702 0.23975 -0.393953
-0.633702 0.353885 -0.279817
-0.633702 0.468021 -0.165681
-0.633702 0.582157 -0.0515457
-0.633702 0.696292 0.06259
-0.633702 0.810428 0.176726
-0.633702 0.924564 0.290861
-0.633702 1.0387 0.404997
-0.633702 1.15283 0.519133
-0.633702 1.26697 0.633268
-0.633702 1.38111 0.747404
-0.633702 1.49524 0.861539

-0.571631 -1.81469 -2.38632
-0.571631 -1.70056 -2.27219
-0.571631 -1.58642 -2.15805
-0.571631 -1.47228 -2.04392
-0.571631 -1.35815 -1.92978
-0.571631 -1.24401 -1.81564
-0.571631 -1.12988 -1.70151
-0.571631 -1.01574 -1.58737
-0.571631 -0.901607 -1.47324
-0.571631 -0.787471 -1.3591
-0.571631 -0.673335 -1.24497
-0.571631 -0.5592 -1.13083
-0.571631 -0.445064 -1.01669
-0.571631 -0.330928 -0.902559
-0.571631 -0.216793 -0.788423
-0.571631 -0.102657 -0.674288
-0.571631 0.0114785 -0.560152
-0.571631 0.125614 -0.446017
-0.571631 0.23975 -0.331881
-0.571631 0.353885 -0.217745
-0.571631 0.468021 -0.10361
-0.571631 0.582157 0.0105261
-0.571631 0.696292 0.124662
-0.571631 0.810428 0.238797
-0.571631 0.924564 0.352933
-0.571631 1.0387 0.467069
-0.571631 1.15283 0.581204
-0.571631 1.26697 0.69534
-0.571631 1.38111 0.809476
-0.571631 1.49524 0.923611

-0.509559 -1.81469 -2.32425
-0.509559 -1.70056 -2.21012
-0.509559 -1.58642 -2.09598
-0.509559 -1.47228 -1.98184
-0.509559 -1.35815 -1.86771
-0.509559 -1.24401 -1.75357
-0.509559 -1.12988 -1.63944
-0.509559 -1.01574 -1.5253
-0.509559 -0.901607 -1.41117
-0.509559 -0.787471 -1.29703
-0.509559 -0.673335 -1.18289
-0.509559 -0.5592 -1.06876
-0.509559 -0.445064 -0.954623
-0.509559 -0.330928 -0.840487
-0.509559 -0.216793 -0.726352
-0.509559 -0.102657 -0.612216
-0.509559 0.0114785 -0.49808
-0.509559 0.125614 -0.383945
-0.509559 0.23975 -0.269809
-0.509559 0.353885 -0.155674
-0.509559 0.468021 -0.0415379
-0.509559 0.582157 0.0725978
-0.509559 0.696292 0.186733
-0.509559 0.810428 0.300869
-0.509559 0.924564 0.415005
-0.509559 1.0387 0.52914
-0.509559 1.15283 0.643276
-0.509559 1.26697 0.757412
-0.509559 1.38111 0.871547
-0.509559 1.49524 0.985683

-0.447487 -1.81469 -2.26218
-0.447487 -1.70056 -2.14804
-0.447487 -1.58642 -2.03391
-0.447487 -1.47228 -1.91977
-0.447487 -1.35815 -1.80564
-0.447487 -1.24401 -1.6915
-0.447487 -1.12988 -1.57737
-0.447487 -1.01574 -1.46323
-0.447487 -0.901607 -1.34909
-0.447487 -0.787471 -1.23496
-0.447487 -0.673335 -1.12082
-0.447487 -0.5592 -1.00669
-0.447487 -0.445064 -0.892551
-0.447487 -0.330928 -0.778416
-0.447487 -0.216793 -0.66428
-0.447487 -0.102657 -0.550144
-0.447487 0.0114785 -0.436009
-0.447487 0.125614 -0.321873
-0.447487 0.23975 -0.207737
-0.447487 0.353885 -0.0936018
-0.447487 0.468021 0.0205339
-0.447487 0.582157 0.13467
-0.447487 0.696292 0.248805
-0.447487 0.810428 0.362941
-0.447487 0.924564 0.477076
-0.447487 1.0387 0.591212
-0.447487 1.15283 0.705348
-0.447487 1.26697 0.819483
-0.447487 1.38111 0.933619
-0.447487 1.49524 1.04775

-0.385416 -1.81469 -2.20011
-0.385416 -1.70056 -2.08597
-0.385416 -1.58642 -1.97184
-0.385416 -1.47228 -1.8577
-0.385416 -1.35815 -1.74356
-0.385416 -1.24401 -1.62943
-0.385416 -1.12988 -1.51529
-0.385416 -1.01574 -1.40116
-0.385416 -0.901607 -1.28702
-0.385416 -0.787471 -1.17289
-0.385416 -0.673335 -1.05875
-0.385416 -0.5592 -0.944615
-0.385416 -0.445064 -0.83048
-0.385416 -0.330928 -0.716344
-0.385416 -0.216793 -0.602208
-0.385416 -0.102657 -0.488073
-0.385416 0.0114785 -0.373937
-0.385416 0.125614 -0.259801
-0.385416 0.23975 -0.145666
-0.385416 0.353885 -0.03153
-0.385416 0.468021 0.0826056
-0.385416 0.582157 0.196741
-0.385416 0.696292 0.310877
-0.385416 0.810428 0.425013
-0.385416 0.924564 0.539148
-0.385416 1.0387 0.653284
-0.385416 1.15283 0.767419
-0.385416 1.26697 0.881555
-0.385416 1.38111 0.995691
-0.385416 1.49524 1.10983

-0.323344 -1.81469 -2.13804
-0.323344 -1.70056 -2.0239
-0.323344 -1.58642 -1.90976
-0.323344 -1.47228 -1.79563
-0.323344 -1.35815 -1.68149
-0.323344 -1.24401 -1.56736
-0.323344 -1.12988 -1.45322
-0.323344 -1.01574 -1.33909
-0.323344 -0.901607 -1.22495
-0.323344 -0.787471 -1.11081
-0.323344 -0.673335 -0.996679
-0.323344 -0.5592 -0.882543
-0.323344 -0.445064 -0.768408
-0.323344 -0.330928 -0.654272
-0.323344 -0.216793 -0.540137
-0.323344 -0.102657 -0.426001
-0.323344 0.0114785 -0.311865
-0.323344 0.125614 -0.19773
-0.323344 0.23975 -0.083594
-0.323344 0.353885 0.0305417
-0.323344 0.468021 0.144677
-0.323344 0.582157 0.258813
-0.323344 0.696292 0.372949
-0.323344 0.810428 0.487084
-0.323344 0.924564 0.60122
-0.323344 1.0387 0.715356
-0.323344 1.15283 0.829491
-0.323344 1.26697 0.943627
-0.323344 1.38111 1.05776
-0.323344 1.49524 1.1719

-0.261272 -1.81469 -2.07596
-0.261272 -1.70056 -1.96183
-0.261272 -1.58642 -1.84769
-0.261272 -1.47228 -1.73356
-0.261272 -1.35815 -1.61942
-0.261272 -1.24401 -1.50529
-0.261272 -1.12988 -1.39115
-0.261272 -1.01574 -1.27701
-0.261272 -0.901607 -1.16288
-0.261272 -0.787471 -1.04874
-0.261272 -0.673335 -0.934607
-0.261272 -0.5592 -0.820472
-0.261272 -0.445064 -0.706336
-0.261272 -0.330928 -0.5922
-0.261272 -0.216793 -0.478065
-0.261272 -0.102657 -0.363929
-0.261272 0.0114785 -0.249794
-0.261272 0.125614 -0.135658
-0.261272 0.23975 -0.0215222
-0.261272 0.353885 0.0926134
-0.261272 0.468021 0.206749
-0.261272 0.582157 0.320885
-0.261272 0.696292 0.43502
-0.261272 0.810428 0.549156
-0.261272 0.924564 0.663292
-0.261272 1.0387 0.777427
-0.261272 1.15283 0.891563
-0.261272 1.26697 1.0057
-0.261272 1.38111 1.11983
-0.261272 1.49524 1.23397

-0.1992 -1.81469 -2.01389
-0.1992 -1.70056 -1.89976
-0.1992 -1.58642 -1.78562
-0.1992 -1.47228 -1.67149
-0.1992 -1.35815 -1.55735
-0.1992 -1.24401 -1.44321
-0.1992 -1.12988 -1.32908
-0.1992 -1.01574 -1.21494
-0.1992 -0.901607 -1.10081
-0.1992 -0.787471 -0.986671
-0.1992 -0.673335 -0.872536
-0.1992 -0.5592 -0.7584
-0.1992 -0.445064 -0.644264
-0.1992 -0.330928 -0.530129
-0.1992 -0.216793 -0.415993
-0.1992 -0.102657 -0.301857
-0.1992 0.0114785 -0.187722
-0.1992 0.125614 -0.0735861
-0.1992 0.23975 0.0405495
-0.1992 0.353885 0.154685
-0.1992 0.468021 0.268821
-0.1992 0.582157 0.382956
-0.1992 0.696292 0.497092
-0.1992 0.810428 0.611228
-0.1992 0.924564 0.725363
-0.1992 1.0387 0.839499
-0.1992 1.15283 0.953635
-0.1992 1.26697 1.06777
-0.1992 1.38111 1.18191
-0.1992 1.49524 1.29604

-0.137129 -1.81469 -1.95182
-0.137129 -1.70056 -1.83768
-0.137129 -1.58642 -1.72355
-0.137129 -1.47228 -1.60941
-0.137129 -1.35815 -1.49528
-0.137129 -1.24401 -1.38114
-0.137129 -1.12988 -1.26701
-0.137129 -1.01574 -1.15287
-0.137129 -0.901607 -1.03874
-0.137129 -0.787471 -0.9246
-0.137129 -0.673335 -0.810464
-0.137129 -0.5592 -0.696328
-0.137129 -0.445064 -0.582193
-0.137129 -0.330928 -0.468057
-0.137129 -0.216793 -0.353921
-0.137129 -0.102657 -0.239786
-0.137129 0.0114785 -0.12565
-0.137129 0.125614 -0.0115144
-0.137129 0.23975 0.102621
-0.137129 0.353885 0.216757
-0.137129 0.468021 0.330893
-0.137129 0.582157 0.445028
-0.137129 0.696292 0.559164
-0.137129 0.810428 0.673299
-0.137129 0.924564 0.787435
-0.137129 1.0387 0.901571
-0.137129 1.15283 1.01571
-0.137129 1.26697 1.12984
-0.137129 1.38111 1.24398
-0.137129 1.49524 1.35811

-0.0750569 -1.81469 -1.88975
-0.0750569 -1.70056 -1.77561
-0.0750569 -1.58642 -1.66148
-0.0750569 -1.47228 -1.54734
-0.0750569 -1.35815 -1.43321
-0.0750569 -1.24401 -1.31907
-0.0750569 -1.12988 -1.20493
-0.0750569 -1.01574 -1.0908
-0.0750569 -0.901607 -0.976663
-0.0750569 -0.787471 -0.862528
-0.0750569 -0.673335 -0.748392
-0.0750569 -0.5592 -0.634257
-0.0750569 -0.445064 -0.520121
-0.0750569 -0.330928 -0.405985
-0.0750569 -0.216793 -0.29185
-0.0750569 -0.102657 -0.177714
-0.0750569 0.0114785 -0.0635783
-0.0750569 0.125614 0.0505573
-0.0750569 0.23975 0.164693
-0.0750569 0.353885 0.278829
-0.0750569 0.468021 0.392964
-0.0750569 0.582157 0.5071
-0.0750569 0.696292 0.621236
-0.0750569 0.810428 0.735371
-0.0750569 0.924564 0.849507
-0.0750569 1.0387 0.963642
-0.0750569 1.15283 1.07778
-0.0750569 1.26697 1.19191
-0.0750569 1.38111 1.30605
-0.0750569 1.49524 1.42019

-0.0129851 -1.81469 -1.82768
-0.0129851 -1.70056 -1.71354
-0.0129851 -1.58642 -1.59941
-0.0129851 -1.47228 -1.48527
-0.0129851 -1.35815 -1.37113
-0.0129851 -1.24401 -1.257
-0.0129851 -1.12988 -1.14286
-0.0129851 -1.01574 -1.02873
-0.0129851 -0.901607 -0.914592
-0.0129851 -0.787471 -0.800456
-0.0129851 -0.673335 -0.68632
-0.0129851 -0.5592 -0.572185
-0.0129851 -0.445064 -0.458049
-0.0129851 -0.330928 -0.343914
-0.0129851 -0.216793 -0.229778
-0.0129851 -0.102657 -0.115642
-0.0129851 0.0114785 -0.00150658
-0.0129851 0.125614 0.112629
-0.0129851 0.23975 0.226765
-0.0129851 0.353885 0.3409
-0.0129851 0.468021 0.455036
-0.0129851 0.582157 0.569172
-0.0129851 0.696292 0.683307
-0.0129851 0.810428 0.797443
-0.0129851 0.924564 0.911579
-0.0129851 1.0387 1.02571
-0.0129851 1.15283 1.13985
-0.0129851 1.26697 1.25399
-0.0129851 1.38111 1.36812
-0.0129851 1.49524 1.48226

0.0490866 -1.81469 -1.76561
0.0490866 -1.70056 -1.65147
0.0490866 -1.58642 -1.53733
0.0490866 -1.47228 -1.4232
0.0490866 -1.35815 -1.30906
0.0490866 -1.24401 -1.19493
0.0490866 -1.12988 -1.08079
0.0490866 -1.01574 -0.966656
0.0490866 -0.901607 -0.85252
0.0490866 -0.787471 -0.738384
0.0490866 -0.673335 -0.624249
0.0490866 -0.5592 -0.510113
0.0490866 -0.445064 -0.395977
0.0490866 -0.330928 -0.281842
0.0490866 -0.216793 -0.167706
0.0490866 -0.102657 -0.0535705
0.0490866 0.0114785 0.0605651
0.0490866 0.125614 0.174701
0.0490866 0.23975 0.288836
0.0490866 0.353885 0.402972
0.0490866 0.468021 0.517108
0.0490866 0.582157 0.631243
0.0490866 0.696292 0.745379
0.0490866 0.810428 0.859515
0.0490866 0.924564 0.97365
0.0490866 1.0387 1.08779
0.0490866 1.15283 1.20192
0.0490866 1.26697 1.31606
0.0490866 1.38111 1.43019
0.0490866 1.49524 1.54433

0.111158 -1.81469 -1.70353
0.111158 -1.70056 -1.5894
0.111158 -1.58642 -1.47526
0.111158 -1.47228 -1.36113
0.111158 -1.35815 -1.24699
0.111158 -1.24401 -1.13286
0.111158 -1.12988 -1.01872
0.111158 -1.01574 -0.904584
0.111158 -0.901607 -0.790448
0.111158 -0.787471 -0.676313
0.111158 -0.673335 -0.562177
0.111158 -0.5592 -0.448041
0.111158 -0.445064 -0.333906
0.111158 -0.330928 -0.21977
0.111158 -0.216793 -0.105634
0.111158 -0.102657 0.00850123
0.111158 0.0114785 0.122637
0.111158 0.125614 0.236773
0.111158 0.23975 0.350908
0.111158 0.353885 0.465044
0.111158 0.468021 0.579179
0.111158 0.582157 0.693315
0.111158 0.696292 0.807451
0.111158 0.810428 0.921586
0.111158 0.924564 1.03572
0.111158 1.0387 1.14986
0.111158 1.15283 1.26399
0.111158 1.26697 1.37813
0.111158 1.38111 1.49226
0.111158 1.49524 1.6064

0.17323 -1.81469 -1.64146
0.17323 -1.70056 -1.52733
0.17323 -1.58642 -1.41319
0.17323 -1.47228 -1.29905
0.17323 -1.35815 -1.18492
0.17323 -1.24401 -1.07078
0.17323 -1.12988 -0.956648
0.17323 -1.01574 -0.842512
0.17323 -0.901607 -0.728377
0.17323 -0.787471 -0.614241
0.17323 -0.673335 -0.500105
0.17323 -0.5592 -0.38597
0.17323 -0.445064 -0.271834
0.17323 -0.330928 -0.157698
0.17323 -0.216793 -0.0435627
0.17323 -0.102657 0.070573
0.17323 0.0114785 0.184709
0.17323 0.125614 0.298844
0.17323 0.23975 0.41298
0.17323 0.353885 0.527116
0.17323 0.468021 0.641251
0.17323 0.582157 0.755387
0.17323 0.696292 0.869522
0.17323 0.810428 0.983658
0.17323 0.924564 1.09779
0.17323 1.0387 1.21193
0.17323 1.15283 1.32607
0.17323 1.26697 1.4402
0.17323 1.38111 1.55434
0.17323 1.49524 1.66847

0.235302 -1.81469 -1.57939
0.235302 -1.70056 -1.46525
0.235302 -1.58642 -1.35112
0.235302 -1.47228 -1.23698
0.235302 -1.35815 -1.12285
0.235302 -1.24401 -1.00871
0.235302 -1.12988 -0.894576
0.235302 -1.01574 -0.78044
0.235302 -0.901607 -0.666305
0.235302 -0.787471 -0.552169
0.235302 -0.673335 -0.438034
0.235302 -0.5592 -0.323898
0.235302 -0.445064 -0.209762
0.235302 -0.330928 -0.0956266
0.235302 -0.216793 0.0185091
0.235302 -0.102657 0.132645
0.235302 0.0114785 0.24678
0.235302 0.125614 0.360916
0.235302 0.23975 0.475052
0.235302 0.353885 0.589187
0.235302 0.468021 0.703323
0.235302 0.582157 0.817459
0.235302 0.696292 0.931594
0.235302 0.810428 1.04573
0.235302 0.924564 1.15987
0.235302 1.0387 1.274
0.235302 1.15283 1.38814
0.235302 1.26697 1.50227
0.235302 1.38111 1.61641
0.235302 1.49524 1.73054

0.297374 -1.81469 -1.51732
0.297374 -1.70056 -1.40318
0.297374 -1.58642 -1.28905
0.297374 -1.47228 -1.17491
0.297374 -1.35815 -1.06078
0.297374 -1.24401 -0.94664
0.297374 -1.12988 -0.832504
0.297374 -1.01574 -0.718369
0.297374 -0.901607 -0.604233
0.297374 -0.787471 -0.490097
0.297374 -0.673335 -0.375962
0.297374 -0.5592 -0.261826
0.297374 -0.445064 -0.147691
0.297374 -0.330928 -0.0335549
0.297374 -0.216793 0.0805808
0.297374 -0.102657 0.194716
0.297374 0.0114785 0.308852
0.297374 0.125614 0.422988
0.297374 0.23975 0.537123
0.297374 0.353885 0.651259
0.297374 0.468021 0.765395
0.297374 0.582157 0.87953
0.297374 0.696292 0.993666
0.297374 0.810428 1.1078
0.297374 0.924564 1.22194
0.297374 1.0387 1.33607
0.297374 1.15283 1.45021
0.297374 1.26697 1.56434
0.297374 1.38111 1.67848
0.297374 1.49524 1.79262

0.359445 -1.81469 -1.45525
0.359445 -1.70056 -1.34111
0.359445 -1.58642 -1.22698
0.359445 -1.47228 -1.11284
0.359445 -1.35815 -0.998704
0.359445 -1.24401 -0.884568
0.359445 -1.12988 -0.770433
0.359445 -1.01574 -0.656297
0.359445 -0.901607 -0.542161
0.359445 -0.787471 -0.428026
0.359445 -0.673335 -0.31389
0.359445 -0.5592 -0.199754
0.359445 -0.445064 -0.0856188
0.359445 -0.330928 0.0285169
0.359445 -0.216793 0.142653
0.359445 -0.102657 0.256788
0.359445 0.0114785 0.370924
0.359445 0.125614 0.485059
0.359445 0.23975 0.599195
0.359445 0.353885 0.713331
0.359445 0.468021 0.827466
0.359445 0.582157 0.941602
0.359445 0.696292 1.05574
0.359445 0.810428 1.16987
0.359445 0.924564 1.28401
0.359445 1.0387 1.39814
0.359445 1.15283 1.51228
0.359445 1.26697 1.62642
0.359445 1.38111 1.74055
0.359445 1.49524 1.85469

0.421517 -1.81469 -1.39317
0.421517 -1.70056 -1.27904
0.421517 -1.58642 -1.1649
0.421517 -1.47228 -1.05077
0.421517 -1.35815 -0.936632
0.421517 -1.24401 -0.822497
0.421517 -1.12988 -0.708361
0.421517 -1.01574 -0.594225
0.421517 -0.901607 -0.48009
0.421517 -0.787471 -0.365954
0.421517 -0.673335 -0.251818
0.421517 -0.5592 -0.137683
0.421517 -0.445064 -0.023547
0.421517 -0.330928 0.0905886
0.421517 -0.216793 0.204724
0.421517 -0.102657 0.31886
0.421517 0.0114785 0.432996
0.421517 0.125614 0.547131
0.421517 0.23975 0.661267
0.421517 0.353885 0.775402
0.421517 0.468021 0.889538
0.421517 0.582157 1.00367
0.421517 0.696292 1.11781
0.421517 0.810428 1.23195
0.421517 0.924564 1.34608
0.421517 1.0387 1.46022
0.421517 1.15283 1.57435
0.421517 1.26697 1.68849
0.421517 1.38111 1.80262
0.421517 1.49524 1.91676

0.483589 -1.81469 -1.3311
0.483589 -1.70056 -1.21697
0.483589 -1.58642 -1.10283
0.483589 -1.47228 -0.988696
0.483589 -1.35815 -0.87456
0.483589 -1.24401 -0.760425
0.483589 -1.12988 -0.646289
0.483589 -1.01574 -0.532154
0.483589 -0.901607 -0.418018
0.483589 -0.787471 -0.303882
0.483589 -0.673335 -0.189747
0.483589 -0.5592 -0.075611
0.483589 -0.445064 0.0385247
0.483589 -0.330928 0.15266
0.483589 -0.216793 0.266796
0.483589 -0.102657 0.380932
0.483589 0.0114785 0.495067
0.483589 0.125614 0.609203
0.483589 0.23975 0.723339
0.483589 0.353885 0.837474
0.483589 0.468021 0.95161
0.483589 0.582157 1.06575
0.483589 0.696292 1.17988
0.483589 0.810428 1.29402
0.483589 0.924564 1.40815
0.483589 1.0387 1.52229
0.483589 1.15283 1.63642
0.483589 1.26697 1.75056
0.483589 1.38111 1.8647
0.483589 1.49524 1.97883

0.54566 -1.81469 -1.26903
0.54566 -1.70056 -1.1549
0.54566 -1.58642 -1.04076
0.54566 -1.47228 -0.926624
0.54566 -1.35815 -0.812489
0.54566 -1.24401 -0.698353
0.54566 -1.12988 -0.584217
0.54566 -1.01574 -0.470082
0.54566 -0.901607 -0.355946
0.54566 -0.787471 -0.241811
0.54566 -0.673335 -0.127675
0.54566 -0.5592 -0.0135392
0.54566 -0.445064 0.100596
0.54566 -0.330928 0.214732
0.54566 -0.216793 0.328868
0.54566 -0.102657 0.443003
0.54566 0.0114785 0.557139
0.54566 0.125614 0.671275
0.54566 0.23975 0.78541
0.54566 0.353885 0.899546
0.54566 0.468021 1.01368
0.54566 0.582157 1.12782
0.54566 0.696292 1.24195
0.54566 0.810428 1.35609
0.54566 0.924564 1.47022
0.54566 1.0387 1.58436
0.54566 1.15283 1.6985
0.54566 1.26697 1.81263
0.54566 1.38111 1.92677
0.54566 1.49524 2.0409

0.607732 -1.81469 -1.20696
0.607732 -1.70056 -1.09282
0.607732 -1.58642 -0.978688
0.607732 -1.47228 -0.864553
0.607732 -1.35815 -0.750417
0.607732 -1.24401 -0.636281
0.607732 -1.12988 -0.522146
0.607732 -1.01574 -0.40801
0.607732 -0.901607 -0.293874
0.607732 -0.787471 -0.179739
0.607732 -0.673335 -0.0656031
0.607732 -0.5592 0.0485325
0.607732 -0.445064 0.162668
0.607732 -0.330928 0.276804
0.607732 -0.216793 0.390939
0.607732 -0.102657 0.505075
0.607732 0.0114785 0.619211
0.607732 0.125614 0.733346
0.607732 0.23975 0.847482
0.607732 0.353885 0.961618
0.607732 0.468021 1.07575
0.607732 0.582157 1.18989
0.607732 0.696292 1.30402
0.607732 0.810428 1.41816
0.607732 0.924564 1.5323
0.607732 1.0387 1.64643
0.607732 1.15283 1.76057
0.607732 1.26697 1.8747
0.607732 1.38111 1.98884
0.607732 1.49524 2.10297

0.669804 -1.81469 -1.14489
0.669804 -1.70056 -1.03075
0.669804 -1.58642 -0.916617
0.669804 -1.47228 -0.802481
0.669804 -1.35815 -0.688345
0.669804 -1.24401 -0.57421
0.669804 -1.12988 -0.460074
0.669804 -1.01574 -0.345938
0.669804 -0.901607 -0.231803
0.669804 -0.787471 -0.117667
0.669804 -0.673335 -0.00353141
0.669804 -0.5592 0.110604
0.669804 -0.445064 0.22474
0.669804 -0.330928 0.338876
0.669804 -0.216793 0.453011
0.669804 -0.102657 0.567147
0.669804 0.0114785 0.681282
0.669804 0.125614 0.795418
0.669804 0.23975 0.909554
0.669804 0.353885 1.02369
0.669804 0.468021 1.13783
0.669804 0.582157 1.25196
0.669804 0.696292 1.3661
0.669804 0.810428 1.48023
0.669804 0.924564 1.59437
0.669804 1.0387 1.7085
0.669804 1.15283 1.82264
0.669804 1.26697 1.93677
0.669804 1.38111 2.05091
0.669804 1.49524 2.16505

0.731876 -1.81469 -1.08282
0.731876 -1.70056 -0.96868
0.731876 -1.58642 -0.854545
0.731876 -1.47228 -0.740409
0.731876 -1.35815 -0.626274
0.731876 -1.24401 -0.512138
0.731876 -1.12988 -0.398002
0.731876 -1.01574 -0.283867
0.731876 -0.901607 -0.169731
0.731876 -0.787471 -0.0555953
0.731876 -0.673335 0.0585403
0.731876 -0.5592 0.172676
0.731876 -0.445064 0.286812
0.731876 -0.330928 0.400947
0.731876 -0.216793 0.515083
0.731876 -0.102657 0.629219
0.731876 0.0114785 0.743354
0.731876 0.125614 0.85749
0.731876 0.23975 0.971625
0.731876 0.353885 1.08576
0.731876 0.468021 1.1999
0.731876 0.582157 1.31403
0.731876 0.696292 1.42817
0.731876 0.810428 1.5423
0.731876 0.924564 1.65644
0.731876 1.0387 1.77058
0.731876 1.15283 1.88471
0.731876 1.26697 1.99885
0.731876 1.38111 2.11298
0.731876 1.49524 2.22712

0.793947 -1.81469 -1.02074
0.793947 -1.70056 -0.906609
0.793947 -1.58642 -0.792473
0.793947 -1.47228 -0.678337
0.793947 -1.35815 -0.564202
0.793947 -1.24401 -0.450066
0.793947 -1.12988 -0.335931
0.793947 -1.01574 -0.221795
0.793947 -0.901607 -0.107659
0.793947 -0.787471 0.00647641
0.793947 -0.673335 0.120612
0.793947 -0.5592 0.234748
0.793947 -0.445064 0.348883
0.793947 -0.330928 0.463019
0.793947 -0.216793 0.577155
0.793947 -0.102657 0.69129
0.793947 0.0114785 0.805426
0.793947 0.125614 0.919562
0.793947 0.23975 1.0337
0.793947 0.353885 1.14783
0.793947 0.468021 1.26197
0.793947 0.582157 1.3761
0.793947 0.696292 1.49024
0.793947 0.810428 1.60438
0.793947 0.924564 1.71851
0.793947 1.0387 1.83265
0.793947 1.15283 1.94678
0.793947 1.26697 2.06092
0.793947 1.38111 2.17505
0.793947 1.49524 2.28919

0.856019 -1.81469 -0.958673
0.856019 -1.70056 -0.844537
0.856019 -1.58642 -0.730401
0.856019 -1.47228 -0.616266
0.856019 -1.35815 -0.50213
0.856019 -1.24401 -0.387994
0.856019 -1.12988 -0.273859
0.856019 -1.01574 -0.159723
0.856019 -0.901607 -0.0455875
0.856019 -0.787471 0.0685481
0.856019 -0.673335 0.182684
0.856019 -0.5592 0.296819
0.856019 -0.445064 0.410955
0.856019 -0.330928 0.525091
0.856019 -0.216793 0.639226
0.856019 -0.102657 0.753362
0.856019 0.0114785 0.867498
0.856019 0.125614 0.981633
0.856019 0.23975 1.09577
0.856019 0.353885 1.2099
0.856019 0.468021 1.32404
0.856019 0.582157 1.43818
0.856019 0.696292 1.55231
0.856019 0.810428 1.66645
0.856019 0.924564 1.78058
0.856019 1.0387 1.89472
0.856019 1.15283 2.00885
0.856019 1.26697 2.12299
0.856019 1.38111 2.23713
0.856019 1.49524 2.35126

0.918091 -1.81469 -0.896601
0.918091 -1.70056 -0.782465
0.918091 -1.58642 -0.66833
0.918091 -1.47228 -0.554194
0.918091 -1.35815 -0.440058
0.918091 -1.24401 -0.325923
0.918091 -1.12988 -0.211787
0.918091 -1.01574 -0.0976514
0.918091 -0.901607 0.0164842
0.918091 -0.787471 0.13062
0.918091 -0.673335 0.244756
0.918091 -0.5592 0.358891
0.918091 -0.445064 0.473027
0.918091 -0.330928 0.587162
0.918091 -0.216793 0.701298
0.918091 -0.102657 0.815434
0.918091 0.0114785 0.929569
0.918091 0.125614 1.04371
0.918091 0.23975 1.15784
0.918091 0.353885 1.27198
0.918091 0.468021 1.38611
0.918091 0.582157 1.50025
0.918091 0.696292 1.61438
0.918091 0.810428 1.72852
0.918091 0.924564 1.84265
0.918091 1.0387 1.95679
0.918091 1.15283 2.07093
0.918091 1.26697 2.18506
0.918091 1.38111 2.2992
0.918091 1.49524 2.41333

0.980163 -1.81469 -0.834529
0.980163 -1.70056 -0.720394
0.980163 -1.58642 -0.606258
0.980163 -1.47228 -0.492122
0.980163 -1.35815 -0.377987
0.980163 -1.24401 -0.263851
0.980163 -1.12988 -0.149715
0.980163 -1.01574 -0.0355797
0.980163 -0.901607 0.078556
0.980163 -0.787471 0.192692
0.980163 -0.673335 0.306827
0.980163 -0.5592 0.420963
0.980163 -0.445064 0.535099
0.980163 -0.330928 0.649234
0.980163 -0.216793 0.76337
0.980163 -0.102657 0.877505
0.980163 0.0114785 0.991641
0.980163 0.125614 1.10578
0.980163 0.23975 1.21991
0.980163 0.353885 1.33405
0.980163 0.468021 1.44818
0.980163 0.582157 1.56232
0.980163 0.696292 1.67645
0.980163 0.810428 1.79059
0.980163 0.924564 1.90473
0.980163 1.0387 2.01886
0.980163 1.15283 2.133
0.980163 1.26697 2.24713
0.980163 1.38111 2.36127
0.980163 1.49524 2.4754

1.04223 -1.81469 -0.772457
1.04223 -1.70056 -0.658322
1.04223 -1.58642 -0.544186
1.04223 -1.47228 -0.430051
1.04223 -1.35815 -0.315915
1.04223 -1.24401 -0.201779
1.04223 -1.12988 -0.0876436
1.04223 -1.01574 0.026492
1.04223 -0.901607 0.140628
1.04223 -0.787471 0.254763
1.04223 -0.673335 0.368899
1.04223 -0.5592 0.483035
1.04223 -0.445064 0.59717
1.04223 -0.330928 0.711306
1.04223 -0.216793 0.825442
1.04223 -0.102657 0.939577
1.04223 0.0114785 1.05371
1.04223 0.125614 1.16785
1.04223 0.23975 1.28198
1.04223 0.353885 1.39612
1.04223 0.468021 1.51026
1.04223 0.582157 1.62439
1.04223 0.696292 1.73853
1.04223 0.810428 1.85266
1.04223 0.924564 1.9668
1.04223 1.0387 2.08093
1.04223 1.15283 2.19507
1.04223 1.26697 2.3092
1.04223 1.38111 2.42334
1.04223 1.49524 2.53748

1.10431 -1.81469 -0.710386
1.10431 -1.70056 -0.59625
1.10431 -1.58642 -0.482114
1.10431 -1.47228 -0.367979
1.10431 -1.35815 -0.253843
1.10431 -1.24401 -0.139708
1.10431 -1.12988 -0.0255719
1.10431 -1.01574 0.0885638
1.10431 -0.901607 0.202699
1.10431 -0.787471 0.316835
1.10431 -0.673335 0.430971
1.10431 -0.5592 0.545106
1.10431 -0.445064 0.659242
1.10431 -0.330928 0.773378
1.10431 -0.216793 0.887513
1.10431 -0.102657 1.00165
1.10431 0.0114785 1.11578
1.10431 0.125614 1.22992
1.10431 0.23975 1.34406
1.10431 0.353885 1.45819
1.10431 0.468021 1.57233
1.10431 0.582157 1.68646
1.10431 0.696292 1.8006
1.10431 0.810428 1.91473
1.10431 0.924564 2.02887
1.10431 1.0387 2.14301
1.10431 1.15283 2.25714
1.10431 1.26697 2.37128
1.10431 1.38111 2.48541
1.10431 1.49524 2.59955

1.16638 -1.81469 -0.648314
1.16638 -1.70056 -0.534178
1.16638 -1.58642 -0.420043
1.16638 -1.47228 -0.305907
1.16638 -1.35815 -0.191771
1.16638 -1.24401 -0.0776358
1.16638 -1.12988 0.0364999
1.16638 -1.01574 0.150636
1.16638 -0.901607 0.264771
1.16638 -0.787471 0.378907
1.16638 -0.673335 0.493042
1.16638 -0.5592 0.607178
1.16638 -0.445064 0.721314
1.16638 -0.330928 0.835449
1.16638 -0.216793 0.949585
1.16638 -0.102657 1.06372
1.16638 0.0114785 1.17786
1.16638 0.125614 1.29199
1.16638 0.23975 1.40613
1.16638 0.353885 1.52026
1.16638 0.468021 1.6344
1.16638 0.582157 1.74853
1.16638 0.696292 1.86267
1.16638 0.810428 1.97681
1.16638 0.924564 2.09094
1.16638 1.0387 2.20508
1.16638 1.15283 2.31921
1.16638 1.26697 2.43335
1.16638 1.38111 2.54748
1.16638 1.49524 2.66162

1.22845 -1.81469 -0.586242
1.22845 -1.70056 -0.472107
1.22845 -1.58642 -0.357971
1.22845 -1.47228 -0.243835
1.22845 -1.35815 -0.1297
1.22845 -1.24401 -0.015564
1.22845 -1.12988 0.0985716
1.22845 -1.01574 0.212707
1.22845 -0.901607 0.326843
1.22845 -0.787471 0.440979
1.22845 -0.673335 0.555114
1.22845 -0.5592 0.66925
1.22845 -0.445064 0.783385
1.22845 -0.330928 0.897521
1.22845 -0.216793 1.01166
1.22845 -0.102657 1.12579
1.22845 0.0114785 1.23993
1.22845 0.125614 1.35406
1.22845 0.23975 1.4682
1.22845 0.353885 1.58233
1.22845 0.468021 1.69647
1.22845 0.582157 1.81061
1.22845 0.696292 1.92474
1.22845 0.810428 2.03888
1.22845 0.924564 2.15301
1.22845 1.0387 2.26715
1.22845 1.15283 2.38128
1.22845 1.26697 2.49542
1.22845 1.38111 2.60956
1.22845 1.49524 2.72369

1.29052 -1.81469 -0.524171
1.29052 -1.70056 -0.410035
1.29052 -1.58642 -0.295899
1.29052 -1.47228 -0.181764
1.29052 -1.35815 -0.067628
1.29052 -1.24401 0.0465077
1.29052 -1.12988 0.160643
1.29052 -1.01574 0.274779
1.29052 -0.901607 0.388915
1.29052 -0.787471 0.50305
1.29052 -0.673335 0.617186
1.29052 -0.5592 0.731322
1.29052 -0.445064 0.845457
1.29052 -0.330928 0.959593
1.29052 -0.216793 1.07373
1.29052 -0.102657 1.18786
1.29052 0.0114785 1.302
1.29052 0.125614 1.41614
1.29052 0.23975 1.53027
1.29052 0.353885 1.64441
1.29052 0.468021 1.75854
1.29052 0.582157 1.87268
1.29052 0.696292 1.98681
1.29052 0.810428 2.10095
1.29052 0.924564 2.21508
1.29052 1.0387 2.32922
1.29052 1.15283 2.44336
1.29052 1.26697 2.55749
1.29052 1.38111 2.67163
1.29052 1.49524 2.78576

1.35259 -1.81469 -0.462099
1.35259 -1.70056 -0.347963
1.35259 -1.58642 -0.233828
1.35259 -1.47228 -0.119692
1.35259 -1.35815 -0.00555623
1.35259 -1.24401 0.108579
1.35259 -1.12988 0.222715
1.35259 -1.01574 0.336851
1.35259 -0.901607 0.450986
1.35259 -0.787471 0.565122
1.35259 -0.673335 0.679258
1.35259 -0.5592 0.793393
1.35259 -0.445064 0.907529
1.35259 -0.330928 1.02166
1.35259 -0.216793 1.1358
1.35259 -0.102657 1.24994
1.35259 0.0114785 1.36407
1.35259 0.125614 1.47821
1.35259 0.23975 1.59234
1.35259 0.353885 1.70648
1.35259 0.468021 1.82061
1.35259 0.582157 1.93475
1.35259 0.696292 2.04889
1.35259 0.810428 2.16302
1.35259 0.924564 2.27716
1.35259 1.0387 2.39129
1.35259 1.15283 2.50543
1.35259 1.26697 2.61956
1.35259 1.38111 2.7337
1.35259 1.49524 2.84783

1.41466 -1.81469 -0.400027
1.41466 -1.70056 -0.285891
1.41466 -1.58642 -0.171756
1.41466 -1.47228 -0.0576201
1.41466 -1.35815 0.0565155
1.41466 -1.24401 0.170651
1.41466 -1.12988 0.284787
1.41466 -1.01574 0.398922
1.41466 -0.901607 0.513058
1.41466 -0.787471 0.627194
1.41466 -0.673335 0.741329
1.41466 -0.5592 0.855465
1.41466 -0.445064 0.969601
1.41466 -0.330928 1.08374
1.41466 -0.216793 1.19787
1.41466 -0.102657 1.31201
1.41466 0.0114785 1.42614
1.41466 0.125614 1.54028
1.41466 0.23975 1.65441
1.41466 0.353885 1.76855
1.41466 0.468021 1.88269
1.41466 0.582157 1.99682
1.41466 0.696292 2.11096
1.41466 0.810428 2.22509
1.41466 0.924564 2.33923
1.41466 1.0387 2.45336
1.41466 1.15283 2.5675
1.41466 1.26697 2.68164
1.41466 1.38111 2.79577
1.41466 1.49524 2.90991

1.47674 -1.81469 -0.337955
1.47674 -1.70056 -0.22382
1.47674 -1.58642 -0.109684
1.47674 -1.47228 0.00445159
1.47674 -1.35815 0.118587
1.47674 -1.24401 0.232723
1.47674 -1.12988 0.346859
1.47674 -1.01574 0.460994
1.47674 -0.901607 0.57513
1.47674 -0.787471 0.689265
1.47674 -0.673335 0.803401
1.47674 -0.5592 0.917537
1.47674 -0.445064 1.03167
1.47674 -0.330928 1.14581
1.47674 -0.216793 1.25994
1.47674 -0.102657 1.37408
1.47674 0.0114785 1.48821
1.47674 0.125614 1.60235
1.47674 0.23975 1.71649
1.47674 0.353885 1.83062
1.47674 0.468021 1.94476
1.47674 0.582157 2.05889
1.47674 0.696292 2.17303
1.47674 0.810428 2.28716
1.47674 0.924564 2.4013
1.47674 1.0387 2.51544
1.47674 1.15283 2.62957
1.47674 1.26697 2.74371
1.47674 1.38111 2.85784
1.47674 1.49524 2.97198

1.53881 -1.81469 -0.275884
1.53881 -1.70056 -0.161748
1.53881 -1.58642 -0.0476123
1.53881 -1.47228 0.0665233
1.53881 -1.35815 0.180659
1.53881 -1.24401 0.294795
1.53881 -1.12988 0.40893
1.53881 -1.01574 0.523066
1.53881 -0.901607 0.637202
1.53881 -0.787471 0.751337
1.53881 -0.673335 0.865473
1.53881 -0.5592 0.979608
1.53881 -0.445064 1.09374
1.53881 -0.330928 1.20788
1.53881 -0.216793 1.32202
1.53881 -0.102657 1.43615
1.53881 0.0114785 1.55029
1.53881 0.125614 1.66442
1.53881 0.23975 1.77856
1.53881 0.353885 1.89269
1.53881 0.468021 2.00683
1.53881 0.582157 2.12096
1.53881 0.696292 2.2351
1.53881 0.810428 2.34924
1.53881 0.924564 2.46337
1.53881 1.0387 2.57751
1.53881 1.15283 2.69164
1.53881 1.26697 2.80578
1.53881 1.38111 2.91991
1.53881 1.49524 3.03405

1.60088 -1.81469 -0.213812
1.60088 -1.70056 -0.0996762
1.60088 -1.58642 0.0144594
1.60088 -1.47228 0.128595
1.60088 -1.35815 0.242731
1.60088 -1.24401 0.356866
1.60088 -1.12988 0.471002
1.60088 -1.01574 0.585138
1.60088 -0.901607 0.699273
1.60088 -0.787471 0.813409
1.60088 -0.673335 0.927545
1.60088 -0.5592 1.04168
1.60088 -0.445064 1.15582
1.60088 -0.330928 1.26995
1.60088 -0.216793 1.38409
1.60088 -0.102657 1.49822
1.60088 0.0114785 1.61236
1.60088 0.125614 1.72649
1.60088 0.23975 1.84063
1.60088 0.353885 1.95477
1.60088 0.468021 2.0689
1.60088 0.582157 2.18304
1.60088 0.696292 2.29717
1.60088 0.810428 2.41131
1.60088 0.924564 2.52544
1.60088 1.0387 2.63958
1.60088 1.15283 2.75371
1.60088 1.26697 2.86785
1.60088 1.38111 2.98199
1.60088 1.49524 3.09612

1.66295 -1.81469 -0.15174
1.66295 -1.70056 -0.0376045
1.66295 -1.58642 0.0765311
1.66295 -1.47228 0.190667
1.66295 -1.35815 0.304802
1.66295 -1.24401 0.418938
1.66295 -1.12988 0.533074
1.66295 -1.01574 0.647209
1.66295 -0.901607 0.761345
1.66295 -0.787471 0.875481
1.66295 -0.673335 0.989616
1.66295 -0.5592 1.10375
1.66295 -0.445064 1.21789
1.66295 -0.330928 1.33202
1.66295 -0.216793 1.44616
1.66295 -0.102657 1.56029
1.66295 0.0114785 1.67443
1.66295 0.125614 1.78857
1.66295 0.23975 1.9027
1.66295 0.353885 2.01684
1.66295 0.468021 2.13097
1.66295 0.582157 2.24511
1.66295 0.696292 2.35924
1.66295 0.810428 2.47338
1.66295 0.924564 2.58752
1.66295 1.0387 2.70165
1.66295 1.15283 2.81579
1.66295 1.26697 2.92992
1.66295 1.38111 3.04406
1.66295 1.49524 3.15819

1.72502 -1.81469 -0.0896684
1.72502 -1.70056 0.0244672
1.72502 -1.58642 0.138603
1.72502 -1.47228 0.252739
1.72502 -1.35815 0.366874
1.72502 -1.24401 0.48101
1.72502 -1.12988 0.595145
1.72502 -1.01574 0.709281
1.72502 -0.901607 0.823417
1.72502 -0.787471 0.937552
1.72502 -0.673335 1.05169
1.72502 -0.5592 1.16582
1.72502 -0.445064 1.27996
1.72502 -0.330928 1.39409
1.72502 -0.216793 1.50823
1.72502 -0.102657 1.62237
1.72502 0.0114785 1.7365
1.72502 0.125614 1.85064
1.72502 0.23975 1.96477
1.72502 0.353885 2.07891
1.72502 0.468021 2.19304
1.72502 0.582157 2.30718
1.72502 0.696292 2.42132
1.72502 0.810428 2.53545
1.72502 0.924564 2.64959
1.72502 1.0387 2.76372
1.72502 1.15283 2.87786
1.72502 1.26697 2.99199
1.72502 1.38111 3.10613
1.72502 1.49524 3.22027

1.7871 -1.81469 -0.0275967
1.7871 -1.70056 0.086539
1.7871 -1.58642 0.200675
1.7871 -1.47228 0.31481
1.7871 -1.35815 0.428946
1.7871 -1.24401 0.543082
1.7871 -1.12988 0.657217
1.7871 -1.01574 0.771353
1.7871 -0.901607 0.885488
1.7871 -0.787471 0.999624
1.7871 -0.673335 1.11376
1.7871 -0.5592 1.2279
1.7871 -0.445064 1.34203
1.7871 -0.330928 1.45617
1.7871 -0.216793 1.5703
1.7871 -0.102657 1.68444
1.7871 0.0114785 1.79857
1.7871 0.125614 1.91271
1.7871 0.23975 2.02684
1.7871 0.353885 2.14098
1.7871 0.468021 2.25512
1.7871 0.582157 2.36925
1.7871 0.696292 2.48339
1.7871 0.810428 2.59752
1.7871 0.924564 2.71166
1.7871 1.0387 2.82579
1.7871 1.15283 2.93993
1.7871 1.26697 3.05407
1.7871 1.38111 3.1682
1.7871 1.49524 3.28234

1.84917 -1.81469 0.034475
1.84917 -1.70056 0.148611
1.84917 -1.58642 0.262746
1.84917 -1.47228 0.376882
1.84917 -1.35815 0.491018
1.84917 -1.24401 0.605153
1.84917 -1.12988 0.719289
1.84917 -1.01574 0.833425
1.84917 -0.901607 0.94756
1.84917 -0.787471 1.0617
1.84917 -0.673335 1.17583
1.84917 -0.5592 1.28997
1.84917 -0.445064 1.4041
1.84917 -0.330928 1.51824
1.84917 -0.216793 1.63237
1.84917 -0.102657 1.74651
1.84917 0.0114785 1.86065
1.84917 0.125614 1.97478
1.84917 0.23975 2.08892
1.84917 0.353885 2.20305
1.84917 0.468021 2.31719
1.84917 0.582157 2.43132
1.84917 0.696292 2.54546
1.84917 0.810428 2.65959
1.84917 0.924564 2.77373
1.84917 1.0387 2.88787
1.84917 1.15283 3.002
1.84917 1.26697 3.11614
1.84917 1.38111 3.23027
1.84917 1.49524 3.34441

1.91124 -1.81469 0.0965468
1.91124 -1.70056 0.210682
1.91124 -1.58642 0.324818
1.91124 -1.47228 0.438954
1.91124 -1.35815 0.553089
1.91124 -1.24401 0.667225
1.91124 -1.12988 0.781361
1.91124 -1.01574 0.895496
1.91124 -0.901607 1.00963
1.91124 -0.787471 1.12377
1.91124 -0.673335 1.2379
1.91124 -0.5592 1.35204
1.91124 -0.445064 1.46617
1.91124 -0.330928 1.58031
1.91124 -0.216793 1.69445
1.91124 -0.102657 1.80858
1.91124 0.0114785 1.92272
1.91124 0.125614 2.03685
1.91124 0.23975 2.15099
1.91124 0.353885 2.26512
1.91124 0.468021 2.37926
1.91124 0.582157 2.4934
1.91124 0.696292 2.60753
1.91124 0.810428 2.72167
1.91124 0.924564 2.8358
1.91124 1.0387 2.94994
1.91124 1.15283 3.06407
1.91124 1.26697 3.17821
1.91124 1.38111 3.29234
1.91124 1.49524 3.40648

1.97331 -1.81469 0.158619
1.97331 -1.70056 0.272754
1.97331 -1.58642 0.38689
1.97331 -1.47228 0.501025
1.97331 -1.35815 0.615161
1.97331 -1.24401 0.729297
1.97331 -1.12988 0.843432
1.97331 -1.01574 0.957568
1.97331 -0.901607 1.0717
1.97331 -0.787471 1.18584
1.97331 -0.673335 1.29997
1.97331 -0.5592 1.41411
1.97331 -0.445064 1.52825
1.97331 -0.330928 1.64238
1.97331 -0.216793 1.75652
1.97331 -0.102657 1.87065
1.97331 0.0114785 1.98479
1.97331 0.125614 2.09892
1.97331 0.23975 2.21306
1.97331 0.353885 2.3272
1.97331 0.468021 2.44133
1.97331 0.582157 2.55547
1.97331 0.696292 2.6696
1.97331 0.810428 2.78374
1.97331 0.924564 2.89787
1.97331 1.0387 3.01201
1.97331 1.15283 3.12615
1.97331 1.26697 3.24028
1.97331 1.38111 3.35442
1.97331 1.49524 3.46855

2.03538 -1.81469 0.22069
2.03538 -1.70056 0.334826
2.03538 -1.58642 0.448962
2.03538 -1.47228 0.563097
2.03538 -1.35815 0.677233
2.03538 -1.24401 0.791368
2.03538 -1.12988 0.905504
2.03538 -1.01574 1.01964
2.03538 -0.901607 1.13378
2.03538 -0.787471 1.24791
2.03538 -0.673335 1.36205
2.03538 -0.5592 1.47618
2.03538 -0.445064 1.59032
2.03538 -0.330928 1.70445
2.03538 -0.216793 1.81859
2.03538 -0.102657 1.93272
2.03538 0.0114785 2.04686
2.03538 0.125614 2.161
2.03538 0.23975 2.27513
2.03538 0.353885 2.38927
2.03538 0.468021 2.5034
2.03538 0.582157 2.61754
2.03538 0.696292 2.73167
2.03538 0.810428 2.84581
2.03538 0.924564 2.95995
2.03538 1.0387 3.07408
2.03538 1.15283 3.18822
2.03538 1.26697 3.30235
2.03538 1.38111 3.41649
2.03538 1.49524 3.53062

2.09745 -1.81469 0.282762
2.09745 -1.70056 0.396898
2.09745 -1.58642 0.511033
2.09745 -1.47228 0.625169
2.09745 -1.35815 0.739305
2.09745 -1.24401 0.85344
2.09745 -1.12988 0.967576
2.09745 -1.01574 1.08171
2.09745 -0.901607 1.19585
2.09745 -0.787471 1.30998
2.09745 -0.673335 1.42412
2.09745 -0.5592 1.53825
2.09745 -0.445064 1.65239
2.09745 -0.330928 1.76653
2.09745 -0.216793 1.88066
2.09745 -0.102657 1.9948
2.09745 0.0114785 2.10893
2.09745 0.125614 2.22307
2.09745 0.23975 2.3372
2.09745 0.353885 2.45134
2.09745 0.468021 2.56547
2.09745 0.582157 2.67961
2.09745 0.696292 2.79375
2.09745 0.810428 2.90788
2.09745 0.924564 3.02202
2.09745 1.0387 3.13615
2.09745 1.15283 3.25029
2.09745 1.26697 3.36442
2.09745 1.38111 3.47856
2.09745 1.49524 3.5927

2.15953 -1.81469 0.344834
2.15953 -1.70056 0.458969
2.15953 -1.58642 0.573105
2.15953 -1.47228 0.687241
2.15953 -1.35815 0.801376
2.15953 -1.24401 0.915512
2.15953 -1.12988 1.02965
2.15953 -1.01574 1.14378
2.15953 -0.901607 1.25792
2.15953 -0.787471 1.37205
2.15953 -0.673335 1.48619
2.15953 -0.5592 1.60033
2.15953 -0.445064 1.71446
2.15953 -0.330928 1.8286
2.15953 -0.216793 1.94273
2.15953 -0.102657 2.05687
2.15953 0.0114785 2.171
2.15953 0.125614 2.28514
2.15953 0.23975 2.39928
2.15953 0.353885 2.51341
2.15953 0.468021 2.62755
2.15953 0.582157 2.74168
2.15953 0.696292 2.85582
2.15953 0.810428 2.96995
2.15953 0.924564 3.08409
2.15953 1.0387 3.19822
2.15953 1.15283 3.31236
2.15953 1.26697 3.4265
2.15953 1.38111 3.54063
2.15953 1.49524 3.65477

2.2216 -1.81469 0.406905
2.2216 -1.70056 0.521041
2.2216 -1.58642 0.635177
2.2216 -1.47228 0.749312
2.2216 -1.35815 0.863448
2.2216 -1.24401 0.977584
2.2216 -1.12988 1.09172
2.2216 -1.01574 1.20585
2.2216 -0.901607 1.31999
2.2216 -0.787471 1.43413
2.2216 -0.673335 1.54826
2.2216 -0.5592 1.6624
2.2216 -0.445064 1.77653
2.2216 -0.330928 1.89067
2.2216 -0.216793 2.0048
2.2216 -0.102657 2.11894
2.2216 0.0114785 2.23308
2.2216 0.125614 2.34721
2.2216 0.23975 2.46135
2.2216 0.353885 2.57548
2.2216 0.468021 2.68962
2.2216 0.582157 2.80375
2.2216 0.696292 2.91789
2.2216 0.810428 3.03203
2.2216 0.924564 3.14616
2.2216 1.0387 3.2603
2.2216 1.15283 3.37443
2.2216 1.26697 3.48857
2.2216 1.38111 3.6027
2.2216 1.49524 3.71684

2.28367 -1.81469 0.468977
2.28367 -1.70056 0.583113
2.28367 -1.58642 0.697248
2.28367 -1.47228 0.811384
2.28367 -1.35815 0.92552
2.28367 -1.24401 1.03966
2.28367 -1.12988 1.15379
2.28367 -1.01574 1.26793
2.28367 -0.901607 1.38206
2.28367 -0.787471 1.4962
2.28367 -0.673335 1.61033
2.28367 -0.5592 1.72447
2.28367 -0.445064 1.8386
2.28367 -0.330928 1.95274
2.28367 -0.216793 2.06688
2.28367 -0.102657 2.18101
2.28367 0.0114785 2.29515
2.28367 0.125614 2.40928
2.28367 0.23975 2.52342
2.28367 0.353885 2.63755
2.28367 0.468021 2.75169
2.28367 0.582157 2.86583
2.28367 0.696292 2.97996
2.28367 0.810428 3.0941
2.28367 0.924564 3.20823
2.28367 1.0387 3.32237
2.28367 1.15283 3.4365
2.28367 1.26697 3.55064
2.28367 1.38111 3.66478
2.28367 1.49524 3.77891

2.34574 -1.81469 0.531049
2.34574 -1.70056 0.645185
2.34574 -1.58642 0.75932
2.34574 -1.47228 0.873456
2.34574 -1.35815 0.987591
2.34574 -1.24401 1.10173
2.34574 -1.12988 1.21586
2.34574 -1.01574 1.33
2.34574 -0.901607 1.44413
2.34574 -0.787471 1.55827
2.34574 -0.673335 1.67241
2.34574 -0.5592 1.78654
2.34574 -0.445064 1.90068
2.34574 -0.330928 2.01481
2.34574 -0.216793 2.12895
2.34574 -0.102657 2.24308
2.34574 0.0114785 2.35722
2.34574 0.125614 2.47135
2.34574 0.23975 2.58549
2.34574 0.353885 2.69963
2.34574 0.468021 2.81376
2.34574 0.582157 2.9279
2.34574 0.696292 3.04203
2.34574 0.810428 3.15617
2.34574 0.924564 3.2703
2.34574 1.0387 3.38444
2.34574 1.15283 3.49858
2.34574 1.26697 3.61271
2.34574 1.38111 3.72685
2.34574 1.49524 3.84098

2.40781 -1.81469 0.593121
2.40781 -1.70056 0.707256
2.40781 -1.58642 0.821392
2.40781 -1.47228 0.935528
2.40781 -1.35815 1.04966
2.40781 -1.24401 1.1638
2.40781 -1.12988 1.27793
2.40781 -1.01574 1.39207
2.40781 -0.901607 1.50621
2.40781 -0.787471 1.62034
2.40781 -0.673335 1.73448
2.40781 -0.5592 1.84861
2.40781 -0.445064 1.96275
2.40781 -0.330928 2.07688
2.40781 -0.216793 2.19102
2.40781 -0.102657 2.30516
2.40781 0.0114785 2.41929
2.40781 0.125614 2.53343
2.40781 0.23975 2.64756
2.40781 0.353885 2.7617
2.40781 0.468021 2.87583
2.40781 0.582157 2.98997
2.40781 0.696292 3.1041
2.40781 0.810428 3.21824
2.40781 0.924564 3.33238
2.40781 1.0387 3.44651
2.40781 1.15283 3.56065
2.40781 1.26697 3.67478
2.40781 1.38111 3.78892
2.40781 1.49524 3.90305

