-0.633702 -1.81469 0.0248553
-0.633702 -1.70056 0.0371248
-0.633702 -1.58642 0.054025
-0.633702 -1.47228 0.0765967
-0.633702 -1.35815 0.105806
-0.633702 -1.24401 0.142395
-0.633702 -1.12988 0.186709
-0.633702 -1.01574 0.238518
-0.633702 -0.901607 0.296866
-0.633702 -0.787471 0.359986
-0.633702 -0.673335 0.425301
-0.633702 -0.5592 0.489543
-0.633702 -0.445064 0.548998
-0.633702 -0.330928 0.59984
-0.633702 -0.216793 0.638536
-0.633702 -0.102657 0.662247
-0.633702 0.0114785 0.669174
-0.633702 0.125614 0.658785
-0.633702 0.23975 0.631878
-0.633702 0.353885 0.590483
-0.633702 0.468021 0.53761
-0.633702 0.582157 0.476882
-0.633702 0.696292 0.412136
-0.633702 0.810428 0.34702
-0.633702 0.924564 0.284678
-0.633702 1.0387 0.22753
-0.633702 1.15283 0.177177
-0.633702 1.26697 0.134419
-0.633702 1.38111 0.0993573
-0.633702 1.49524 0.0715523

-0.571631 -1.81469 0.0267862
-0.571631 -1.70056 0.0400089
-0.571631 -1.58642 0.058222
-0.571631 -1.47228 0.0825473
-0.571631 -1.35815 0.114026
-0.571631 -1.24401 0.153458
-0.571631 -1.12988 0.201214
-0.571631 -1.01574 0.257048
-0.571631 -0.901607 0.319929
-0.571631 -0.787471 0.387953
-0.571631 -0.673335 0.458341
-0.571631 -0.5592 0.527574
-0.571631 -0.445064 0.591648
-0.571631 -0.330928 0.64644
-0.571631 -0.216793 0.688142
-0.571631 -0.102657 0.713695
-0.571631 0.0114785 0.721161
-0.571631 0.125614 0.709964
-0.571631 0.23975 0.680967
-0.571631 0.353885 0.636356
-0.571631 0.468021 0.579375
-0.571631 0.582157 0.51393
-0.571631 0.696292 0.444154
-0.571631 0.810428 0.373979
-0.571631 0.924564 0.306794
-0.571631 1.0387 0.245206
-0.571631 1.15283 0.190941
-0.571631 1.26697 0.144862
-0.571631 1.38111 0.107076
-0.571631 1.49524 0.0771109

-0.509559 -1.81469 0.0286456
-0.509559 -1.70056 0.0427861
-0.509559 -1.58642 0.0622635
-0.509559 -1.47228 0.0882772
-0.509559 -1.35815 0.121941
-0.509559 -1.24401 0.16411
-0.509559 -1.12988 0.215181
-0.509559 -1.01574 0.27489
-0.509559 -0.901607 0.342137
-0.509559 -0.787471 0.414882
-0.509559 -0.673335 0.490156
-0.509559 -0.5592 0.564195
-0.509559 -0.445064 0.632717
-0.509559 -0.330928 0.691312
-0.509559 -0.216793 0.735909
-0.509559 -0.102657 0.763235
-0.509559 0.0114785 0.77122
-0.509559 0.125614 0.759246
-0.509559 0.23975 0.728236
-0.509559 0.353885 0.680529
-0.509559 0.468021 0.619592
-0.509559 0.582157 0.549604
-0.509559 0.696292 0.474984
-0.509559 0.810428 0.399939
-0.509559 0.924564 0.32809
-0.509559 1.0387 0.262226
-0.509559 1.15283 0.204195
-0.509559 1.26697 0.154917
-0.509559 1.38111 0.114509
-0.509559 1.49524 0.0824636

-0.447487 -1.81469 0.0303988
-0.447487 -1.70056 0.0454049
-0.447487 -1.58642 0.0660743
-0.447487 -1.47228 0.0936803
-0.447487 -1.35815 0.129404
-0.447487 -1.24401 0.174154
-0.447487 -1.12988 0.228352
-0.447487 -1.01574 0.291715
-0.447487 -0.901607 0.363077
-0.447487 -0.787471 0.440275
-0.447487 -0.673335 0.520157
-0.447487 -0.5592 0.598727
-0.447487 -0.445064 0.671443
-0.447487 -0.330928 0.733624
-0.447487 -0.216793 0.78095
-0.447487 -0.102657 0.80995
-0.447487 0.0114785 0.818422
-0.447487 0.125614 0.805716
-0.447487 0.23975 0.772808
-0.447487 0.353885 0.722181
-0.447487 0.468021 0.657514
-0.447487 0.582157 0.583243
-0.447487 0.696292 0.504056
-0.447487 0.810428 0.424417
-0.447487 0.924564 0.348171
-0.447487 1.0387 0.278276
-0.447487 1.15283 0.216693
-0.447487 1.26697 0.164399
-0.447487 1.38111 0.121517
-0.447487 1.49524 0.0875108

-0.385416 -1.81469 0.0320118
-0.385416 -1.70056 0.047814
-0.385416 -1.58642 0.0695802
-0.385416 -1.47228 0.0986509
-0.385416 -1.35815 0.13627
-0.385416 -1.24401 0.183395
-0.385416 -1.12988 0.240468
-0.385416 -1.01574 0.307193
-0.385416 -0.901607 0.382342
-0.385416 -0.787471 0.463636
-0.385416 -0.673335 0.547756
-0.385416 -0.5592 0.630495
-0.385416 -0.445064 0.707069
-0.385416 -0.330928 0.77255
-0.385416 -0.216793 0.822387
-0.385416 -0.102657 0.852925
-0.385416 0.0114785 0.861848
-0.385416 0.125614 0.848467
-0.385416 0.23975 0.813813
-0.385416 0.353885 0.760499
-0.385416 0.468021 0.692402
-0.385416 0.582157 0.61419
-0.385416 0.696292 0.530801
-0.385416 0.810428 0.446937
-0.385416 0.924564 0.366644
-0.385416 1.0387 0.293041
-0.385416 1.15283 0.228191
-0.385416 1.26697 0.173122
-0.385416 1.38111 0.127965
-0.385416 1.49524 0.0921541

-0.323344 -1.81469 0.0334515
-0.323344 -1.70056 0.0499645
-0.323344 -1.58642 0.0727096
-0.323344 -1.47228 0.103088
-0.323344 -1.35815 0.142399
-0.323344 -1.24401 0.191643
-0.323344 -1.12988 0.251283
-0.323344 -1.01574 0.32101
-0.323344 -0.901607 0.399538
-0.323344 -0.787471 0.484488
-0.323344 -0.673335 0.572392
-0.323344 -0.5592 0.658853
-0.323344 -0.445064 0.73887
-0.323344 -0.330928 0.807296
-0.323344 -0.216793 0.859375
-0.323344 -0.102657 0.891286
-0.323344 0.0114785 0.90061
-0.323344 0.125614 0.886628
-0.323344 0.23975 0.850415
-0.323344 0.353885 0.794704
-0.323344 0.468021 0.723543
-0.323344 0.582157 0.641813
-0.323344 0.696292 0.554674
-0.323344 0.810428 0.467038
-0.323344 0.924564 0.383134
-0.323344 1.0387 0.306221
-0.323344 1.15283 0.238454
-0.323344 1.26697 0.180908
-0.323344 1.38111 0.13372
-0.323344 1.49524 0.0962988

-0.261272 -1.81469 0.0346877
-0.261272 -1.70056 0.0518109
-0.261272 -1.58642 0.0753966
-0.261272 -1.47228 0.106897
-0.261272 -1.35815 0.147662
-0.261272 -1.24401 0.198725
-0.261272 -1.12988 0.260569
-0.261272 -1.01574 0.332873
-0.261272 -0.901607 0.414303
-0.261272 -0.787471 0.502392
-0.261272 -0.673335 0.593544
-0.261272 -0.5592 0.6832
-0.261272 -0.445064 0.766175
-0.261272 -0.330928 0.837129
-0.261272 -0.216793 0.891132
-0.261272 -0.102657 0.924223
-0.261272 0.0114785 0.933892
-0.261272 0.125614 0.919393
-0.261272 0.23975 0.881841
-0.261272 0.353885 0.824071
-0.261272 0.468021 0.750281
-0.261272 0.582157 0.665531
-0.261272 0.696292 0.575172
-0.261272 0.810428 0.484297
-0.261272 0.924564 0.397293
-0.261272 1.0387 0.317537
-0.261272 1.15283 0.247266
-0.261272 1.26697 0.187594
-0.261272 1.38111 0.138662
-0.261272 1.49524 0.0998575

-0.1992 -1.81469 0.0356935
-0.1992 -1.70056 0.0533132
-0.1992 -1.58642 0.0775827
-0.1992 -1.47228 0.109997
-0.1992 -1.35815 0.151943
-0.1992 -1.24401 0.204487
-0.1992 -1.12988 0.268124
-0.1992 -1.01574 0.342524
-0.1992 -0.901607 0.426316
-0.1992 -0.787471 0.516959
-0.1992 -0.673335 0.610754
-0.1992 -0.5592 0.703009
-0.1992 -0.445064 0.78839
-0.1992 -0.330928 0.861402
-0.1992 -0.216793 0.916971
-0.1992 -0.102657 0.951021
-0.1992 0.0114785 0.96097
-0.1992 0.125614 0.94605
-0.1992 0.23975 0.90741
-0.1992 0.353885 0.847965
-0.1992 0.468021 0.772036
-0.1992 0.582157 0.684828
-0.1992 0.696292 0.591849
-0.1992 0.810428 0.498339
-0.1992 0.924564 0.408812
-0.1992 1.0387 0.326744
-0.1992 1.15283 0.254435
-0.1992 1.26697 0.193033
-0.1992 1.38111 0.142682
-0.1992 1.49524 0.102753

-0.137129 -1.81469 0.0364465
-0.137129 -1.70056 0.0544379
-0.137129 -1.58642 0.0792194
-0.137129 -1.47228 0.112317
-0.137129 -1.35815 0.155148
-0.137129 -1.24401 0.208801
-0.137129 -1.12988 0.273781
-0.137129 -1.01574 0.34975
-0.137129 -0.901607 0.435309
-0.137129 -0.787471 0.527865
-0.137129 -0.673335 0.623638
-0.137129 -0.5592 0.71784
-0.137129 -0.445064 0.805022
-0.137129 -0.330928 0.879574
-0.137129 -0.216793 0.936315
-0.137129 -0.102657 0.971084
-0.137129 0.0114785 0.981242
-0.137129 0.125614 0.966008
-0.137129 0.23975 0.926553
-0.137129 0.353885 0.865854
-0.137129 0.468021 0.788322
-0.137129 0.582157 0.699275
-0.137129 0.696292 0.604335
-0.137129 0.810428 0.508852
-0.137129 0.924564 0.417437
-0.137129 1.0387 0.333637
-0.137129 1.15283 0.259803
-0.137129 1.26697 0.197105
-0.137129 1.38111 0.145692
-0.137129 1.49524 0.10492

-0.0750569 -1.81469 0.0369297
-0.0750569 -1.70056 0.0551596
-0.0750569 -1.58642 0.0802697
-0.0750569 -1.47228 0.113806
-0.0750569 -1.35815 0.157205
-0.0750569 -1.24401 0.211569
-0.0750569 -1.12988 0.27741
-0.0750569 -1.01574 0.354387
-0.0750569 -0.901607 0.44108
-0.0750569 -0.787471 0.534863
-0.0750569 -0.673335 0.631906
-0.0750569 -0.5592 0.727357
-0.0750569 -0.445064 0.815694
-0.0750569 -0.330928 0.891235
-0.0750569 -0.216793 0.948728
-0.0750569 -0.102657 0.983958
-0.0750569 0.0114785 0.994251
-0.0750569 0.125614 0.978815
-0.0750569 0.23975 0.938837
-0.0750569 0.353885 0.877333
-0.0750569 0.468021 0.798774
-0.0750569 0.582157 0.708546
-0.0750569 0.696292 0.612347
-0.0750569 0.810428 0.515598
-0.0750569 0.924564 0.422971
-0.0750569 1.0387 0.338061
-0.0750569 1.15283 0.263247
-0.0750569 1.26697 0.199718
-0.0750569 1.38111 0.147624
-0.0750569 1.49524 0.106311

-0.0129851 -1.81469 0.037132
-0.0129851 -1.70056 0.0554619
-0.0129851 -1.58642 0.0807095
-0.0129851 -1.47228 0.11443
-0.0129851 -1.35815 0.158067
-0.0129851 -1.24401 0.212729
-0.0129851 -1.12988 0.27893
-0.0129851 -1.01574 0.356329
-0.0129851 -0.901607 0.443497
-0.0129851 -0.787471 0.537794
-0.0129851 -0.673335 0.635369
-0.0129851 -0.5592 0.731343
-0.0129851 -0.445064 0.820164
-0.0129851 -0.330928 0.896119
-0.0129851 -0.216793 0.953927
-0.0129851 -0.102657 0.98935
-0.0129851 0.0114785 0.9997
-0.0129851 0.125614 0.984179
-0.0129851 0.23975 0.943982
-0.0129851 0.353885 0.882141
-0.0129851 0.468021 0.803151
-0.0129851 0.582157 0.712429
-0.0129851 0.696292 0.615702
-0.0129851 0.810428 0.518424
-0.0129851 0.924564 0.425289
-0.0129851 1.0387 0.339913
-0.0129851 1.15283 0.26469
-0.0129851 1.26697 0.200813
-0.0129851 1.38111 0.148433
-0.0129851 1.49524 0.106894

0.0490866 -1.81469 0.0370489
0.0490866 -1.70056 0.0553377
0.0490866 -1.58642 0.0805289
0.0490866 -1.47228 0.114174
0.0490866 -1.35815 0.157713
0.0490866 -1.24401 0.212252
0.0490866 -1.12988 0.278306
0.0490866 -1.01574 0.355531
0.0490866 -0.901607 0.442505
0.0490866 -0.787471 0.536591
0.0490866 -0.673335 0.633947
0.0490866 -0.5592 0.729706
0.0490866 -0.445064 0.818328
0.0490866 -0.330928 0.894113
0.0490866 -0.216793 0.951792
0.0490866 -0.102657 0.987135
0.0490866 0.0114785 0.997462
0.0490866 0.125614 0.981976
0.0490866 0.23975 0.941869
0.0490866 0.353885 0.880166
0.0490866 0.468021 0.801353
0.0490866 0.582157 0.710834
0.0490866 0.696292 0.614324
0.0490866 0.810428 0.517263
0.0490866 0.924564 0.424337
0.0490866 1.0387 0.339152
0.0490866 1.15283 0.264097
0.0490866 1.26697 0.200363
0.0490866 1.38111 0.148101
0.0490866 1.49524 0.106655

0.111158 -1.81469 0.0366822
0.111158 -1.70056 0.05479
0.111158 -1.58642 0.0797318
0.111158 -1.47228 0.113044
0.111158 -1.35815 0.156152
0.111158 -1.24401 0.210152
0.111158 -1.12988 0.275552
0.111158 -1.01574 0.352013
0.111158 -0.901607 0.438125
0.111158 -0.787471 0.53128
0.111158 -0.673335 0.627673
0.111158 -0.5592 0.722484
0.111158 -0.445064 0.810229
0.111158 -0.330928 0.885264
0.111158 -0.216793 0.942372
0.111158 -0.102657 0.977365
0.111158 0.0114785 0.98759
0.111158 0.125614 0.972257
0.111158 0.23975 0.932547
0.111158 0.353885 0.871455
0.111158 0.468021 0.793422
0.111158 0.582157 0.703799
0.111158 0.696292 0.608244
0.111158 0.810428 0.512144
0.111158 0.924564 0.420137
0.111158 1.0387 0.335796
0.111158 1.15283 0.261483
0.111158 1.26697 0.19838
0.111158 1.38111 0.146635
0.111158 1.49524 0.105599

0.17323 -1.81469 0.0360404
0.17323 -1.70056 0.0538313
0.17323 -1.58642 0.0783367
0.17323 -1.47228 0.111066
0.17323 -1.35815 0.15342
0.17323 -1.24401 0.206474
0.17323 -1.12988 0.27073
0.17323 -1.01574 0.345853
0.17323 -0.901607 0.430459
0.17323 -0.787471 0.521984
0.17323 -0.673335 0.61669
0.17323 -0.5592 0.709842
0.17323 -0.445064 0.796052
0.17323 -0.330928 0.869774
0.17323 -0.216793 0.925883
0.17323 -0.102657 0.960264
0.17323 0.0114785 0.970309
0.17323 0.125614 0.955245
0.17323 0.23975 0.916229
0.17323 0.353885 0.856207
0.17323 0.468021 0.779539
0.17323 0.582157 0.691484
0.17323 0.696292 0.597601
0.17323 0.810428 0.503183
0.17323 0.924564 0.412786
0.17323 1.0387 0.32992
0.17323 1.15283 0.256908
0.17323 1.26697 0.194909
0.17323 1.38111 0.144069
0.17323 1.49524 0.103751

0.235302 -1.81469 0.035138
0.235302 -1.70056 0.0524834
0.235302 -1.58642 0.0763752
0.235302 -1.47228 0.108285
0.235302 -1.35815 0.149578
0.235302 -1.24401 0.201304
0.235302 -1.12988 0.263951
0.235302 -1.01574 0.337193
0.235302 -0.901607 0.419681
0.235302 -0.787471 0.508913
0.235302 -0.673335 0.601248
0.235302 -0.5592 0.692068
0.235302 -0.445064 0.776119
0.235302 -0.330928 0.847995
0.235302 -0.216793 0.902699
0.235302 -0.102657 0.936219
0.235302 0.0114785 0.946013
0.235302 0.125614 0.931326
0.235302 0.23975 0.893287
0.235302 0.353885 0.834768
0.235302 0.468021 0.76002
0.235302 0.582157 0.67417
0.235302 0.696292 0.582638
0.235302 0.810428 0.490583
0.235302 0.924564 0.40245
0.235302 1.0387 0.321659
0.235302 1.15283 0.250475
0.235302 1.26697 0.190028
0.235302 1.38111 0.140462
0.235302 1.49524 0.101154

0.297374 -1.81469 0.0339952
0.297374 -1.70056 0.0507765
0.297374 -1.58642 0.0738912
0.297374 -1.47228 0.104763
0.297374 -1.35815 0.144713
0.297374 -1.24401 0.194757
0.297374 -1.12988 0.255367
0.297374 -1.01574 0.326226
0.297374 -0.901607 0.406031
0.297374 -0.787471 0.492362
0.297374 -0.673335 0.581694
0.297374 -0.5592 0.669559
0.297374 -0.445064 0.750877
0.297374 -0.330928 0.820415
0.297374 -0.216793 0.87334
0.297374 -0.102657 0.90577
0.297374 0.0114785 0.915246
0.297374 0.125614 0.901036
0.297374 0.23975 0.864235
0.297374 0.353885 0.807618
0.297374 0.468021 0.735301
0.297374 0.582157 0.652243
0.297374 0.696292 0.563688
0.297374 0.810428 0.474628
0.297374 0.924564 0.389361
0.297374 1.0387 0.311198
0.297374 1.15283 0.242329
0.297374 1.26697 0.183848
0.297374 1.38111 0.135893
0.297374 1.49524 0.0978637

0.359445 -1.81469 0.032637
0.359445 -1.70056 0.048748
0.359445 -1.58642 0.0709393
0.359445 -1.47228 0.100578
0.359445 -1.35815 0.138932
0.359445 -1.24401 0.186977
0.359445 -1.12988 0.245165
0.359445 -1.01574 0.313194
0.359445 -0.901607 0.38981
0.359445 -0.787471 0.472692
0.359445 -0.673335 0.558455
0.359445 -0.5592 0.642811
0.359445 -0.445064 0.72088
0.359445 -0.330928 0.78764
0.359445 -0.216793 0.83845
0.359445 -0.102657 0.869585
0.359445 0.0114785 0.878682
0.359445 0.125614 0.86504
0.359445 0.23975 0.829708
0.359445 0.353885 0.775354
0.359445 0.468021 0.705926
0.359445 0.582157 0.626186
0.359445 0.696292 0.541169
0.359445 0.810428 0.455666
0.359445 0.924564 0.373806
0.359445 1.0387 0.298765
0.359445 1.15283 0.232648
0.359445 1.26697 0.176503
0.359445 1.38111 0.130464
0.359445 1.49524 0.0939541

0.421517 -1.81469 0.0310927
0.421517 -1.70056 0.0464412
0.421517 -1.58642 0.0675825
0.421517 -1.47228 0.0958185
0.421517 -1.35815 0.132358
0.421517 -1.24401 0.178129
0.421517 -1.12988 0.233564
0.421517 -1.01574 0.298374
0.421517 -0.901607 0.371365
0.421517 -0.787471 0.450324
0.421517 -0.673335 0.532029
0.421517 -0.5592 0.612393
0.421517 -0.445064 0.686768
0.421517 -0.330928 0.750369
0.421517 -0.216793 0.798775
0.421517 -0.102657 0.828437
0.421517 0.0114785 0.837103
0.421517 0.125614 0.824107
0.421517 0.23975 0.790447
0.421517 0.353885 0.738664
0.421517 0.468021 0.672522
0.421517 0.582157 0.596555
0.421517 0.696292 0.515561
0.421517 0.810428 0.434104
0.421517 0.924564 0.356117
0.421517 1.0387 0.284628
0.421517 1.15283 0.221639
0.421517 1.26697 0.168151
0.421517 1.38111 0.124291
0.421517 1.49524 0.0895082

0.483589 -1.81469 0.029394
0.483589 -1.70056 0.043904
0.483589 -1.58642 0.0638903
0.483589 -1.47228 0.0905837
0.483589 -1.35815 0.125127
0.483589 -1.24401 0.168398
0.483589 -1.12988 0.220803
0.483589 -1.01574 0.282073
0.483589 -0.901607 0.351076
0.483589 -0.787471 0.425722
0.483589 -0.673335 0.502963
0.483589 -0.5592 0.578937
0.483589 -0.445064 0.649248
0.483589 -0.330928 0.709375
0.483589 -0.216793 0.755136
0.483589 -0.102657 0.783177
0.483589 0.0114785 0.79137
0.483589 0.125614 0.779084
0.483589 0.23975 0.747263
0.483589 0.353885 0.698309
0.483589 0.468021 0.635781
0.483589 0.582157 0.563964
0.483589 0.696292 0.487395
0.483589 0.810428 0.410388
0.483589 0.924564 0.336662
0.483589 1.0387 0.269078
0.483589 1.15283 0.20953
0.483589 1.26697 0.158965
0.483589 1.38111 0.117501
0.483589 1.49524 0.0846182

0.54566 -1.81469 0.0275748
0.54566 -1.70056 0.0411868
0.54566 -1.58642 0.0599362
0.54566 -1.47228 0.0849776
0.54566 -1.35815 0.117383
0.54566 -1.24401 0.157976
0.54566 -1.12988 0.207138
0.54566 -1.01574 0.264615
0.54566 -0.901607 0.329348
0.54566 -0.787471 0.399374
0.54566 -0.673335 0.471835
0.54566 -0.5592 0.543107
0.54566 -0.445064 0.609067
0.54566 -0.330928 0.665472
0.54566 -0.216793 0.708401
0.54566 -0.102657 0.734707
0.54566 0.0114785 0.742393
0.54566 0.125614 0.730867
0.54566 0.23975 0.701015
0.54566 0.353885 0.655092
0.54566 0.468021 0.596433
0.54566 0.582157 0.529061
0.54566 0.696292 0.45723
0.54566 0.810428 0.38499
0.54566 0.924564 0.315826
0.54566 1.0387 0.252425
0.54566 1.15283 0.196563
0.54566 1.26697 0.149127
0.54566 1.38111 0.110228
0.54566 1.49524 0.0793812

0.607732 -1.81469 0.0256697
0.607732 -1.70056 0.0383412
0.607732 -1.58642 0.0557951
0.607732 -1.47228 0.0791064
0.607732 -1.35815 0.109273
0.607732 -1.24401 0.147061
0.607732 -1.12988 0.192827
0.607732 -1.01574 0.246333
0.607732 -0.901607 0.306593
0.607732 -0.787471 0.371781
0.607732 -0.673335 0.439236
0.607732 -0.5592 0.505583
0.607732 -0.445064 0.566986
0.607732 -0.330928 0.619494
0.607732 -0.216793 0.659458
0.607732 -0.102657 0.683946
0.607732 0.0114785 0.6911
0.607732 0.125614 0.680371
0.607732 0.23975 0.652582
0.607732 0.353885 0.609831
0.607732 0.468021 0.555225
0.607732 0.582157 0.492508
0.607732 0.696292 0.42564
0.607732 0.810428 0.358391
0.607732 0.924564 0.294006
0.607732 1.0387 0.234985
0.607732 1.15283 0.182982
0.607732 1.26697 0.138823
0.607732 1.38111 0.102613
0.607732 1.49524 0.0738967

0.669804 -1.81469 0.0237127
0.669804 -1.70056 0.0354182
0.669804 -1.58642 0.0515415
0.669804 -1.47228 0.0730757
0.669804 -1.35815 0.100942
0.669804 -1.24401 0.13585
0.669804 -1.12988 0.178126
0.669804 -1.01574 0.227554
0.669804 -0.901607 0.28322
0.669804 -0.787471 0.343438
0.669804 -0.673335 0.40575
0.669804 -0.5592 0.467039
0.669804 -0.445064 0.523761
0.669804 -0.330928 0.572266
0.669804 -0.216793 0.609183
0.669804 -0.102657 0.631804
0.669804 0.0114785 0.638414
0.669804 0.125614 0.628502
0.669804 0.23975 0.602832
0.669804 0.353885 0.56334
0.669804 0.468021 0.512897
0.669804 0.582157 0.454961
0.669804 0.696292 0.393191
0.669804 0.810428 0.331068
0.669804 0.924564 0.271592
0.669804 1.0387 0.21707
0.669804 1.15283 0.169032
0.669804 1.26697 0.12824
0.669804 1.38111 0.09479
0.669804 1.49524 0.0682631

0.731876 -1.81469 0.0217368
0.731876 -1.70056 0.0324669
0.731876 -1.58642 0.0472467
0.731876 -1.47228 0.0669865
0.731876 -1.35815 0.092531
0.731876 -1.24401 0.12453
0.731876 -1.12988 0.163284
0.731876 -1.01574 0.208592
0.731876 -0.901607 0.25962
0.731876 -0.787471 0.314821
0.731876 -0.673335 0.37194
0.731876 -0.5592 0.428122
0.731876 -0.445064 0.480118
0.731876 -0.330928 0.524581
0.731876 -0.216793 0.558422
0.731876 -0.102657 0.579158
0.731876 0.0114785 0.585216
0.731876 0.125614 0.576131
0.731876 0.23975 0.552599
0.731876 0.353885 0.516398
0.731876 0.468021 0.470158
0.731876 0.582157 0.41705
0.731876 0.696292 0.360427
0.731876 0.810428 0.303481
0.731876 0.924564 0.248961
0.731876 1.0387 0.198983
0.731876 1.15283 0.154947
0.731876 1.26697 0.117554
0.731876 1.38111 0.0868914
0.731876 1.49524 0.0625749

0.793947 -1.81469 0.0197726
0.793947 -1.70056 0.0295331
0.793947 -1.58642 0.0429773
0.793947 -1.47228 0.0609333
0.793947 -1.35815 0.0841696
0.793947 -1.24401 0.113277
0.793947 -1.12988 0.148529
0.793947 -1.01574 0.189743
0.793947 -0.901607 0.23616
0.793947 -0.787471 0.286372
0.793947 -0.673335 0.33833
0.793947 -0.5592 0.389436
0.793947 -0.445064 0.436732
0.793947 -0.330928 0.477178
0.793947 -0.216793 0.507961
0.793947 -0.102657 0.526823
0.793947 0.0114785 0.532334
0.793947 0.125614 0.524069
0.793947 0.23975 0.502664
0.793947 0.353885 0.469735
0.793947 0.468021 0.427673
0.793947 0.582157 0.379364
0.793947 0.696292 0.327858
0.793947 0.810428 0.276058
0.793947 0.924564 0.226464
0.793947 1.0387 0.181002
0.793947 1.15283 0.140946
0.793947 1.26697 0.106931
0.793947 1.38111 0.0790395
0.793947 1.49524 0.0569204

0.856019 -1.81469 0.0178478
0.856019 -1.70056 0.0266582
0.856019 -1.58642 0.0387936
0.856019 -1.47228 0.0550017
0.856019 -1.35815 0.075976
0.856019 -1.24401 0.10225
0.856019 -1.12988 0.13407
0.856019 -1.01574 0.171272
0.856019 -0.901607 0.21317
0.856019 -0.787471 0.258495
0.856019 -0.673335 0.305395
0.856019 -0.5592 0.351525
0.856019 -0.445064 0.394218
0.856019 -0.330928 0.430726
0.856019 -0.216793 0.458512
0.856019 -0.102657 0.475539
0.856019 0.0114785 0.480513
0.856019 0.125614 0.473053
0.856019 0.23975 0.453732
0.856019 0.353885 0.424008
0.856019 0.468021 0.386041
0.856019 0.582157 0.342434
0.856019 0.696292 0.295942
0.856019 0.810428 0.249184
0.856019 0.924564 0.204418
0.856019 1.0387 0.163382
0.856019 1.15283 0.127225
0.856019 1.26697 0.0965221
0.856019 1.38111 0.0713453
0.856019 1.49524 0.0513794

0.918091 -1.81469 0.0159867
0.918091 -1.70056 0.0238784
0.918091 -1.58642 0.0347484
0.918091 -1.47228 0.0492664
0.918091 -1.35815 0.0680536
0.918091 -1.24401 0.0915875
0.918091 -1.12988 0.12009
0.918091 -1.01574 0.153413
0.918091 -0.901607 0.190942
0.918091 -0.787471 0.23154
0.918091 -0.673335 0.27355
0.918091 -0.5592 0.31487
0.918091 -0.445064 0.353111
0.918091 -0.330928 0.385812
0.918091 -0.216793 0.410701
0.918091 -0.102657 0.425952
0.918091 0.0114785 0.430408
0.918091 0.125614 0.423725
0.918091 0.23975 0.406419
0.918091 0.353885 0.379794
0.918091 0.468021 0.345786
0.918091 0.582157 0.306727
0.918091 0.696292 0.265083
0.918091 0.810428 0.223201
0.918091 0.924564 0.183103
0.918091 1.0387 0.146345
0.918091 1.15283 0.113959
0.918091 1.26697 0.0864572
0.918091 1.38111 0.0639058
0.918091 1.49524 0.0460218

0.980163 -1.81469 0.0142098
0.980163 -1.70056 0.0212243
0.980163 -1.58642 0.0308861
0.980163 -1.47228 0.0437904
0.980163 -1.35815 0.0604894
0.980163 -1.24401 0.0814075
0.980163 -1.12988 0.106742
0.980163 -1.01574 0.136361
0.980163 -0.901607 0.169719
0.980163 -0.787471 0.205804
0.980163 -0.673335 0.243145
0.980163 -0.5592 0.279872
0.980163 -0.445064 0.313862
0.980163 -0.330928 0.342929
0.980163 -0.216793 0.365051
0.980163 -0.102657 0.378607
0.980163 0.0114785 0.382567
0.980163 0.125614 0.376628
0.980163 0.23975 0.361245
0.980163 0.353885 0.33758
0.980163 0.468021 0.307352
0.980163 0.582157 0.272634
0.980163 0.696292 0.235618
0.980163 0.810428 0.198392
0.980163 0.924564 0.162751
0.980163 1.0387 0.130079
0.980163 1.15283 0.101292
0.980163 1.26697 0.0768474
0.980163 1.38111 0.0568026
0.980163 1.49524 0.0409065

1.04223 -1.81469 0.0125334
1.04223 -1.70056 0.0187204
1.04223 -1.58642 0.0272424
1.04223 -1.47228 0.0386242
1.04223 -1.35815 0.0533532
1.04223 -1.24401 0.0718035
1.04223 -1.12988 0.094149
1.04223 -1.01574 0.120274
1.04223 -0.901607 0.149696
1.04223 -0.787471 0.181525
1.04223 -0.673335 0.21446
1.04223 -0.5592 0.246854
1.04223 -0.445064 0.276835
1.04223 -0.330928 0.302472
1.04223 -0.216793 0.321985
1.04223 -0.102657 0.333941
1.04223 0.0114785 0.337434
1.04223 0.125614 0.332196
1.04223 0.23975 0.318628
1.04223 0.353885 0.297754
1.04223 0.468021 0.271092
1.04223 0.582157 0.24047
1.04223 0.696292 0.207822
1.04223 0.810428 0.174987
1.04223 0.924564 0.14355
1.04223 1.0387 0.114733
1.04223 1.15283 0.0893422
1.04223 1.26697 0.0677814
1.04223 1.38111 0.0501014
1.04223 1.49524 0.0360806

1.10431 -1.81469 0.0109699
1.10431 -1.70056 0.0163851
1.10431 -1.58642 0.023844
1.10431 -1.47228 0.0338061
1.10431 -1.35815 0.0466977
1.10431 -1.24401 0.0628464
1.10431 -1.12988 0.0824044
1.10431 -1.01574 0.10527
1.10431 -0.901607 0.131022
1.10431 -0.787471 0.158881
1.10431 -0.673335 0.187707
1.10431 -0.5592 0.216061
1.10431 -0.445064 0.242301
1.10431 -0.330928 0.26474
1.10431 -0.216793 0.281819
1.10431 -0.102657 0.292284
1.10431 0.0114785 0.295341
1.10431 0.125614 0.290756
1.10431 0.23975 0.278881
1.10431 0.353885 0.260611
1.10431 0.468021 0.237275
1.10431 0.582157 0.210473
1.10431 0.696292 0.181897
1.10431 0.810428 0.153158
1.10431 0.924564 0.125643
1.10431 1.0387 0.100421
1.10431 1.15283 0.0781973
1.10431 1.26697 0.0593261
1.10431 1.38111 0.0438515
1.10431 1.49524 0.0315797

1.16638 -1.81469 0.00952778
1.16638 -1.70056 0.0142311
1.16638 -1.58642 0.0207094
1.16638 -1.47228 0.0293618
1.16638 -1.35815 0.0405586
1.16638 -1.24401 0.0545844
1.16638 -1.12988 0.0715713
1.16638 -1.01574 0.0914311
1.16638 -0.901607 0.113798
1.16638 -0.787471 0.137994
1.16638 -0.673335 0.163031
1.16638 -0.5592 0.187657
1.16638 -0.445064 0.210447
1.16638 -0.330928 0.229937
1.16638 -0.216793 0.24477
1.16638 -0.102657 0.253859
1.16638 0.0114785 0.256515
1.16638 0.125614 0.252532
1.16638 0.23975 0.242218
1.16638 0.353885 0.22635
1.16638 0.468021 0.206082
1.16638 0.582157 0.182803
1.16638 0.696292 0.157984
1.16638 0.810428 0.133023
1.16638 0.924564 0.109126
1.16638 1.0387 0.087219
1.16638 1.15283 0.0679172
1.16638 1.26697 0.0515269
1.16638 1.38111 0.0380866
1.16638 1.49524 0.0274281

1.22845 -1.81469 0.00821171
1.22845 -1.70056 0.0122653
1.22845 -1.58642 0.0178488
1.22845 -1.47228 0.0253061
1.22845 -1.35815 0.0349563
1.22845 -1.24401 0.0470447
1.22845 -1.12988 0.0616851
1.22845 -1.01574 0.0788017
1.22845 -0.901607 0.0980789
1.22845 -0.787471 0.118933
1.22845 -0.673335 0.140511
1.22845 -0.5592 0.161736
1.22845 -0.445064 0.181378
1.22845 -0.330928 0.198176
1.22845 -0.216793 0.21096
1.22845 -0.102657 0.218794
1.22845 0.0114785 0.221082
1.22845 0.125614 0.21765
1.22845 0.23975 0.20876
1.22845 0.353885 0.195084
1.22845 0.468021 0.177616
1.22845 0.582157 0.157553
1.22845 0.696292 0.136162
1.22845 0.810428 0.114649
1.22845 0.924564 0.0940521
1.22845 1.0387 0.0751714
1.22845 1.15283 0.0585358
1.22845 1.26697 0.0444095
1.22845 1.38111 0.0328257
1.22845 1.49524 0.0236395

1.29052 -1.81469 0.00702309
1.29052 -1.70056 0.01049
1.29052 -1.58642 0.0152653
1.29052 -1.47228 0.0216431
1.29052 -1.35815 0.0298965
1.29052 -1.24401 0.0402351
1.29052 -1.12988 0.0527565
1.29052 -1.01574 0.0673955
1.29052 -0.901607 0.0838824
1.29052 -0.787471 0.101718
1.29052 -0.673335 0.120173
1.29052 -0.5592 0.138325
1.29052 -0.445064 0.155125
1.29052 -0.330928 0.16949
1.29052 -0.216793 0.180424
1.29052 -0.102657 0.187124
1.29052 0.0114785 0.189082
1.29052 0.125614 0.186146
1.29052 0.23975 0.178543
1.29052 0.353885 0.166847
1.29052 0.468021 0.151907
1.29052 0.582157 0.134748
1.29052 0.696292 0.116453
1.29052 0.810428 0.0980538
1.29052 0.924564 0.0804384
1.29052 1.0387 0.0642906
1.29052 1.15283 0.050063
1.29052 1.26697 0.0379814
1.29052 1.38111 0.0280743
1.29052 1.49524 0.0202178

1.35259 -1.81469 0.00596042
1.35259 -1.70056 0.00890272
1.35259 -1.58642 0.0129555
1.35259 -1.47228 0.0183683
1.35259 -1.35815 0.0253728
1.35259 -1.24401 0.0341471
1.35259 -1.12988 0.0447738
1.35259 -1.01574 0.0571978
1.35259 -0.901607 0.07119
1.35259 -0.787471 0.0863265
1.35259 -0.673335 0.101989
1.35259 -0.5592 0.117395
1.35259 -0.445064 0.131652
1.35259 -0.330928 0.143845
1.35259 -0.216793 0.153124
1.35259 -0.102657 0.15881
1.35259 0.0114785 0.160471
1.35259 0.125614 0.15798
1.35259 0.23975 0.151528
1.35259 0.353885 0.141601
1.35259 0.468021 0.128922
1.35259 0.582157 0.114359
1.35259 0.696292 0.0988323
1.35259 0.810428 0.0832172
1.35259 0.924564 0.0682672
1.35259 1.0387 0.0545627
1.35259 1.15283 0.0424879
1.35259 1.26697 0.0322344
1.35259 1.38111 0.0238264
1.35259 1.49524 0.0171586

1.41466 -1.81469 0.00501971
1.41466 -1.70056 0.00749764
1.41466 -1.58642 0.0109108
1.41466 -1.47228 0.0154693
1.41466 -1.35815 0.0213683
1.41466 -1.24401 0.0287578
1.41466 -1.12988 0.0377073
1.41466 -1.01574 0.0481705
1.41466 -0.901607 0.0599544
1.41466 -0.787471 0.072702
1.41466 -0.673335 0.0858927
1.41466 -0.5592 0.0988669
1.41466 -0.445064 0.110874
1.41466 -0.330928 0.121142
1.41466 -0.216793 0.128957
1.41466 -0.102657 0.133746
1.41466 0.0114785 0.135145
1.41466 0.125614 0.133047
1.41466 0.23975 0.127613
1.41466 0.353885 0.119253
1.41466 0.468021 0.108574
1.41466 0.582157 0.09631
1.41466 0.696292 0.083234
1.41466 0.810428 0.0700834
1.41466 0.924564 0.0574929
1.41466 1.0387 0.0459513
1.41466 1.15283 0.0357822
1.41466 1.26697 0.0271469
1.41466 1.38111 0.020066
1.41466 1.49524 0.0144505

1.47674 -1.81469 0.00419502
1.47674 -1.70056 0.00626585
1.47674 -1.58642 0.00911822
1.47674 -1.47228 0.0129278
1.47674 -1.35815 0.0178577
1.47674 -1.24401 0.0240332
1.47674 -1.12988 0.0315124
1.47674 -1.01574 0.0402565
1.47674 -0.901607 0.0501045
1.47674 -0.787471 0.0607577
1.47674 -0.673335 0.0717813
1.47674 -0.5592 0.082624
1.47674 -0.445064 0.0926587
1.47674 -0.330928 0.10124
1.47674 -0.216793 0.107771
1.47674 -0.102657 0.111773
1.47674 0.0114785 0.112942
1.47674 0.125614 0.111188
1.47674 0.23975 0.106647
1.47674 0.353885 0.0996605
1.47674 0.468021 0.0907366
1.47674 0.582157 0.0804872
1.47674 0.696292 0.0695594
1.47674 0.810428 0.0585693
1.47674 0.924564 0.0480473
1.47674 1.0387 0.038402
1.47674 1.15283 0.0299035
1.47674 1.26697 0.022687
1.47674 1.38111 0.0167693
1.47674 1.49524 0.0120764

1.53881 -1.81469 0.00347891
1.53881 -1.70056 0.00519623
1.53881 -1.58642 0.00756169
1.53881 -1.47228 0.010721
1.53881 -1.35815 0.0148093
1.53881 -1.24401 0.0199306
1.53881 -1.12988 0.026133
1.53881 -1.01574 0.0333845
1.53881 -0.901607 0.0415514
1.53881 -0.787471 0.050386
1.53881 -0.673335 0.0595278
1.53881 -0.5592 0.0685196
1.53881 -0.445064 0.0768413
1.53881 -0.330928 0.0839575
1.53881 -0.216793 0.0893736
1.53881 -0.102657 0.0926924
1.53881 0.0114785 0.093662
1.53881 0.125614 0.0922079
1.53881 0.23975 0.0884418
1.53881 0.353885 0.0826479
1.53881 0.468021 0.0752474
1.53881 0.582157 0.0667476
1.53881 0.696292 0.0576853
1.53881 0.810428 0.0485712
1.53881 0.924564 0.0398454
1.53881 1.0387 0.0318465
1.53881 1.15283 0.0247988
1.53881 1.26697 0.0188142
1.53881 1.38111 0.0139067
1.53881 1.49524 0.0100149

1.60088 -1.81469 0.00286289
1.60088 -1.70056 0.00427613
1.60088 -1.58642 0.00622273
1.60088 -1.47228 0.0088226
1.60088 -1.35815 0.012187
1.60088 -1.24401 0.0164014
1.60088 -1.12988 0.0215056
1.60088 -1.01574 0.0274731
1.60088 -0.901607 0.0341938
1.60088 -0.787471 0.0414641
1.60088 -0.673335 0.0489872
1.60088 -0.5592 0.0563868
1.60088 -0.445064 0.0632349
1.60088 -0.330928 0.0690911
1.60088 -0.216793 0.0735481
1.60088 -0.102657 0.0762792
1.60088 0.0114785 0.0770772
1.60088 0.125614 0.0758805
1.60088 0.23975 0.0727813
1.60088 0.353885 0.0680133
1.60088 0.468021 0.0619232
1.60088 0.582157 0.0549285
1.60088 0.696292 0.0474708
1.60088 0.810428 0.0399706
1.60088 0.924564 0.0327899
1.60088 1.0387 0.0262074
1.60088 1.15283 0.0204077
1.60088 1.26697 0.0154827
1.60088 1.38111 0.0114442
1.60088 1.49524 0.00824157

1.66295 -1.81469 0.00233787
1.66295 -1.70056 0.00349193
1.66295 -1.58642 0.00508155
1.66295 -1.47228 0.00720463
1.66295 -1.35815 0.00995204
1.66295 -1.24401 0.0133936
1.66295 -1.12988 0.0175617
1.66295 -1.01574 0.0224348
1.66295 -0.901607 0.0279231
1.66295 -0.787471 0.0338601
1.66295 -0.673335 0.0400035
1.66295 -0.5592 0.0460461
1.66295 -0.445064 0.0516384
1.66295 -0.330928 0.0564206
1.66295 -0.216793 0.0600602
1.66295 -0.102657 0.0622905
1.66295 0.0114785 0.0629421
1.66295 0.125614 0.0619649
1.66295 0.23975 0.059434
1.66295 0.353885 0.0555405
1.66295 0.468021 0.0505672
1.66295 0.582157 0.0448553
1.66295 0.696292 0.0387652
1.66295 0.810428 0.0326405
1.66295 0.924564 0.0267766
1.66295 1.0387 0.0214013
1.66295 1.15283 0.0166651
1.66295 1.26697 0.0126434
1.66295 1.38111 0.00934548
1.66295 1.49524 0.00673016

1.72502 -1.81469 0.00189448
1.72502 -1.70056 0.00282967
1.72502 -1.58642 0.0041178
1.72502 -1.47228 0.00583823
1.72502 -1.35815 0.00806457
1.72502 -1.24401 0.0108534
1.72502 -1.12988 0.014231
1.72502 -1.01574 0.0181799
1.72502 -0.901607 0.0226273
1.72502 -0.787471 0.0274383
1.72502 -0.673335 0.0324166
1.72502 -0.5592 0.0373131
1.72502 -0.445064 0.0418448
1.72502 -0.330928 0.04572
1.72502 -0.216793 0.0486694
1.72502 -0.102657 0.0504767
1.72502 0.0114785 0.0510047
1.72502 0.125614 0.0502128
1.72502 0.23975 0.048162
1.72502 0.353885 0.0450069
1.72502 0.468021 0.0409768
1.72502 0.582157 0.0363481
1.72502 0.696292 0.0314131
1.72502 0.810428 0.02645
1.72502 0.924564 0.0216983
1.72502 1.0387 0.0173424
1.72502 1.15283 0.0135045
1.72502 1.26697 0.0102455
1.72502 1.38111 0.00757304
1.72502 1.49524 0.00545374

1.7871 -1.81469 0.00152339
1.7871 -1.70056 0.0022754
1.7871 -1.58642 0.00331122
1.7871 -1.47228 0.00469465
1.7871 -1.35815 0.0064849
1.7871 -1.24401 0.00872748
1.7871 -1.12988 0.0114435
1.7871 -1.01574 0.0146189
1.7871 -0.901607 0.0181951
1.7871 -0.787471 0.0220637
1.7871 -0.673335 0.0260669
1.7871 -0.5592 0.0300043
1.7871 -0.445064 0.0336484
1.7871 -0.330928 0.0367645
1.7871 -0.216793 0.0391362
1.7871 -0.102657 0.0405894
1.7871 0.0114785 0.041014
1.7871 0.125614 0.0403773
1.7871 0.23975 0.0387281
1.7871 0.353885 0.036191
1.7871 0.468021 0.0329504
1.7871 0.582157 0.0292284
1.7871 0.696292 0.02526
1.7871 0.810428 0.021269
1.7871 0.924564 0.0174481
1.7871 1.0387 0.0139454
1.7871 1.15283 0.0108593
1.7871 1.26697 0.00823861
1.7871 1.38111 0.00608966
1.7871 1.49524 0.00438548

1.84917 -1.81469 0.00121559
1.84917 -1.70056 0.00181565
1.84917 -1.58642 0.00264219
1.84917 -1.47228 0.0037461
1.84917 -1.35815 0.00517463
1.84917 -1.24401 0.00696409
1.84917 -1.12988 0.00913135
1.84917 -1.01574 0.0116651
1.84917 -0.901607 0.0145188
1.84917 -0.787471 0.0176058
1.84917 -0.673335 0.0208001
1.84917 -0.5592 0.023942
1.84917 -0.445064 0.0268497
1.84917 -0.330928 0.0293362
1.84917 -0.216793 0.0312287
1.84917 -0.102657 0.0323884
1.84917 0.0114785 0.0327272
1.84917 0.125614 0.0322191
1.84917 0.23975 0.0309031
1.84917 0.353885 0.0288786
1.84917 0.468021 0.0262928
1.84917 0.582157 0.0233228
1.84917 0.696292 0.0201562
1.84917 0.810428 0.0169716
1.84917 0.924564 0.0139227
1.84917 1.0387 0.0111277
1.84917 1.15283 0.00866515
1.84917 1.26697 0.006574
1.84917 1.38111 0.00485924
1.84917 1.49524 0.00349939

1.91124 -1.81469 0.000962536
1.91124 -1.70056 0.00143768
1.91124 -1.58642 0.00209215
1.91124 -1.47228 0.00296625
1.91124 -1.35815 0.0040974
1.91124 -1.24401 0.00551434
1.91124 -1.12988 0.00723043
1.91124 -1.01574 0.00923675
1.91124 -0.901607 0.0114963
1.91124 -0.787471 0.0139407
1.91124 -0.673335 0.01647
1.91124 -0.5592 0.0189579
1.91124 -0.445064 0.0212603
1.91124 -0.330928 0.0232292
1.91124 -0.216793 0.0247277
1.91124 -0.102657 0.0256459
1.91124 0.0114785 0.0259142
1.91124 0.125614 0.0255119
1.91124 0.23975 0.0244699
1.91124 0.353885 0.0228668
1.91124 0.468021 0.0208193
1.91124 0.582157 0.0184676
1.91124 0.696292 0.0159602
1.91124 0.810428 0.0134386
1.91124 0.924564 0.0110243
1.91124 1.0387 0.00881122
1.91124 1.15283 0.00686128
1.91124 1.26697 0.00520546
1.91124 1.38111 0.00384767
1.91124 1.49524 0.00277091

1.97331 -1.81469 0.00075631
1.97331 -1.70056 0.00112965
1.97331 -1.58642 0.0016439
1.97331 -1.47228 0.00233072
1.97331 -1.35815 0.00321952
1.97331 -1.24401 0.00433288
1.97331 -1.12988 0.00568129
1.97331 -1.01574 0.00725775
1.97331 -0.901607 0.00903321
1.97331 -0.787471 0.0109539
1.97331 -0.673335 0.0129413
1.97331 -0.5592 0.0148961
1.97331 -0.445064 0.0167052
1.97331 -0.330928 0.0182522
1.97331 -0.216793 0.0194297
1.97331 -0.102657 0.0201512
1.97331 0.0114785 0.020362
1.97331 0.125614 0.0200459
1.97331 0.23975 0.0192271
1.97331 0.353885 0.0179675
1.97331 0.468021 0.0163587
1.97331 0.582157 0.0145108
1.97331 0.696292 0.0125407
1.97331 0.810428 0.0105593
1.97331 0.924564 0.00866233
1.97331 1.0387 0.00692339
1.97331 1.15283 0.00539123
1.97331 1.26697 0.00409017
1.97331 1.38111 0.00302329
1.97331 1.49524 0.00217723

2.03538 -1.81469 0.000589706
2.03538 -1.70056 0.000880808
2.03538 -1.58642 0.00128177
2.03538 -1.47228 0.0018173
2.03538 -1.35815 0.00251031
2.03538 -1.24401 0.00337841
2.03538 -1.12988 0.00442979
2.03538 -1.01574 0.00565898
2.03538 -0.901607 0.00704333
2.03538 -0.787471 0.00854089
2.03538 -0.673335 0.0100905
2.03538 -0.5592 0.0116147
2.03538 -0.445064 0.0130253
2.03538 -0.330928 0.0142316
2.03538 -0.216793 0.0151496
2.03538 -0.102657 0.0157122
2.03538 0.0114785 0.0158766
2.03538 0.125614 0.0156301
2.03538 0.23975 0.0149917
2.03538 0.353885 0.0140096
2.03538 0.468021 0.0127551
2.03538 0.582157 0.0113143
2.03538 0.696292 0.00977817
2.03538 0.810428 0.00823326
2.03538 0.924564 0.00675415
2.03538 1.0387 0.00539827
2.03538 1.15283 0.00420362
2.03538 1.26697 0.00318917
2.03538 1.38111 0.00235731
2.03538 1.49524 0.00169762

2.09745 -1.81469 0.000456273
2.09745 -1.70056 0.000681507
2.09745 -1.58642 0.000991747
2.09745 -1.47228 0.0014061
2.09745 -1.35815 0.0019423
2.09745 -1.24401 0.00261398
2.09745 -1.12988 0.00342746
2.09745 -1.01574 0.00437852
2.09745 -0.901607 0.00544963
2.09745 -0.787471 0.00660834
2.09745 -0.673335 0.00780733
2.09745 -0.5592 0.00898664
2.09745 -0.445064 0.0100781
2.09745 -0.330928 0.0110114
2.09745 -0.216793 0.0117217
2.09745 -0.102657 0.012157
2.09745 0.0114785 0.0122842
2.09745 0.125614 0.0120935
2.09745 0.23975 0.0115995
2.09745 0.353885 0.0108396
2.09745 0.468021 0.00986901
2.09745 0.582157 0.00875423
2.09745 0.696292 0.00756566
2.09745 0.810428 0.00637032
2.09745 0.924564 0.00522589
2.09745 1.0387 0.00417681
2.09745 1.15283 0.00325247
2.09745 1.26697 0.00246756
2.09745 1.38111 0.00182392
2.09745 1.49524 0.0013135

2.15953 -1.81469 0.000350322
2.15953 -1.70056 0.000523255
2.15953 -1.58642 0.000761454
2.15953 -1.47228 0.00107959
2.15953 -1.35815 0.00149128
2.15953 -1.24401 0.00200699
2.15953 -1.12988 0.00263157
2.15953 -1.01574 0.00336179
2.15953 -0.901607 0.00418418
2.15953 -0.787471 0.00507382
2.15953 -0.673335 0.00599439
2.15953 -0.5592 0.00689986
2.15953 -0.445064 0.00773784
2.15953 -0.330928 0.00845444
2.15953 -0.216793 0.00899983
2.15953 -0.102657 0.00933403
2.15953 0.0114785 0.00943167
2.15953 0.125614 0.00928524
2.15953 0.23975 0.008906
2.15953 0.353885 0.00832256
2.15953 0.468021 0.00757733
2.15953 0.582157 0.00672141
2.15953 0.696292 0.00580885
2.15953 0.810428 0.00489107
2.15953 0.924564 0.00401239
2.15953 1.0387 0.00320691
2.15953 1.15283 0.00249722
2.15953 1.26697 0.00189457
2.15953 1.38111 0.00140039
2.15953 1.49524 0.00100849

2.2216 -1.81469 0.00026691
2.2216 -1.70056 0.000398666
2.2216 -1.58642 0.00058015
2.2216 -1.47228 0.000822537
2.2216 -1.35815 0.0011362
2.2216 -1.24401 0.00152912
2.2216 -1.12988 0.00200499
2.2216 -1.01574 0.00256134
2.2216 -0.901607 0.00318791
2.2216 -0.787471 0.00386573
2.2216 -0.673335 0.00456711
2.2216 -0.5592 0.00525698
2.2216 -0.445064 0.00589544
2.2216 -0.330928 0.00644141
2.2216 -0.216793 0.00685694
2.2216 -0.102657 0.00711157
2.2216 0.0114785 0.00718596
2.2216 0.125614 0.0070744
2.2216 0.23975 0.00678545
2.2216 0.353885 0.00634093
2.2216 0.468021 0.00577315
2.2216 0.582157 0.00512102
2.2216 0.696292 0.00442574
2.2216 0.810428 0.00372649
2.2216 0.924564 0.00305703
2.2216 1.0387 0.00244334
2.2216 1.15283 0.00190262
2.2216 1.26697 0.00144347
2.2216 1.38111 0.00106695
2.2216 1.49524 0.000768367

2.28367 -1.81469 0.000201797
2.28367 -1.70056 0.000301411
2.28367 -1.58642 0.000438621
2.28367 -1.47228 0.000621878
2.28367 -1.35815 0.000859024
2.28367 -1.24401 0.00115609
2.28367 -1.12988 0.00151587
2.28367 -1.01574 0.00193649
2.28367 -0.901607 0.00241022
2.28367 -0.787471 0.00292268
2.28367 -0.673335 0.00345296
2.28367 -0.5592 0.00397453
2.28367 -0.445064 0.00445724
2.28367 -0.330928 0.00487002
2.28367 -0.216793 0.00518418
2.28367 -0.102657 0.00537669
2.28367 0.0114785 0.00543294
2.28367 0.125614 0.00534859
2.28367 0.23975 0.00513013
2.28367 0.353885 0.00479405
2.28367 0.468021 0.00436478
2.28367 0.582157 0.00387174
2.28367 0.696292 0.00334608
2.28367 0.810428 0.00281741
2.28367 0.924564 0.00231126
2.28367 1.0387 0.00184728
2.28367 1.15283 0.00143847
2.28367 1.26697 0.00109133
2.28367 1.38111 0.000806668
2.28367 1.49524 0.000580923

2.34574 -1.81469 0.000151397
2.34574 -1.70056 0.000226132
2.34574 -1.58642 0.000329074
2.34574 -1.47228 0.000466561
2.34574 -1.35815 0.000644479
2.34574 -1.24401 0.000867349
2.34574 -1.12988 0.00113727
2.34574 -1.01574 0.00145284
2.34574 -0.901607 0.00180825
2.34574 -0.787471 0.00219273
2.34574 -0.673335 0.00259056
2.34574 -0.5592 0.00298187
2.34574 -0.445064 0.00334402
2.34574 -0.330928 0.00365371
2.34574 -0.216793 0.00388941
2.34574 -0.102657 0.00403383
2.34574 0.0114785 0.00407603
2.34574 0.125614 0.00401275
2.34574 0.23975 0.00384886
2.34574 0.353885 0.00359672
2.34574 0.468021 0.00327465
2.34574 0.582157 0.00290476
2.34574 0.696292 0.00251038
2.34574 0.810428 0.00211375
2.34574 0.924564 0.00173401
2.34574 1.0387 0.00138591
2.34574 1.15283 0.00107921
2.34574 1.26697 0.000818765
2.34574 1.38111 0.000605199
2.34574 1.49524 0.000435835

2.40781 -1.81469 0.000112713
2.40781 -1.70056 0.000168352
2.40781 -1.58642 0.000244991
2.40781 -1.47228 0.000347348
2.40781 -1.35815 0.000479805
2.40781 -1.24401 0.000645729
2.40781 -1.12988 0.000846683
2.40781 -1.01574 0.00108162
2.40781 -0.901607 0.00134622
2.40781 -0.787471 0.00163245
2.40781 -0.673335 0.00192864
2.40781 -0.5592 0.00221996
2.40781 -0.445064 0.00248958
2.40781 -0.330928 0.00272013
2.40781 -0.216793 0.00289561
2.40781 -0.102657 0.00300313
2.40781 0.0114785 0.00303455
2.40781 0.125614 0.00298744
2.40781 0.23975 0.00286542
2.40781 0.353885 0.0026777
2.40781 0.468021 0.00243793
2.40781 0.582157 0.00216255
2.40781 0.696292 0.00186894
2.40781 0.810428 0.00157366
2.40781 0.924564 0.00129095
2.40781 1.0387 0.00103179
2.40781 1.15283 0.000803455
2.40781 1.26697 0.000609559
2.40781 1.38111 0.000450562
2.40781 1.49524 0.000324473

