-0.633702 -1.81469 172.926
-0.633702 -1.70056 173.75
-0.633702 -1.58642 174.654
-0.633702 -1.47228 175.58
-0.633702 -1.35815 176.474
-0.633702 -1.24401 177.284
-0.633702 -1.12988 177.965
-0.633702 -1.01574 178.475
-0.633702 -0.901607 178.774
-0.633702 -0.787471 178.829
-0.633702 -0.673335 178.61
-0.633702 -0.5592 178.09
-0.633702 -0.445064 177.247
-0.633702 -0.330928 176.064
-0.633702 -0.216793 174.527
-0.633702 -0.102657 172.626
-0.633702 0.0114785 170.355
-0.633702 0.125614 167.712
-0.633702 0.23975 164.701
-0.633702 0.353885 161.328
-0.633702 0.468021 157.602
-0.633702 0.582157 153.54
-0.633702 0.696292 149.159
-0.633702 0.810428 144.482
-0.633702 0.924564 139.537
-0.633702 1.0387 134.354
-0.633702 1.15283 128.968
-0.633702 1.26697 123.419
-0.633702 1.38111 117.749
-0.633702 1.49524 112.006

-0.571631 -1.81469 174.254
-0.571631 -1.70056 175.011
-0.571631 -1.58642 175.851
-0.571631 -1.47228 176.717
-0.571631 -1.35815 177.554
-0.571631 -1.24401 178.31
-0.571631 -1.12988 178.941
-0.571631 -1.01574 179.403
-0.571631 -0.901607 179.658
-0.571631 -0.787471 179.671
-0.571631 -0.673335 179.414
-0.571631 -0.5592 178.86
-0.571631 -0.445064 177.986
-0.571631 -0.330928 176.775
-0.571631 -0.216793 175.213
-0.571631 -0.102657 173.29
-0.571631 0.0114785 171.001
-0.571631 0.125614 168.343
-0.571631 0.23975 165.32
-0.571631 0.353885 161.938
-0.571631 0.468021 158.207
-0.571631 0.582157 154.142
-0.571631 0.696292 149.762
-0.571631 0.810428 145.09
-0.571631 0.924564 140.152
-0.571631 1.0387 134.98
-0.571631 1.15283 129.608
-0.571631 1.26697 124.076
-0.571631 1.38111 118.427
-0.571631 1.49524 112.707

-0.509559 -1.81469 175.408
-0.509559 -1.70056 176.099
-0.509559 -1.58642 176.878
-0.509559 -1.47228 177.685
-0.509559 -1.35815 178.466
-0.509559 -1.24401 179.17
-0.509559 -1.12988 179.752
-0.509559 -1.01574 180.168
-0.509559 -0.901607 180.38
-0.509559 -0.787471 180.355
-0.509559 -0.673335 180.062
-0.509559 -0.5592 179.475
-0.509559 -0.445064 178.571
-0.509559 -0.330928 177.334
-0.509559 -0.216793 175.749
-0.509559 -0.102657 173.806
-0.509559 0.0114785 171.5
-0.509559 0.125614 168.829
-0.509559 0.23975 165.796
-0.509559 0.353885 162.407
-0.509559 0.468021 158.672
-0.509559 0.582157 154.607
-0.509559 0.696292 150.23
-0.509559 0.810428 145.564
-0.509559 0.924564 140.635
-0.509559 1.0387 135.475
-0.509559 1.15283 130.119
-0.509559 1.26697 124.606
-0.509559 1.38111 118.979
-0.509559 1.49524 113.285

-0.447487 -1.81469 176.383
-0.447487 -1.70056 177.011
-0.447487 -1.58642 177.73
-0.447487 -1.47228 178.48
-0.447487 -1.35815 179.207
-0.447487 -1.24401 179.861
-0.447487 -1.12988 180.396
-0.447487 -1.01574 180.768
-0.447487 -0.901607 180.94
-0.447487 -0.787471 180.877
-0.447487 -0.673335 180.549
-0.447487 -0.5592 179.931
-0.447487 -0.445064 179
-0.447487 -0.330928 177.738
-0.447487 -0.216793 176.132
-0.447487 -0.102657 174.171
-0.447487 0.0114785 171.85
-0.447487 0.125614 169.168
-0.447487 0.23975 166.126
-0.447487 0.353885 162.732
-0.447487 0.468021 158.995
-0.447487 0.582157 154.931
-0.447487 0.696292 150.559
-0.447487 0.810428 145.9
-0.447487 0.924564 140.983
-0.447487 1.0387 135.837
-0.447487 1.15283 130.499
-0.447487 1.26697 125.006
-0.447487 1.38111 119.403
-0.447487 1.49524 113.736

-0.385416 -1.81469 177.178
-0.385416 -1.70056 177.745
-0.385416 -1.58642 178.405
-0.385416 -1.47228 179.1
-0.385416 -1.35815 179.775
-0.385416 -1.24401 180.381
-0.385416 -1.12988 180.87
-0.385416 -1.01574 181.2
-0.385416 -0.901607 181.332
-0.385416 -0.787471 181.234
-0.385416 -0.673335 180.874
-0.385416 -0.5592 180.226
-0.385416 -0.445064 179.269
-0.385416 -0.330928 177.984
-0.385416 -0.216793 176.358
-0.385416 -0.102657 174.381
-0.385416 0.0114785 172.048
-0.385416 0.125614 169.355
-0.385416 0.23975 166.307
-0.385416 0.353885 162.909
-0.385416 0.468021 159.173
-0.385416 0.582157 155.112
-0.385416 0.696292 150.746
-0.385416 0.810428 146.097
-0.385416 0.924564 141.192
-0.385416 1.0387 136.062
-0.385416 1.15283 130.743
-0.385416 1.26697 125.273
-0.385416 1.38111 119.696
-0.385416 1.49524 114.058

-0.323344 -1.81469 177.79
-0.323344 -1.70056 178.297
-0.323344 -1.58642 178.901
-0.323344 -1.47228 179.542
-0.323344 -1.35815 180.168
-0.323344 -1.24401 180.726
-0.323344 -1.12988 181.171
-0.323344 -1.01574 181.461
-0.323344 -0.901607 181.556
-0.323344 -0.787471 181.424
-0.323344 -0.673335 181.033
-0.323344 -0.5592 180.358
-0.323344 -0.445064 179.377
-0.323344 -0.330928 178.071
-0.323344 -0.216793 176.427
-0.323344 -0.102657 174.435
-0.323344 0.0114785 172.09
-0.323344 0.125614 169.39
-0.323344 0.23975 166.337
-0.323344 0.353885 162.937
-0.323344 0.468021 159.202
-0.323344 0.582157 155.146
-0.323344 0.696292 150.788
-0.323344 0.810428 146.151
-0.323344 0.924564 141.26
-0.323344 1.0387 136.149
-0.323344 1.15283 130.85
-0.323344 1.26697 125.405
-0.323344 1.38111 119.855
-0.323344 1.49524 114.248

-0.261272 -1.81469 178.218
-0.261272 -1.70056 178.666
-0.261272 -1.58642 179.215
-0.261272 -1.47228 179.805
-0.261272 -1.35815 180.382
-0.261272 -1.24401 180.895
-0.261272 -1.12988 181.299
-0.261272 -1.01574 181.549
-0.261272 -0.901607 181.61
-0.261272 -0.787471 181.445
-0.261272 -0.673335 181.025
-0.261272 -0.5592 180.324
-0.261272 -0.445064 179.32
-0.261272 -0.330928 177.995
-0.261272 -0.216793 176.335
-0.261272 -0.102657 174.331
-0.261272 0.0114785 171.976
-0.261272 0.125614 169.269
-0.261272 0.23975 166.213
-0.261272 0.353885 162.814
-0.261272 0.468021 159.082
-0.261272 0.582157 155.033
-0.261272 0.696292 150.685
-0.261272 0.810428 146.06
-0.261272 0.924564 141.186
-0.261272 1.0387 136.094
-0.261272 1.15283 130.818
-0.261272 1.26697 125.399
-0.261272 1.38111 119.878
-0.261272 1.49524 114.303

-0.1992 -1.81469 178.458
-0.1992 -1.70056 178.851
-0.1992 -1.58642 179.346
-0.1992 -1.47228 179.886
-0.1992 -1.35815 180.417
-0.1992 -1.24401 180.887
-0.1992 -1.12988 181.25
-0.1992 -1.01574 181.464
-0.1992 -0.901607 181.49
-0.1992 -0.787471 181.295
-0.1992 -0.673335 180.848
-0.1992 -0.5592 180.123
-0.1992 -0.445064 179.098
-0.1992 -0.330928 177.756
-0.1992 -0.216793 176.082
-0.1992 -0.102657 174.066
-0.1992 0.0114785 171.704
-0.1992 0.125614 168.992
-0.1992 0.23975 165.935
-0.1992 0.353885 162.537
-0.1992 0.468021 158.811
-0.1992 0.582157 154.77
-0.1992 0.696292 150.433
-0.1992 0.810428 145.823
-0.1992 0.924564 140.968
-0.1992 1.0387 135.897
-0.1992 1.15283 130.646
-0.1992 1.26697 125.254
-0.1992 1.38111 119.764
-0.1992 1.49524 114.224

-0.137129 -1.81469 178.511
-0.137129 -1.70056 178.849
-0.137129 -1.58642 179.293
-0.137129 -1.47228 179.785
-0.137129 -1.35815 180.271
-0.137129 -1.24401 180.699
-0.137129 -1.12988 181.024
-0.137129 -1.01574 181.202
-0.137129 -0.901607 181.197
-0.137129 -0.787471 180.973
-0.137129 -0.673335 180.501
-0.137129 -0.5592 179.753
-0.137129 -0.445064 178.71
-0.137129 -0.330928 177.352
-0.137129 -0.216793 175.665
-0.137129 -0.102657 173.64
-0.137129 0.0114785 171.271
-0.137129 0.125614 168.557
-0.137129 0.23975 165.5
-0.137129 0.353885 162.106
-0.137129 0.468021 158.387
-0.137129 0.582157 154.356
-0.137129 0.696292 150.032
-0.137129 0.810428 145.439
-0.137129 0.924564 140.603
-0.137129 1.0387 135.555
-0.137129 1.15283 130.331
-0.137129 1.26697 124.968
-0.137129 1.38111 119.511
-0.137129 1.49524 114.007

-0.0750569 -1.81469 178.375
-0.0750569 -1.70056 178.66
-0.0750569 -1.58642 179.055
-0.0750569 -1.47228 179.5
-0.0750569 -1.35815 179.943
-0.0750569 -1.24401 180.331
-0.0750569 -1.12988 180.619
-0.0750569 -1.01574 180.764
-0.0750569 -0.901607 180.729
-0.0750569 -0.787471 180.478
-0.0750569 -0.673335 179.982
-0.0750569 -0.5592 179.214
-0.0750569 -0.445064 178.153
-0.0750569 -0.330928 176.781
-0.0750569 -0.216793 175.084
-0.0750569 -0.102657 173.051
-0.0750569 0.0114785 170.678
-0.0750569 0.125614 167.963
-0.0750569 0.23975 164.908
-0.0750569 0.353885 161.52
-0.0750569 0.468021 157.809
-0.0750569 0.582157 153.79
-0.0750569 0.696292 149.482
-0.0750569 0.810428 144.907
-0.0750569 0.924564 140.092
-0.0750569 1.0387 135.069
-0.0750569 1.15283 129.873
-0.0750569 1.26697 124.541
-0.0750569 1.38111 119.119
-0.0750569 1.49524 113.652

-0.0129851 -1.81469 178.05
-0.0129851 -1.70056 178.283
-0.0129851 -1.58642 178.63
-0.0129851 -1.47228 179.031
-0.0129851 -1.35815 179.432
-0.0129851 -1.24401 179.783
-0.0129851 -1.12988 180.036
-0.0129851 -1.01574 180.149
-0.0129851 -0.901607 180.085
-0.0129851 -0.787471 179.809
-0.0129851 -0.673335 179.291
-0.0129851 -0.5592 178.505
-0.0129851 -0.445064 177.429
-0.0129851 -0.330928 176.044
-0.0129851 -0.216793 174.338
-0.0129851 -0.102657 172.3
-0.0129851 0.0114785 169.924
-0.0129851 0.125614 167.209
-0.0129851 0.23975 164.158
-0.0129851 0.353885 160.777
-0.0129851 0.468021 157.077
-0.0129851 0.582157 153.071
-0.0129851 0.696292 148.78
-0.0129851 0.810428 144.225
-0.0129851 0.924564 139.434
-0.0129851 1.0387 134.438
-0.0129851 1.15283 129.271
-0.0129851 1.26697 123.973
-0.0129851 1.38111 118.586
-0.0129851 1.49524 113.159

0.0490866 -1.81469 177.534
0.0490866 -1.70056 177.719
0.0490866 -1.58642 178.019
0.0490866 -1.47228 178.378
0.0490866 -1.35815 178.739
0.0490866 -1.24401 179.053
0.0490866 -1.12988 179.273
0.0490866 -1.01574 179.357
0.0490866 -0.901607 179.266
0.0490866 -0.787471 178.967
0.0490866 -0.673335 178.428
0.0490866 -0.5592 177.625
0.0490866 -0.445064 176.535
0.0490866 -0.330928 175.14
0.0490866 -0.216793 173.426
0.0490866 -0.102657 171.384
0.0490866 0.0114785 169.008
0.0490866 0.125614 166.296
0.0490866 0.23975 163.251
0.0490866 0.353885 159.878
0.0490866 0.468021 156.19
0.0490866 0.582157 152.2
0.0490866 0.696292 147.927
0.0490866 0.810428 143.394
0.0490866 0.924564 138.628
0.0490866 1.0387 133.66
0.0490866 1.15283 128.525
0.0490866 1.26697 123.261
0.0490866 1.38111 117.913
0.0490866 1.49524 112.527

0.111158 -1.81469 176.829
0.111158 -1.70056 176.966
0.111158 -1.58642 177.222
0.111158 -1.47228 177.54
0.111158 -1.35815 177.863
0.111158 -1.24401 178.143
0.111158 -1.12988 178.331
0.111158 -1.01574 178.387
0.111158 -0.901607 178.271
0.111158 -0.787471 177.95
0.111158 -0.673335 177.394
0.111158 -0.5592 176.575
0.111158 -0.445064 175.473
0.111158 -0.330928 174.069
0.111158 -0.216793 172.35
0.111158 -0.102657 170.306
0.111158 0.0114785 167.931
0.111158 0.125614 165.223
0.111158 0.23975 162.185
0.111158 0.353885 158.823
0.111158 0.468021 155.149
0.111158 0.582157 151.176
0.111158 0.696292 146.923
0.111158 0.810428 142.414
0.111158 0.924564 137.675
0.111158 1.0387 132.737
0.111158 1.15283 127.635
0.111158 1.26697 122.408
0.111158 1.38111 117.1
0.111158 1.49524 111.757

0.17323 -1.81469 175.935
0.17323 -1.70056 176.026
0.17323 -1.58642 176.24
0.17323 -1.47228 176.518
0.17323 -1.35815 176.805
0.17323 -1.24401 177.052
0.17323 -1.12988 177.211
0.17323 -1.01574 177.24
0.17323 -0.901607 177.102
0.17323 -0.787471 176.761
0.17323 -0.673335 176.187
0.17323 -0.5592 175.355
0.17323 -0.445064 174.243
0.17323 -0.330928 172.832
0.17323 -0.216793 171.109
0.17323 -0.102657 169.065
0.17323 0.0114785 166.692
0.17323 0.125614 163.99
0.17323 0.23975 160.961
0.17323 0.353885 157.612
0.17323 0.468021 153.953
0.17323 0.582157 149.999
0.17323 0.696292 145.769
0.17323 0.810428 141.285
0.17323 0.924564 136.575
0.17323 1.0387 131.669
0.17323 1.15283 126.602
0.17323 1.26697 121.413
0.17323 1.38111 116.146
0.17323 1.49524 110.848

0.235302 -1.81469 174.852
0.235302 -1.70056 174.899
0.235302 -1.58642 175.073
0.235302 -1.47228 175.313
0.235302 -1.35815 175.566
0.235302 -1.24401 175.782
0.235302 -1.12988 175.913
0.235302 -1.01574 175.917
0.235302 -0.901607 175.757
0.235302 -0.787471 175.398
0.235302 -0.673335 174.81
0.235302 -0.5592 173.966
0.235302 -0.445064 172.846
0.235302 -0.330928 171.43
0.235302 -0.216793 169.705
0.235302 -0.102657 167.661
0.235302 0.0114785 165.293
0.235302 0.125614 162.599
0.235302 0.23975 159.581
0.235302 0.353885 156.246
0.235302 0.468021 152.605
0.235302 0.582157 148.672
0.235302 0.696292 144.465
0.235302 0.810428 140.009
0.235302 0.924564 135.328
0.235302 1.0387 130.456
0.235302 1.15283 125.426
0.235302 1.26697 120.277
0.235302 1.38111 115.054
0.235302 1.49524 109.802

0.297374 -1.81469 173.583
0.297374 -1.70056 173.587
0.297374 -1.58642 173.721
0.297374 -1.47228 173.926
0.297374 -1.35815 174.147
0.297374 -1.24401 174.333
0.297374 -1.12988 174.438
0.297374 -1.01574 174.42
0.297374 -0.901607 174.24
0.297374 -0.787471 173.865
0.297374 -0.673335 173.263
0.297374 -0.5592 172.41
0.297374 -0.445064 171.282
0.297374 -0.330928 169.863
0.297374 -0.216793 168.138
0.297374 -0.102657 166.097
0.297374 0.0114785 163.735
0.297374 0.125614 161.051
0.297374 0.23975 158.046
0.297374 0.353885 154.727
0.297374 0.468021 151.105
0.297374 0.582157 147.194
0.297374 0.696292 143.013
0.297374 0.810428 138.585
0.297374 0.924564 133.937
0.297374 1.0387 129.1
0.297374 1.15283 124.108
0.297374 1.26697 119.002
0.297374 1.38111 113.823
0.297374 1.49524 108.62

0.359445 -1.81469 172.127
0.359445 -1.70056 172.091
0.359445 -1.58642 172.188
0.359445 -1.47228 172.359
0.359445 -1.35815 172.549
0.359445 -1.24401 172.707
0.359445 -1.12988 172.788
0.359445 -1.01574 172.749
0.359445 -0.901607 172.551
0.359445 -0.787471 172.161
0.359445 -0.673335 171.548
0.359445 -0.5592 170.687
0.359445 -0.445064 169.554
0.359445 -0.330928 168.133
0.359445 -0.216793 166.41
0.359445 -0.102657 164.374
0.359445 0.0114785 162.02
0.359445 0.125614 159.347
0.359445 0.23975 156.356
0.359445 0.353885 153.055
0.359445 0.468021 149.454
0.359445 0.582157 145.567
0.359445 0.696292 141.414
0.359445 0.810428 137.016
0.359445 0.924564 132.402
0.359445 1.0387 127.602
0.359445 1.15283 122.651
0.359445 1.26697 117.588
0.359445 1.38111 112.457
0.359445 1.49524 107.303

0.421517 -1.81469 170.488
0.421517 -1.70056 170.413
0.421517 -1.58642 170.475
0.421517 -1.47228 170.613
0.421517 -1.35815 170.774
0.421517 -1.24401 170.907
0.421517 -1.12988 170.965
0.421517 -1.01574 170.906
0.421517 -0.901607 170.693
0.421517 -0.787471 170.29
0.421517 -0.673335 169.667
0.421517 -0.5592 168.799
0.421517 -0.445064 167.664
0.421517 -0.330928 166.243
0.421517 -0.216793 164.522
0.421517 -0.102657 162.493
0.421517 0.0114785 160.149
0.421517 0.125614 157.489
0.421517 0.23975 154.514
0.421517 0.353885 151.233
0.421517 0.468021 147.654
0.421517 0.582157 143.793
0.421517 0.696292 139.669
0.421517 0.810428 135.304
0.421517 0.924564 130.726
0.421517 1.0387 125.965
0.421517 1.15283 121.056
0.421517 1.26697 116.038
0.421517 1.38111 110.955
0.421517 1.49524 105.854

0.483589 -1.81469 168.667
0.483589 -1.70056 168.556
0.483589 -1.58642 168.583
0.483589 -1.47228 168.691
0.483589 -1.35815 168.825
0.483589 -1.24401 168.933
0.483589 -1.12988 168.971
0.483589 -1.01574 168.894
0.483589 -0.901607 168.666
0.483589 -0.787471 168.252
0.483589 -0.673335 167.622
0.483589 -0.5592 166.749
0.483589 -0.445064 165.612
0.483589 -0.330928 164.193
0.483589 -0.216793 162.478
0.483589 -0.102657 160.457
0.483589 0.0114785 158.125
0.483589 0.125614 155.479
0.483589 0.23975 152.523
0.483589 0.353885 149.262
0.483589 0.468021 145.708
0.483589 0.582157 141.875
0.483589 0.696292 137.782
0.483589 0.810428 133.451
0.483589 0.924564 128.91
0.483589 1.0387 124.19
0.483589 1.15283 119.325
0.483589 1.26697 114.354
0.483589 1.38111 109.321
0.483589 1.49524 104.274

0.54566 -1.81469 166.667
0.54566 -1.70056 166.521
0.54566 -1.58642 166.516
0.54566 -1.47228 166.595
0.54566 -1.35815 166.703
0.54566 -1.24401 166.79
0.54566 -1.12988 166.808
0.54566 -1.01574 166.716
0.54566 -0.901607 166.475
0.54566 -0.787471 166.052
0.54566 -0.673335 165.416
0.54566 -0.5592 164.54
0.54566 -0.445064 163.403
0.54566 -0.330928 161.988
0.54566 -0.216793 160.28
0.54566 -0.102657 158.269
0.54566 0.0114785 155.949
0.54566 0.125614 153.32
0.54566 0.23975 150.384
0.54566 0.353885 147.146
0.54566 0.468021 143.618
0.54566 0.582157 139.815
0.54566 0.696292 135.754
0.54566 0.810428 131.46
0.54566 0.924564 126.958
0.54566 1.0387 122.28
0.54566 1.15283 117.46
0.54566 1.26697 112.539
0.54566 1.38111 107.558
0.54566 1.49524 102.566

0.607732 -1.81469 164.492
0.607732 -1.70056 164.312
0.607732 -1.58642 164.277
0.607732 -1.47228 164.329
0.607732 -1.35815 164.413
0.607732 -1.24401 164.479
0.607732 -1.12988 164.48
0.607732 -1.01574 164.374
0.607732 -0.901607 164.123
0.607732 -0.787471 163.692
0.607732 -0.673335 163.051
0.607732 -0.5592 162.174
0.607732 -0.445064 161.04
0.607732 -0.330928 159.629
0.607732 -0.216793 157.93
0.607732 -0.102657 155.931
0.607732 0.0114785 153.626
0.607732 0.125614 151.016
0.607732 0.23975 148.101
0.607732 0.353885 144.888
0.607732 0.468021 141.388
0.607732 0.582157 137.616
0.607732 0.696292 133.59
0.607732 0.810428 129.333
0.607732 0.924564 124.872
0.607732 1.0387 120.238
0.607732 1.15283 115.466
0.607732 1.26697 110.595
0.607732 1.38111 105.668
0.607732 1.49524 100.733

0.669804 -1.81469 162.143
0.669804 -1.70056 161.931
0.669804 -1.58642 161.868
0.669804 -1.47228 161.895
0.669804 -1.35815 161.957
0.669804 -1.24401 162.004
0.669804 -1.12988 161.99
0.669804 -1.01574 161.872
0.669804 -0.901607 161.611
0.669804 -0.787471 161.174
0.669804 -0.673335 160.531
0.669804 -0.5592 159.655
0.669804 -0.445064 158.524
0.669804 -0.330928 157.121
0.669804 -0.216793 155.432
0.669804 -0.102657 153.446
0.669804 0.0114785 151.159
0.669804 0.125614 148.568
0.669804 0.23975 145.676
0.669804 0.353885 142.49
0.669804 0.468021 139.02
0.669804 0.582157 135.281
0.669804 0.696292 131.291
0.669804 0.810428 127.073
0.669804 0.924564 122.655
0.669804 1.0387 118.067
0.669804 1.15283 113.344
0.669804 1.26697 108.525
0.669804 1.38111 103.654
0.669804 1.49524 98.7778

0.731876 -1.81469 159.626
0.731876 -1.70056 159.384
0.731876 -1.58642 159.294
0.731876 -1.47228 159.298
0.731876 -1.35815 159.34
0.731876 -1.24401 159.37
0.731876 -1.12988 159.341
0.731876 -1.01574 159.213
0.731876 -0.901607 158.945
0.731876 -0.787471 158.504
0.731876 -0.673335 157.859
0.731876 -0.5592 156.986
0.731876 -0.445064 155.861
0.731876 -0.330928 154.467
0.731876 -0.216793 152.789
0.731876 -0.102657 150.819
0.731876 0.0114785 148.55
0.731876 0.125614 145.981
0.731876 0.23975 143.115
0.731876 0.353885 139.957
0.731876 0.468021 136.518
0.731876 0.582157 132.814
0.731876 0.696292 128.862
0.731876 0.810428 124.685
0.731876 0.924564 120.312
0.731876 1.0387 115.771
0.731876 1.15283 111.099
0.731876 1.26697 106.335
0.731876 1.38111 101.521
0.731876 1.49524 96.7051

0.793947 -1.81469 156.943
0.793947 -1.70056 156.673
0.793947 -1.58642 156.559
0.793947 -1.47228 156.54
0.793947 -1.35815 156.564
0.793947 -1.24401 156.579
0.793947 -1.12988 156.538
0.793947 -1.01574 156.401
0.793947 -0.901607 156.127
0.793947 -0.787471 155.684
0.793947 -0.673335 155.041
0.793947 -0.5592 154.171
0.793947 -0.445064 153.054
0.793947 -0.330928 151.67
0.793947 -0.216793 150.007
0.793947 -0.102657 148.054
0.793947 0.0114785 145.805
0.793947 0.125614 143.26
0.793947 0.23975 140.42
0.793947 0.353885 137.292
0.793947 0.468021 133.886
0.793947 0.582157 130.218
0.793947 0.696292 126.306
0.793947 0.810428 122.173
0.793947 0.924564 117.845
0.793947 1.0387 113.354
0.793947 1.15283 108.735
0.793947 1.26697 104.026
0.793947 1.38111 99.2718
0.793947 1.49524 94.5184

0.856019 -1.81469 154.1
0.856019 -1.70056 153.804
0.856019 -1.58642 153.666
0.856019 -1.47228 153.628
0.856019 -1.35815 153.634
0.856019 -1.24401 153.636
0.856019 -1.12988 153.585
0.856019 -1.01574 153.441
0.856019 -0.901607 153.163
0.856019 -0.787471 152.72
0.856019 -0.673335 152.079
0.856019 -0.5592 151.215
0.856019 -0.445064 150.107
0.856019 -0.330928 148.736
0.856019 -0.216793 147.088
0.856019 -0.102657 145.154
0.856019 0.0114785 142.927
0.856019 0.125614 140.407
0.856019 0.23975 137.596
0.856019 0.353885 134.5
0.856019 0.468021 131.129
0.856019 0.582157 127.5
0.856019 0.696292 123.629
0.856019 0.810428 119.54
0.856019 0.924564 115.261
0.856019 1.0387 110.821
0.856019 1.15283 106.256
0.856019 1.26697 101.605
0.856019 1.38111 96.9114
0.856019 1.49524 92.2221

0.918091 -1.81469 151.101
0.918091 -1.70056 150.78
0.918091 -1.58642 150.621
0.918091 -1.47228 150.564
0.918091 -1.35815 150.556
0.918091 -1.24401 150.546
0.918091 -1.12988 150.487
0.918091 -1.01574 150.337
0.918091 -0.901607 150.058
0.918091 -0.787471 149.615
0.918091 -0.673335 148.979
0.918091 -0.5592 148.123
0.918091 -0.445064 147.025
0.918091 -0.330928 145.668
0.918091 -0.216793 144.038
0.918091 -0.102657 142.124
0.918091 0.0114785 139.922
0.918091 0.125614 137.429
0.918091 0.23975 134.648
0.918091 0.353885 131.585
0.918091 0.468021 128.252
0.918091 0.582157 124.662
0.918091 0.696292 120.834
0.918091 0.810428 116.792
0.918091 0.924564 112.562
0.918091 1.0387 108.176
0.918091 1.15283 103.667
0.918091 1.26697 99.0754
0.918091 1.38111 94.4443
0.918091 1.49524 89.8209

0.980163 -1.81469 147.952
0.980163 -1.70056 147.608
0.980163 -1.58642 147.429
0.980163 -1.47228 147.356
0.980163 -1.35815 147.334
0.980163 -1.24401 147.314
0.980163 -1.12988 147.248
0.980163 -1.01574 147.095
0.980163 -0.901607 146.815
0.980163 -0.787471 146.376
0.980163 -0.673335 145.746
0.980163 -0.5592 144.899
0.980163 -0.445064 143.814
0.980163 -0.330928 142.473
0.980163 -0.216793 140.862
0.980163 -0.102657 138.971
0.980163 0.0114785 136.794
0.980163 0.125614 134.33
0.980163 0.23975 131.581
0.980163 0.353885 128.553
0.980163 0.468021 125.258
0.980163 0.582157 121.71
0.980163 0.696292 117.928
0.980163 0.810428 113.934
0.980163 0.924564 109.756
0.980163 1.0387 105.423
0.980163 1.15283 100.973
0.980163 1.26697 96.4423
0.980163 1.38111 91.8757
0.980163 1.49524 87.3199

1.04223 -1.81469 144.657
1.04223 -1.70056 144.292
1.04223 -1.58642 144.095
1.04223 -1.47228 144.007
1.04223 -1.35815 143.974
1.04223 -1.24401 143.945
1.04223 -1.12988 143.875
1.04223 -1.01574 143.72
1.04223 -0.901607 143.442
1.04223 -0.787471 143.007
1.04223 -0.673335 142.385
1.04223 -0.5592 141.549
1.04223 -0.445064 140.479
1.04223 -0.330928 139.155
1.04223 -0.216793 137.565
1.04223 -0.102657 135.698
1.04223 0.0114785 133.548
1.04223 0.125614 131.115
1.04223 0.23975 128.4
1.04223 0.353885 125.409
1.04223 0.468021 122.155
1.04223 0.582157 118.65
1.04223 0.696292 114.915
1.04223 0.810428 110.971
1.04223 0.924564 106.846
1.04223 1.0387 102.57
1.04223 1.15283 98.1788
1.04223 1.26697 93.7115
1.04223 1.38111 89.211
1.04223 1.49524 84.7247

1.10431 -1.81469 141.222
1.10431 -1.70056 140.838
1.10431 -1.58642 140.624
1.10431 -1.47228 140.524
1.10431 -1.35815 140.481
1.10431 -1.24401 140.446
1.10431 -1.12988 140.372
1.10431 -1.01574 140.217
1.10431 -0.901607 139.942
1.10431 -0.787471 139.514
1.10431 -0.673335 138.902
1.10431 -0.5592 138.079
1.10431 -0.445064 137.025
1.10431 -0.330928 135.721
1.10431 -0.216793 134.153
1.10431 -0.102657 132.312
1.10431 0.0114785 130.192
1.10431 0.125614 127.79
1.10431 0.23975 125.111
1.10431 0.353885 122.159
1.10431 0.468021 118.947
1.10431 0.582157 115.488
1.10431 0.696292 111.8
1.10431 0.810428 107.908
1.10431 0.924564 103.838
1.10431 1.0387 99.6208
1.10431 1.15283 95.2912
1.10431 1.26697 90.8885
1.10431 1.38111 86.456
1.10431 1.49524 82.0408

1.16638 -1.81469 137.654
1.16638 -1.70056 137.252
1.16638 -1.58642 137.024
1.16638 -1.47228 136.913
1.16638 -1.35815 136.862
1.16638 -1.24401 136.822
1.16638 -1.12988 136.747
1.16638 -1.01574 136.594
1.16638 -0.901607 136.324
1.16638 -0.787471 135.904
1.16638 -0.673335 135.303
1.16638 -0.5592 134.495
1.16638 -0.445064 133.459
1.16638 -0.330928 132.176
1.16638 -0.216793 130.633
1.16638 -0.102657 128.819
1.16638 0.0114785 126.73
1.16638 0.125614 124.363
1.16638 0.23975 121.72
1.16638 0.353885 118.809
1.16638 0.468021 115.641
1.16638 0.582157 112.229
1.16638 0.696292 108.592
1.16638 0.810428 104.753
1.16638 0.924564 100.74
1.16638 1.0387 96.5823
1.16638 1.15283 92.3159
1.16638 1.26697 87.9797
1.16638 1.38111 83.6169
1.16638 1.49524 79.2747

1.22845 -1.81469 133.959
1.22845 -1.70056 133.541
1.22845 -1.58642 133.301
1.22845 -1.47228 133.18
1.22845 -1.35815 133.123
1.22845 -1.24401 133.081
1.22845 -1.12988 133.006
1.22845 -1.01574 132.856
1.22845 -0.901607 132.593
1.22845 -0.787471 132.182
1.22845 -0.673335 131.595
1.22845 -0.5592 130.804
1.22845 -0.445064 129.787
1.22845 -0.330928 128.527
1.22845 -0.216793 127.01
1.22845 -0.102657 125.226
1.22845 0.0114785 123.169
1.22845 0.125614 120.838
1.22845 0.23975 118.235
1.22845 0.353885 115.366
1.22845 0.468021 112.243
1.22845 0.582157 108.88
1.22845 0.696292 105.295
1.22845 0.810428 101.512
1.22845 0.924564 97.5566
1.22845 1.0387 93.4609
1.22845 1.15283 89.2595
1.22845 1.26697 84.9916
1.22845 1.38111 80.7002
1.22845 1.49524 76.4326

1.29052 -1.81469 130.145
1.29052 -1.70056 129.712
1.29052 -1.58642 129.461
1.29052 -1.47228 129.333
1.29052 -1.35815 129.271
1.29052 -1.24401 129.228
1.29052 -1.12988 129.155
1.29052 -1.01574 129.01
1.29052 -0.901607 128.756
1.29052 -0.787471 128.357
1.29052 -0.673335 127.784
1.29052 -0.5592 127.012
1.29052 -0.445064 126.016
1.29052 -0.330928 124.781
1.29052 -0.216793 123.292
1.29052 -0.102657 121.539
1.29052 0.0114785 119.516
1.29052 0.125614 117.223
1.29052 0.23975 114.661
1.29052 0.353885 111.836
1.29052 0.468021 108.76
1.29052 0.582157 105.448
1.29052 0.696292 101.917
1.29052 0.810428 98.1904
1.29052 0.924564 94.2957
1.29052 1.0387 90.2635
1.29052 1.15283 86.1289
1.29052 1.26697 81.9309
1.29052 1.38111 77.7127
1.29052 1.49524 73.5216

1.35259 -1.81469 126.217
1.35259 -1.70056 125.773
1.35259 -1.58642 125.512
1.35259 -1.47228 125.378
1.35259 -1.35815 125.314
1.35259 -1.24401 125.271
1.35259 -1.12988 125.201
1.35259 -1.01574 125.064
1.35259 -0.901607 124.82
1.35259 -0.787471 124.435
1.35259 -0.673335 123.879
1.35259 -0.5592 123.126
1.35259 -0.445064 122.154
1.35259 -0.330928 120.945
1.35259 -0.216793 119.486
1.35259 -0.102657 117.766
1.35259 0.0114785 115.779
1.35259 0.125614 113.525
1.35259 0.23975 111.005
1.35259 0.353885 108.227
1.35259 0.468021 105.2
1.35259 0.582157 101.94
1.35259 0.696292 98.4643
1.35259 0.810428 94.7969
1.35259 0.924564 90.9642
1.35259 1.0387 86.9973
1.35259 1.15283 82.9312
1.35259 1.26697 78.805
1.35259 1.38111 74.6618
1.35259 1.49524 70.5489

1.41466 -1.81469 122.184
1.41466 -1.70056 121.729
1.41466 -1.58642 121.462
1.41466 -1.47228 121.323
1.41466 -1.35815 121.258
1.41466 -1.24401 121.217
1.41466 -1.12988 121.154
1.41466 -1.01574 121.025
1.41466 -0.901607 120.793
1.41466 -0.787471 120.423
1.41466 -0.673335 119.886
1.41466 -0.5592 119.155
1.41466 -0.445064 118.208
1.41466 -0.330928 117.027
1.41466 -0.216793 115.599
1.41466 -0.102657 113.913
1.41466 0.0114785 111.965
1.41466 0.125614 109.752
1.41466 0.23975 107.277
1.41466 0.353885 104.546
1.41466 0.468021 101.57
1.41466 0.582157 98.3636
1.41466 0.696292 94.9456
1.41466 0.810428 91.3387
1.41466 0.924564 87.5699
1.41466 1.0387 83.67
1.41466 1.15283 79.6741
1.41466 1.26697 75.6214
1.41466 1.38111 71.5549
1.41466 1.49524 67.522

1.47674 -1.81469 118.054
1.47674 -1.70056 117.59
1.47674 -1.58642 117.317
1.47674 -1.47228 117.176
1.47674 -1.35815 117.112
1.47674 -1.24401 117.075
1.47674 -1.12988 117.019
1.47674 -1.01574 116.901
1.47674 -0.901607 116.683
1.47674 -0.787471 116.33
1.47674 -0.673335 115.813
1.47674 -0.5592 115.105
1.47674 -0.445064 114.185
1.47674 -0.330928 113.034
1.47674 -0.216793 111.64
1.47674 -0.102657 109.991
1.47674 0.0114785 108.082
1.47674 0.125614 105.912
1.47674 0.23975 103.483
1.47674 0.353885 100.801
1.47674 0.468021 97.8778
1.47674 0.582157 94.7273
1.47674 0.696292 91.3683
1.47674 0.810428 87.8238
1.47674 0.924564 84.1204
1.47674 1.0387 80.2894
1.47674 1.15283 76.3655
1.47674 1.26697 72.388
1.47674 1.38111 68.4
1.47674 1.49524 64.4488

1.53881 -1.81469 113.835
1.53881 -1.70056 113.364
1.53881 -1.58642 113.087
1.53881 -1.47228 112.946
1.53881 -1.35815 112.884
1.53881 -1.24401 112.853
1.53881 -1.12988 112.806
1.53881 -1.01574 112.7
1.53881 -0.901607 112.498
1.53881 -0.787471 112.164
1.53881 -0.673335 111.669
1.53881 -0.5592 110.986
1.53881 -0.445064 110.095
1.53881 -0.330928 108.976
1.53881 -0.216793 107.616
1.53881 -0.102657 106.005
1.53881 0.0114785 104.138
1.53881 0.125614 102.012
1.53881 0.23975 99.6311
1.53881 0.353885 97.0008
1.53881 0.468021 94.1318
1.53881 0.582157 91.0389
1.53881 0.696292 87.7408
1.53881 0.810428 84.2603
1.53881 0.924564 80.6243
1.53881 1.0387 76.8638
1.53881 1.15283 73.0137
1.53881 1.26697 69.1132
1.53881 1.38111 65.2055
1.53881 1.49524 61.3378

1.60088 -1.81469 109.536
1.60088 -1.70056 109.06
1.60088 -1.58642 108.781
1.60088 -1.47228 108.64
1.60088 -1.35815 108.583
1.60088 -1.24401 108.56
1.60088 -1.12988 108.524
1.60088 -1.01574 108.432
1.60088 -0.901607 108.246
1.60088 -0.787471 107.933
1.60088 -0.673335 107.462
1.60088 -0.5592 106.807
1.60088 -0.445064 105.945
1.60088 -0.330928 104.86
1.60088 -0.216793 103.537
1.60088 -0.102657 101.966
1.60088 0.0114785 100.142
1.60088 0.125614 98.0625
1.60088 0.23975 95.731
1.60088 0.353885 93.1536
1.60088 0.468021 90.3407
1.60088 0.582157 87.3072
1.60088 0.696292 84.0717
1.60088 0.810428 80.6571
1.60088 0.924564 77.0901
1.60088 1.0387 73.4019
1.60088 1.15283 69.6274
1.60088 1.26697 65.8057
1.60088 1.38111 61.98
1.60088 1.49524 58.1975

1.66295 -1.81469 105.166
1.66295 -1.70056 104.686
1.66295 -1.58642 104.406
1.66295 -1.47228 104.269
1.66295 -1.35815 104.218
1.66295 -1.24401 104.204
1.66295 -1.12988 104.18
1.66295 -1.01574 104.104
1.66295 -0.901607 103.938
1.66295 -0.787471 103.647
1.66295 -0.673335 103.201
1.66295 -0.5592 102.575
1.66295 -0.445064 101.745
1.66295 -0.330928 100.695
1.66295 -0.216793 99.4105
1.66295 -0.102657 97.8814
1.66295 0.0114785 96.1023
1.66295 0.125614 94.0714
1.66295 0.23975 91.7913
1.66295 0.353885 89.2685
1.66295 0.468021 86.5136
1.66295 0.582157 83.5412
1.66295 0.696292 80.37
1.66295 0.810428 77.023
1.66295 0.924564 73.5269
1.66295 1.0387 69.9127
1.66295 1.15283 66.2155
1.66295 1.26697 62.4743
1.66295 1.38111 58.7324
1.66295 1.49524 55.0369

1.72502 -1.81469 100.733
1.72502 -1.70056 100.252
1.72502 -1.58642 99.9738
1.72502 -1.47228 99.8407
1.72502 -1.35815 99.7979
1.72502 -1.24401 99.7951
1.72502 -1.12988 99.7857
1.72502 -1.01574 99.7274
1.72502 -0.901607 99.5819
1.72502 -0.787471 99.315
1.72502 -0.673335 98.8966
1.72502 -0.5592 98.3005
1.72502 -0.445064 97.5049
1.72502 -0.330928 96.4918
1.72502 -0.216793 95.2473
1.72502 -0.102657 93.7616
1.72502 0.0114785 92.0292
1.72502 0.125614 90.0483
1.72502 0.23975 87.8214
1.72502 0.353885 85.355
1.72502 0.468021 82.6597
1.72502 0.582157 79.7502
1.72502 0.696292 76.6452
1.72502 0.810428 73.3675
1.72502 0.924564 69.944
1.72502 1.0387 66.4056
1.72502 1.15283 62.7875
1.72502 1.26697 59.1286
1.72502 1.38111 55.4722
1.72502 1.49524 51.8654

1.7871 -1.81469 96.2489
1.7871 -1.70056 95.7672
1.7871 -1.58642 95.4924
1.7871 -1.47228 95.3657
1.7871 -1.35815 95.3327
1.7871 -1.24401 95.3427
1.7871 -1.12988 95.3494
1.7871 -1.01574 95.3105
1.7871 -0.901607 95.1876
1.7871 -0.787471 94.9465
1.7871 -0.673335 94.5571
1.7871 -0.5592 93.9934
1.7871 -0.445064 93.2333
1.7871 -0.330928 92.2589
1.7871 -0.216793 91.0565
1.7871 -0.102657 89.6161
1.7871 0.0114785 87.9321
1.7871 0.125614 86.0029
1.7871 0.23975 83.831
1.7871 0.353885 81.4227
1.7871 0.468021 78.7889
1.7871 0.582157 75.944
1.7871 0.696292 72.9068
1.7871 0.810428 69.7002
1.7871 0.924564 66.3511
1.7871 1.0387 62.8903
1.7871 1.15283 59.353
1.7871 1.26697 55.7781
1.7871 1.38111 52.209
1.7871 1.49524 48.6928

1.84917 -1.81469 91.7223
1.84917 -1.70056 91.2423
1.84917 -1.58642 90.9724
1.84917 -1.47228 90.8539
1.84917 -1.35815 90.8323
1.84917 -1.24401 90.857
1.84917 -1.12988 90.8816
1.84917 -1.01574 90.8638
1.84917 -0.901607 90.7652
1.84917 -0.787471 90.5518
1.84917 -0.673335 90.1932
1.84917 -0.5592 89.6635
1.84917 -0.445064 88.9407
1.84917 -0.330928 88.0069
1.84917 -0.216793 86.8482
1.84917 -0.102657 85.4548
1.84917 0.0114785 83.8211
1.84917 0.125614 81.9453
1.84917 0.23975 79.8301
1.84917 0.353885 77.4818
1.84917 0.468021 74.9111
1.84917 0.582157 72.1326
1.84917 0.696292 69.1651
1.84917 0.810428 66.0314
1.84917 0.924564 62.7583
1.84917 1.0387 59.3769
1.84917 1.15283 55.9221
1.84917 1.26697 52.4331
1.84917 1.38111 48.953
1.84917 1.49524 45.5291

1.91124 -1.81469 87.164
1.91124 -1.70056 86.6875
1.91124 -1.58642 86.4243
1.91124 -1.47228 86.3158
1.91124 -1.35815 86.3073
1.91124 -1.24401 86.3484
1.91124 -1.12988 86.3927
1.91124 -1.01574 86.3977
1.91124 -0.901607 86.3253
1.91124 -0.787471 86.1412
1.91124 -0.673335 85.8152
1.91124 -0.5592 85.3214
1.91124 -0.445064 84.6376
1.91124 -0.330928 83.7461
1.91124 -0.216793 82.6329
1.91124 -0.102657 81.2882
1.91124 0.0114785 79.7065
1.91124 0.125614 77.886
1.91124 0.23975 75.8292
1.91124 0.353885 73.5426
1.91124 0.468021 71.0368
1.91124 0.582157 68.3265
1.91124 0.696292 65.4304
1.91124 0.810428 62.3713
1.91124 0.924564 59.1761
1.91124 1.0387 55.8758
1.91124 1.15283 52.5053
1.91124 1.26697 49.1039
1.91124 1.38111 45.7146
1.91124 1.49524 42.3847

1.97331 -1.81469 82.5849
1.97331 -1.70056 82.1136
1.97331 -1.58642 81.8589
1.97331 -1.47228 81.762
1.97331 -1.35815 81.7685
1.97331 -1.24401 81.8278
1.97331 -1.12988 81.8934
1.97331 -1.01574 81.9231
1.97331 -0.901607 81.8786
1.97331 -0.787471 81.7256
1.97331 -0.673335 81.4339
1.97331 -0.5592 80.9777
1.97331 -0.445064 80.3347
1.97331 -0.330928 79.4872
1.97331 -0.216793 78.4213
1.97331 -0.102657 77.1272
1.97331 0.0114785 75.5992
1.97331 0.125614 73.8357
1.97331 0.23975 71.8391
1.97331 0.353885 69.6159
1.97331 0.468021 67.1768
1.97331 0.582157 64.5364
1.97331 0.696292 61.7135
1.97331 0.810428 58.7308
1.97331 0.924564 55.6152
1.97331 1.0387 52.3978
1.97331 1.15283 49.1134
1.97331 1.26697 45.8013
1.97331 1.38111 42.5046
1.97331 1.49524 39.2705

2.03538 -1.81469 77.996
2.03538 -1.70056 77.5317
2.03538 -1.58642 77.2872
2.03538 -1.47228 77.2038
2.03538 -1.35815 77.227
2.03538 -1.24401 77.3062
2.03538 -1.12988 77.395
2.03538 -1.01574 77.4511
2.03538 -0.901607 77.4362
2.03538 -0.787471 77.316
2.03538 -0.673335 77.0605
2.03538 -0.5592 76.6436
2.03538 -0.445064 76.0432
2.03538 -0.330928 75.2415
2.03538 -0.216793 74.2246
2.03538 -0.102657 72.9828
2.03538 0.0114785 71.5103
2.03538 0.125614 69.8055
2.03538 0.23975 67.8709
2.03538 0.353885 65.713
2.03538 0.468021 63.3423
2.03538 0.582157 60.7736
2.03538 0.696292 58.0256
2.03538 0.810428 55.121
2.03538 0.924564 52.0869
2.03538 1.0387 48.954
2.03538 1.15283 45.7575
2.03538 1.26697 42.5365
2.03538 1.38111 39.3341
2.03538 1.49524 36.1975

2.09745 -1.81469 73.4089
2.09745 -1.70056 72.9534
2.09745 -1.58642 72.7209
2.09745 -1.47228 72.6527
2.09745 -1.35815 72.6943
2.09745 -1.24401 72.7952
2.09745 -1.12988 72.909
2.09745 -1.01574 72.9932
2.09745 -0.901607 73.0097
2.09745 -0.787471 72.9241
2.09745 -0.673335 72.7065
2.09745 -0.5592 72.3306
2.09745 -0.445064 71.7746
2.09745 -0.330928 71.0205
2.09745 -0.216793 70.0544
2.09745 -0.102657 68.8666
2.09745 0.0114785 67.4513
2.09745 0.125614 65.8071
2.09745 0.23975 63.9362
2.09745 0.353885 61.8452
2.09745 0.468021 59.5448
2.09745 0.582157 57.0495
2.09745 0.696292 54.3782
2.09745 0.810428 51.5535
2.09745 0.924564 48.6025
2.09745 1.0387 45.556
2.09745 1.15283 42.4491
2.09745 1.26697 39.3209
2.09745 1.38111 36.2146
2.09745 1.49524 33.1774

2.15953 -1.81469 68.8355
2.15953 -1.70056 68.3904
2.15953 -1.58642 68.1717
2.15953 -1.47228 68.1205
2.15953 -1.35815 68.1823
2.15953 -1.24401 68.3066
2.15953 -1.12988 68.4471
2.15953 -1.01574 68.5612
2.15953 -0.901607 68.6109
2.15953 -0.787471 68.5617
2.15953 -0.673335 68.3837
2.15953 -0.5592 68.0507
2.15953 -0.445064 67.5407
2.15953 -0.330928 66.8359
2.15953 -0.216793 65.9224
2.15953 -0.102657 64.7904
2.15953 0.0114785 63.4342
2.15953 0.125614 61.8522
2.15953 0.23975 60.0468
2.15953 0.353885 58.0246
2.15953 0.468021 55.7961
2.15953 0.582157 53.376
2.15953 0.696292 50.7831
2.15953 0.810428 48.0401
2.15953 0.924564 45.174
2.15953 1.0387 42.2156
2.15953 1.15283 39.2001
2.15953 1.26697 36.1665
2.15953 1.38111 33.158
2.15953 1.49524 30.2219

2.2216 -1.81469 64.2879
2.2216 -1.70056 63.8551
2.2216 -1.58642 63.6518
2.2216 -1.47228 63.6194
2.2216 -1.35815 63.7032
2.2216 -1.24401 63.8527
2.2216 -1.12988 64.0216
2.2216 -1.01574 64.1675
2.2216 -0.901607 64.252
2.2216 -0.787471 64.241
2.2216 -0.673335 64.1043
2.2216 -0.5592 63.8159
2.2216 -0.445064 63.3538
2.2216 -0.330928 62.7001
2.2216 -0.216793 61.8409
2.2216 -0.102657 60.7664
2.2216 0.0114785 59.471
2.2216 0.125614 57.953
2.2216 0.23975 56.2149
2.2216 0.353885 54.2632
2.2216 0.468021 52.1084
2.2216 0.582157 49.7653
2.2216 0.696292 47.2525
2.2216 0.810428 44.593
2.2216 0.924564 41.8135
2.2216 1.0387 38.9451
2.2216 1.15283 36.0227
2.2216 1.26697 33.0855
2.2216 1.38111 30.1766
2.2216 1.49524 27.3433

2.28367 -1.81469 59.7787
2.28367 -1.70056 59.36
2.28367 -1.58642 59.174
2.28367 -1.47228 59.162
2.28367 -1.35815 59.2695
2.28367 -1.24401 59.4461
2.28367 -1.12988 59.6451
2.28367 -1.01574 59.8244
2.28367 -0.901607 59.9456
2.28367 -0.787471 59.9745
2.28367 -0.673335 59.881
2.28367 -0.5592 59.639
2.28367 -0.445064 59.2265
2.28367 -0.330928 58.6256
2.28367 -0.216793 57.8224
2.28367 -0.102657 56.8073
2.28367 0.0114785 55.5744
2.28367 0.125614 54.1222
2.28367 0.23975 52.4531
2.28367 0.353885 50.5736
2.28367 0.468021 48.4943
2.28367 0.582157 46.2299
2.28367 0.696292 43.7991
2.28367 0.810428 41.2248
2.28367 0.924564 38.5337
2.28367 1.0387 35.7569
2.28367 1.15283 32.9294
2.28367 1.26697 30.0903
2.28367 1.38111 27.2828
2.28367 1.49524 24.5541

2.34574 -1.81469 55.3209
2.34574 -1.70056 54.918
2.34574 -1.58642 54.751
2.34574 -1.47228 54.7613
2.34574 -1.35815 54.8943
2.34574 -1.24401 55.0995
2.34574 -1.12988 55.3306
2.34574 -1.01574 55.545
2.34574 -0.901607 55.7047
2.34574 -0.787471 55.7752
2.34574 -0.673335 55.7266
2.34574 -0.5592 55.5327
2.34574 -0.445064 55.1716
2.34574 -0.330928 54.6253
2.34574 -0.216793 53.88
2.34574 -0.102657 52.9259
2.34574 0.0114785 51.7573
2.34574 0.125614 50.3727
2.34574 0.23975 48.7743
2.34574 0.353885 46.9688
2.34574 0.468021 44.9668
2.34574 0.582157 42.7829
2.34574 0.696292 40.4358
2.34574 0.810428 37.9484
2.34574 0.924564 35.3475
2.34574 1.0387 32.6641
2.34574 1.15283 29.9333
2.34574 1.26697 27.1941
2.34574 1.38111 24.4896
2.34574 1.49524 21.8673

2.40781 -1.81469 50.9277
2.40781 -1.70056 50.5424
2.40781 -1.58642 50.3961
2.40781 -1.47228 50.4305
2.40781 -1.35815 50.5907
2.40781 -1.24401 50.8265
2.40781 -1.12988 51.0912
2.40781 -1.01574 51.3426
2.40781 -0.901607 51.5424
2.40781 -0.787471 51.6564
2.40781 -0.673335 51.6545
2.40781 -0.5592 51.5105
2.40781 -0.445064 51.2025
2.40781 -0.330928 50.7125
2.40781 -0.216793 50.0268
2.40781 -0.102657 49.1356
2.40781 0.0114785 48.0331
2.40781 0.125614 46.7177
2.40781 0.23975 45.1919
2.40781 0.353885 43.4621
2.40781 0.468021 41.5391
2.40781 0.582157 39.4374
2.40781 0.696292 37.1758
2.40781 0.810428 34.7771
2.40781 0.924564 32.2682
2.40781 1.0387 29.6799
2.40781 1.15283 27.0475
2.40781 1.26697 24.4099
2.40781 1.38111 21.8104
2.40781 1.49524 19.2961

