-0.633702 -1.81469 493.855
-0.633702 -1.70056 452.691
-0.633702 -1.58642 411.528
-0.633702 -1.47228 370.365
-0.633702 -1.35815 329.202
-0.633702 -1.24401 288.039
-0.633702 -1.12988 246.876
-0.633702 -1.01574 205.712
-0.633702 -0.901607 194.358
-0.633702 -0.787471 192.276
-0.633702 -0.673335 190.193
-0.633702 -0.5592 188.111
-0.633702 -0.445064 186.029
-0.633702 -0.330928 183.946
-0.633702 -0.216793 181.864
-0.633702 -0.102657 179.782
-0.633702 0.0114785 177.699
-0.633702 0.125614 175.617
-0.633702 0.23975 173.535
-0.633702 0.353885 171.452
-0.633702 0.468021 169.37
-0.633702 0.582157 167.288
-0.633702 0.696292 165.205
-0.633702 0.810428 163.123
-0.633702 0.924564 161.041
-0.633702 1.0387 158.958
-0.633702 1.15283 156.876
-0.633702 1.26697 154.794
-0.633702 1.38111 152.711
-0.633702 1.49524 150.629

-0.571631 -1.81469 539.512
-0.571631 -1.70056 496.84
-0.571631 -1.58642 454.168
-0.571631 -1.47228 411.496
-0.571631 -1.35815 368.824
-0.571631 -1.24401 326.152
-0.571631 -1.12988 283.48
-0.571631 -1.01574 240.808
-0.571631 -0.901607 227.945
-0.571631 -0.787471 224.354
-0.571631 -0.673335 220.762
-0.571631 -0.5592 217.171
-0.571631 -0.445064 213.58
-0.571631 -0.330928 209.989
-0.571631 -0.216793 206.398
-0.571631 -0.102657 202.807
-0.571631 0.0114785 199.215
-0.571631 0.125614 195.624
-0.571631 0.23975 192.033
-0.571631 0.353885 188.442
-0.571631 0.468021 184.851
-0.571631 0.582157 181.259
-0.571631 0.696292 177.668
-0.571631 0.810428 174.077
-0.571631 0.924564 170.486
-0.571631 1.0387 166.895
-0.571631 1.15283 163.303
-0.571631 1.26697 159.712
-0.571631 1.38111 156.121
-0.571631 1.49524 152.53

-0.509559 -1.81469 585.17
-0.509559 -1.70056 540.989
-0.509559 -1.58642 496.808
-0.509559 -1.47228 452.627
-0.509559 -1.35815 408.446
-0.509559 -1.24401 364.266
-0.509559 -1.12988 320.085
-0.509559 -1.01574 275.904
-0.509559 -0.901607 261.532
-0.509559 -0.787471 256.432
-0.509559 -0.673335 251.332
-0.509559 -0.5592 246.232
-0.509559 -0.445064 241.131
-0.509559 -0.330928 236.031
-0.509559 -0.216793 230.931
-0.509559 -0.102657 225.831
-0.509559 0.0114785 220.731
-0.509559 0.125614 215.631
-0.509559 0.23975 210.531
-0.509559 0.353885 205.431
-0.509559 0.468021 200.331
-0.509559 0.582157 195.231
-0.509559 0.696292 190.131
-0.509559 0.810428 185.031
-0.509559 0.924564 179.931
-0.509559 1.0387 174.831
-0.509559 1.15283 169.731
-0.509559 1.26697 164.63
-0.509559 1.38111 159.53
-0.509559 1.49524 154.43

-0.447487 -1.81469 630.828
-0.447487 -1.70056 585.138
-0.447487 -1.58642 539.448
-0.447487 -1.47228 493.759
-0.447487 -1.35815 448.069
-0.447487 -1.24401 402.379
-0.447487 -1.12988 356.689
-0.447487 -1.01574 310.999
-0.447487 -0.901607 295.119
-0.447487 -0.787471 288.51
-0.447487 -0.673335 281.901
-0.447487 -0.5592 275.292
-0.447487 -0.445064 268.683
-0.447487 -0.330928 262.074
-0.447487 -0.216793 255.465
-0.447487 -0.102657 248.856
-0.447487 0.0114785 242.247
-0.447487 0.125614 235.638
-0.447487 0.23975 229.029
-0.447487 0.353885 222.42
-0.447487 0.468021 215.811
-0.447487 0.582157 209.202
-0.447487 0.696292 202.594
-0.447487 0.810428 195.985
-0.447487 0.924564 189.376
-0.447487 1.0387 182.767
-0.447487 1.15283 176.158
-0.447487 1.26697 169.549
-0.447487 1.38111 162.94
-0.447487 1.49524 156.331

-0.385416 -1.81469 676.486
-0.385416 -1.70056 629.287
-0.385416 -1.58642 582.088
-0.385416 -1.47228 534.89
-0.385416 -1.35815 487.691
-0.385416 -1.24401 440.492
-0.385416 -1.12988 393.294
-0.385416 -1.01574 346.095
-0.385416 -0.901607 328.705
-0.385416 -0.787471 320.588
-0.385416 -0.673335 312.47
-0.385416 -0.5592 304.352
-0.385416 -0.445064 296.234
-0.385416 -0.330928 288.116
-0.385416 -0.216793 279.999
-0.385416 -0.102657 271.881
-0.385416 0.0114785 263.763
-0.385416 0.125614 255.645
-0.385416 0.23975 247.527
-0.385416 0.353885 239.41
-0.385416 0.468021 231.292
-0.385416 0.582157 223.174
-0.385416 0.696292 215.056
-0.385416 0.810428 206.938
-0.385416 0.924564 198.821
-0.385416 1.0387 190.703
-0.385416 1.15283 182.585
-0.385416 1.26697 174.467
-0.385416 1.38111 166.349
-0.385416 1.49524 158.232

-0.323344 -1.81469 722.143
-0.323344 -1.70056 673.436
-0.323344 -1.58642 624.728
-0.323344 -1.47228 576.021
-0.323344 -1.35815 527.313
-0.323344 -1.24401 478.606
-0.323344 -1.12988 429.898
-0.323344 -1.01574 381.191
-0.323344 -0.901607 362.292
-0.323344 -0.787471 352.666
-0.323344 -0.673335 343.039
-0.323344 -0.5592 333.412
-0.323344 -0.445064 323.786
-0.323344 -0.330928 314.159
-0.323344 -0.216793 304.532
-0.323344 -0.102657 294.906
-0.323344 0.0114785 285.279
-0.323344 0.125614 275.652
-0.323344 0.23975 266.026
-0.323344 0.353885 256.399
-0.323344 0.468021 246.772
-0.323344 0.582157 237.146
-0.323344 0.696292 227.519
-0.323344 0.810428 217.892
-0.323344 0.924564 208.266
-0.323344 1.0387 198.639
-0.323344 1.15283 189.012
-0.323344 1.26697 179.386
-0.323344 1.38111 169.759
-0.323344 1.49524 160.132

-0.261272 -1.81469 767.801
-0.261272 -1.70056 717.585
-0.261272 -1.58642 667.368
-0.261272 -1.47228 617.152
-0.261272 -1.35815 566.936
-0.261272 -1.24401 516.719
-0.261272 -1.12988 466.503
-0.261272 -1.01574 416.287
-0.261272 -0.901607 395.879
-0.261272 -0.787471 384.744
-0.261272 -0.673335 373.608
-0.261272 -0.5592 362.473
-0.261272 -0.445064 351.337
-0.261272 -0.330928 340.201
-0.261272 -0.216793 329.066
-0.261272 -0.102657 317.93
-0.261272 0.0114785 306.795
-0.261272 0.125614 295.659
-0.261272 0.23975 284.524
-0.261272 0.353885 273.388
-0.261272 0.468021 262.253
-0.261272 0.582157 251.117
-0.261272 0.696292 239.982
-0.261272 0.810428 228.846
-0.261272 0.924564 217.711
-0.261272 1.0387 206.575
-0.261272 1.15283 195.439
-0.261272 1.26697 184.304
-0.261272 1.38111 173.168
-0.261272 1.49524 162.033

-0.1992 -1.81469 813.459
-0.1992 -1.70056 761.734
-0.1992 -1.58642 710.009
-0.1992 -1.47228 658.283
-0.1992 -1.35815 606.558
-0.1992 -1.24401 554.833
-0.1992 -1.12988 503.108
-0.1992 -1.01574 451.382
-0.1992 -0.901607 429.466
-0.1992 -0.787471 416.822
-0.1992 -0.673335 404.177
-0.1992 -0.5592 391.533
-0.1992 -0.445064 378.888
-0.1992 -0.330928 366.244
-0.1992 -0.216793 353.6
-0.1992 -0.102657 340.955
-0.1992 0.0114785 328.311
-0.1992 0.125614 315.666
-0.1992 0.23975 303.022
-0.1992 0.353885 290.378
-0.1992 0.468021 277.733
-0.1992 0.582157 265.089
-0.1992 0.696292 252.444
-0.1992 0.810428 239.8
-0.1992 0.924564 227.156
-0.1992 1.0387 214.511
-0.1992 1.15283 201.867
-0.1992 1.26697 189.222
-0.1992 1.38111 176.578
-0.1992 1.49524 163.934

-0.137129 -1.81469 859.117
-0.137129 -1.70056 805.883
-0.137129 -1.58642 752.649
-0.137129 -1.47228 699.414
-0.137129 -1.35815 646.18
-0.137129 -1.24401 592.946
-0.137129 -1.12988 539.712
-0.137129 -1.01574 486.478
-0.137129 -0.901607 463.053
-0.137129 -0.787471 448.9
-0.137129 -0.673335 434.746
-0.137129 -0.5592 420.593
-0.137129 -0.445064 406.44
-0.137129 -0.330928 392.286
-0.137129 -0.216793 378.133
-0.137129 -0.102657 363.98
-0.137129 0.0114785 349.827
-0.137129 0.125614 335.673
-0.137129 0.23975 321.52
-0.137129 0.353885 307.367
-0.137129 0.468021 293.214
-0.137129 0.582157 279.06
-0.137129 0.696292 264.907
-0.137129 0.810428 250.754
-0.137129 0.924564 236.601
-0.137129 1.0387 222.447
-0.137129 1.15283 208.294
-0.137129 1.26697 194.141
-0.137129 1.38111 179.987
-0.137129 1.49524 165.834

-0.0750569 -1.81469 904.775
-0.0750569 -1.70056 850.032
-0.0750569 -1.58642 795.289
-0.0750569 -1.47228 740.546
-0.0750569 -1.35815 685.803
-0.0750569 -1.24401 631.06
-0.0750569 -1.12988 576.317
-0.0750569 -1.01574 521.574
-0.0750569 -0.901607 496.64
-0.0750569 -0.787471 480.978
-0.0750569 -0.673335 465.315
-0.0750569 -0.5592 449.653
-0.0750569 -0.445064 433.991
-0.0750569 -0.330928 418.329
-0.0750569 -0.216793 402.667
-0.0750569 -0.102657 387.005
-0.0750569 0.0114785 371.343
-0.0750569 0.125614 355.68
-0.0750569 0.23975 340.018
-0.0750569 0.353885 324.356
-0.0750569 0.468021 308.694
-0.0750569 0.582157 293.032
-0.0750569 0.696292 277.37
-0.0750569 0.810428 261.708
-0.0750569 0.924564 246.045
-0.0750569 1.0387 230.383
-0.0750569 1.15283 214.721
-0.0750569 1.26697 199.059
-0.0750569 1.38111 183.397
-0.0750569 1.49524 167.735

-0.0129851 -1.81469 950.432
-0.0129851 -1.70056 894.181
-0.0129851 -1.58642 837.929
-0.0129851 -1.47228 781.677
-0.0129851 -1.35815 725.425
-0.0129851 -1.24401 669.173
-0.0129851 -1.12988 612.921
-0.0129851 -1.01574 556.669
-0.0129851 -0.901607 530.227
-0.0129851 -0.787471 513.056
-0.0129851 -0.673335 495.885
-0.0129851 -0.5592 478.713
-0.0129851 -0.445064 461.542
-0.0129851 -0.330928 444.371
-0.0129851 -0.216793 427.2
-0.0129851 -0.102657 410.029
-0.0129851 0.0114785 392.858
-0.0129851 0.125614 375.687
-0.0129851 0.23975 358.516
-0.0129851 0.353885 341.345
-0.0129851 0.468021 324.174
-0.0129851 0.582157 307.003
-0.0129851 0.696292 289.832
-0.0129851 0.810428 272.661
-0.0129851 0.924564 255.49
-0.0129851 1.0387 238.319
-0.0129851 1.15283 221.148
-0.0129851 1.26697 203.977
-0.0129851 1.38111 186.806
-0.0129851 1.49524 169.635

0.0490866 -1.81469 996.09
0.0490866 -1.70056 938.329
0.0490866 -1.58642 880.569
0.0490866 -1.47228 822.808
0.0490866 -1.35815 765.047
0.0490866 -1.24401 707.287
0.0490866 -1.12988 649.526
0.0490866 -1.01574 591.765
0.0490866 -0.901607 563.813
0.0490866 -0.787471 545.133
0.0490866 -0.673335 526.454
0.0490866 -0.5592 507.774
0.0490866 -0.445064 489.094
0.0490866 -0.330928 470.414
0.0490866 -0.216793 451.734
0.0490866 -0.102657 433.054
0.0490866 0.0114785 414.374
0.0490866 0.125614 395.695
0.0490866 0.23975 377.015
0.0490866 0.353885 358.335
0.0490866 0.468021 339.655
0.0490866 0.582157 320.975
0.0490866 0.696292 302.295
0.0490866 0.810428 283.615
0.0490866 0.924564 264.935
0.0490866 1.0387 246.256
0.0490866 1.15283 227.576
0.0490866 1.26697 208.896
0.0490866 1.38111 190.216
0.0490866 1.49524 171.536

0.111158 -1.81469 1041.75
0.111158 -1.70056 982.478
0.111158 -1.58642 923.209
0.111158 -1.47228 863.939
0.111158 -1.35815 804.67
0.111158 -1.24401 745.4
0.111158 -1.12988 686.13
0.111158 -1.01574 626.861
0.111158 -0.901607 597.4
0.111158 -0.787471 577.211
0.111158 -0.673335 557.023
0.111158 -0.5592 536.834
0.111158 -0.445064 516.645
0.111158 -0.330928 496.457
0.111158 -0.216793 476.268
0.111158 -0.102657 456.079
0.111158 0.0114785 435.89
0.111158 0.125614 415.702
0.111158 0.23975 395.513
0.111158 0.353885 375.324
0.111158 0.468021 355.135
0.111158 0.582157 334.947
0.111158 0.696292 314.758
0.111158 0.810428 294.569
0.111158 0.924564 274.38
0.111158 1.0387 254.192
0.111158 1.15283 234.003
0.111158 1.26697 213.814
0.111158 1.38111 193.625
0.111158 1.49524 173.437

0.17323 -1.81469 1087.41
0.17323 -1.70056 1026.63
0.17323 -1.58642 965.849
0.17323 -1.47228 905.07
0.17323 -1.35815 844.292
0.17323 -1.24401 783.514
0.17323 -1.12988 722.735
0.17323 -1.01574 661.957
0.17323 -0.901607 630.987
0.17323 -0.787471 609.289
0.17323 -0.673335 587.592
0.17323 -0.5592 565.894
0.17323 -0.445064 544.197
0.17323 -0.330928 522.499
0.17323 -0.216793 500.801
0.17323 -0.102657 479.104
0.17323 0.0114785 457.406
0.17323 0.125614 435.709
0.17323 0.23975 414.011
0.17323 0.353885 392.313
0.17323 0.468021 370.616
0.17323 0.582157 348.918
0.17323 0.696292 327.221
0.17323 0.810428 305.523
0.17323 0.924564 283.825
0.17323 1.0387 262.128
0.17323 1.15283 240.43
0.17323 1.26697 218.733
0.17323 1.38111 197.035
0.17323 1.49524 175.337

0.235302 -1.81469 1133.06
0.235302 -1.70056 1070.78
0.235302 -1.58642 1008.49
0.235302 -1.47228 946.202
0.235302 -1.35815 883.914
0.235302 -1.24401 821.627
0.235302 -1.12988 759.34
0.235302 -1.01574 697.052
0.235302 -0.901607 664.574
0.235302 -0.787471 641.367
0.235302 -0.673335 618.161
0.235302 -0.5592 594.954
0.235302 -0.445064 571.748
0.235302 -0.330928 548.542
0.235302 -0.216793 525.335
0.235302 -0.102657 502.129
0.235302 0.0114785 478.922
0.235302 0.125614 455.716
0.235302 0.23975 432.509
0.235302 0.353885 409.303
0.235302 0.468021 386.096
0.235302 0.582157 362.89
0.235302 0.696292 339.683
0.235302 0.810428 316.477
0.235302 0.924564 293.27
0.235302 1.0387 270.064
0.235302 1.15283 246.857
0.235302 1.26697 223.651
0.235302 1.38111 200.444
0.235302 1.49524 177.238

0.297374 -1.81469 1178.72
0.297374 -1.70056 1114.93
0.297374 -1.58642 1051.13
0.297374 -1.47228 987.333
0.297374 -1.35815 923.537
0.297374 -1.24401 859.74
0.297374 -1.12988 795.944
0.297374 -1.01574 732.148
0.297374 -0.901607 698.161
0.297374 -0.787471 673.445
0.297374 -0.673335 648.73
0.297374 -0.5592 624.015
0.297374 -0.445064 599.299
0.297374 -0.330928 574.584
0.297374 -0.216793 549.869
0.297374 -0.102657 525.153
0.297374 0.0114785 500.438
0.297374 0.125614 475.723
0.297374 0.23975 451.007
0.297374 0.353885 426.292
0.297374 0.468021 401.577
0.297374 0.582157 376.861
0.297374 0.696292 352.146
0.297374 0.810428 327.431
0.297374 0.924564 302.715
0.297374 1.0387 278
0.297374 1.15283 253.285
0.297374 1.26697 228.569
0.297374 1.38111 203.854
0.297374 1.49524 179.139

0.359445 -1.81469 1224.38
0.359445 -1.70056 1159.07
0.359445 -1.58642 1093.77
0.359445 -1.47228 1028.46
0.359445 -1.35815 963.159
0.359445 -1.24401 897.854
0.359445 -1.12988 832.549
0.359445 -1.01574 767.244
0.359445 -0.901607 731.748
0.359445 -0.787471 705.523
0.359445 -0.673335 679.299
0.359445 -0.5592 653.075
0.359445 -0.445064 626.851
0.359445 -0.330928 600.627
0.359445 -0.216793 574.402
0.359445 -0.102657 548.178
0.359445 0.0114785 521.954
0.359445 0.125614 495.73
0.359445 0.23975 469.506
0.359445 0.353885 443.281
0.359445 0.468021 417.057
0.359445 0.582157 390.833
0.359445 0.696292 364.609
0.359445 0.810428 338.384
0.359445 0.924564 312.16
0.359445 1.0387 285.936
0.359445 1.15283 259.712
0.359445 1.26697 233.488
0.359445 1.38111 207.263
0.359445 1.49524 181.039

0.421517 -1.81469 1270.04
0.421517 -1.70056 1203.22
0.421517 -1.58642 1136.41
0.421517 -1.47228 1069.6
0.421517 -1.35815 1002.78
0.421517 -1.24401 935.967
0.421517 -1.12988 869.153
0.421517 -1.01574 802.339
0.421517 -0.901607 765.334
0.421517 -0.787471 737.601
0.421517 -0.673335 709.868
0.421517 -0.5592 682.135
0.421517 -0.445064 654.402
0.421517 -0.330928 626.669
0.421517 -0.216793 598.936
0.421517 -0.102657 571.203
0.421517 0.0114785 543.47
0.421517 0.125614 515.737
0.421517 0.23975 488.004
0.421517 0.353885 460.271
0.421517 0.468021 432.538
0.421517 0.582157 404.804
0.421517 0.696292 377.071
0.421517 0.810428 349.338
0.421517 0.924564 321.605
0.421517 1.0387 293.872
0.421517 1.15283 266.139
0.421517 1.26697 238.406
0.421517 1.38111 210.673
0.421517 1.49524 182.94

0.483589 -1.81469 1315.69
0.483589 -1.70056 1247.37
0.483589 -1.58642 1179.05
0.483589 -1.47228 1110.73
0.483589 -1.35815 1042.4
0.483589 -1.24401 974.081
0.483589 -1.12988 905.758
0.483589 -1.01574 837.435
0.483589 -0.901607 798.921
0.483589 -0.787471 769.679
0.483589 -0.673335 740.437
0.483589 -0.5592 711.195
0.483589 -0.445064 681.954
0.483589 -0.330928 652.712
0.483589 -0.216793 623.47
0.483589 -0.102657 594.228
0.483589 0.0114785 564.986
0.483589 0.125614 535.744
0.483589 0.23975 506.502
0.483589 0.353885 477.26
0.483589 0.468021 448.018
0.483589 0.582157 418.776
0.483589 0.696292 389.534
0.483589 0.810428 360.292
0.483589 0.924564 331.05
0.483589 1.0387 301.808
0.483589 1.15283 272.566
0.483589 1.26697 243.324
0.483589 1.38111 214.082
0.483589 1.49524 184.84

0.54566 -1.81469 1361.35
0.54566 -1.70056 1291.52
0.54566 -1.58642 1221.69
0.54566 -1.47228 1151.86
0.54566 -1.35815 1082.03
0.54566 -1.24401 1012.19
0.54566 -1.12988 942.363
0.54566 -1.01574 872.531
0.54566 -0.901607 832.508
0.54566 -0.787471 801.757
0.54566 -0.673335 771.007
0.54566 -0.5592 740.256
0.54566 -0.445064 709.505
0.54566 -0.330928 678.754
0.54566 -0.216793 648.003
0.54566 -0.102657 617.252
0.54566 0.0114785 586.502
0.54566 0.125614 555.751
0.54566 0.23975 525
0.54566 0.353885 494.249
0.54566 0.468021 463.498
0.54566 0.582157 432.748
0.54566 0.696292 401.997
0.54566 0.810428 371.246
0.54566 0.924564 340.495
0.54566 1.0387 309.744
0.54566 1.15283 278.994
0.54566 1.26697 248.243
0.54566 1.38111 217.492
0.54566 1.49524 186.741

0.607732 -1.81469 1407.01
0.607732 -1.70056 1335.67
0.607732 -1.58642 1264.33
0.607732 -1.47228 1192.99
0.607732 -1.35815 1121.65
0.607732 -1.24401 1050.31
0.607732 -1.12988 978.967
0.607732 -1.01574 907.627
0.607732 -0.901607 866.095
0.607732 -0.787471 833.835
0.607732 -0.673335 801.576
0.607732 -0.5592 769.316
0.607732 -0.445064 737.056
0.607732 -0.330928 704.797
0.607732 -0.216793 672.537
0.607732 -0.102657 640.277
0.607732 0.0114785 608.018
0.607732 0.125614 575.758
0.607732 0.23975 543.498
0.607732 0.353885 511.239
0.607732 0.468021 478.979
0.607732 0.582157 446.719
0.607732 0.696292 414.459
0.607732 0.810428 382.2
0.607732 0.924564 349.94
0.607732 1.0387 317.68
0.607732 1.15283 285.421
0.607732 1.26697 253.161
0.607732 1.38111 220.901
0.607732 1.49524 188.642

0.669804 -1.81469 1452.67
0.669804 -1.70056 1379.82
0.669804 -1.58642 1306.97
0.669804 -1.47228 1234.12
0.669804 -1.35815 1161.27
0.669804 -1.24401 1088.42
0.669804 -1.12988 1015.57
0.669804 -1.01574 942.722
0.669804 -0.901607 899.682
0.669804 -0.787471 865.913
0.669804 -0.673335 832.145
0.669804 -0.5592 798.376
0.669804 -0.445064 764.608
0.669804 -0.330928 730.839
0.669804 -0.216793 697.071
0.669804 -0.102657 663.302
0.669804 0.0114785 629.533
0.669804 0.125614 595.765
0.669804 0.23975 561.996
0.669804 0.353885 528.228
0.669804 0.468021 494.459
0.669804 0.582157 460.691
0.669804 0.696292 426.922
0.669804 0.810428 393.154
0.669804 0.924564 359.385
0.669804 1.0387 325.617
0.669804 1.15283 291.848
0.669804 1.26697 258.079
0.669804 1.38111 224.311
0.669804 1.49524 190.542

0.731876 -1.81469 1498.33
0.731876 -1.70056 1423.97
0.731876 -1.58642 1349.61
0.731876 -1.47228 1275.25
0.731876 -1.35815 1200.89
0.731876 -1.24401 1126.53
0.731876 -1.12988 1052.18
0.731876 -1.01574 977.818
0.731876 -0.901607 933.269
0.731876 -0.787471 897.991
0.731876 -0.673335 862.714
0.731876 -0.5592 827.436
0.731876 -0.445064 792.159
0.731876 -0.330928 756.882
0.731876 -0.216793 721.604
0.731876 -0.102657 686.327
0.731876 0.0114785 651.049
0.731876 0.125614 615.772
0.731876 0.23975 580.495
0.731876 0.353885 545.217
0.731876 0.468021 509.94
0.731876 0.582157 474.662
0.731876 0.696292 439.385
0.731876 0.810428 404.107
0.731876 0.924564 368.83
0.731876 1.0387 333.553
0.731876 1.15283 298.275
0.731876 1.26697 262.998
0.731876 1.38111 227.72
0.731876 1.49524 192.443

0.793947 -1.81469 1543.98
0.793947 -1.70056 1468.12
0.793947 -1.58642 1392.25
0.793947 -1.47228 1316.38
0.793947 -1.35815 1240.52
0.793947 -1.24401 1164.65
0.793947 -1.12988 1088.78
0.793947 -1.01574 1012.91
0.793947 -0.901607 966.856
0.793947 -0.787471 930.069
0.793947 -0.673335 893.283
0.793947 -0.5592 856.497
0.793947 -0.445064 819.71
0.793947 -0.330928 782.924
0.793947 -0.216793 746.138
0.793947 -0.102657 709.352
0.793947 0.0114785 672.565
0.793947 0.125614 635.779
0.793947 0.23975 598.993
0.793947 0.353885 562.206
0.793947 0.468021 525.42
0.793947 0.582157 488.634
0.793947 0.696292 451.848
0.793947 0.810428 415.061
0.793947 0.924564 378.275
0.793947 1.0387 341.489
0.793947 1.15283 304.702
0.793947 1.26697 267.916
0.793947 1.38111 231.13
0.793947 1.49524 194.344

0.856019 -1.81469 1589.64
0.856019 -1.70056 1512.27
0.856019 -1.58642 1434.89
0.856019 -1.47228 1357.51
0.856019 -1.35815 1280.14
0.856019 -1.24401 1202.76
0.856019 -1.12988 1125.39
0.856019 -1.01574 1048.01
0.856019 -0.901607 1000.44
0.856019 -0.787471 962.147
0.856019 -0.673335 923.852
0.856019 -0.5592 885.557
0.856019 -0.445064 847.262
0.856019 -0.330928 808.967
0.856019 -0.216793 770.671
0.856019 -0.102657 732.376
0.856019 0.0114785 694.081
0.856019 0.125614 655.786
0.856019 0.23975 617.491
0.856019 0.353885 579.196
0.856019 0.468021 540.901
0.856019 0.582157 502.605
0.856019 0.696292 464.31
0.856019 0.810428 426.015
0.856019 0.924564 387.72
0.856019 1.0387 349.425
0.856019 1.15283 311.13
0.856019 1.26697 272.835
0.856019 1.38111 234.539
0.856019 1.49524 196.244

0.918091 -1.81469 1635.3
0.918091 -1.70056 1556.41
0.918091 -1.58642 1477.53
0.918091 -1.47228 1398.64
0.918091 -1.35815 1319.76
0.918091 -1.24401 1240.87
0.918091 -1.12988 1161.99
0.918091 -1.01574 1083.11
0.918091 -0.901607 1034.03
0.918091 -0.787471 994.225
0.918091 -0.673335 954.421
0.918091 -0.5592 914.617
0.918091 -0.445064 874.813
0.918091 -0.330928 835.009
0.918091 -0.216793 795.205
0.918091 -0.102657 755.401
0.918091 0.0114785 715.597
0.918091 0.125614 675.793
0.918091 0.23975 635.989
0.918091 0.353885 596.185
0.918091 0.468021 556.381
0.918091 0.582157 516.577
0.918091 0.696292 476.773
0.918091 0.810428 436.969
0.918091 0.924564 397.165
0.918091 1.0387 357.361
0.918091 1.15283 317.557
0.918091 1.26697 277.753
0.918091 1.38111 237.949
0.918091 1.49524 198.145

0.980163 -1.81469 1680.96
0.980163 -1.70056 1600.56
0.980163 -1.58642 1520.17
0.980163 -1.47228 1439.78
0.980163 -1.35815 1359.38
0.980163 -1.24401 1278.99
0.980163 -1.12988 1198.59
0.980163 -1.01574 1118.2
0.980163 -0.901607 1067.62
0.980163 -0.787471 1026.3
0.980163 -0.673335 984.99
0.980163 -0.5592 943.677
0.980163 -0.445064 902.365
0.980163 -0.330928 861.052
0.980163 -0.216793 819.739
0.980163 -0.102657 778.426
0.980163 0.0114785 737.113
0.980163 0.125614 695.8
0.980163 0.23975 654.487
0.980163 0.353885 613.174
0.980163 0.468021 571.861
0.980163 0.582157 530.549
0.980163 0.696292 489.236
0.980163 0.810428 447.923
0.980163 0.924564 406.61
0.980163 1.0387 365.297
0.980163 1.15283 323.984
0.980163 1.26697 282.671
0.980163 1.38111 241.358
0.980163 1.49524 200.046

1.04223 -1.81469 1726.61
1.04223 -1.70056 1644.71
1.04223 -1.58642 1562.81
1.04223 -1.47228 1480.91
1.04223 -1.35815 1399
1.04223 -1.24401 1317.1
1.04223 -1.12988 1235.2
1.04223 -1.01574 1153.3
1.04223 -0.901607 1101.2
1.04223 -0.787471 1058.38
1.04223 -0.673335 1015.56
1.04223 -0.5592 972.738
1.04223 -0.445064 929.916
1.04223 -0.330928 887.094
1.04223 -0.216793 844.272
1.04223 -0.102657 801.451
1.04223 0.0114785 758.629
1.04223 0.125614 715.807
1.04223 0.23975 672.985
1.04223 0.353885 630.164
1.04223 0.468021 587.342
1.04223 0.582157 544.52
1.04223 0.696292 501.698
1.04223 0.810428 458.877
1.04223 0.924564 416.055
1.04223 1.0387 373.233
1.04223 1.15283 330.411
1.04223 1.26697 287.59
1.04223 1.38111 244.768
1.04223 1.49524 201.946

1.10431 -1.81469 1772.27
1.10431 -1.70056 1688.86
1.10431 -1.58642 1605.45
1.10431 -1.47228 1522.04
1.10431 -1.35815 1438.63
1.10431 -1.24401 1355.22
1.10431 -1.12988 1271.8
1.10431 -1.01574 1188.39
1.10431 -0.901607 1134.79
1.10431 -0.787471 1090.46
1.10431 -0.673335 1046.13
1.10431 -0.5592 1001.8
1.10431 -0.445064 957.467
1.10431 -0.330928 913.137
1.10431 -0.216793 868.806
1.10431 -0.102657 824.475
1.10431 0.0114785 780.145
1.10431 0.125614 735.814
1.10431 0.23975 691.484
1.10431 0.353885 647.153
1.10431 0.468021 602.822
1.10431 0.582157 558.492
1.10431 0.696292 514.161
1.10431 0.810428 469.83
1.10431 0.924564 425.5
1.10431 1.0387 381.169
1.10431 1.15283 336.839
1.10431 1.26697 292.508
1.10431 1.38111 248.177
1.10431 1.49524 203.847

1.16638 -1.81469 1817.93
1.16638 -1.70056 1733.01
1.16638 -1.58642 1648.09
1.16638 -1.47228 1563.17
1.16638 -1.35815 1478.25
1.16638 -1.24401 1393.33
1.16638 -1.12988 1308.41
1.16638 -1.01574 1223.49
1.16638 -0.901607 1168.38
1.16638 -0.787471 1122.54
1.16638 -0.673335 1076.7
1.16638 -0.5592 1030.86
1.16638 -0.445064 985.019
1.16638 -0.330928 939.179
1.16638 -0.216793 893.34
1.16638 -0.102657 847.5
1.16638 0.0114785 801.661
1.16638 0.125614 755.821
1.16638 0.23975 709.982
1.16638 0.353885 664.142
1.16638 0.468021 618.303
1.16638 0.582157 572.463
1.16638 0.696292 526.624
1.16638 0.810428 480.784
1.16638 0.924564 434.945
1.16638 1.0387 389.105
1.16638 1.15283 343.266
1.16638 1.26697 297.426
1.16638 1.38111 251.587
1.16638 1.49524 205.747

1.22845 -1.81469 1863.59
1.22845 -1.70056 1777.16
1.22845 -1.58642 1690.73
1.22845 -1.47228 1604.3
1.22845 -1.35815 1517.87
1.22845 -1.24401 1431.44
1.22845 -1.12988 1345.01
1.22845 -1.01574 1258.58
1.22845 -0.901607 1201.96
1.22845 -0.787471 1154.62
1.22845 -0.673335 1107.27
1.22845 -0.5592 1059.92
1.22845 -0.445064 1012.57
1.22845 -0.330928 965.222
1.22845 -0.216793 917.873
1.22845 -0.102657 870.525
1.22845 0.0114785 823.177
1.22845 0.125614 775.828
1.22845 0.23975 728.48
1.22845 0.353885 681.132
1.22845 0.468021 633.783
1.22845 0.582157 586.435
1.22845 0.696292 539.087
1.22845 0.810428 491.738
1.22845 0.924564 444.39
1.22845 1.0387 397.041
1.22845 1.15283 349.693
1.22845 1.26697 302.345
1.22845 1.38111 254.996
1.22845 1.49524 207.648

1.29052 -1.81469 1909.25
1.29052 -1.70056 1821.31
1.29052 -1.58642 1733.37
1.29052 -1.47228 1645.43
1.29052 -1.35815 1557.49
1.29052 -1.24401 1469.56
1.29052 -1.12988 1381.62
1.29052 -1.01574 1293.68
1.29052 -0.901607 1235.55
1.29052 -0.787471 1186.69
1.29052 -0.673335 1137.84
1.29052 -0.5592 1088.98
1.29052 -0.445064 1040.12
1.29052 -0.330928 991.264
1.29052 -0.216793 942.407
1.29052 -0.102657 893.55
1.29052 0.0114785 844.693
1.29052 0.125614 795.835
1.29052 0.23975 746.978
1.29052 0.353885 698.121
1.29052 0.468021 649.264
1.29052 0.582157 600.406
1.29052 0.696292 551.549
1.29052 0.810428 502.692
1.29052 0.924564 453.835
1.29052 1.0387 404.978
1.29052 1.15283 356.12
1.29052 1.26697 307.263
1.29052 1.38111 258.406
1.29052 1.49524 209.549

1.35259 -1.81469 1954.9
1.35259 -1.70056 1865.46
1.35259 -1.58642 1776.01
1.35259 -1.47228 1686.56
1.35259 -1.35815 1597.12
1.35259 -1.24401 1507.67
1.35259 -1.12988 1418.22
1.35259 -1.01574 1328.78
1.35259 -0.901607 1269.14
1.35259 -0.787471 1218.77
1.35259 -0.673335 1168.4
1.35259 -0.5592 1118.04
1.35259 -0.445064 1067.67
1.35259 -0.330928 1017.31
1.35259 -0.216793 966.941
1.35259 -0.102657 916.575
1.35259 0.0114785 866.208
1.35259 0.125614 815.842
1.35259 0.23975 765.476
1.35259 0.353885 715.11
1.35259 0.468021 664.744
1.35259 0.582157 614.378
1.35259 0.696292 564.012
1.35259 0.810428 513.646
1.35259 0.924564 463.28
1.35259 1.0387 412.914
1.35259 1.15283 362.548
1.35259 1.26697 312.181
1.35259 1.38111 261.815
1.35259 1.49524 211.449

1.41466 -1.81469 2000.56
1.41466 -1.70056 1909.61
1.41466 -1.58642 1818.65
1.41466 -1.47228 1727.69
1.41466 -1.35815 1636.74
1.41466 -1.24401 1545.78
1.41466 -1.12988 1454.83
1.41466 -1.01574 1363.87
1.41466 -0.901607 1302.72
1.41466 -0.787471 1250.85
1.41466 -0.673335 1198.97
1.41466 -0.5592 1147.1
1.41466 -0.445064 1095.22
1.41466 -0.330928 1043.35
1.41466 -0.216793 991.474
1.41466 -0.102657 939.599
1.41466 0.0114785 887.724
1.41466 0.125614 835.849
1.41466 0.23975 783.974
1.41466 0.353885 732.099
1.41466 0.468021 680.225
1.41466 0.582157 628.35
1.41466 0.696292 576.475
1.41466 0.810428 524.6
1.41466 0.924564 472.725
1.41466 1.0387 420.85
1.41466 1.15283 368.975
1.41466 1.26697 317.1
1.41466 1.38111 265.225
1.41466 1.49524 213.35

1.47674 -1.81469 2046.22
1.47674 -1.70056 1953.75
1.47674 -1.58642 1861.29
1.47674 -1.47228 1768.83
1.47674 -1.35815 1676.36
1.47674 -1.24401 1583.9
1.47674 -1.12988 1491.43
1.47674 -1.01574 1398.97
1.47674 -0.901607 1336.31
1.47674 -0.787471 1282.93
1.47674 -0.673335 1229.54
1.47674 -0.5592 1176.16
1.47674 -0.445064 1122.78
1.47674 -0.330928 1069.39
1.47674 -0.216793 1016.01
1.47674 -0.102657 962.624
1.47674 0.0114785 909.24
1.47674 0.125614 855.856
1.47674 0.23975 802.473
1.47674 0.353885 749.089
1.47674 0.468021 695.705
1.47674 0.582157 642.321
1.47674 0.696292 588.937
1.47674 0.810428 535.554
1.47674 0.924564 482.17
1.47674 1.0387 428.786
1.47674 1.15283 375.402
1.47674 1.26697 322.018
1.47674 1.38111 268.634
1.47674 1.49524 215.251

1.53881 -1.81469 2091.88
1.53881 -1.70056 1997.9
1.53881 -1.58642 1903.93
1.53881 -1.47228 1809.96
1.53881 -1.35815 1715.98
1.53881 -1.24401 1622.01
1.53881 -1.12988 1528.04
1.53881 -1.01574 1434.06
1.53881 -0.901607 1369.9
1.53881 -0.787471 1315.01
1.53881 -0.673335 1260.11
1.53881 -0.5592 1205.22
1.53881 -0.445064 1150.33
1.53881 -0.330928 1095.43
1.53881 -0.216793 1040.54
1.53881 -0.102657 985.649
1.53881 0.0114785 930.756
1.53881 0.125614 875.863
1.53881 0.23975 820.971
1.53881 0.353885 766.078
1.53881 0.468021 711.185
1.53881 0.582157 656.293
1.53881 0.696292 601.4
1.53881 0.810428 546.507
1.53881 0.924564 491.615
1.53881 1.0387 436.722
1.53881 1.15283 381.829
1.53881 1.26697 326.937
1.53881 1.38111 272.044
1.53881 1.49524 217.151

1.60088 -1.81469 2137.53
1.60088 -1.70056 2042.05
1.60088 -1.58642 1946.57
1.60088 -1.47228 1851.09
1.60088 -1.35815 1755.61
1.60088 -1.24401 1660.12
1.60088 -1.12988 1564.64
1.60088 -1.01574 1469.16
1.60088 -0.901607 1403.48
1.60088 -0.787471 1347.08
1.60088 -0.673335 1290.68
1.60088 -0.5592 1234.28
1.60088 -0.445064 1177.88
1.60088 -0.330928 1121.48
1.60088 -0.216793 1065.08
1.60088 -0.102657 1008.67
1.60088 0.0114785 952.272
1.60088 0.125614 895.871
1.60088 0.23975 839.469
1.60088 0.353885 783.067
1.60088 0.468021 726.666
1.60088 0.582157 670.264
1.60088 0.696292 613.863
1.60088 0.810428 557.461
1.60088 0.924564 501.06
1.60088 1.0387 444.658
1.60088 1.15283 388.256
1.60088 1.26697 331.855
1.60088 1.38111 275.453
1.60088 1.49524 219.052

1.66295 -1.81469 2183.19
1.66295 -1.70056 2086.2
1.66295 -1.58642 1989.21
1.66295 -1.47228 1892.22
1.66295 -1.35815 1795.23
1.66295 -1.24401 1698.24
1.66295 -1.12988 1601.25
1.66295 -1.01574 1504.25
1.66295 -0.901607 1437.07
1.66295 -0.787471 1379.16
1.66295 -0.673335 1321.25
1.66295 -0.5592 1263.34
1.66295 -0.445064 1205.43
1.66295 -0.330928 1147.52
1.66295 -0.216793 1089.61
1.66295 -0.102657 1031.7
1.66295 0.0114785 973.788
1.66295 0.125614 915.878
1.66295 0.23975 857.967
1.66295 0.353885 800.057
1.66295 0.468021 742.146
1.66295 0.582157 684.236
1.66295 0.696292 626.325
1.66295 0.810428 568.415
1.66295 0.924564 510.505
1.66295 1.0387 452.594
1.66295 1.15283 394.684
1.66295 1.26697 336.773
1.66295 1.38111 278.863
1.66295 1.49524 220.952

1.72502 -1.81469 2299.09
1.72502 -1.70056 2199.13
1.72502 -1.58642 2099.17
1.72502 -1.47228 1999.2
1.72502 -1.35815 1899.24
1.72502 -1.24401 1799.28
1.72502 -1.12988 1699.32
1.72502 -1.01574 1599.35
1.72502 -0.901607 1529.2
1.72502 -0.787471 1468.32
1.72502 -0.673335 1407.43
1.72502 -0.5592 1346.55
1.72502 -0.445064 1285.67
1.72502 -0.330928 1224.79
1.72502 -0.216793 1163.91
1.72502 -0.102657 1103.03
1.72502 0.0114785 1042.14
1.72502 0.125614 981.262
1.72502 0.23975 920.38
1.72502 0.353885 859.498
1.72502 0.468021 798.616
1.72502 0.582157 737.735
1.72502 0.696292 676.853
1.72502 0.810428 615.971
1.72502 0.924564 555.089
1.72502 1.0387 494.207
1.72502 1.15283 433.325
1.72502 1.26697 372.444
1.72502 1.38111 311.562
1.72502 1.49524 250.68

1.7871 -1.81469 2509.72
1.7871 -1.70056 2404.82
1.7871 -1.58642 2299.91
1.7871 -1.47228 2195
1.7871 -1.35815 2090.1
1.7871 -1.24401 1985.19
1.7871 -1.12988 1880.28
1.7871 -1.01574 1775.38
1.7871 -0.901607 1700.28
1.7871 -0.787471 1634.45
1.7871 -0.673335 1568.63
1.7871 -0.5592 1502.8
1.7871 -0.445064 1436.98
1.7871 -0.330928 1371.15
1.7871 -0.216793 1305.32
1.7871 -0.102657 1239.5
1.7871 0.0114785 1173.67
1.7871 0.125614 1107.85
1.7871 0.23975 1042.02
1.7871 0.353885 976.196
1.7871 0.468021 910.37
1.7871 0.582157 844.544
1.7871 0.696292 778.718
1.7871 0.810428 712.892
1.7871 0.924564 647.067
1.7871 1.0387 581.241
1.7871 1.15283 515.415
1.7871 1.26697 449.589
1.7871 1.38111 383.763
1.7871 1.49524 317.938

1.84917 -1.81469 2768.59
1.84917 -1.70056 2658.28
1.84917 -1.58642 2547.98
1.84917 -1.47228 2437.67
1.84917 -1.35815 2327.36
1.84917 -1.24401 2217.05
1.84917 -1.12988 2106.74
1.84917 -1.01574 1996.43
1.84917 -0.901607 1915.93
1.84917 -0.787471 1844.71
1.84917 -0.673335 1773.48
1.84917 -0.5592 1702.25
1.84917 -0.445064 1631.03
1.84917 -0.330928 1559.8
1.84917 -0.216793 1488.57
1.84917 -0.102657 1417.34
1.84917 0.0114785 1346.12
1.84917 0.125614 1274.89
1.84917 0.23975 1203.66
1.84917 0.353885 1132.43
1.84917 0.468021 1061.21
1.84917 0.582157 989.978
1.84917 0.696292 918.751
1.84917 0.810428 847.524
1.84917 0.924564 776.296
1.84917 1.0387 705.069
1.84917 1.15283 633.842
1.84917 1.26697 562.614
1.84917 1.38111 491.387
1.84917 1.49524 420.159

1.91124 -1.81469 3030.38
1.91124 -1.70056 2914.64
1.91124 -1.58642 2798.91
1.91124 -1.47228 2683.17
1.91124 -1.35815 2567.43
1.91124 -1.24401 2451.69
1.91124 -1.12988 2335.96
1.91124 -1.01574 2220.22
1.91124 -0.901607 2134.29
1.91124 -0.787471 2057.63
1.91124 -0.673335 1980.98
1.91124 -0.5592 1904.32
1.91124 -0.445064 1827.66
1.91124 -0.330928 1751.01
1.91124 -0.216793 1674.35
1.91124 -0.102657 1597.69
1.91124 0.0114785 1521.04
1.91124 0.125614 1444.38
1.91124 0.23975 1367.72
1.91124 0.353885 1291.07
1.91124 0.468021 1214.41
1.91124 0.582157 1137.75
1.91124 0.696292 1061.1
1.91124 0.810428 984.439
1.91124 0.924564 907.782
1.91124 1.0387 831.126
1.91124 1.15283 754.469
1.91124 1.26697 677.812
1.91124 1.38111 601.156
1.91124 1.49524 524.499

1.97331 -1.81469 3292.17
1.97331 -1.70056 3171
1.97331 -1.58642 3049.84
1.97331 -1.47228 2928.67
1.97331 -1.35815 2807.5
1.97331 -1.24401 2686.34
1.97331 -1.12988 2565.17
1.97331 -1.01574 2444
1.97331 -0.901607 2352.64
1.97331 -0.787471 2270.56
1.97331 -0.673335 2188.47
1.97331 -0.5592 2106.39
1.97331 -0.445064 2024.3
1.97331 -0.330928 1942.21
1.97331 -0.216793 1860.13
1.97331 -0.102657 1778.04
1.97331 0.0114785 1695.96
1.97331 0.125614 1613.87
1.97331 0.23975 1531.78
1.97331 0.353885 1449.7
1.97331 0.468021 1367.61
1.97331 0.582157 1285.53
1.97331 0.696292 1203.44
1.97331 0.810428 1121.35
1.97331 0.924564 1039.27
1.97331 1.0387 957.183
1.97331 1.15283 875.097
1.97331 1.26697 793.011
1.97331 1.38111 710.925
1.97331 1.49524 628.839

2.03538 -1.81469 3553.96
2.03538 -1.70056 3427.36
2.03538 -1.58642 3300.77
2.03538 -1.47228 3174.17
2.03538 -1.35815 3047.58
2.03538 -1.24401 2920.98
2.03538 -1.12988 2794.38
2.03538 -1.01574 2667.79
2.03538 -0.901607 2571
2.03538 -0.787471 2483.48
2.03538 -0.673335 2395.97
2.03538 -0.5592 2308.45
2.03538 -0.445064 2220.94
2.03538 -0.330928 2133.42
2.03538 -0.216793 2045.91
2.03538 -0.102657 1958.39
2.03538 0.0114785 1870.88
2.03538 0.125614 1783.36
2.03538 0.23975 1695.85
2.03538 0.353885 1608.33
2.03538 0.468021 1520.82
2.03538 0.582157 1433.3
2.03538 0.696292 1345.79
2.03538 0.810428 1258.27
2.03538 0.924564 1170.75
2.03538 1.0387 1083.24
2.03538 1.15283 995.724
2.03538 1.26697 908.209
2.03538 1.38111 820.693
2.03538 1.49524 733.178

2.09745 -1.81469 3931.41
2.09745 -1.70056 3798.52
2.09745 -1.58642 3665.62
2.09745 -1.47228 3532.72
2.09745 -1.35815 3399.82
2.09745 -1.24401 3266.92
2.09745 -1.12988 3134.02
2.09745 -1.01574 3001.12
2.09745 -0.901607 2898.03
2.09745 -0.787471 2804.21
2.09745 -0.673335 2710.4
2.09745 -0.5592 2616.58
2.09745 -0.445064 2522.76
2.09745 -0.330928 2428.94
2.09745 -0.216793 2335.12
2.09745 -0.102657 2241.31
2.09745 0.0114785 2147.49
2.09745 0.125614 2053.67
2.09745 0.23975 1959.85
2.09745 0.353885 1866.03
2.09745 0.468021 1772.22
2.09745 0.582157 1678.4
2.09745 0.696292 1584.58
2.09745 0.810428 1490.76
2.09745 0.924564 1396.94
2.09745 1.0387 1303.13
2.09745 1.15283 1209.31
2.09745 1.26697 1115.49
2.09745 1.38111 1021.67
2.09745 1.49524 927.855

2.15953 -1.81469 4320.66
2.15953 -1.70056 4181.37
2.15953 -1.58642 4042.08
2.15953 -1.47228 3902.79
2.15953 -1.35815 3763.5
2.15953 -1.24401 3624.21
2.15953 -1.12988 3484.92
2.15953 -1.01574 3345.63
2.15953 -0.901607 3236.15
2.15953 -0.787471 3135.94
2.15953 -0.673335 3035.73
2.15953 -0.5592 2935.52
2.15953 -0.445064 2835.31
2.15953 -0.330928 2735.1
2.15953 -0.216793 2634.89
2.15953 -0.102657 2534.68
2.15953 0.0114785 2434.47
2.15953 0.125614 2334.26
2.15953 0.23975 2234.05
2.15953 0.353885 2133.84
2.15953 0.468021 2033.63
2.15953 0.582157 1933.42
2.15953 0.696292 1833.21
2.15953 0.810428 1733
2.15953 0.924564 1632.79
2.15953 1.0387 1532.58
2.15953 1.15283 1432.37
2.15953 1.26697 1332.16
2.15953 1.38111 1231.95
2.15953 1.49524 1131.74

2.2216 -1.81469 4709.91
2.2216 -1.70056 4564.23
2.2216 -1.58642 4418.55
2.2216 -1.47228 4272.87
2.2216 -1.35815 4127.18
2.2216 -1.24401 3981.5
2.2216 -1.12988 3835.82
2.2216 -1.01574 3690.14
2.2216 -0.901607 3574.26
2.2216 -0.787471 3467.66
2.2216 -0.673335 3361.06
2.2216 -0.5592 3254.46
2.2216 -0.445064 3147.86
2.2216 -0.330928 3041.26
2.2216 -0.216793 2934.66
2.2216 -0.102657 2828.05
2.2216 0.0114785 2721.45
2.2216 0.125614 2614.85
2.2216 0.23975 2508.25
2.2216 0.353885 2401.65
2.2216 0.468021 2295.05
2.2216 0.582157 2188.45
2.2216 0.696292 2081.84
2.2216 0.810428 1975.24
2.2216 0.924564 1868.64
2.2216 1.0387 1762.04
2.2216 1.15283 1655.44
2.2216 1.26697 1548.84
2.2216 1.38111 1442.24
2.2216 1.49524 1335.63

2.28367 -1.81469 5099.16
2.28367 -1.70056 4947.09
2.28367 -1.58642 4795.02
2.28367 -1.47228 4642.94
2.28367 -1.35815 4490.87
2.28367 -1.24401 4338.79
2.28367 -1.12988 4186.72
2.28367 -1.01574 4034.65
2.28367 -0.901607 3912.38
2.28367 -0.787471 3799.39
2.28367 -0.673335 3686.39
2.28367 -0.5592 3573.4
2.28367 -0.445064 3460.41
2.28367 -0.330928 3347.41
2.28367 -0.216793 3234.42
2.28367 -0.102657 3121.43
2.28367 0.0114785 3008.44
2.28367 0.125614 2895.44
2.28367 0.23975 2782.45
2.28367 0.353885 2669.46
2.28367 0.468021 2556.46
2.28367 0.582157 2443.47
2.28367 0.696292 2330.48
2.28367 0.810428 2217.48
2.28367 0.924564 2104.49
2.28367 1.0387 1991.5
2.28367 1.15283 1878.5
2.28367 1.26697 1765.51
2.28367 1.38111 1652.52
2.28367 1.49524 1539.52

2.34574 -1.81469 5488.41
2.34574 -1.70056 5329.95
2.34574 -1.58642 5171.48
2.34574 -1.47228 5013.02
2.34574 -1.35815 4854.55
2.34574 -1.24401 4696.09
2.34574 -1.12988 4537.62
2.34574 -1.01574 4379.15
2.34574 -0.901607 4250.5
2.34574 -0.787471 4131.11
2.34574 -0.673335 4011.73
2.34574 -0.5592 3892.34
2.34574 -0.445064 3772.96
2.34574 -0.330928 3653.57
2.34574 -0.216793 3534.19
2.34574 -0.102657 3414.8
2.34574 0.0114785 3295.42
2.34574 0.125614 3176.03
2.34574 0.23975 3056.65
2.34574 0.353885 2937.26
2.34574 0.468021 2817.88
2.34574 0.582157 2698.49
2.34574 0.696292 2579.11
2.34574 0.810428 2459.72
2.34574 0.924564 2340.34
2.34574 1.0387 2220.95
2.34574 1.15283 2101.57
2.34574 1.26697 1982.18
2.34574 1.38111 1862.8
2.34574 1.49524 1743.41

2.40781 -1.81469 5877.66
2.40781 -1.70056 5712.81
2.40781 -1.58642 5547.95
2.40781 -1.47228 5383.09
2.40781 -1.35815 5218.23
2.40781 -1.24401 5053.38
2.40781 -1.12988 4888.52
2.40781 -1.01574 4723.66
2.40781 -0.901607 4588.61
2.40781 -0.787471 4462.84
2.40781 -0.673335 4337.06
2.40781 -0.5592 4211.28
2.40781 -0.445064 4085.51
2.40781 -0.330928 3959.73
2.40781 -0.216793 3833.95
2.40781 -0.102657 3708.18
2.40781 0.0114785 3582.4
2.40781 0.125614 3456.62
2.40781 0.23975 3330.85
2.40781 0.353885 3205.07
2.40781 0.468021 3079.29
2.40781 0.582157 2953.52
2.40781 0.696292 2827.74
2.40781 0.810428 2701.96
2.40781 0.924564 2576.19
2.40781 1.0387 2450.41
2.40781 1.15283 2324.63
2.40781 1.26697 2198.86
2.40781 1.38111 2073.08
2.40781 1.49524 1947.3

