0 0 0 0
0.01 0.009999666687 0.009999666687 7.806255642e-17
0.02 0.01999733397 0.01999733397 9.89139326e-15
0.03 0.02999100486 0.02999100486 1.68802472e-13
0.04 0.03997868712 0.03997868712 1.261886429e-12
0.05 0.04995839573 0.04995839572 6.000401565e-12
0.06 0.05992815514 0.05992815512 2.142749866e-11
0.07 0.0698860017 0.06988600163 6.278472187e-11
0.08 0.07982998587 0.07982998571 1.591422411e-10
0.09 0.08975817455 0.08975817419 3.610561294e-10
0.1 0.09966865324 0.09966865249 7.504696725e-10
0.11 0.1095595275 0.1095595268 7.504710881e-10
0.12 0.1194289268 0.119428926 7.505636113e-10
0.13 0.1292750048 0.129275004 7.515773559e-10
0.14 0.1390959422 0.1390959415 7.568962124e-10
0.15 0.1488899484 0.1488899476 7.757214315e-10
0.16 0.158655263 0.1586552622 8.279569808e-10
0.17 0.1683901581 0.1683901571 9.508323295e-10
0.18 0.1780929394 0.1780929382 1.207326544e-09
0.19 0.1877619482 0.1877619465 1.696400714e-09
0.2 0.1973955624 0.1973955598 2.564994217e-09
0.21 0.2069921982 0.2069921942 4.021686262e-09
0.22 0.2165503113 0.216550305 6.35187572e-09
0.23 0.2260683979 0.226068388 9.934285672e-09
0.24 0.235544996 0.2355449807 1.5258557e-08
0.25 0.2449786861 0.2449786631 2.294365944e-08
0.26 0.2543680923 0.2543680586 3.375681462e-08
0.27 0.2637118831 0.2637118345 4.863260317e-08
0.28 0.2730087718 0.2730087031 6.869190483e-08
0.29 0.2822575172 0.282257422 9.526030947e-08
0.3 0.2914569244 0.2914567945 1.298856308e-07
0.31 0.3006058444 0.30060567 1.743541492e-07
0.32 0.3097031752 0.3097029445 2.307052235e-07
0.33 0.3187478207 0.3187475604 2.602315041e-07
0.34 0.327738767 0.3277385068 2.60231528e-07
0.35 0.3366750796 0.3366748194 2.602319669e-07
0.36 0.3455558408 0.3455555806 2.602347928e-07
0.37 0.3543801794 0.3543799191 2.602457369e-07
0.38 0.3631472702 0.3631470099 2.602772506e-07
0.39 0.3718563342 0.3718560738 2.603520401e-07
0.4 0.3805066376 0.3805063771 2.605069592e-07
0.41 0.3890974919 0.3890972311 2.607970446e-07
0.42 0.3976282528 0.3976279915 2.612994776e-07
0.43 0.4060983204 0.4060980583 2.621172659e-07
0.44 0.414507138 0.4145068746 2.633824488e-07
0.45 0.4228541914 0.4228539261 2.652586376e-07
0.46 0.4311390087 0.4311387407 2.679427267e-07
0.47 0.439361159 0.4393608873 2.716656206e-07
0.48 0.4475202518 0.4475199752 2.766918471e-07
0.49 0.4556159365 0.4556156532 2.833179447e-07
0.5 0.4636479009 0.463647609 2.918695352e-07
0.51 0.4716158706 0.4716155679 3.02697013e-07
0.52 0.4795196082 0.479519292 3.161698077e-07
0.53 0.4873589122 0.4873585795 3.32669194e-07
0.54 0.495133616 0.4951332635 3.525796476e-07
0.55 0.5028435872 0.5028432109 3.762787655e-07
0.56 0.510488726 0.5104883219 4.041257859e-07
0.57 0.5180689649 0.5180685285 4.364487661e-07
0.58 0.5255842671 0.5255837936 4.735304854e-07
0.59 0.5330346258 0.5330341102 5.155931644e-07
0.6 0.5404200631 0.5404195003 5.62782096e-07
0.61 0.5477406289 0.5477400137 6.151483029e-07
0.62 0.5549964 0.5549957273 6.726303398e-07
0.63 0.5621874789 0.5621867439 7.350353711e-07
0.64 0.5693139327 0.5693131911 7.416286075e-07
0.65 0.5763759622 0.5763752206 7.416285962e-07
0.66 0.5833737486 0.583373007 7.416284549e-07
0.67 0.5903074886 0.5903067469 7.416276536e-07
0.68 0.5971773997 0.5971766581 7.416246678e-07
0.69 0.6039837199 0.6039829783 7.416160627e-07
0.7 0.610726706 0.6107259644 7.41595211e-07
0.71 0.6174066333 0.6174058918 7.415506205e-07
0.72 0.6240237944 0.624023053 7.414638569e-07
0.73 0.6305784985 0.6305777572 7.41307063e-07
0.74 0.6370710703 0.6370703293 7.410400775e-07
0.75 0.6435018494 0.6435011088 7.4060717e-07
0.76 0.6498711893 0.6498704494 7.399334139e-07
0.77 0.6561794569 0.656178718 7.389207218e-07
0.78 0.6624270313 0.6624262938 7.374435829e-07
0.79 0.6686143033 0.6686135679 7.353445292e-07
0.8 0.6747416747 0.6747409422 7.324293799e-07
0.81 0.6808095574 0.6808088289 7.284622986e-07
0.82 0.6868183729 0.6868176498 7.231607116e-07
0.83 0.6927685516 0.6927678354 7.161901298e-07
0.84 0.6986605319 0.6986598247 7.071589185e-07
0.85 0.7044947599 0.7044940642 6.95613062e-07
0.86 0.7102716885 0.7102710075 6.810309633e-07
0.87 0.7159917772 0.7159911144 6.628183232e-07
0.88 0.7216554912 0.7216548509 6.403031396e-07
0.89 0.7272633007 0.727262688 6.127308639e-07
0.9 0.732815681 0.7328151018 5.792597529e-07
0.91 0.7383131115 0.7383125725 5.389564475e-07
0.92 0.7437560751 0.7437555843 4.907918126e-07
0.93 0.7491450582 0.7491446246 4.336370628e-07
0.94 0.7544805501 0.7544801838 3.662602023e-07
0.95 0.7597630422 0.7597627549 2.873227996e-07
0.96 0.7649930281 0.7649928327 1.953771179e-07
0.97 0.7701710409 0.770170914 1.26834403e-07
0.98 0.7752976236 0.7752974968 1.26834401e-07
0.99 0.7803732069 0.7803730801 1.268343488e-07
1 0.7853982902 0.7853981634 1.268339511e-07
1.01 0.7903733736 0.7903732467 1.2683226e-07
1.02 0.7952989568 0.79529883 1.268270796e-07
1.03 0.8001755396 0.8001754128 1.26814206e-07
1.04 0.805003621 0.8050034943 1.267865271e-07
1.05 0.8097836993 0.8097835726 1.267330044e-07
1.06 0.8145162715 0.8145161449 1.266375609e-07
1.07 0.8192018336 0.8192017071 1.264778947e-07
1.08 0.8238408796 0.8238407534 1.262242409e-07
1.09 0.8284339023 0.8284337764 1.258381004e-07
1.1 0.8329813919 0.8329812667 1.252709533e-07
1.11 0.8374838371 0.8374837126 1.24462976e-07
1.12 0.8419417237 0.8419416003 1.233417751e-07
1.13 0.8463555353 0.8463554135 1.218211548e-07
1.14 0.8507257528 0.850725633 1.197999293e-07
1.15 0.8550528543 0.8550527371 1.171607941e-07
1.16 0.8593373148 0.8593372011 1.137692643e-07
1.17 0.8635796065 0.863579497 1.094726917e-07
1.18 0.8677801981 0.867780094 1.040993662e-07
1.19 0.8719395552 0.8719394577 9.74577119e-08
1.2 0.8760581399 0.8760580506 8.933557982e-08
1.21 0.8801364109 0.8801363314 7.949964509e-08
1.22 0.8841748232 0.8841747555 6.769491134e-08
1.23 0.888173828 0.8881737744 5.36443242e-08
1.24 0.8921338731 0.892133836 3.704849738e-08
1.25 0.8960554022 0.8960553846 1.758555068e-08
1.26 0.8999388551 0.8999388602 -5.088937605e-09
1.27 0.9037846679 0.9037846992 -3.134186677e-08
1.28 0.9075932725 0.9075933341 -6.156243793e-08
1.29 0.9113650969 0.9113651931 -9.616186769e-08
1.3 0.915100565 0.9151007006 -1.355729954e-07
1.31 0.9188000965 0.9188002767 -1.802497845e-07
1.32 0.922464107 0.9224643377 -2.306667229e-07
1.33 0.9260930082 0.9260932955 -2.873181244e-07
1.34 0.9296872453 0.9296875579 -3.126222189e-07
1.35 0.933247216 0.9332475287 -3.1262222e-07
1.36 0.9367732945 0.9367736071 -3.126222401e-07
1.37 0.940265876 0.9402661886 -3.126223654e-07
1.38 0.9437253516 0.9437256642 -3.126228417e-07
1.39 0.9471521081 0.9471524207 -3.126241949e-07
1.4 0.9505465282 0.9505468408 -3.126273744e-07
1.41 0.9539089903 0.9539093029 -3.12633912e-07
1.42 0.9572398686 0.9572401813 -3.126460889e-07
1.43 0.9605395333 0.9605398459 -3.12667106e-07
1.44 0.96380835 0.9638086627 -3.127012507e-07
1.45 0.9670466806 0.9670469934 -3.127540597e-07
1.46 0.9702548826 0.9702551954 -3.128324672e-07
1.47 0.9734333092 0.9734336222 -3.129449425e-07
1.48 0.9765823099 0.976582623 -3.131016078e-07
1.49 0.9797022297 0.979702543 -3.133143374e-07
1.5 0.9827934097 0.9827937232 -3.135968355e-07
1.51 0.9858561868 0.9858565008 -3.139646898e-07
1.52 0.9888908942 0.9888912087 -3.144354007e-07
1.53 0.9918978607 0.9918981758 -3.15028385e-07
1.54 0.9948774114 0.9948777272 -3.157649526e-07
1.55 0.9978298672 0.9978301839 -3.166682574e-07
1.56 1.000755545 1.000755863 -3.177632193e-07
1.57 1.003654759 1.003655078 -3.190764215e-07
1.58 1.006527817 1.006528138 -3.206359795e-07
1.59 1.009375026 1.009375349 -3.224713843e-07
1.6 1.012196687 1.012197011 -3.246133193e-07
1.61 1.014993098 1.014993425 -3.270934537e-07
1.62 1.017764553 1.017764883 -3.299442095e-07
1.63 1.020511343 1.020511676 -3.33198507e-07
1.64 1.023233754 1.023234091 -3.368894874e-07
1.65 1.02593207 1.025932411 -3.410502138e-07
1.66 1.028606571 1.028606917 -3.457133539e-07
1.67 1.031257533 1.031257884 -3.509108413e-07
1.68 1.033885227 1.033885584 -3.566735209e-07
1.69 1.036489924 1.036490287 -3.630307794e-07
1.7 1.03907189 1.03907226 -3.700101578e-07
1.71 1.041631385 1.041631763 -3.776369524e-07
1.72 1.044168669 1.044169055 -3.859338027e-07
1.73 1.046683999 1.046684394 -3.949202687e-07
1.74 1.049177625 1.04917803 -4.046123983e-07
1.75 1.051649798 1.051650213 -4.150222861e-07
1.76 1.054100762 1.054101188 -4.261576252e-07
1.77 1.056530761 1.056531199 -4.380212537e-07
1.78 1.058940034 1.058940484 -4.50610695e-07
1.79 1.061328817 1.061329281 -4.63917696e-07
1.8 1.063697344 1.063697822 -4.779277625e-07
1.81 1.066045846 1.066046339 -4.926196928e-07
1.82 1.068374549 1.068375057 -5.079651124e-07
1.83 1.070683678 1.070684202 -5.239280081e-07
1.84 1.072973454 1.072973994 -5.404642638e-07
1.85 1.07524411 1.075244653 -5.429741998e-07
1.86 1.077495852 1.077496395 -5.429741996e-07
1.87 1.079728888 1.079729431 -5.429741969e-07
1.88 1.081943429 1.081943972 -5.429741832e-07
1.89 1.084139684 1.084140227 -5.429741317e-07
1.9 1.086317855 1.086318398 -5.429739856e-07
1.91 1.088478145 1.088478688 -5.429736367e-07
1.92 1.090620754 1.090621297 -5.429729e-07
1.93 1.092745879 1.092746421 -5.429714827e-07
1.94 1.094853712 1.094854255 -5.429689474e-07
1.95 1.096944447 1.09694499 -5.429646677e-07
1.96 1.099018273 1.099018816 -5.429577805e-07
1.97 1.101075375 1.101075918 -5.429471286e-07
1.98 1.103115939 1.103116482 -5.429312016e-07
1.99 1.105140145 1.105140688 -5.429080652e-07
2 1.107148175 1.107148718 -5.428752927e-07
2.01 1.109140204 1.109140747 -5.428298815e-07
2.02 1.111116408 1.111116951 -5.42768172e-07
2.03 1.113076959 1.113077502 -5.426857583e-07
2.04 1.115022028 1.115022571 -5.425773921e-07
2.05 1.116951783 1.116952325 -5.424368852e-07
2.06 1.118866389 1.118866931 -5.42257006e-07
2.07 1.120766011 1.120766553 -5.420293712e-07
2.08 1.12265081 1.122651352 -5.417443354e-07
2.09 1.124520946 1.124521487 -5.413908761e-07
2.1 1.126376576 1.126377117 -5.409564745e-07
2.11 1.128217856 1.128218396 -5.404269954e-07
2.12 1.130044939 1.130045479 -5.397865623e-07
2.13 1.131857977 1.131858516 -5.390174322e-07
2.14 1.13365712 1.133657658 -5.380998662e-07
2.15 1.135442515 1.135443052 -5.370120009e-07
2.16 1.137214307 1.137214843 -5.357297146e-07
2.17 1.138972641 1.138973176 -5.342264966e-07
2.18 1.140717659 1.140718192 -5.324733117e-07
2.19 1.142449501 1.142450032 -5.304384669e-07
2.2 1.144168306 1.144168834 -5.280874762e-07
2.21 1.145874209 1.145874734 -5.253829249e-07
2.22 1.147567347 1.147567869 -5.22284336e-07
2.23 1.149247851 1.14924837 -5.187480345e-07
2.24 1.150915855 1.15091637 -5.147270137e-07
2.25 1.152571487 1.152571997 -5.101708025e-07
2.26 1.154214876 1.154215381 -5.050253322e-07
2.27 1.155846149 1.155846648 -4.992328066e-07
2.28 1.15746543 1.157465922 -4.927315718e-07
2.29 1.159072842 1.159073328 -4.854559876e-07
2.3 1.160668509 1.160668986 -4.773363029e-07
2.31 1.16225255 1.162253018 -4.682985297e-07
2.32 1.163825083 1.163825541 -4.582643218e-07
2.33 1.165386227 1.165386674 -4.471508543e-07
2.34 1.166936097 1.166936532 -4.348707063e-07
2.35 1.168474808 1.168475229 -4.213317459e-07
2.36 1.170002472 1.170002878 -4.064370165e-07
2.37 1.171519201 1.171519591 -3.900846288e-07
2.38 1.173025106 1.173025478 -3.721676525e-07
2.39 1.174520295 1.174520648 -3.525740127e-07
2.4 1.176004876 1.176005207 -3.311863885e-07
2.41 1.177478955 1.177479263 -3.078821156e-07
2.42 1.178942636 1.178942919 -2.825330914e-07
2.43 1.180396025 1.18039628 -2.550056828e-07
2.44 1.181839221 1.181839447 -2.251606384e-07
2.45 1.183272328 1.183272521 -1.92853004e-07
2.46 1.184695445 1.184695602 -1.579320397e-07
2.47 1.186108669 1.186108789 -1.202411433e-07
2.48 1.187512099 1.187512179 -7.961777437e-08
2.49 1.188905832 1.188905868 -3.589338293e-08
2.5 1.190289961 1.19028995 1.110665715e-08
2.51 1.191664541 1.191664519 2.164112489e-08
2.52 1.19302969 1.193029669 2.164112489e-08
2.53 1.194385512 1.19438549 2.164112711e-08
2.54 1.195732094 1.195732073 2.164113888e-08
2.55 1.197069528 1.197069507 2.164118196e-08
2.56 1.198397902 1.19839788 2.164130186e-08
2.57 1.199717301 1.19971728 2.16415823e-08
2.58 1.201027814 1.201027792 2.164216095e-08
2.59 1.202329523 1.202329502 2.164324875e-08
2.6 1.203622515 1.203622493 2.1645151e-08
2.61 1.20490687 1.204906849 2.164829072e-08
2.62 1.206182673 1.206182651 2.16532352e-08
2.63 1.207450003 1.207449981 2.166072188e-08
2.64 1.208708941 1.208708919 2.167169044e-08
2.65 1.209959565 1.209959544 2.168731195e-08
2.66 1.211201955 1.211201933 2.170902191e-08
2.67 1.212436187 1.212436166 2.173855562e-08
2.68 1.213662338 1.213662316 2.177798275e-08
2.69 1.214880483 1.214880461 2.182974401e-08
2.7 1.216090697 1.216090675 2.189668913e-08
2.71 1.217293053 1.217293031 2.198211635e-08
2.72 1.218487624 1.218487602 2.208981065e-08
2.73 1.219674483 1.219674461 2.222408546e-08
2.74 1.2208537 1.220853678 2.238982244e-08
2.75 1.222025346 1.222025323 2.259251408e-08
2.76 1.22318949 1.223189467 2.283830547e-08
2.77 1.224346201 1.224346178 2.313403602e-08
2.78 1.225495547 1.225495523 2.348728323e-08
2.79 1.226637595 1.226637571 2.390640508e-08
2.8 1.227772411 1.227772386 2.440058267e-08
2.81 1.228900061 1.228900036 2.497986373e-08
2.82 1.23002061 1.230020584 2.565520618e-08
2.83 1.231134121 1.231134095 2.643851982e-08
2.84 1.232240659 1.232240632 2.734271076e-08
2.85 1.233340286 1.233340258 2.838172253e-08
2.86 1.234433063 1.234433034 2.957057976e-08
2.87 1.235519053 1.235519022 3.092542888e-08
2.88 1.236598315 1.236598283 3.246358138e-08
2.89 1.237670909 1.237670875 3.420355354e-08
2.9 1.238736895 1.238736859 3.616510846e-08
2.91 1.239796331 1.239796293 3.836929507e-08
2.92 1.240849275 1.240849235 4.083848948e-08
2.93 1.241895785 1.241895741 4.359643246e-08
2.94 1.242935915 1.242935869 4.66682688e-08
2.95 1.243969724 1.243969674 5.008058546e-08
2.96 1.244997265 1.244997212 5.386144775e-08
2.97 1.246018594 1.246018536 5.804043712e-08
2.98 1.247033765 1.247033703 6.264868557e-08
2.99 1.248042831 1.248042764 6.771891115e-08
3 1.249045846 1.249045772 7.328545237e-08
3.01 1.25004286 1.250042781 7.938430091e-08
3.02 1.251033927 1.251033841 8.605313484e-08
3.03 1.252019098 1.252019004 9.333134976e-08
3.04 1.252998422 1.252998321 1.012600899e-07
3.05 1.253971951 1.253971841 1.098822775e-07
3.06 1.254939733 1.254939614 1.192426429e-07
3.07 1.255901818 1.255901688 1.293877512e-07
3.08 1.256858254 1.256858113 1.403660315e-07
3.09 1.257809089 1.257808937 1.522278008e-07
3.1 1.25875437 1.258754205 1.650252914e-07
3.11 1.259694145 1.259693966 1.788126751e-07
3.12 1.26062846 1.260628266 1.936460847e-07
3.13 1.26155736 1.26155715 2.0958364e-07
3.14 1.262480891 1.262480665 2.266854666e-07
3.15 1.263399099 1.263398854 2.45013718e-07
3.16 1.264312027 1.264311762 2.646325954e-07
3.17 1.265219719 1.265219433 2.856083661e-07
3.18 1.266122219 1.266121911 3.080093818e-07
3.19 1.267019571 1.267019239 3.319060955e-07
3.2 1.267911816 1.267911458 3.573710776e-07
3.21 1.268798997 1.268798612 3.844790317e-07
3.22 1.269681155 1.269680742 4.133068074e-07
3.23 1.270558332 1.270557888 4.439334154e-07
3.24 1.271430559 1.271430093 4.666276154e-07
3.25 1.272297862 1.272297395 4.666276154e-07
3.26 1.273160302 1.273159836 4.666276157e-07
3.27 1.27401792 1.274017454 4.666276174e-07
3.28 1.274870755 1.274870288 4.666276252e-07
3.29 1.275718845 1.275718378 4.666276492e-07
3.3 1.276562228 1.276561762 4.6662771e-07
3.31 1.277400943 1.277400477 4.666278426e-07
3.32 1.278235027 1.27823456 4.66628103e-07
3.33 1.279064517 1.27906405 4.666285729e-07
3.34 1.279889449 1.279888983 4.666293687e-07
3.35 1.280709861 1.280709394 4.666306483e-07
3.36 1.281525788 1.281525321 4.666326203e-07
3.37 1.282337265 1.282336799 4.666355522e-07
3.38 1.283144328 1.283143862 4.666397806e-07
3.39 1.283947012 1.283946546 4.666457207e-07
3.4 1.284745352 1.284744885 4.66653878e-07
3.41 1.28553938 1.285538914 4.666648581e-07
3.42 1.286329133 1.286328666 4.666793789e-07
3.43 1.287114641 1.287114175 4.666982818e-07
3.44 1.28789594 1.287895473 4.667225444e-07
3.45 1.288673061 1.288672595 4.667532916e-07
3.46 1.289446038 1.289445571 4.667918101e-07
3.47 1.290214902 1.290214435 4.668395597e-07
3.48 1.290979685 1.290979218 4.668981868e-07
3.49 1.291740419 1.291739952 4.669695377e-07
3.5 1.292497135 1.292496668 4.670556721e-07
3.51 1.293249863 1.293249396 4.671588758e-07
3.52 1.293998635 1.293998168 4.672816758e-07
3.53 1.294743481 1.294743014 4.674268517e-07
3.54 1.29548443 1.295483963 4.675974516e-07
3.55 1.296221513 1.296221045 4.677968046e-07
3.56 1.296954759 1.296954291 4.680285344e-07
3.57 1.297684196 1.297683728 4.682965742e-07
3.58 1.298409854 1.298409385 4.686051784e-07
3.59 1.299131761 1.299131292 4.689589388e-07
3.6 1.299849946 1.299849476 4.693627962e-07
3.61 1.300564436 1.300563966 4.698220546e-07
3.62 1.301275259 1.301274789 4.703423946e-07
3.63 1.301982443 1.301981973 4.709298871e-07
3.64 1.302686015 1.302685544 4.71591006e-07
3.65 1.303386002 1.30338553 4.723326417e-07
3.66 1.30408243 1.304081957 4.731621137e-07
3.67 1.304775326 1.304774852 4.740871837e-07
3.68 1.305464716 1.305464241 4.751160689e-07
3.69 1.306150625 1.306150149 4.762574524e-07
3.7 1.306833081 1.306832603 4.77520498e-07
3.71 1.307512107 1.307511628 4.789148615e-07
3.72 1.308187729 1.308187249 4.804507019e-07
3.73 1.308859973 1.30885949 4.821386936e-07
3.74 1.309528862 1.309528378 4.839900387e-07
3.75 1.310194421 1.310193935 4.860164777e-07
3.76 1.310856675 1.310856187 4.882303006e-07
3.77 1.311515647 1.311515156 4.906443574e-07
3.78 1.312171361 1.312170868 4.932720701e-07
3.79 1.312823842 1.312823346 4.96127442e-07
3.8 1.313473111 1.313472612 4.992250688e-07
3.81 1.314119193 1.31411869 5.025801475e-07
3.82 1.314762109 1.314761603 5.062084871e-07
3.83 1.315401884 1.315401374 5.101265181e-07
3.84 1.316038539 1.316038024 5.143513013e-07
3.85 1.316672096 1.316671577 5.189005363e-07
3.86 1.317302578 1.317302054 5.237925724e-07
3.87 1.317930007 1.317929478 5.290464147e-07
3.88 1.318554404 1.318553869 5.346817336e-07
3.89 1.31917579 1.319175249 5.407188732e-07
3.9 1.319794187 1.31979364 5.47178858e-07
3.91 1.320409617 1.320409063 5.540834009e-07
3.92 1.321022099 1.321021537 5.61454911e-07
3.93 1.321631655 1.321631085 5.693164993e-07
3.94 1.322238304 1.322237727 5.776919876e-07
3.95 1.322842069 1.322841482 5.866059125e-07
3.96 1.323442967 1.323442371 5.960835332e-07
3.97 1.324041021 1.324040414 6.061508377e-07
3.98 1.324636248 1.324635631 6.168345477e-07
3.99 1.325228669 1.325228041 6.281621239e-07
4 1.325818304 1.325817664 6.401617725e-07
4.01 1.326405171 1.326404518 6.528624492e-07
4.02 1.32698929 1.326988623 6.66293865e-07
4.03 1.327570679 1.327569998 6.804864887e-07
4.04 1.328149357 1.328148662 6.954715535e-07
4.05 1.328725344 1.328724632 7.112810594e-07
4.06 1.329298656 1.329297928 7.279477785e-07
4.07 1.329869313 1.329868567 7.455052566e-07
4.08 1.330437332 1.330436568 7.639878183e-07
4.09 1.331002732 1.331001949 7.8343057e-07
4.1 1.331565531 1.331564727 8.038694006e-07
4.11 1.332125745 1.332124919 8.253409873e-07
4.12 1.332683392 1.332682544 8.47882796e-07
4.13 1.33323849 1.333237619 8.708842874e-07
4.14 1.333791031 1.33379016 8.708842874e-07
4.15 1.334341055 1.334340185 8.708842874e-07
4.16 1.334888581 1.33488771 8.708842878e-07
4.17 1.335433623 1.335432752 8.708842891e-07
4.18 1.335976199 1.335975328 8.708842938e-07
4.19 1.336516325 1.336515454 8.708843064e-07
4.2 1.337054017 1.337053146 8.708843351e-07
4.21 1.337589291 1.33758842 8.708843926e-07
4.22 1.338122164 1.338121293 8.708844987e-07
4.23 1.338652651 1.33865178 8.708846817e-07
4.24 1.339180768 1.339179897 8.708849797e-07
4.25 1.33970653 1.33970566 8.708854446e-07
4.26 1.340229954 1.340229083 8.708861428e-07
4.27 1.340751053 1.340750182 8.708871582e-07
4.28 1.341269843 1.341268973 8.708885957e-07
4.29 1.34178634 1.341785469 8.708905832e-07
4.3 1.342300558 1.342299688 8.708932746e-07
4.31 1.342812512 1.342811642 8.70896854e-07
4.32 1.343322217 1.343321346 8.709015367e-07
4.33 1.343829687 1.343828816 8.709075752e-07
4.34 1.344334937 1.344334066 8.709152604e-07
4.35 1.34483798 1.344837109 8.70924926e-07
4.36 1.345338831 1.345337961 8.709369526e-07
4.37 1.345837505 1.345836634 8.709517705e-07
4.38 1.346334014 1.346333143 8.709698636e-07
4.39 1.346828374 1.346827503 8.709917729e-07
4.4 1.347320597 1.347319726 8.710181014e-07
4.41 1.347810697 1.347809826 8.710495176e-07
4.42 1.348298687 1.348297816 8.710867574e-07
4.43 1.348784582 1.348783711 8.71130631e-07
4.44 1.349268393 1.349267522 8.711820259e-07
4.45 1.349750135 1.349749264 8.712419097e-07
4.46 1.350229821 1.350228949 8.713113351e-07
4.47 1.350707462 1.350706591 8.713914443e-07
4.48 1.351183073 1.351182202 8.714834727e-07
4.49 1.351656666 1.351655794 8.715887518e-07
4.5 1.352128253 1.352127381 8.717087157e-07
4.51 1.352597847 1.352596975 8.718449025e-07
4.52 1.35306546 1.353064588 8.719989602e-07
4.53 1.353531105 1.353530232 8.721726499e-07
4.54 1.353994793 1.353993921 8.723678502e-07
4.55 1.354456538 1.354455665 8.725865608e-07
4.56 1.354916351 1.354915478 8.728309067e-07
4.57 1.355374243 1.35537337 8.731031422e-07
4.58 1.355830227 1.355829354 8.734056551e-07
4.59 1.356284315 1.356283441 8.737409698e-07
4.6 1.356736517 1.356735643 8.741117514e-07
4.61 1.357186846 1.357185972 8.745208109e-07
4.62 1.357635314 1.357634439 8.749711067e-07
4.63 1.35808193 1.358081055 8.754657506e-07
4.64 1.358526707 1.358525831 8.760080092e-07
4.65 1.358969656 1.358968779 8.766013102e-07
4.66 1.359410788 1.35940991 8.772492441e-07
4.67 1.359850113 1.359849235 8.779555682e-07
4.68 1.360287643 1.360286765 8.787242107e-07
4.69 1.360723389 1.36072251 8.795592741e-07
4.7 1.361157361 1.361156481 8.804650373e-07
4.71 1.36158957 1.361588689 8.814459613e-07
4.72 1.362020027 1.362019145 8.825066911e-07
4.73 1.362448742 1.362447858 8.836520586e-07
4.74 1.362875725 1.36287484 8.848870872e-07
4.75 1.363300987 1.3633001 8.862169936e-07
4.76 1.363724537 1.36372365 8.876471924e-07
4.77 1.364146387 1.364145498 8.891832977e-07
4.78 1.364566546 1.364565655 8.908311266e-07
4.79 1.364985025 1.364984132 8.925967034e-07
4.8 1.365401832 1.365400938 8.944862604e-07
4.81 1.365816979 1.365816082 8.965062421e-07
4.82 1.366230474 1.366229575 8.986633071e-07
4.83 1.366642328 1.366641427 9.009643323e-07
4.84 1.367052549 1.367051646 9.034164139e-07
4.85 1.367461149 1.367460243 9.060268711e-07
4.86 1.367868135 1.367867227 9.088032473e-07
4.87 1.368273519 1.368272607 9.117533148e-07
4.88 1.368677308 1.368676393 9.148850746e-07
4.89 1.369079512 1.369078593 9.182067608e-07
4.9 1.36948014 1.369479218 9.217268417e-07
4.91 1.369879202 1.369878277 9.25454023e-07
4.92 1.370276707 1.370275777 9.293972483e-07
4.93 1.370672662 1.370671729 9.335657027e-07
4.94 1.371067079 1.371066141 9.379688151e-07
4.95 1.371459964 1.371459022 9.426162584e-07
4.96 1.371851328 1.371850381 9.47517953e-07
4.97 1.372241179 1.372240226 9.526840679e-07
4.98 1.372629524 1.372628566 9.581250224e-07
4.99 1.373016374 1.373015411 9.638514891e-07
5 1.373401737 1.373400767 9.69874393e-07
5.01 1.37378562 1.373784644 9.762049158e-07
5.02 1.374168033 1.37416705 9.828544958e-07
5.03 1.374548984 1.374547994 9.898348299e-07
5.04 1.37492848 1.374927483 9.971578752e-07
5.05 1.375306531 1.375305527 1.004835849e-06
5.06 1.375683145 1.375682132 1.012881234e-06
5.07 1.376058328 1.376057307 1.021306772e-06
5.08 1.376432091 1.376431061 1.030125476e-06
5.09 1.37680444 1.3768034 1.039350619e-06
5.1 1.377175383 1.377174334 1.048995744e-06
5.11 1.377544928 1.377543869 1.059074664e-06
5.12 1.377913084 1.377912015 1.069601459e-06
5.13 1.378279858 1.378278777 1.080590478e-06
5.14 1.378645257 1.378644165 1.092056343e-06
5.15 1.379009289 1.379008185 1.104013948e-06
5.16 1.379371962 1.379370845 1.116478456e-06
5.17 1.379733283 1.379732153 1.129465307e-06
5.18 1.38009326 1.380092117 1.142990213e-06
5.19 1.3804519 1.380450743 1.15706916e-06
5.2 1.380809211 1.380808039 1.171718409e-06
5.21 1.381165199 1.381164012 1.186954496e-06
5.22 1.381519873 1.38151867 1.202794234e-06
5.23 1.381873238 1.381872019 1.21925471e-06
5.24 1.382225304 1.382224067 1.236353289e-06
5.25 1.382576076 1.382574821 1.254107612e-06
5.26 1.382925551 1.382924289 1.262786178e-06
5.27 1.383273738 1.383272476 1.262786179e-06
5.28 1.383620652 1.383619389 1.262786178e-06
5.29 1.3839663 1.383965037 1.262786179e-06
5.3 1.384310688 1.384309425 1.262786179e-06
5.31 1.384653823 1.384652561 1.262786181e-06
5.32 1.384995713 1.38499445 1.262786185e-06
5.33 1.385336364 1.385335101 1.262786195e-06
5.34 1.385675782 1.385674519 1.262786213e-06
5.35 1.386013974 1.386012711 1.262786246e-06
5.36 1.386350946 1.386349683 1.2627863e-06
5.37 1.386686706 1.386685443 1.262786387e-06
5.38 1.387021259 1.387019997 1.262786521e-06
5.39 1.387354613 1.38735335 1.262786718e-06
5.4 1.387686772 1.38768551 1.262787001e-06
5.41 1.388017745 1.388016482 1.262787397e-06
5.42 1.388347536 1.388346273 1.26278794e-06
5.43 1.388676153 1.38867489 1.26278867e-06
5.44 1.389003601 1.389002338 1.262789633e-06
5.45 1.389329886 1.389328623 1.262790885e-06
5.46 1.389655015 1.389653753 1.262792492e-06
5.47 1.389978994 1.389977732 1.262794526e-06
5.48 1.390301829 1.390300566 1.262797075e-06
5.49 1.390623526 1.390622263 1.262800234e-06
5.5 1.39094409 1.390942827 1.262804113e-06
5.51 1.391263528 1.391262265 1.262808836e-06
5.52 1.391581845 1.391580582 1.26281454e-06
5.53 1.391899047 1.391897785 1.262821379e-06
5.54 1.392215141 1.392213878 1.262829523e-06
5.55 1.392530131 1.392528868 1.262839158e-06
5.56 1.392844024 1.392842761 1.262850491e-06
5.57 1.393156825 1.393155562 1.262863748e-06
5.58 1.39346854 1.393467277 1.262879175e-06
5.59 1.393779174 1.393777912 1.26289704e-06
5.6 1.394088734 1.394087471 1.262917634e-06
5.61 1.394397223 1.39439596 1.262941271e-06
5.62 1.394704649 1.394703386 1.262968292e-06
5.63 1.395011016 1.395009753 1.262999062e-06
5.64 1.39531633 1.395315066 1.263033974e-06
5.65 1.395620595 1.395619332 1.26307345e-06
5.66 1.395923819 1.395922556 1.26311794e-06
5.67 1.396226005 1.396224742 1.263167926e-06
5.68 1.396527159 1.396525896 1.263223919e-06
5.69 1.396827286 1.396826023 1.263286466e-06
5.7 1.397126392 1.397125128 1.263356146e-06
5.71 1.397424481 1.397423218 1.263433572e-06
5.72 1.397721559 1.397720296 1.263519396e-06
5.73 1.398017631 1.398016367 1.263614304e-06
5.74 1.398312702 1.398311438 1.263719021e-06
5.75 1.398606776 1.398605512 1.263834313e-06
5.76 1.398899859 1.398898595 1.263960984e-06
5.77 1.399191957 1.399190693 1.264099882e-06
5.78 1.399483072 1.399481808 1.264251896e-06
5.79 1.399773212 1.399771948 1.264417957e-06
5.8 1.40006238 1.400061115 1.264599045e-06
5.81 1.400350581 1.400349316 1.264796182e-06
5.82 1.40063782 1.400636555 1.265010438e-06
5.83 1.400924103 1.400922837 1.265242932e-06
5.84 1.401209432 1.401208167 1.265494831e-06
5.85 1.401493814 1.401492549 1.26576735e-06
5.86 1.401777253 1.401775987 1.26606176e-06
5.87 1.402059754 1.402058488 1.266379378e-06
5.88 1.402341321 1.402340054 1.266721578e-06
5.89 1.402621958 1.402620691 1.267089787e-06
5.9 1.402901671 1.402900404 1.267485487e-06
5.91 1.403180464 1.403179196 1.267910215e-06
5.92 1.403458341 1.403457072 1.268365565e-06
5.93 1.403735307 1.403734038 1.268853191e-06
5.94 1.404011366 1.404010096 1.269374803e-06
5.95 1.404286522 1.404285252 1.269932173e-06
5.96 1.404560781 1.404559511 1.270527131e-06
5.97 1.404834146 1.404832875 1.271161571e-06
5.98 1.405106622 1.40510535 1.271837448e-06
5.99 1.405378213 1.40537694 1.272556781e-06
6 1.405648923 1.405647649 1.273321653e-06
6.01 1.405918756 1.405917482 1.274134212e-06
6.02 1.406187717 1.406186442 1.274996671e-06
6.03 1.406455811 1.406454535 1.275911311e-06
6.04 1.40672304 1.406721763 1.276880479e-06
6.05 1.406989409 1.406988131 1.277906592e-06
6.06 1.407254923 1.407253644 1.278992135e-06
6.07 1.407519585 1.407518305 1.280139664e-06
6.08 1.407783399 1.407782118 1.281351803e-06
6.09 1.40804637 1.408045088 1.282631251e-06
6.1 1.408308502 1.408307218 1.283980775e-06
6.11 1.408569797 1.408568512 1.285403218e-06
6.12 1.408830262 1.408828975 1.286901495e-06
6.13 1.409089898 1.40908861 1.288478597e-06
6.14 1.409348711 1.409347421 1.290137587e-06
6.15 1.409606704 1.409605412 1.291881606e-06
6.16 1.409863881 1.409862588 1.29371387e-06
6.17 1.410120246 1.41011895 1.295637671e-06
6.18 1.410375803 1.410374505 1.297656381e-06
6.19 1.410630555 1.410629255 1.299773448e-06
6.2 1.410884506 1.410883204 1.301992399e-06
6.21 1.41113766 1.411136355 1.304316841e-06
6.22 1.41139002 1.411388714 1.30675046e-06
6.23 1.411641591 1.411640282 1.309297022e-06
6.24 1.411892377 1.411891065 1.311960376e-06
6.25 1.412142379 1.412141065 1.314744449e-06
6.26 1.412391603 1.412390286 1.317653253e-06
6.27 1.412640052 1.412638732 1.32069088e-06
6.28 1.41288773 1.412886406 1.323861507e-06
6.29 1.41313464 1.413133312 1.327169393e-06
6.3 1.413380785 1.413379454 1.330618882e-06
6.31 1.413626169 1.413624835 1.334214401e-06
6.32 1.413870796 1.413869458 1.337960462e-06
6.33 1.414114669 1.414113327 1.341861662e-06
6.34 1.414357792 1.414356446 1.345922684e-06
6.35 1.414600167 1.414598817 1.350148297e-06
6.36 1.414841799 1.414840445 1.354543355e-06
6.37 1.415082691 1.415081332 1.359112801e-06
6.38 1.415322846 1.415321482 1.363861662e-06
6.39 1.415562267 1.415560899 1.368795054e-06
6.4 1.415800959 1.415799585 1.37391818e-06
6.41 1.416038923 1.416037544 1.379236333e-06
6.42 1.416276164 1.41627478 1.38475489e-06
6.43 1.416512685 1.416511295 1.390479321e-06
6.44 1.416748489 1.416747093 1.396415182e-06
6.45 1.416983579 1.416982177 1.402568119e-06
6.46 1.417217959 1.41721655 1.408943866e-06
6.47 1.417451631 1.417450215 1.415548249e-06
6.48 1.417684599 1.417683177 1.422387182e-06
6.49 1.417916866 1.417915437 1.429466668e-06
6.5 1.418148435 1.418146998 1.436792802e-06
6.51 1.41837931 1.418377865 1.444371769e-06
6.52 1.418609493 1.41860804 1.452209843e-06
6.53 1.418838987 1.418837527 1.460313392e-06
6.54 1.419067796 1.419066327 1.468688869e-06
6.55 1.419295922 1.419294445 1.477342825e-06
6.56 1.419523369 1.419521883 1.486281897e-06
6.57 1.41975014 1.419748644 1.495512814e-06
6.58 1.419976237 1.419974732 1.505042398e-06
6.59 1.420201664 1.420200149 1.514877561e-06
6.6 1.420426424 1.420424899 1.525025306e-06
6.61 1.420650519 1.420648983 1.535492729e-06
6.62 1.420873952 1.420872406 1.546287017e-06
6.63 1.421096727 1.42109517 1.557415448e-06
6.64 1.421318847 1.421317278 1.568885392e-06
6.65 1.421540313 1.421538732 1.580704311e-06
6.66 1.421761129 1.421759536 1.592879759e-06
6.67 1.421981298 1.421979693 1.60541938e-06
6.68 1.422200823 1.422199205 1.618330912e-06
6.69 1.422419707 1.422418075 1.631622183e-06
6.7 1.422637951 1.422636306 1.645301114e-06
6.71 1.422855548 1.422853901 1.647584612e-06
6.72 1.42307251 1.423070862 1.647584612e-06
6.73 1.42328884 1.423287192 1.647584612e-06
6.74 1.423504542 1.423502895 1.647584612e-06
6.75 1.423719619 1.423717971 1.647584612e-06
6.76 1.423934073 1.423932426 1.647584613e-06
6.77 1.424147907 1.42414626 1.647584614e-06
6.78 1.424361124 1.424359477 1.647584616e-06
6.79 1.424573727 1.424572079 1.647584621e-06
6.8 1.424785717 1.424784069 1.647584629e-06
6.81 1.424997097 1.42499545 1.647584642e-06
6.82 1.425207871 1.425206224 1.647584664e-06
6.83 1.425418041 1.425416393 1.647584695e-06
6.84 1.425627609 1.425625961 1.647584742e-06
6.85 1.425836578 1.42583493 1.647584809e-06
6.86 1.42604495 1.426043303 1.647584902e-06
6.87 1.426252729 1.426251081 1.647585028e-06
6.88 1.426459916 1.426458268 1.647585198e-06
6.89 1.426666514 1.426664866 1.647585421e-06
6.9 1.426872525 1.426870877 1.64758571e-06
6.91 1.427077952 1.427076305 1.64758608e-06
6.92 1.427282798 1.427281151 1.647586547e-06
6.93 1.427487065 1.427485417 1.647587131e-06
6.94 1.427690755 1.427689107 1.647587853e-06
6.95 1.427893871 1.427892223 1.647588739e-06
6.96 1.428096415 1.428094767 1.647589816e-06
6.97 1.428298389 1.428296742 1.647591115e-06
6.98 1.428499797 1.428498149 1.647592671e-06
6.99 1.428700639 1.428698992 1.647594523e-06
7 1.42890092 1.428899272 1.647596713e-06
7.01 1.42910064 1.429098993 1.647599287e-06
7.02 1.429299803 1.429298155 1.647602297e-06
7.03 1.42949841 1.429496763 1.647605798e-06
7.04 1.429696465 1.429694817 1.647609852e-06
7.05 1.429893968 1.429892321 1.647614525e-06
7.06 1.430090923 1.430089276 1.647619888e-06
7.07 1.430287332 1.430285684 1.647626018e-06
7.08 1.430483197 1.430481549 1.647633e-06
7.09 1.43067852 1.430676873 1.647640922e-06
7.1 1.430873304 1.430871656 1.647649882e-06
7.11 1.43106755 1.431065903 1.647659983e-06
7.12 1.431261262 1.431259614 1.647671333e-06
7.13 1.43145444 1.431452792 1.647684053e-06
7.14 1.431647088 1.43164544 1.647698266e-06
7.15 1.431839207 1.43183756 1.647714106e-06
7.16 1.4320308 1.432029152 1.647731715e-06
7.17 1.432221869 1.432220221 1.647751243e-06
7.18 1.432412415 1.432410768 1.647772848e-06
7.19 1.432602442 1.432600794 1.647796699e-06
7.2 1.432791951 1.432790303 1.647822972e-06
7.21 1.432980944 1.432979296 1.647851855e-06
7.22 1.433169423 1.433167776 1.647883545e-06
7.23 1.433357391 1.433355743 1.647918247e-06
7.24 1.43354485 1.433543202 1.647956181e-06
7.25 1.4337318 1.433730152 1.647997573e-06
7.26 1.433918246 1.433916598 1.648042664e-06
7.27 1.434104188 1.43410254 1.648091704e-06
7.28 1.434289629 1.434287981 1.648144956e-06
7.29 1.43447457 1.434472922 1.648202692e-06
7.3 1.434659014 1.434657366 1.6482652e-06
7.31 1.434842963 1.434841315 1.648332779e-06
7.32 1.435026418 1.43502477 1.64840574e-06
7.33 1.435209382 1.435207734 1.648484407e-06
7.34 1.435391857 1.435390208 1.648569117e-06
7.35 1.435573844 1.435572195 1.648660223e-06
7.36 1.435755345 1.435753696 1.64875809e-06
7.37 1.435936363 1.435934714 1.648863096e-06
7.38 1.436116899 1.43611525 1.648975636e-06
7.39 1.436296956 1.436295306 1.649096117e-06
7.4 1.436476534 1.436474885 1.649224963e-06
7.41 1.436655637 1.436653987 1.649362612e-06
7.42 1.436834265 1.436832615 1.649509517e-06
7.43 1.437012421 1.437010771 1.649666149e-06
7.44 1.437190107 1.437188457 1.649832992e-06
7.45 1.437367324 1.437365674 1.650010549e-06
7.46 1.437544074 1.437542424 1.650199338e-06
7.47 1.43772036 1.437718709 1.650399892e-06
7.48 1.437896182 1.437894532 1.650612765e-06
7.49 1.438071544 1.438069893 1.650838525e-06
7.5 1.438246446 1.438244794 1.651077759e-06
7.51 1.43842089 1.438419238 1.651331072e-06
7.52 1.438594878 1.438593227 1.651599084e-06
7.53 1.438768412 1.438766761 1.651882438e-06
7.54 1.438941494 1.438939842 1.652181792e-06
7.55 1.439114126 1.439112473 1.652497824e-06
7.56 1.439286308 1.439284655 1.65283123e-06
7.57 1.439458044 1.439456391 1.653182726e-06
7.58 1.439629334 1.43962768 1.653553047e-06
7.59 1.43980018 1.439798527 1.653942949e-06
7.6 1.439970585 1.439968931 1.654353205e-06
7.61 1.440140549 1.440138895 1.65478461e-06
7.62 1.440310075 1.44030842 1.65523798e-06
7.63 1.440479164 1.440477509 1.65571415e-06
7.64 1.440647818 1.440646162 1.656213977e-06
7.65 1.440816039 1.440814382 1.656738336e-06
7.66 1.440983827 1.44098217 1.657288127e-06
7.67 1.441151186 1.441149528 1.657864269e-06
7.68 1.441318116 1.441316457 1.658467704e-06
7.69 1.441484619 1.44148296 1.659099394e-06
7.7 1.441650696 1.441649037 1.659760324e-06
7.71 1.441816351 1.44181469 1.660451502e-06
7.72 1.441981583 1.441979921 1.661173956e-06
7.73 1.442146394 1.442144732 1.661928739e-06
7.74 1.442310787 1.442309124 1.662716925e-06
7.75 1.442474763 1.442473099 1.663539611e-06
7.76 1.442638323 1.442636658 1.664397919e-06
7.77 1.442801468 1.442799803 1.665292992e-06
7.78 1.442964202 1.442962535 1.666225997e-06
7.79 1.443126524 1.443124857 1.667198124e-06
7.8 1.443288437 1.443286769 1.66821059e-06
7.81 1.443449942 1.443448273 1.669264632e-06
7.82 1.44361104 1.44360937 1.670361513e-06
7.83 1.443771734 1.443770063 1.67150252e-06
7.84 1.443932025 1.443930352 1.672688964e-06
7.85 1.444091913 1.444090239 1.673922181e-06
7.86 1.444251402 1.444249726 1.675203532e-06
7.87 1.444410491 1.444408815 1.676534403e-06
7.88 1.444569184 1.444567506 1.677916203e-06
7.89 1.44472748 1.444725801 1.679350369e-06
7.9 1.444885382 1.444883701 1.680838361e-06
7.91 1.445042891 1.445041209 1.682381666e-06
7.92 1.445200009 1.445198325 1.683981797e-06
7.93 1.445356737 1.445355051 1.68564029e-06
7.94 1.445513076 1.445511388 1.68735871e-06
7.95 1.445669028 1.445667339 1.689138646e-06
7.96 1.445824594 1.445822903 1.690981713e-06
7.97 1.445979776 1.445978083 1.692889554e-06
7.98 1.446134576 1.446132881 1.694863837e-06
7.99 1.446288993 1.446287297 1.696906256e-06
8 1.446443031 1.446441332 1.699018533e-06
8.01 1.44659669 1.446594989 1.701202415e-06
8.02 1.446749972 1.446748269 1.703459677e-06
8.03 1.446902879 1.446901173 1.705792121e-06
8.04 1.44705541 1.447053702 1.708201575e-06
8.05 1.447207569 1.447205858 1.710689895e-06
8.06 1.447359356 1.447357642 1.713258963e-06
8.07 1.447510772 1.447509056 1.71591069e-06
8.08 1.447661819 1.447660101 1.718647012e-06
8.09 1.447812499 1.447810778 1.721469896e-06
8.1 1.447962812 1.447961088 1.724381332e-06
8.11 1.448112761 1.448111033 1.727383341e-06
8.12 1.448262345 1.448260615 1.730477972e-06
8.13 1.448411567 1.448409834 1.733667298e-06
8.14 1.448560428 1.448558691 1.736953424e-06
8.15 1.44870893 1.448707189 1.74033848e-06
8.16 1.448857073 1.448855329 1.743824626e-06
8.17 1.449004858 1.449003111 1.747414048e-06
8.18 1.449152288 1.449150537 1.751108964e-06
8.19 1.449299363 1.449297608 1.754911615e-06
8.2 1.449446085 1.449444326 1.758824273e-06
8.21 1.449592455 1.449590692 1.762849239e-06
8.22 1.449738474 1.449736707 1.766988841e-06
8.23 1.449884143 1.449882372 1.771245436e-06
8.24 1.450029464 1.450027689 1.775621409e-06
8.25 1.450174438 1.450172658 1.780119173e-06
8.26 1.450319067 1.450317282 1.784741172e-06
8.27 1.45046335 1.450461561 1.789489875e-06
8.28 1.450607291 1.450605496 1.794367782e-06
8.29 1.450750889 1.450749089 1.799377422e-06
8.3 1.450894146 1.450892341 1.804521351e-06
8.31 1.451037063 1.451035254 1.809802155e-06
8.32 1.451179643 1.451177827 1.815222447e-06
8.33 1.451321884 1.451320063 1.820784872e-06
8.34 1.45146379 1.451461963 1.826492101e-06
8.35 1.451605361 1.451603528 1.832346834e-06
8.36 1.451746598 1.451744759 1.838351801e-06
8.37 1.451887502 1.451885658 1.84450976e-06
8.38 1.452028075 1.452026224 1.8508235e-06
8.39 1.452168318 1.452166461 1.857295835e-06
8.4 1.452308232 1.452306368 1.863929612e-06
8.41 1.452447817 1.452445947 1.870727704e-06
8.42 1.452587076 1.452585199 1.877693014e-06
8.43 1.45272601 1.452724125 1.884828474e-06
8.44 1.452864619 1.452862727 1.892137044e-06
8.45 1.453002905 1.453001005 1.899621715e-06
8.46 1.453140868 1.453138961 1.907285506e-06
8.47 1.45327851 1.453276595 1.915131464e-06
8.48 1.453415833 1.45341391 1.923162665e-06
8.49 1.453552836 1.453550905 1.931382215e-06
8.5 1.453689522 1.453687582 1.939793249e-06
8.51 1.453825891 1.453823943 1.94839893e-06
8.52 1.453961945 1.453959988 1.957202449e-06
8.53 1.454097684 1.454095718 1.966207029e-06
8.54 1.45423311 1.454231134 1.97541592e-06
8.55 1.454368223 1.454366238 1.984832399e-06
8.56 1.454503026 1.454501031 1.994459775e-06
8.57 1.454637518 1.454635513 2.004301385e-06
8.58 1.454771701 1.454769686 2.014360593e-06
8.59 1.454905576 1.454903551 2.024640794e-06
8.6 1.455039135 1.455037109 2.025882697e-06
8.61 1.455172387 1.455170361 2.025882697e-06
8.62 1.455305333 1.455303307 2.025882697e-06
8.63 1.455437976 1.45543595 2.025882697e-06
8.64 1.455570315 1.455568289 2.025882697e-06
8.65 1.455702353 1.455700327 2.025882697e-06
8.66 1.455834089 1.455832064 2.025882698e-06
8.67 1.455965526 1.4559635 2.025882698e-06
8.68 1.456096664 1.456094638 2.025882699e-06
8.69 1.456227504 1.456225478 2.025882701e-06
8.7 1.456358047 1.456356022 2.025882703e-06
8.71 1.456488295 1.456486269 2.025882707e-06
8.72 1.456618247 1.456616221 2.025882714e-06
8.73 1.456747906 1.45674588 2.025882723e-06
8.74 1.456877272 1.456875246 2.025882736e-06
8.75 1.457006346 1.45700432 2.025882754e-06
8.76 1.457135129 1.457133103 2.025882779e-06
8.77 1.457263622 1.457261596 2.025882813e-06
8.78 1.457391826 1.4573898 2.025882857e-06
8.79 1.457519742 1.457517716 2.025882914e-06
8.8 1.457647371 1.457645345 2.025882987e-06
8.81 1.457774714 1.457772688 2.025883079e-06
8.82 1.457901772 1.457899746 2.025883194e-06
8.83 1.458028546 1.45802652 2.025883338e-06
8.84 1.458155037 1.458153011 2.025883513e-06
8.85 1.458281245 1.458279219 2.025883726e-06
8.86 1.458407172 1.458405146 2.025883984e-06
8.87 1.458532819 1.458530793 2.025884293e-06
8.88 1.458658186 1.458656161 2.025884661e-06
8.89 1.458783275 1.458781249 2.025885096e-06
8.9 1.458908087 1.458906061 2.025885608e-06
8.91 1.459032621 1.459030595 2.025886208e-06
8.92 1.45915688 1.459154854 2.025886906e-06
8.93 1.459280864 1.459278838 2.025887715e-06
8.94 1.459404574 1.459402548 2.025888648e-06
8.95 1.459528011 1.459525985 2.02588972e-06
8.96 1.459651176 1.45964915 2.025890947e-06
8.97 1.459774069 1.459772043 2.025892345e-06
8.98 1.459896693 1.459894667 2.025893933e-06
8.99 1.460019046 1.46001702 2.025895731e-06
9 1.460141132 1.460139106 2.02589776e-06
9.01 1.460262949 1.460260923 2.025900042e-06
9.02 1.4603845 1.460382474 2.025902601e-06
9.03 1.460505784 1.460503759 2.025905465e-06
9.04 1.460626804 1.460624778 2.025908659e-06
9.05 1.46074756 1.460745534 2.025912213e-06
9.06 1.460868052 1.460866026 2.025916158e-06
9.07 1.460988281 1.460986255 2.025920528e-06
9.08 1.461108249 1.461106223 2.025925355e-06
9.09 1.461227956 1.46122593 2.025930679e-06
9.1 1.461347404 1.461345378 2.025936538e-06
9.11 1.461466592 1.461464566 2.025942972e-06
9.12 1.461585522 1.461583496 2.025950025e-06
9.13 1.461704194 1.461702168 2.025957742e-06
9.14 1.46182261 1.461820584 2.025966171e-06
9.15 1.46194077 1.461938744 2.025975363e-06
9.16 1.462058675 1.462056649 2.02598537e-06
9.17 1.462176326 1.4621743 2.025996247e-06
9.18 1.462293723 1.462291697 2.026008052e-06
9.19 1.462410869 1.462408842 2.026020845e-06
9.2 1.462527762 1.462525736 2.026034689e-06
9.21 1.462644405 1.462642378 2.026049651e-06
9.22 1.462760797 1.462758771 2.0260658e-06
9.23 1.46287694 1.462874914 2.026083207e-06
9.24 1.462992835 1.462990809 2.026101946e-06
9.25 1.463108482 1.463106456 2.026122096e-06
9.26 1.463223882 1.463221856 2.026143738e-06
9.27 1.463339036 1.46333701 2.026166955e-06
9.28 1.463453945 1.463451919 2.026191836e-06
9.29 1.463568609 1.463566583 2.02621847e-06
9.3 1.46368303 1.463681003 2.026246953e-06
9.31 1.463797207 1.463795181 2.026277381e-06
9.32 1.463911142 1.463909116 2.026309856e-06
9.33 1.464024836 1.46402281 2.026344483e-06
9.34 1.464138289 1.464136263 2.02638137e-06
9.35 1.464251502 1.464249476 2.02642063e-06
9.36 1.464364476 1.46436245 2.026462377e-06
9.37 1.464477212 1.464475185 2.026506732e-06
9.38 1.46458971 1.464587683 2.02655382e-06
9.39 1.464701971 1.464699944 2.026603767e-06
9.4 1.464813995 1.464811969 2.026656705e-06
9.41 1.464925785 1.464923758 2.026712771e-06
9.42 1.465037339 1.465035313 2.026772105e-06
9.43 1.46514866 1.465146633 2.026834851e-06
9.44 1.465259748 1.465257721 2.026901157e-06
9.45 1.465370603 1.465368576 2.026971178e-06
9.46 1.465481226 1.465479199 2.027045071e-06
9.47 1.465591618 1.465589591 2.027122997e-06
9.48 1.46570178 1.465699753 2.027205124e-06
9.49 1.465811712 1.465809685 2.027291623e-06
9.5 1.465921415 1.465919388 2.02738267e-06
9.51 1.466030891 1.466028863 2.027478445e-06
9.52 1.466140138 1.466138111 2.027579136e-06
9.53 1.466249159 1.466247132 2.027684932e-06
9.54 1.466357954 1.466355926 2.027796028e-06
9.55 1.466466524 1.466464496 2.027912626e-06
9.56 1.466574868 1.46657284 2.02803493e-06
9.57 1.466682989 1.466680961 2.028163152e-06
9.58 1.466790887 1.466788859 2.028297508e-06
9.59 1.466898562 1.466896533 2.02843822e-06
9.6 1.467006015 1.467003986 2.028585512e-06
9.61 1.467113247 1.467111218 2.028739618e-06
9.62 1.467220258 1.467218229 2.028900775e-06
9.63 1.46732705 1.46732502 2.029069225e-06
9.64 1.467433622 1.467431593 2.029245217e-06
9.65 1.467539976 1.467537946 2.029429006e-06
9.66 1.467646111 1.467644082 2.02962085e-06
9.67 1.46775203 1.46775 2.029821015e-06
9.68 1.467857732 1.467855702 2.030029772e-06
9.69 1.467963219 1.467961188 2.030247399e-06
9.7 1.46806849 1.468066459 2.030474178e-06
9.71 1.468173546 1.468171516 2.030710398e-06
9.72 1.468278389 1.468276358 2.030956353e-06
9.73 1.468383019 1.468380987 2.031212345e-06
9.74 1.468487436 1.468485404 2.03147868e-06
9.75 1.46859164 1.468589609 2.031755672e-06
9.76 1.468695634 1.468693602 2.032043639e-06
9.77 1.468799417 1.468797385 2.032342908e-06
9.78 1.46890299 1.468900957 2.032653809e-06
9.79 1.469006354 1.469004321 2.032976682e-06
9.8 1.469109508 1.469107475 2.033311871e-06
9.81 1.469212455 1.469210421 2.033659727e-06
9.82 1.469315194 1.46931316 2.034020606e-06
9.83 1.469417726 1.469415692 2.034394874e-06
9.84 1.469520053 1.469518018 2.034782901e-06
9.85 1.469622173 1.469620138 2.035185064e-06
9.86 1.469724088 1.469722053 2.035601747e-06
9.87 1.469825799 1.469823763 2.036033341e-06
9.88 1.469927307 1.46992527 2.036480243e-06
9.89 1.470028611 1.470026574 2.036942857e-06
9.9 1.470129712 1.470127675 2.037421595e-06
9.91 1.470230612 1.470228574 2.037916874e-06
9.92 1.47033131 1.470329271 2.03842912e-06
9.93 1.470431807 1.470429768 2.038958764e-06
9.94 1.470532104 1.470530065 2.039506247e-06
9.95 1.470632202 1.470630162 2.040072012e-06
9.96 1.470732101 1.47073006 2.040656514e-06
9.97 1.470831801 1.47082976 2.041260213e-06
9.98 1.470931303 1.470929262 2.041883577e-06
9.99 1.471030609 1.471028566 2.04252708e-06
10 1.471129717 1.471127674 2.043191204e-06
10.01 1.47122863 1.471226586 2.043876439e-06
10.02 1.471327347 1.471325303 2.044583281e-06
10.03 1.47142587 1.471423824 2.045312235e-06
10.04 1.471524198 1.471522152 2.046063811e-06
10.05 1.471622332 1.471620285 2.04683853e-06
10.06 1.471720273 1.471718225 2.047636916e-06
10.07 1.471818022 1.471815973 2.048459505e-06
10.08 1.471915578 1.471913529 2.049306838e-06
10.09 1.472012943 1.472010893 2.050179464e-06
10.1 1.472110117 1.472108066 2.051077938e-06
10.11 1.472207101 1.472205049 2.052002828e-06
10.12 1.472303895 1.472301842 2.052954702e-06
10.13 1.4724005 1.472398446 2.053934144e-06
10.14 1.472496916 1.472494861 2.054941738e-06
10.15 1.472593144 1.472591088 2.055978081e-06
10.16 1.472689184 1.472687127 2.057043777e-06
10.17 1.472785038 1.47278298 2.058139435e-06
10.18 1.472880705 1.472878645 2.059265675e-06
10.19 1.472976185 1.472974125 2.060423124e-06
10.2 1.473071481 1.473069419 2.061612416e-06
10.21 1.473166592 1.473164529 2.062834194e-06
10.22 1.473261518 1.473259454 2.064089109e-06
10.23 1.473356261 1.473354195 2.065377819e-06
10.24 1.47345082 1.473448753 2.066700992e-06
10.25 1.473545197 1.473543129 2.068059301e-06
10.26 1.473639391 1.473637322 2.06945343e-06
10.27 1.473733404 1.473731333 2.070884069e-06
10.28 1.473827235 1.473825163 2.072351918e-06
10.29 1.473920886 1.473918812 2.073857684e-06
10.3 1.474014357 1.474012282 2.075402082e-06
10.31 1.474107648 1.474105571 2.076985836e-06
10.32 1.474200761 1.474198682 2.078609678e-06
10.33 1.474293694 1.474291614 2.080274348e-06
10.34 1.47438645 1.474384368 2.081980594e-06
10.35 1.474479028 1.474476944 2.083729173e-06
10.36 1.474571429 1.474569343 2.085520849e-06
10.37 1.474663653 1.474661566 2.087356396e-06
10.38 1.474755702 1.474753613 2.089236596e-06
10.39 1.474847575 1.474845484 2.091162238e-06
10.4 1.474939273 1.47493718 2.093134122e-06
10.41 1.475030796 1.475028701 2.095153052e-06
10.42 1.475122146 1.475120049 2.097219845e-06
10.43 1.475213322 1.475211222 2.099335324e-06
10.44 1.475304325 1.475302223 2.101500322e-06
10.45 1.475395155 1.475393051 2.103715678e-06
10.46 1.475485813 1.475483707 2.105982241e-06
10.47 1.4755763 1.475574192 2.108300869e-06
10.48 1.475666616 1.475664505 2.110672427e-06
10.49 1.475756761 1.475754648 2.113097791e-06
10.5 1.475846736 1.47584462 2.115577843e-06
10.51 1.475936541 1.475934423 2.118113474e-06
10.52 1.476026178 1.476024057 2.120705584e-06
10.53 1.476115645 1.476113522 2.123355083e-06
10.54 1.476204945 1.476202819 2.126062886e-06
10.55 1.476294076 1.476291948 2.12882992e-06
10.56 1.476383041 1.476380909 2.131657119e-06
10.57 1.476471839 1.476469704 2.134545427e-06
10.58 1.47656047 1.476558333 2.137495793e-06
10.59 1.476648936 1.476646795 2.140509179e-06
10.6 1.476737236 1.476735092 2.143586553e-06
10.61 1.476825371 1.476823224 2.146728893e-06
10.62 1.476913342 1.476911192 2.149937185e-06
10.63 1.477001149 1.476998995 2.153212422e-06
10.64 1.477088792 1.477086635 2.156555609e-06
10.65 1.477176272 1.477174112 2.159967758e-06
10.66 1.47726359 1.477261426 2.163449889e-06
10.67 1.477350745 1.477348578 2.167003031e-06
10.68 1.477437739 1.477435568 2.170628223e-06
10.69 1.477524571 1.477522397 2.174326511e-06
10.7 1.477611243 1.477609065 2.17809895e-06
10.71 1.477697754 1.477695572 2.181946604e-06
10.72 1.477784106 1.47778192 2.185870546e-06
10.73 1.477870298 1.477868108 2.189871858e-06
10.74 1.47795633 1.477954137 2.193951629e-06
10.75 1.478042205 1.478040007 2.198110958e-06
10.76 1.478127921 1.478125718 2.202350954e-06
10.77 1.478213479 1.478211272 2.20667273e-06
10.78 1.47829888 1.478296669 2.211077414e-06
10.79 1.478384124 1.478381909 2.215566138e-06
10.8 1.478469212 1.478466992 2.220140045e-06
10.81 1.478554144 1.478551919 2.224800285e-06
10.82 1.47863892 1.478636691 2.229548018e-06
10.83 1.478723541 1.478721307 2.234384413e-06
10.84 1.478808008 1.478805768 2.239310646e-06
10.85 1.47889232 1.478890075 2.244327904e-06
10.86 1.478976478 1.478974229 2.24943738e-06
10.87 1.479060483 1.479058228 2.254640278e-06
10.88 1.479144335 1.479142075 2.25993781e-06
10.89 1.479228034 1.479225768 2.265331196e-06
10.9 1.479311581 1.47930931 2.270821664e-06
10.91 1.479394976 1.4793927 2.276410454e-06
10.92 1.47947822 1.479475938 2.282098812e-06
10.93 1.479561313 1.479559025 2.287887992e-06
10.94 1.479644255 1.479641961 2.293779259e-06
10.95 1.479727047 1.479724748 2.299773884e-06
10.96 1.47980969 1.479807384 2.30587315e-06
10.97 1.479892183 1.479889871 2.312078345e-06
10.98 1.479974527 1.479972209 2.318390768e-06
10.99 1.480056723 1.480054398 2.324811727e-06
11 1.480138771 1.48013644 2.331342536e-06
11.01 1.480220671 1.480218333 2.33798452e-06
11.02 1.480302424 1.480300079 2.344739013e-06
11.03 1.480384029 1.480381678 2.351607354e-06
11.04 1.480465489 1.48046313 2.358590895e-06
11.05 1.480546802 1.480544436 2.365690993e-06
11.06 1.480627969 1.480625597 2.372909017e-06
11.07 1.480708992 1.480706611 2.380246341e-06
11.08 1.480789869 1.480787481 2.387704351e-06
11.09 1.480870602 1.480868206 2.395284438e-06
11.1 1.480951184 1.480948787 2.397047647e-06
11.11 1.481031621 1.481029224 2.397047647e-06
11.12 1.481111915 1.481109517 2.397047647e-06
11.13 1.481192065 1.481189668 2.397047647e-06
11.14 1.481272072 1.481269675 2.397047647e-06
11.15 1.481351938 1.48134954 2.397047647e-06
11.16 1.481431661 1.481429264 2.397047647e-06
11.17 1.481511242 1.481508845 2.397047647e-06
11.18 1.481590683 1.481588286 2.397047647e-06
11.19 1.481669982 1.481667585 2.397047648e-06
11.2 1.481749141 1.481746744 2.397047648e-06
11.21 1.48182816 1.481825763 2.397047649e-06
11.22 1.481907039 1.481904642 2.39704765e-06
11.23 1.481985779 1.481983382 2.397047651e-06
11.24 1.48206438 1.482061983 2.397047654e-06
11.25 1.482142842 1.482140445 2.397047657e-06
11.26 1.482221166 1.482218769 2.397047661e-06
11.27 1.482299352 1.482296955 2.397047667e-06
11.28 1.4823774 1.482375003 2.397047675e-06
11.29 1.482455311 1.482452914 2.397047685e-06
11.3 1.482533086 1.482530689 2.397047697e-06
11.31 1.482610724 1.482608327 2.397047713e-06
11.32 1.482688226 1.482685829 2.397047734e-06
11.33 1.482765592 1.482763195 2.397047759e-06
11.34 1.482842822 1.482840425 2.39704779e-06
11.35 1.482919918 1.482917521 2.397047828e-06
11.36 1.482996879 1.482994482 2.397047873e-06
11.37 1.483073706 1.483071309 2.397047928e-06
11.38 1.483150398 1.483148001 2.397047993e-06
11.39 1.483226957 1.48322456 2.397048071e-06
11.4 1.483303383 1.483300986 2.397048162e-06
11.41 1.483379676 1.483377279 2.397048269e-06
11.42 1.483455836 1.483453439 2.397048394e-06
11.43 1.483531864 1.483529467 2.397048538e-06
11.44 1.48360776 1.483605363 2.397048705e-06
11.45 1.483683524 1.483681127 2.397048898e-06
11.46 1.483759158 1.483756761 2.397049118e-06
11.47 1.48383466 1.483832263 2.397049369e-06
11.48 1.483910032 1.483907635 2.397049656e-06
11.49 1.483985273 1.483982876 2.39704998e-06
11.5 1.484060385 1.484057988 2.397050346e-06
11.51 1.484135367 1.48413297 2.397050759e-06
11.52 1.48421022 1.484207823 2.397051223e-06
11.53 1.484284944 1.484282547 2.397051742e-06
11.54 1.48435954 1.484357143 2.397052321e-06
11.55 1.484434007 1.48443161 2.397052967e-06
11.56 1.484508347 1.48450595 2.397053685e-06
11.57 1.484582559 1.484580162 2.397054481e-06
11.58 1.484656644 1.484654247 2.397055362e-06
11.59 1.484730601 1.484728204 2.397056334e-06
11.6 1.484804433 1.484802036 2.397057405e-06
11.61 1.484878138 1.484875741 2.397058583e-06
11.62 1.484951717 1.48494932 2.397059875e-06
11.63 1.48502517 1.485022773 2.397061291e-06
11.64 1.485098498 1.485096101 2.397062839e-06
11.65 1.485171702 1.485169305 2.397064529e-06
11.66 1.48524478 1.485242383 2.397066371e-06
11.67 1.485317734 1.485315337 2.397068375e-06
11.68 1.485390565 1.485388168 2.397070553e-06
11.69 1.485463271 1.485460874 2.397072915e-06
11.7 1.485535854 1.485533457 2.397075475e-06
11.71 1.485608315 1.485605917 2.397078244e-06
11.72 1.485680652 1.485678255 2.397081236e-06
11.73 1.485752867 1.48575047 2.397084464e-06
11.74 1.48582496 1.485822562 2.397087943e-06
11.75 1.48589693 1.485894533 2.397091688e-06
11.76 1.48596878 1.485966383 2.397095714e-06
11.77 1.486040508 1.486038111 2.397100038e-06
11.78 1.486112115 1.486109718 2.397104677e-06
11.79 1.486183602 1.486181205 2.397109647e-06
11.8 1.486254968 1.486252571 2.397114968e-06
11.81 1.486326215 1.486323818 2.397120658e-06
11.82 1.486397341 1.486394944 2.397126737e-06
11.83 1.486468349 1.486465952 2.397133226e-06
11.84 1.486539237 1.48653684 2.397140145e-06
11.85 1.486610006 1.486607609 2.397147516e-06
11.86 1.486680657 1.48667826 2.397155362e-06
11.87 1.48675119 1.486748793 2.397163707e-06
11.88 1.486821605 1.486819208 2.397172574e-06
11.89 1.486891902 1.486889505 2.397181989e-06
11.9 1.486962082 1.486959685 2.397191978e-06
11.91 1.487032145 1.487029748 2.397202568e-06
11.92 1.487102091 1.487099694 2.397213785e-06
11.93 1.487171921 1.487169523 2.397225659e-06
11.94 1.487241634 1.487239237 2.397238219e-06
11.95 1.487311232 1.487308835 2.397251495e-06
11.96 1.487380714 1.487378317 2.397265519e-06
11.97 1.487450081 1.487447683 2.397280323e-06
11.98 1.487519332 1.487516935 2.39729594e-06
11.99 1.48758847 1.487586072 2.397312403e-06
12 1.487657492 1.487655095 2.397329749e-06
12.01 1.487726401 1.487724003 2.397348013e-06
12.02 1.487795195 1.487792798 2.397367233e-06
12.03 1.487863876 1.487861479 2.397387445e-06
12.04 1.487932444 1.487930047 2.397408691e-06
12.05 1.488000899 1.487998501 2.397431009e-06
12.06 1.488069241 1.488066843 2.397454442e-06
12.07 1.48813747 1.488135073 2.397479031e-06
12.08 1.488205588 1.48820319 2.39750482e-06
12.09 1.488273593 1.488271196 2.397531855e-06
12.1 1.488341487 1.488339089 2.39756018e-06
12.11 1.488409269 1.488406872 2.397589842e-06
12.12 1.488476941 1.488474543 2.39762089e-06
12.13 1.488544501 1.488542103 2.397653374e-06
12.14 1.488611951 1.488609553 2.397687342e-06
12.15 1.488679291 1.488676893 2.397722848e-06
12.16 1.48874652 1.488744123 2.397759943e-06
12.17 1.48881364 1.488811242 2.397798683e-06
12.18 1.488880651 1.488878253 2.397839122e-06
12.19 1.488947552 1.488945154 2.397881317e-06
12.2 1.489014344 1.489011946 2.397925326e-06
12.21 1.489081028 1.48907863 2.397971209e-06
12.22 1.489147603 1.489145205 2.398019026e-06
12.23 1.48921407 1.489211672 2.398068838e-06
12.24 1.489280429 1.489278031 2.398120709e-06
12.25 1.489346681 1.489344282 2.398174704e-06
12.26 1.489412825 1.489410427 2.398230888e-06
12.27 1.489478862 1.489476464 2.398289329e-06
12.28 1.489544792 1.489542394 2.398350095e-06
12.29 1.489610616 1.489608217 2.398413257e-06
12.3 1.489676333 1.489673935 2.398478886e-06
12.31 1.489741944 1.489739546 2.398547055e-06
12.32 1.48980745 1.489805051 2.398617838e-06
12.33 1.48987285 1.489870451 2.398691312e-06
12.34 1.489938144 1.489935746 2.398767553e-06
12.35 1.490003334 1.490000935 2.39884664e-06
12.36 1.490068419 1.49006602 2.398928654e-06
12.37 1.490133399 1.490131 2.399013677e-06
12.38 1.490198275 1.490195876 2.399101791e-06
12.39 1.490263047 1.490260648 2.399193083e-06
12.4 1.490327715 1.490325316 2.399287637e-06
12.41 1.490392279 1.49038988 2.399385544e-06
12.42 1.490456741 1.490454341 2.399486891e-06
12.43 1.490521099 1.490518699 2.39959177e-06
12.44 1.490585354 1.490582955 2.399700274e-06
12.45 1.490649507 1.490647107 2.399812497e-06
12.46 1.490713558 1.490711158 2.399928536e-06
12.47 1.490777506 1.490775106 2.400048488e-06
12.48 1.490841353 1.490838953 2.400172452e-06
12.49 1.490905098 1.490902697 2.40030053e-06
12.5 1.490968742 1.490966341 2.400432824e-06
12.51 1.491032284 1.491029884 2.400569439e-06
12.52 1.491095726 1.491093325 2.40071048e-06
12.53 1.491159067 1.491156666 2.400856056e-06
12.54 1.491222308 1.491219907 2.401006275e-06
12.55 1.491285448 1.491283047 2.40116125e-06
12.56 1.491348489 1.491346088 2.401321092e-06
