0.47 5.40323
0.52 5.3247
0.57 5.24759
0.62 5.17189
0.67 5.09756
0.72 5.02458
0.77 4.95293
0.82 4.88258
0.87 4.81351
0.92 4.74569
0.97 4.6791
1.02 4.61373
1.07 4.54954
1.12 4.48652
1.17 4.42464
1.22 4.36388
1.27 4.30424
1.32 4.24567
1.37 4.18817
1.42 4.13171
1.47 4.07628
1.52 4.02185
1.57 3.96842
1.62 3.91595
1.67 3.86444
1.72 3.81387
1.77 3.76421
1.82 3.71545
1.87 3.66758
1.92 3.62058
1.97 3.57444
2.02 3.52913
2.07 3.48465
2.12 3.44097
2.17 3.39809
2.22 3.35598
2.27 3.31464
2.32 3.27406
2.37 3.23421
2.42 3.19508
2.47 3.15666
2.52 3.11895
2.57 3.08191
2.62 3.04555
2.67 3.00986
2.72 2.97481
2.77 2.94039
2.82 2.9066
2.87 2.87343
2.92 2.84086
2.97 2.80888
3.02 2.77748
3.07 2.74665
3.12 2.71638
3.17 2.68666
3.22 2.65748
3.27 2.62883
3.32 2.6007
3.37 2.57309
3.42 2.54597
3.47 2.51935
3.52 2.49321
3.57 2.46754
3.62 2.44234
3.67 2.4176
3.72 2.39331
3.77 2.36946
3.82 2.34605
3.87 2.32306
3.92 2.30048
3.97 2.27832
4.02 2.25656
4.07 2.23519
4.12 2.21422
4.17 2.19362
4.22 2.1734
4.27 2.15354
4.32 2.13405
4.37 2.11491
4.42 2.09612
4.47 2.07767
4.52 2.05955
4.57 2.04177
4.62 2.0243
4.67 2.00716
4.72 1.99032
4.77 1.9738
4.82 1.95757
4.87 1.94163
4.92 1.92599
4.97 1.91063
5.02 1.89555
5.07 1.88074
5.12 1.8662
5.17 1.85193
5.22 1.83792
5.27 1.82416
5.32 1.81065
5.37 1.79738
5.42 1.78436
5.47 1.77157
5.52 1.75902
5.57 1.74669
5.62 1.73459
5.67 1.72271
5.72 1.71104
5.77 1.69959
5.82 1.68834
5.87 1.6773
5.92 1.66646
5.97 1.65581
6.02 1.64536
6.07 1.6351
6.12 1.62502
6.17 1.61513
6.22 1.60542
6.27 1.59588
6.32 1.58652
6.37 1.57733
6.42 1.5683
6.47 1.55944
6.52 1.55074
6.57 1.5422
6.62 1.53381
6.67 1.52558
6.72 1.51749
6.77 1.50955
6.82 1.50176
6.87 1.49411
6.92 1.48659
6.97 1.47921
7.02 1.47197
7.07 1.46486
7.12 1.45788
7.17 1.45102
7.22 1.44429
7.27 1.43768
7.32 1.43119
7.37 1.42482
7.42 1.41857
7.47 1.41243
7.52 1.4064
7.57 1.40048
7.62 1.39466
7.67 1.38896
7.72 1.38335
7.77 1.37785
7.82 1.37245
7.87 1.36715
7.92 1.36194
7.97 1.35683
8.02 1.35181
8.07 1.34688
8.12 1.34204
8.17 1.33729
8.22 1.33263
8.27 1.32805
8.32 1.32355
8.37 1.31913
8.42 1.3148
8.47 1.31054
8.52 1.30636
8.57 1.30226
8.62 1.29823
8.67 1.29428
8.72 1.29039
8.77 1.28658
8.82 1.28284
8.87 1.27916
8.92 1.27555
8.97 1.27201
9.02 1.26853
