1.8 2.15
1.7 2.375
1.5 2.425
1.5 2.425
1.6 2.425
1.575 2.375
1.54375 2.4125
1.54375 2.4125
1.54375 2.4125
1.53359 2.37969
1.5459 2.38867
1.53574 2.35586
1.53574 2.35586
1.53574 2.35586
1.52034 2.31763
1.50609 2.26199
1.46816 2.1577
1.46816 2.1577
1.37092 1.86567
1.3508 1.83094
1.30721 1.69361
1.24516 1.55547
1.24516 1.55547
1.13953 1.28001
1.18773 1.41754
1.18773 1.41754
1.1678 1.35742
1.1245 1.25819
1.1245 1.25819
1.10157 1.21646
1.10157 1.21646
0.992039 0.976264
1.04064 1.08855
1.05895 1.12443
1.02092 1.04138
1.02092 1.04138
1.02092 1.04138
1.02092 1.04138
0.981651 0.96231
1.01374 1.02892
1.00931 1.0185
0.996588 0.993009
0.996588 0.993009
0.996588 0.993009
0.996588 0.993009
