iter =   0 x = -14 f(x) =  8.61637291e+16 
iter =   1 x = -13.33576083 f(x) =  3.130999551e+16 
iter =   2 x = -12.95661936 f(x) =  1.736817757e+16 
iter =   3 x = -12.48429958 f(x) =  8.232923855e+15 
iter =   4 x = -12.05863294 f(x) =  4.149535844e+15 
iter =   5 x = -11.62607081 f(x) =  2.042229656e+15 
iter =   6 x = -11.2068668 f(x) =  1.014161581e+15 
iter =   7 x = -10.79333329 f(x) =  5.017587984e+14 
iter =   8 x = -10.38838998 f(x) =  2.485363438e+14 
iter =   9 x = -9.990940519 f(x) =  1.230182833e+14 
iter =  10 x = -9.60140653 f(x) =  6.089000025e+13 
iter =  11 x = -9.219636368 f(x) =  3.01295622e+13 
iter =  12 x = -8.845696054 f(x) =  1.490572574e+13 
iter =  13 x = -8.479569435 f(x) =  7.372319403e+12 
iter =  14 x = -8.121271708 f(x) =  3.645425848e+12 
iter =  15 x = -7.770806158 f(x) =  1.802086724e+12 
iter =  16 x = -7.428183737 f(x) =  8.906033559e+11 
iter =  17 x = -7.093410017 f(x) =  4.40013368e+11 
iter =  18 x = -6.766494381 f(x) =  2.173274139e+11 
iter =  19 x = -6.447445387 f(x) =  1.073058741e+11 
iter =  20 x = -6.136271491 f(x) =  5.29642909e+10 
iter =  21 x = -5.832984326 f(x) =  2.613286704e+10 
iter =  22 x = -5.53759325 f(x) =  1.288916543e+10 
iter =  23 x = -5.250109843 f(x) =  6354576603 
iter =  24 x = -4.970545914 f(x) =  3131565025 
iter =  25 x = -4.698914056 f(x) =  1542539337 
iter =  26 x = -4.435228687 f(x) =  759448619.8 
iter =  27 x = -4.179504177 f(x) =  373707903.4 
iter =  28 x = -3.931756749 f(x) =  183789843 
iter =  29 x = -3.692003558 f(x) =  90333043.07 
iter =  30 x = -3.460264024 f(x) =  44369761.6 
iter =  31 x = -3.236558762 f(x) =  21778030.27 
iter =  32 x = -3.020910839 f(x) =  10681051.43 
iter =  33 x = -2.813345645 f(x) =  5234094.822 
iter =  34 x = -2.613891898 f(x) =  2562509.187 
iter =  35 x = -2.422581519 f(x) =  1253265.128 
iter =  36 x = -2.239450938 f(x) =  612243.6405 
iter =  37 x = -2.064541771 f(x) =  298709.8528 
iter =  38 x = -1.897902342 f(x) =  145527.9935 
iter =  39 x = -1.739589199 f(x) =  70782.5773 
iter =  40 x = -1.589669472 f(x) =  34361.95559 
iter =  41 x = -1.448223919 f(x) =  16644.00923 
iter =  42 x = -1.315351799 f(x) =  8040.439555 
iter =  43 x = -1.191176569 f(x) =  3871.596221 
iter =  44 x = -1.075855288 f(x) =  1856.662193 
iter =  45 x = -0.9695924228 f(x) =  885.7089349 
iter =  46 x = -0.8726588495 f(x) =  419.5368945 
iter =  47 x = -0.7854223642 f(x) =  196.7389723 
iter =  48 x = -0.7083892559 f(x) =  90.87719774 
iter =  49 x = -0.6422600696 f(x) =  40.96811816 
iter =  50 x = -0.5879775956 f(x) =  17.70135842 
iter =  51 x = -0.5466794715 f(x) =  7.060366596 
iter =  52 x = -0.5192779003 f(x) =  2.397629118 
iter =  53 x = -0.5051877214 f(x) =  0.5839024597 
iter =  54 x = -0.5006515968 f(x) =  0.07330546177 
iter =  55 x = -0.5000003539 f(x) =  0.002761058196 
iter =  56 x = -0.4999748647 f(x) =  1.388223547e-05 
