iter =   0 x =  3.000 -2.000 f(x) =  1.320e+04 -2.200e+03
iter =   1 x =  2.999  8.995 f(x) =  3.999e+00 -1.651e-04
iter =   2 x =  2.999  8.995 f(x) =  3.999e+00 -1.651e-04
iter =   3 x =  2.999  8.995 f(x) =  3.999e+00 -1.651e-04
iter =   4 x =  2.999  8.995 f(x) =  3.999e+00 -1.651e-04
iter =   5 x =  2.999  8.995 f(x) =  3.999e+00 -1.651e-04
iter =   6 x =  2.999  8.995 f(x) =  3.999e+00 -1.651e-04
iter =   7 x =  2.999  8.995 f(x) =  3.999e+00 -1.651e-04
iter =   8 x =  2.968  8.816 f(x) = -8.125e-01  8.000e-01
iter =   9 x =  2.968  8.816 f(x) = -8.125e-01  8.000e-01
iter =  10 x =  2.968  8.816 f(x) = -8.125e-01  8.000e-01
iter =  11 x =  2.953  8.725 f(x) =  3.765e-01  5.976e-01
iter =  12 x =  2.953  8.725 f(x) =  3.765e-01  5.976e-01
iter =  13 x =  2.938  8.635 f(x) = -1.496e-01  6.851e-01
iter =  14 x =  2.930  8.590 f(x) =  1.765e-01  6.286e-01
iter =  15 x =  2.930  8.590 f(x) =  1.765e-01  6.286e-01
iter =  16 x =  2.923  8.546 f(x) =  4.249e-02  6.506e-01
iter =  17 x =  2.923  8.546 f(x) =  4.249e-02  6.506e-01
iter =  18 x =  2.919  8.523 f(x) =  9.206e-02  6.416e-01
iter =  19 x =  2.919  8.523 f(x) =  9.206e-02  6.416e-01
iter =  20 x =  2.915  8.501 f(x) =  9.207e-02  6.412e-01
iter =  21 x =  2.915  8.501 f(x) =  9.207e-02  6.412e-01
iter =  22 x =  2.911  8.479 f(x) =  9.206e-02  6.407e-01
iter =  23 x =  2.911  8.479 f(x) =  9.206e-02  6.407e-01
iter =  24 x =  2.907  8.456 f(x) =  9.206e-02  6.402e-01
iter =  25 x =  2.907  8.456 f(x) =  9.206e-02  6.402e-01
iter =  26 x =  2.904  8.434 f(x) =  9.206e-02  6.397e-01
iter =  27 x =  2.904  8.434 f(x) =  9.206e-02  6.397e-01
iter =  28 x =  2.900  8.412 f(x) =  9.206e-02  6.393e-01
iter =  29 x =  2.900  8.412 f(x) =  9.206e-02  6.393e-01
iter =  30 x =  2.896  8.390 f(x) =  9.206e-02  6.388e-01
iter =  31 x =  2.896  8.390 f(x) =  9.206e-02  6.388e-01
iter =  32 x =  2.892  8.367 f(x) =  9.206e-02  6.383e-01
iter =  33 x =  2.892  8.367 f(x) =  9.206e-02  6.383e-01
iter =  34 x =  2.888  8.345 f(x) =  9.206e-02  6.378e-01
iter =  35 x =  2.888  8.345 f(x) =  9.206e-02  6.378e-01
iter =  36 x =  2.884  8.323 f(x) =  9.206e-02  6.373e-01
iter =  37 x =  2.884  8.323 f(x) =  9.206e-02  6.373e-01
iter =  38 x =  2.881  8.301 f(x) =  9.206e-02  6.369e-01
iter =  39 x =  2.881  8.301 f(x) =  9.206e-02  6.369e-01
iter =  40 x =  2.877  8.279 f(x) =  9.206e-02  6.364e-01
iter =  41 x =  2.877  8.279 f(x) =  9.206e-02  6.364e-01
iter =  42 x =  2.873  8.257 f(x) =  9.206e-02  6.359e-01
iter =  43 x =  2.873  8.257 f(x) =  9.206e-02  6.359e-01
iter =  44 x =  2.869  8.235 f(x) =  9.205e-02  6.354e-01
iter =  45 x =  2.869  8.235 f(x) =  9.205e-02  6.354e-01
iter =  46 x =  2.865  8.213 f(x) =  9.205e-02  6.349e-01
iter =  47 x =  2.865  8.213 f(x) =  9.205e-02  6.349e-01
iter =  48 x =  2.861  8.191 f(x) =  9.205e-02  6.344e-01
iter =  49 x =  2.861  8.191 f(x) =  9.205e-02  6.344e-01
iter =  50 x =  2.858  8.169 f(x) =  9.205e-02  6.339e-01
iter =  51 x =  2.858  8.169 f(x) =  9.205e-02  6.339e-01
iter =  52 x =  2.854  8.147 f(x) =  9.204e-02  6.334e-01
iter =  53 x =  2.850  8.125 f(x) =  1.405e-01  6.245e-01
iter =  54 x =  2.848  8.114 f(x) =  1.220e-01  6.274e-01
iter =  55 x =  2.844  8.092 f(x) =  1.317e-01  6.252e-01
iter =  56 x =  2.844  8.092 f(x) =  1.317e-01  6.252e-01
iter =  57 x =  2.840  8.070 f(x) =  9.286e-02  6.316e-01
iter =  58 x =  2.836  8.048 f(x) =  1.385e-01  6.230e-01
iter =  59 x =  2.836  8.048 f(x) =  1.385e-01  6.230e-01
iter =  60 x =  2.832  8.026 f(x) =  9.315e-02  6.305e-01
iter =  61 x =  2.832  8.026 f(x) =  9.315e-02  6.305e-01
iter =  62 x =  2.829  8.004 f(x) =  9.195e-02  6.302e-01
iter =  63 x =  2.825  7.982 f(x) =  1.396e-01  6.213e-01
iter =  64 x =  2.825  7.982 f(x) =  1.396e-01  6.213e-01
iter =  65 x =  2.821  7.961 f(x) =  9.331e-02  6.290e-01
iter =  66 x =  2.821  7.961 f(x) =  9.331e-02  6.290e-01
iter =  67 x =  2.817  7.939 f(x) =  9.192e-02  6.287e-01
iter =  68 x =  2.813  7.917 f(x) =  1.392e-01  6.198e-01
iter =  69 x =  2.813  7.917 f(x) =  1.392e-01  6.198e-01
iter =  70 x =  2.809  7.895 f(x) =  9.343e-02  6.274e-01
iter =  71 x =  2.809  7.895 f(x) =  9.343e-02  6.274e-01
iter =  72 x =  2.805  7.874 f(x) =  9.189e-02  6.272e-01
iter =  73 x =  2.802  7.852 f(x) =  1.388e-01  6.183e-01
iter =  74 x =  2.802  7.852 f(x) =  1.388e-01  6.183e-01
iter =  75 x =  2.798  7.830 f(x) =  9.354e-02  6.258e-01
iter =  76 x =  2.798  7.830 f(x) =  9.354e-02  6.258e-01
iter =  77 x =  2.794  7.809 f(x) =  9.185e-02  6.256e-01
iter =  78 x =  2.790  7.787 f(x) =  1.384e-01  6.168e-01
iter =  79 x =  2.790  7.787 f(x) =  1.384e-01  6.168e-01
iter =  80 x =  2.786  7.765 f(x) =  9.366e-02  6.243e-01
iter =  81 x =  2.782  7.744 f(x) =  1.356e-01  6.162e-01
iter =  82 x =  2.782  7.744 f(x) =  1.356e-01  6.162e-01
iter =  83 x =  2.778  7.722 f(x) =  9.363e-02  6.232e-01
iter =  84 x =  2.774  7.701 f(x) =  1.354e-01  6.152e-01
iter =  85 x =  2.774  7.701 f(x) =  1.354e-01  6.152e-01
iter =  86 x =  2.771  7.679 f(x) =  9.370e-02  6.222e-01
iter =  87 x =  2.767  7.658 f(x) =  1.350e-01  6.142e-01
iter =  88 x =  2.767  7.658 f(x) =  1.350e-01  6.142e-01
iter =  89 x =  2.763  7.636 f(x) =  9.377e-02  6.211e-01
iter =  90 x =  2.759  7.615 f(x) =  1.347e-01  6.131e-01
iter =  91 x =  2.759  7.615 f(x) =  1.347e-01  6.131e-01
iter =  92 x =  2.755  7.594 f(x) =  9.383e-02  6.200e-01
iter =  93 x =  2.751  7.572 f(x) =  1.343e-01  6.121e-01
iter =  94 x =  2.751  7.572 f(x) =  1.343e-01  6.121e-01
iter =  95 x =  2.747  7.551 f(x) =  9.389e-02  6.189e-01
iter =  96 x =  2.743  7.529 f(x) =  1.340e-01  6.111e-01
iter =  97 x =  2.743  7.529 f(x) =  1.340e-01  6.111e-01
iter =  98 x =  2.740  7.508 f(x) =  9.395e-02  6.178e-01
iter =  99 x =  2.736  7.487 f(x) =  1.337e-01  6.100e-01
iter = 100 x =  2.736  7.487 f(x) =  1.337e-01  6.100e-01
iter = 101 x =  2.732  7.465 f(x) =  9.401e-02  6.167e-01
iter = 102 x =  2.728  7.444 f(x) =  1.333e-01  6.090e-01
iter = 103 x =  2.728  7.444 f(x) =  1.333e-01  6.090e-01
iter = 104 x =  2.724  7.423 f(x) =  9.407e-02  6.156e-01
iter = 105 x =  2.720  7.402 f(x) =  1.330e-01  6.079e-01
iter = 106 x =  2.720  7.402 f(x) =  1.330e-01  6.079e-01
iter = 107 x =  2.716  7.381 f(x) =  9.413e-02  6.145e-01
iter = 108 x =  2.712  7.359 f(x) =  1.327e-01  6.068e-01
iter = 109 x =  2.712  7.359 f(x) =  1.327e-01  6.068e-01
iter = 110 x =  2.708  7.338 f(x) =  9.418e-02  6.134e-01
iter = 111 x =  2.704  7.317 f(x) =  1.323e-01  6.058e-01
iter = 112 x =  2.704  7.317 f(x) =  1.323e-01  6.058e-01
iter = 113 x =  2.701  7.296 f(x) =  9.424e-02  6.123e-01
iter = 114 x =  2.701  7.296 f(x) =  9.424e-02  6.123e-01
iter = 115 x =  2.699  7.286 f(x) =  1.146e-01  6.082e-01
iter = 116 x =  2.695  7.264 f(x) =  1.335e-01  6.041e-01
iter = 117 x =  2.695  7.264 f(x) =  1.335e-01  6.041e-01
iter = 118 x =  2.691  7.243 f(x) =  9.419e-02  6.109e-01
iter = 119 x =  2.691  7.243 f(x) =  9.419e-02  6.109e-01
iter = 120 x =  2.689  7.233 f(x) =  1.143e-01  6.068e-01
iter = 121 x =  2.685  7.212 f(x) =  1.333e-01  6.027e-01
iter = 122 x =  2.685  7.212 f(x) =  1.333e-01  6.027e-01
iter = 123 x =  2.681  7.191 f(x) =  9.427e-02  6.094e-01
iter = 124 x =  2.681  7.191 f(x) =  9.427e-02  6.094e-01
iter = 125 x =  2.679  7.180 f(x) =  1.140e-01  6.055e-01
iter = 126 x =  2.675  7.160 f(x) =  1.332e-01  6.013e-01
iter = 127 x =  2.675  7.160 f(x) =  1.332e-01  6.013e-01
iter = 128 x =  2.671  7.139 f(x) =  9.434e-02  6.080e-01
iter = 129 x =  2.671  7.139 f(x) =  9.434e-02  6.080e-01
iter = 130 x =  2.669  7.128 f(x) =  1.138e-01  6.041e-01
iter = 131 x =  2.665  7.107 f(x) =  1.330e-01  5.999e-01
iter = 132 x =  2.665  7.107 f(x) =  1.330e-01  5.999e-01
iter = 133 x =  2.661  7.086 f(x) =  9.441e-02  6.065e-01
iter = 134 x =  2.661  7.086 f(x) =  9.441e-02  6.065e-01
iter = 135 x =  2.660  7.076 f(x) =  1.135e-01  6.027e-01
iter = 136 x =  2.656  7.055 f(x) =  1.328e-01  5.984e-01
iter = 137 x =  2.656  7.055 f(x) =  1.328e-01  5.984e-01
iter = 138 x =  2.652  7.034 f(x) =  9.448e-02  6.051e-01
iter = 139 x =  2.652  7.034 f(x) =  9.448e-02  6.051e-01
iter = 140 x =  2.650  7.024 f(x) =  1.132e-01  6.012e-01
iter = 141 x =  2.646  7.003 f(x) =  1.326e-01  5.970e-01
iter = 142 x =  2.646  7.003 f(x) =  1.326e-01  5.970e-01
iter = 143 x =  2.642  6.983 f(x) =  9.454e-02  6.036e-01
iter = 144 x =  2.642  6.983 f(x) =  9.454e-02  6.036e-01
iter = 145 x =  2.640  6.972 f(x) =  1.129e-01  5.998e-01
iter = 146 x =  2.636  6.951 f(x) =  1.324e-01  5.955e-01
iter = 147 x =  2.636  6.951 f(x) =  1.324e-01  5.955e-01
iter = 148 x =  2.632  6.931 f(x) =  9.460e-02  6.021e-01
iter = 149 x =  2.632  6.931 f(x) =  9.460e-02  6.021e-01
iter = 150 x =  2.630  6.920 f(x) =  1.127e-01  5.984e-01
iter = 151 x =  2.626  6.900 f(x) =  1.322e-01  5.940e-01
iter = 152 x =  2.626  6.900 f(x) =  1.322e-01  5.940e-01
iter = 153 x =  2.622  6.879 f(x) =  9.467e-02  6.006e-01
iter = 154 x =  2.622  6.879 f(x) =  9.467e-02  6.006e-01
iter = 155 x =  2.620  6.869 f(x) =  1.124e-01  5.969e-01
iter = 156 x =  2.616  6.848 f(x) =  1.320e-01  5.926e-01
iter = 157 x =  2.616  6.848 f(x) =  1.320e-01  5.926e-01
iter = 158 x =  2.612  6.828 f(x) =  9.473e-02  5.991e-01
iter = 159 x =  2.612  6.828 f(x) =  9.473e-02  5.991e-01
iter = 160 x =  2.610  6.817 f(x) =  1.121e-01  5.954e-01
iter = 161 x =  2.607  6.797 f(x) =  1.318e-01  5.911e-01
iter = 162 x =  2.607  6.797 f(x) =  1.318e-01  5.911e-01
iter = 163 x =  2.603  6.776 f(x) =  9.478e-02  5.976e-01
iter = 164 x =  2.603  6.776 f(x) =  9.478e-02  5.976e-01
iter = 165 x =  2.601  6.766 f(x) =  1.118e-01  5.940e-01
iter = 166 x =  2.597  6.746 f(x) =  1.316e-01  5.895e-01
iter = 167 x =  2.597  6.746 f(x) =  1.316e-01  5.895e-01
iter = 168 x =  2.593  6.725 f(x) =  9.484e-02  5.960e-01
iter = 169 x =  2.593  6.725 f(x) =  9.484e-02  5.960e-01
iter = 170 x =  2.591  6.715 f(x) =  1.116e-01  5.925e-01
iter = 171 x =  2.587  6.695 f(x) =  1.314e-01  5.880e-01
iter = 172 x =  2.587  6.695 f(x) =  1.314e-01  5.880e-01
iter = 173 x =  2.583  6.674 f(x) =  9.489e-02  5.945e-01
iter = 174 x =  2.583  6.674 f(x) =  9.489e-02  5.945e-01
iter = 175 x =  2.581  6.664 f(x) =  1.113e-01  5.910e-01
iter = 176 x =  2.577  6.644 f(x) =  1.312e-01  5.865e-01
iter = 177 x =  2.577  6.644 f(x) =  1.312e-01  5.865e-01
iter = 178 x =  2.573  6.623 f(x) =  9.494e-02  5.929e-01
iter = 179 x =  2.573  6.623 f(x) =  9.494e-02  5.929e-01
iter = 180 x =  2.571  6.613 f(x) =  1.110e-01  5.895e-01
iter = 181 x =  2.567  6.593 f(x) =  1.309e-01  5.850e-01
iter = 182 x =  2.567  6.593 f(x) =  1.309e-01  5.850e-01
iter = 183 x =  2.563  6.573 f(x) =  9.499e-02  5.913e-01
iter = 184 x =  2.563  6.573 f(x) =  9.499e-02  5.913e-01
iter = 185 x =  2.561  6.563 f(x) =  1.108e-01  5.879e-01
iter = 186 x =  2.557  6.542 f(x) =  1.307e-01  5.834e-01
iter = 187 x =  2.557  6.542 f(x) =  1.307e-01  5.834e-01
iter = 188 x =  2.553  6.522 f(x) =  9.504e-02  5.897e-01
iter = 189 x =  2.553  6.522 f(x) =  9.504e-02  5.897e-01
iter = 190 x =  2.551  6.512 f(x) =  1.105e-01  5.864e-01
iter = 191 x =  2.547  6.492 f(x) =  1.304e-01  5.818e-01
iter = 192 x =  2.547  6.492 f(x) =  1.304e-01  5.818e-01
iter = 193 x =  2.543  6.472 f(x) =  9.508e-02  5.881e-01
iter = 194 x =  2.543  6.472 f(x) =  9.508e-02  5.881e-01
iter = 195 x =  2.541  6.462 f(x) =  1.103e-01  5.848e-01
iter = 196 x =  2.537  6.441 f(x) =  1.302e-01  5.803e-01
iter = 197 x =  2.537  6.441 f(x) =  1.302e-01  5.803e-01
iter = 198 x =  2.533  6.421 f(x) =  9.512e-02  5.865e-01
iter = 199 x =  2.533  6.421 f(x) =  9.512e-02  5.865e-01
iter = 200 x =  2.531  6.411 f(x) =  1.100e-01  5.833e-01
iter = 201 x =  2.528  6.391 f(x) =  1.299e-01  5.787e-01
iter = 202 x =  2.528  6.391 f(x) =  1.299e-01  5.787e-01
iter = 203 x =  2.524  6.371 f(x) =  9.516e-02  5.849e-01
iter = 204 x =  2.524  6.371 f(x) =  9.516e-02  5.849e-01
iter = 205 x =  2.522  6.361 f(x) =  1.097e-01  5.817e-01
iter = 206 x =  2.518  6.341 f(x) =  1.296e-01  5.771e-01
iter = 207 x =  2.518  6.341 f(x) =  1.296e-01  5.771e-01
iter = 208 x =  2.514  6.321 f(x) =  9.520e-02  5.832e-01
iter = 209 x =  2.514  6.321 f(x) =  9.520e-02  5.832e-01
iter = 210 x =  2.512  6.311 f(x) =  1.095e-01  5.801e-01
iter = 211 x =  2.508  6.291 f(x) =  1.294e-01  5.754e-01
iter = 212 x =  2.508  6.291 f(x) =  1.294e-01  5.754e-01
iter = 213 x =  2.504  6.272 f(x) =  9.523e-02  5.816e-01
iter = 214 x =  2.504  6.272 f(x) =  9.523e-02  5.816e-01
iter = 215 x =  2.502  6.262 f(x) =  1.092e-01  5.785e-01
iter = 216 x =  2.498  6.242 f(x) =  1.291e-01  5.738e-01
iter = 217 x =  2.498  6.242 f(x) =  1.291e-01  5.738e-01
iter = 218 x =  2.494  6.222 f(x) =  9.526e-02  5.799e-01
iter = 219 x =  2.494  6.222 f(x) =  9.526e-02  5.799e-01
iter = 220 x =  2.492  6.212 f(x) =  1.089e-01  5.768e-01
iter = 221 x =  2.488  6.192 f(x) =  1.288e-01  5.722e-01
iter = 222 x =  2.488  6.192 f(x) =  1.288e-01  5.722e-01
iter = 223 x =  2.484  6.172 f(x) =  9.529e-02  5.782e-01
iter = 224 x =  2.484  6.172 f(x) =  9.529e-02  5.782e-01
iter = 225 x =  2.482  6.163 f(x) =  1.087e-01  5.752e-01
iter = 226 x =  2.478  6.143 f(x) =  1.285e-01  5.705e-01
iter = 227 x =  2.478  6.143 f(x) =  1.285e-01  5.705e-01
iter = 228 x =  2.474  6.123 f(x) =  9.531e-02  5.765e-01
iter = 229 x =  2.474  6.123 f(x) =  9.531e-02  5.765e-01
iter = 230 x =  2.472  6.113 f(x) =  1.084e-01  5.735e-01
iter = 231 x =  2.468  6.094 f(x) =  1.282e-01  5.688e-01
iter = 232 x =  2.468  6.094 f(x) =  1.282e-01  5.688e-01
iter = 233 x =  2.464  6.074 f(x) =  9.533e-02  5.748e-01
iter = 234 x =  2.464  6.074 f(x) =  9.533e-02  5.748e-01
iter = 235 x =  2.462  6.064 f(x) =  1.082e-01  5.719e-01
iter = 236 x =  2.458  6.045 f(x) =  1.279e-01  5.671e-01
iter = 237 x =  2.458  6.045 f(x) =  1.279e-01  5.671e-01
iter = 238 x =  2.454  6.025 f(x) =  9.535e-02  5.731e-01
iter = 239 x =  2.454  6.025 f(x) =  9.535e-02  5.731e-01
iter = 240 x =  2.452  6.015 f(x) =  1.079e-01  5.702e-01
iter = 241 x =  2.448  5.996 f(x) =  1.276e-01  5.654e-01
iter = 242 x =  2.448  5.996 f(x) =  1.276e-01  5.654e-01
iter = 243 x =  2.444  5.976 f(x) =  9.537e-02  5.713e-01
iter = 244 x =  2.444  5.976 f(x) =  9.537e-02  5.713e-01
iter = 245 x =  2.442  5.966 f(x) =  1.076e-01  5.685e-01
iter = 246 x =  2.438  5.947 f(x) =  1.273e-01  5.637e-01
iter = 247 x =  2.438  5.947 f(x) =  1.273e-01  5.637e-01
iter = 248 x =  2.434  5.927 f(x) =  9.538e-02  5.696e-01
iter = 249 x =  2.434  5.927 f(x) =  9.538e-02  5.696e-01
iter = 250 x =  2.432  5.918 f(x) =  1.074e-01  5.667e-01
iter = 251 x =  2.428  5.898 f(x) =  1.270e-01  5.620e-01
iter = 252 x =  2.428  5.898 f(x) =  1.270e-01  5.620e-01
iter = 253 x =  2.424  5.879 f(x) =  9.538e-02  5.678e-01
iter = 254 x =  2.424  5.879 f(x) =  9.538e-02  5.678e-01
iter = 255 x =  2.422  5.869 f(x) =  1.071e-01  5.650e-01
iter = 256 x =  2.418  5.850 f(x) =  1.267e-01  5.603e-01
iter = 257 x =  2.418  5.850 f(x) =  1.267e-01  5.603e-01
iter = 258 x =  2.414  5.831 f(x) =  9.539e-02  5.660e-01
iter = 259 x =  2.414  5.831 f(x) =  9.539e-02  5.660e-01
iter = 260 x =  2.412  5.821 f(x) =  1.069e-01  5.633e-01
iter = 261 x =  2.408  5.802 f(x) =  1.263e-01  5.585e-01
iter = 262 x =  2.408  5.802 f(x) =  1.263e-01  5.585e-01
iter = 263 x =  2.404  5.782 f(x) =  9.539e-02  5.642e-01
iter = 264 x =  2.404  5.782 f(x) =  9.539e-02  5.642e-01
iter = 265 x =  2.402  5.773 f(x) =  1.066e-01  5.615e-01
iter = 266 x =  2.398  5.753 f(x) =  1.260e-01  5.567e-01
iter = 267 x =  2.398  5.753 f(x) =  1.260e-01  5.567e-01
iter = 268 x =  2.394  5.734 f(x) =  9.539e-02  5.624e-01
iter = 269 x =  2.394  5.734 f(x) =  9.539e-02  5.624e-01
iter = 270 x =  2.392  5.725 f(x) =  1.063e-01  5.597e-01
iter = 271 x =  2.388  5.705 f(x) =  1.257e-01  5.549e-01
iter = 272 x =  2.388  5.705 f(x) =  1.257e-01  5.549e-01
iter = 273 x =  2.384  5.686 f(x) =  9.538e-02  5.605e-01
iter = 274 x =  2.384  5.686 f(x) =  9.538e-02  5.605e-01
iter = 275 x =  2.382  5.677 f(x) =  1.061e-01  5.579e-01
iter = 276 x =  2.378  5.658 f(x) =  1.253e-01  5.531e-01
iter = 277 x =  2.378  5.658 f(x) =  1.253e-01  5.531e-01
iter = 278 x =  2.374  5.639 f(x) =  9.537e-02  5.587e-01
iter = 279 x =  2.374  5.639 f(x) =  9.537e-02  5.587e-01
iter = 280 x =  2.372  5.629 f(x) =  1.058e-01  5.561e-01
iter = 281 x =  2.368  5.610 f(x) =  1.250e-01  5.513e-01
iter = 282 x =  2.368  5.610 f(x) =  1.250e-01  5.513e-01
iter = 283 x =  2.364  5.591 f(x) =  9.535e-02  5.568e-01
iter = 284 x =  2.364  5.591 f(x) =  9.535e-02  5.568e-01
iter = 285 x =  2.362  5.582 f(x) =  1.056e-01  5.543e-01
iter = 286 x =  2.358  5.563 f(x) =  1.246e-01  5.495e-01
iter = 287 x =  2.358  5.563 f(x) =  1.246e-01  5.495e-01
iter = 288 x =  2.354  5.544 f(x) =  9.534e-02  5.549e-01
iter = 289 x =  2.354  5.544 f(x) =  9.534e-02  5.549e-01
iter = 290 x =  2.352  5.534 f(x) =  1.053e-01  5.524e-01
iter = 291 x =  2.348  5.515 f(x) =  1.243e-01  5.476e-01
iter = 292 x =  2.348  5.515 f(x) =  1.243e-01  5.476e-01
iter = 293 x =  2.344  5.496 f(x) =  9.531e-02  5.530e-01
iter = 294 x =  2.344  5.496 f(x) =  9.531e-02  5.530e-01
iter = 295 x =  2.342  5.487 f(x) =  1.050e-01  5.506e-01
iter = 296 x =  2.338  5.468 f(x) =  1.239e-01  5.457e-01
iter = 297 x =  2.338  5.468 f(x) =  1.239e-01  5.457e-01
iter = 298 x =  2.334  5.449 f(x) =  9.529e-02  5.511e-01
iter = 299 x =  2.334  5.449 f(x) =  9.529e-02  5.511e-01
iter = 300 x =  2.332  5.440 f(x) =  1.048e-01  5.487e-01
iter = 301 x =  2.328  5.421 f(x) =  1.236e-01  5.439e-01
iter = 302 x =  2.328  5.421 f(x) =  1.236e-01  5.439e-01
iter = 303 x =  2.324  5.402 f(x) =  9.526e-02  5.492e-01
iter = 304 x =  2.324  5.402 f(x) =  9.526e-02  5.492e-01
iter = 305 x =  2.322  5.393 f(x) =  1.045e-01  5.468e-01
iter = 306 x =  2.318  5.374 f(x) =  1.232e-01  5.420e-01
iter = 307 x =  2.318  5.374 f(x) =  1.232e-01  5.420e-01
iter = 308 x =  2.314  5.356 f(x) =  9.522e-02  5.472e-01
iter = 309 x =  2.314  5.356 f(x) =  9.522e-02  5.472e-01
iter = 310 x =  2.312  5.346 f(x) =  1.043e-01  5.449e-01
iter = 311 x =  2.308  5.328 f(x) =  1.228e-01  5.400e-01
iter = 312 x =  2.308  5.328 f(x) =  1.228e-01  5.400e-01
iter = 313 x =  2.304  5.309 f(x) =  9.518e-02  5.452e-01
iter = 314 x =  2.304  5.309 f(x) =  9.518e-02  5.452e-01
iter = 315 x =  2.302  5.300 f(x) =  1.040e-01  5.429e-01
iter = 316 x =  2.297  5.281 f(x) =  1.225e-01  5.381e-01
iter = 317 x =  2.297  5.281 f(x) =  1.225e-01  5.381e-01
iter = 318 x =  2.293  5.263 f(x) =  9.514e-02  5.432e-01
iter = 319 x =  2.293  5.263 f(x) =  9.514e-02  5.432e-01
iter = 320 x =  2.291  5.253 f(x) =  1.037e-01  5.410e-01
iter = 321 x =  2.287  5.235 f(x) =  1.221e-01  5.361e-01
iter = 322 x =  2.287  5.235 f(x) =  1.221e-01  5.361e-01
iter = 323 x =  2.283  5.216 f(x) =  9.509e-02  5.412e-01
iter = 324 x =  2.281  5.207 f(x) =  1.211e-01  5.351e-01
iter = 325 x =  2.277  5.189 f(x) =  1.395e-01  5.302e-01
iter = 326 x =  2.277  5.189 f(x) =  1.395e-01  5.302e-01
iter = 327 x =  2.273  5.170 f(x) =  1.025e-01  5.376e-01
iter = 328 x =  2.273  5.170 f(x) =  1.025e-01  5.376e-01
iter = 329 x =  2.269  5.152 f(x) =  1.023e-01  5.368e-01
iter = 330 x =  2.269  5.152 f(x) =  1.023e-01  5.368e-01
iter = 331 x =  2.265  5.133 f(x) =  1.022e-01  5.360e-01
iter = 332 x =  2.265  5.133 f(x) =  1.022e-01  5.360e-01
iter = 333 x =  2.261  5.115 f(x) =  1.022e-01  5.351e-01
iter = 334 x =  2.261  5.115 f(x) =  1.022e-01  5.351e-01
iter = 335 x =  2.257  5.097 f(x) =  1.021e-01  5.343e-01
iter = 336 x =  2.257  5.097 f(x) =  1.021e-01  5.343e-01
iter = 337 x =  2.253  5.079 f(x) =  1.020e-01  5.335e-01
iter = 338 x =  2.253  5.079 f(x) =  1.020e-01  5.335e-01
iter = 339 x =  2.249  5.060 f(x) =  1.019e-01  5.327e-01
iter = 340 x =  2.249  5.060 f(x) =  1.019e-01  5.327e-01
iter = 341 x =  2.245  5.042 f(x) =  1.018e-01  5.319e-01
iter = 342 x =  2.245  5.042 f(x) =  1.018e-01  5.319e-01
iter = 343 x =  2.241  5.024 f(x) =  1.017e-01  5.310e-01
iter = 344 x =  2.241  5.024 f(x) =  1.017e-01  5.310e-01
iter = 345 x =  2.237  5.006 f(x) =  1.016e-01  5.302e-01
iter = 346 x =  2.237  5.006 f(x) =  1.016e-01  5.302e-01
iter = 347 x =  2.233  4.988 f(x) =  1.016e-01  5.294e-01
iter = 348 x =  2.233  4.988 f(x) =  1.016e-01  5.294e-01
iter = 349 x =  2.229  4.969 f(x) =  1.015e-01  5.285e-01
iter = 350 x =  2.229  4.969 f(x) =  1.015e-01  5.285e-01
iter = 351 x =  2.225  4.951 f(x) =  1.014e-01  5.277e-01
iter = 352 x =  2.225  4.951 f(x) =  1.014e-01  5.277e-01
iter = 353 x =  2.220  4.933 f(x) =  1.013e-01  5.268e-01
iter = 354 x =  2.220  4.933 f(x) =  1.013e-01  5.268e-01
iter = 355 x =  2.216  4.915 f(x) =  1.012e-01  5.260e-01
iter = 356 x =  2.216  4.915 f(x) =  1.012e-01  5.260e-01
iter = 357 x =  2.212  4.897 f(x) =  1.011e-01  5.251e-01
iter = 358 x =  2.212  4.897 f(x) =  1.011e-01  5.251e-01
iter = 359 x =  2.208  4.879 f(x) =  1.010e-01  5.243e-01
iter = 360 x =  2.208  4.879 f(x) =  1.010e-01  5.243e-01
iter = 361 x =  2.204  4.861 f(x) =  1.009e-01  5.234e-01
iter = 362 x =  2.204  4.861 f(x) =  1.009e-01  5.234e-01
iter = 363 x =  2.200  4.843 f(x) =  1.008e-01  5.226e-01
iter = 364 x =  2.200  4.843 f(x) =  1.008e-01  5.226e-01
iter = 365 x =  2.196  4.825 f(x) =  1.007e-01  5.217e-01
iter = 366 x =  2.196  4.825 f(x) =  1.007e-01  5.217e-01
iter = 367 x =  2.192  4.808 f(x) =  1.006e-01  5.208e-01
iter = 368 x =  2.192  4.808 f(x) =  1.006e-01  5.208e-01
iter = 369 x =  2.188  4.790 f(x) =  1.005e-01  5.200e-01
iter = 370 x =  2.188  4.790 f(x) =  1.005e-01  5.200e-01
iter = 371 x =  2.184  4.772 f(x) =  1.004e-01  5.191e-01
iter = 372 x =  2.184  4.772 f(x) =  1.004e-01  5.191e-01
iter = 373 x =  2.180  4.754 f(x) =  1.003e-01  5.182e-01
iter = 374 x =  2.180  4.754 f(x) =  1.003e-01  5.182e-01
iter = 375 x =  2.176  4.736 f(x) =  1.002e-01  5.173e-01
iter = 376 x =  2.176  4.736 f(x) =  1.002e-01  5.173e-01
iter = 377 x =  2.172  4.719 f(x) =  1.001e-01  5.165e-01
iter = 378 x =  2.172  4.719 f(x) =  1.001e-01  5.165e-01
iter = 379 x =  2.168  4.701 f(x) =  1.000e-01  5.156e-01
iter = 380 x =  2.168  4.701 f(x) =  1.000e-01  5.156e-01
iter = 381 x =  2.163  4.683 f(x) =  9.994e-02  5.147e-01
iter = 382 x =  2.163  4.683 f(x) =  9.994e-02  5.147e-01
iter = 383 x =  2.159  4.665 f(x) =  9.983e-02  5.138e-01
iter = 384 x =  2.159  4.665 f(x) =  9.983e-02  5.138e-01
iter = 385 x =  2.155  4.648 f(x) =  9.973e-02  5.129e-01
iter = 386 x =  2.155  4.648 f(x) =  9.973e-02  5.129e-01
iter = 387 x =  2.151  4.630 f(x) =  9.963e-02  5.120e-01
iter = 388 x =  2.151  4.630 f(x) =  9.963e-02  5.120e-01
iter = 389 x =  2.147  4.613 f(x) =  9.952e-02  5.111e-01
iter = 390 x =  2.147  4.613 f(x) =  9.952e-02  5.111e-01
iter = 391 x =  2.143  4.595 f(x) =  9.942e-02  5.102e-01
iter = 392 x =  2.143  4.595 f(x) =  9.942e-02  5.102e-01
iter = 393 x =  2.139  4.578 f(x) =  9.931e-02  5.093e-01
iter = 394 x =  2.139  4.578 f(x) =  9.931e-02  5.093e-01
iter = 395 x =  2.135  4.560 f(x) =  9.920e-02  5.083e-01
iter = 396 x =  2.135  4.560 f(x) =  9.920e-02  5.083e-01
iter = 397 x =  2.131  4.543 f(x) =  9.909e-02  5.074e-01
iter = 398 x =  2.131  4.543 f(x) =  9.909e-02  5.074e-01
iter = 399 x =  2.127  4.525 f(x) =  9.899e-02  5.065e-01
iter = 400 x =  2.127  4.525 f(x) =  9.899e-02  5.065e-01
iter = 401 x =  2.123  4.508 f(x) =  9.888e-02  5.056e-01
iter = 402 x =  2.123  4.508 f(x) =  9.888e-02  5.056e-01
iter = 403 x =  2.118  4.490 f(x) =  9.876e-02  5.047e-01
iter = 404 x =  2.114  4.473 f(x) =  1.372e-01  4.946e-01
iter = 405 x =  2.114  4.473 f(x) =  1.372e-01  4.946e-01
iter = 406 x =  2.110  4.456 f(x) =  1.005e-01  5.023e-01
iter = 407 x =  2.106  4.438 f(x) =  1.338e-01  4.934e-01
iter = 408 x =  2.106  4.438 f(x) =  1.338e-01  4.934e-01
iter = 409 x =  2.102  4.421 f(x) =  1.002e-01  5.004e-01
iter = 410 x =  2.098  4.404 f(x) =  1.334e-01  4.915e-01
iter = 411 x =  2.098  4.404 f(x) =  1.334e-01  4.915e-01
iter = 412 x =  2.094  4.387 f(x) =  1.001e-01  4.985e-01
iter = 413 x =  2.090  4.370 f(x) =  1.328e-01  4.897e-01
iter = 414 x =  2.090  4.370 f(x) =  1.328e-01  4.897e-01
iter = 415 x =  2.086  4.352 f(x) =  9.997e-02  4.966e-01
iter = 416 x =  2.082  4.335 f(x) =  1.323e-01  4.878e-01
iter = 417 x =  2.082  4.335 f(x) =  1.323e-01  4.878e-01
iter = 418 x =  2.077  4.318 f(x) =  9.981e-02  4.946e-01
iter = 419 x =  2.073  4.301 f(x) =  1.317e-01  4.859e-01
iter = 420 x =  2.073  4.301 f(x) =  1.317e-01  4.859e-01
iter = 421 x =  2.069  4.284 f(x) =  9.965e-02  4.926e-01
iter = 422 x =  2.065  4.267 f(x) =  1.311e-01  4.840e-01
iter = 423 x =  2.065  4.267 f(x) =  1.311e-01  4.840e-01
iter = 424 x =  2.061  4.250 f(x) =  9.949e-02  4.907e-01
iter = 425 x =  2.057  4.233 f(x) =  1.305e-01  4.821e-01
iter = 426 x =  2.057  4.233 f(x) =  1.305e-01  4.821e-01
iter = 427 x =  2.053  4.216 f(x) =  9.932e-02  4.887e-01
iter = 428 x =  2.049  4.199 f(x) =  1.299e-01  4.802e-01
iter = 429 x =  2.049  4.199 f(x) =  1.299e-01  4.802e-01
iter = 430 x =  2.045  4.183 f(x) =  9.915e-02  4.866e-01
iter = 431 x =  2.040  4.166 f(x) =  1.293e-01  4.782e-01
iter = 432 x =  2.040  4.166 f(x) =  1.293e-01  4.782e-01
iter = 433 x =  2.036  4.149 f(x) =  9.898e-02  4.846e-01
iter = 434 x =  2.032  4.132 f(x) =  1.288e-01  4.762e-01
iter = 435 x =  2.032  4.132 f(x) =  1.288e-01  4.762e-01
iter = 436 x =  2.028  4.115 f(x) =  9.880e-02  4.826e-01
iter = 437 x =  2.024  4.099 f(x) =  1.282e-01  4.742e-01
iter = 438 x =  2.024  4.099 f(x) =  1.282e-01  4.742e-01
iter = 439 x =  2.020  4.082 f(x) =  9.861e-02  4.805e-01
iter = 440 x =  2.016  4.065 f(x) =  1.276e-01  4.722e-01
iter = 441 x =  2.016  4.065 f(x) =  1.276e-01  4.722e-01
iter = 442 x =  2.012  4.049 f(x) =  9.842e-02  4.784e-01
iter = 443 x =  2.007  4.032 f(x) =  1.270e-01  4.702e-01
iter = 444 x =  2.007  4.032 f(x) =  1.270e-01  4.702e-01
iter = 445 x =  2.003  4.015 f(x) =  9.823e-02  4.763e-01
iter = 446 x =  1.999  3.999 f(x) =  1.264e-01  4.682e-01
iter = 447 x =  1.999  3.999 f(x) =  1.264e-01  4.682e-01
iter = 448 x =  1.995  3.982 f(x) =  9.803e-02  4.742e-01
iter = 449 x =  1.991  3.966 f(x) =  1.259e-01  4.661e-01
iter = 450 x =  1.991  3.966 f(x) =  1.259e-01  4.661e-01
iter = 451 x =  1.987  3.949 f(x) =  9.783e-02  4.720e-01
iter = 452 x =  1.983  3.933 f(x) =  1.253e-01  4.640e-01
iter = 453 x =  1.983  3.933 f(x) =  1.253e-01  4.640e-01
iter = 454 x =  1.978  3.917 f(x) =  9.762e-02  4.699e-01
iter = 455 x =  1.974  3.900 f(x) =  1.247e-01  4.619e-01
iter = 456 x =  1.974  3.900 f(x) =  1.247e-01  4.619e-01
iter = 457 x =  1.970  3.884 f(x) =  9.741e-02  4.677e-01
iter = 458 x =  1.966  3.867 f(x) =  1.241e-01  4.598e-01
iter = 459 x =  1.966  3.867 f(x) =  1.241e-01  4.598e-01
iter = 460 x =  1.962  3.851 f(x) =  9.719e-02  4.655e-01
iter = 461 x =  1.958  3.835 f(x) =  1.235e-01  4.576e-01
iter = 462 x =  1.958  3.835 f(x) =  1.235e-01  4.576e-01
iter = 463 x =  1.954  3.819 f(x) =  9.697e-02  4.633e-01
iter = 464 x =  1.949  3.803 f(x) =  1.230e-01  4.555e-01
iter = 465 x =  1.949  3.803 f(x) =  1.230e-01  4.555e-01
iter = 466 x =  1.945  3.786 f(x) =  9.674e-02  4.611e-01
iter = 467 x =  1.941  3.770 f(x) =  1.224e-01  4.533e-01
iter = 468 x =  1.941  3.770 f(x) =  1.224e-01  4.533e-01
iter = 469 x =  1.937  3.754 f(x) =  9.651e-02  4.588e-01
iter = 470 x =  1.933  3.738 f(x) =  1.218e-01  4.511e-01
iter = 471 x =  1.933  3.738 f(x) =  1.218e-01  4.511e-01
iter = 472 x =  1.929  3.722 f(x) =  9.627e-02  4.565e-01
iter = 473 x =  1.925  3.706 f(x) =  1.212e-01  4.489e-01
iter = 474 x =  1.925  3.706 f(x) =  1.212e-01  4.489e-01
iter = 475 x =  1.920  3.690 f(x) =  9.603e-02  4.543e-01
iter = 476 x =  1.916  3.674 f(x) =  1.206e-01  4.467e-01
iter = 477 x =  1.916  3.674 f(x) =  1.206e-01  4.467e-01
iter = 478 x =  1.912  3.658 f(x) =  9.578e-02  4.519e-01
iter = 479 x =  1.908  3.642 f(x) =  1.201e-01  4.444e-01
iter = 480 x =  1.908  3.642 f(x) =  1.201e-01  4.444e-01
iter = 481 x =  1.904  3.626 f(x) =  9.552e-02  4.496e-01
iter = 482 x =  1.900  3.610 f(x) =  1.195e-01  4.421e-01
iter = 483 x =  1.900  3.610 f(x) =  1.195e-01  4.421e-01
iter = 484 x =  1.895  3.595 f(x) =  9.526e-02  4.473e-01
iter = 485 x =  1.891  3.579 f(x) =  1.189e-01  4.398e-01
iter = 486 x =  1.891  3.579 f(x) =  1.189e-01  4.398e-01
iter = 487 x =  1.887  3.563 f(x) =  9.500e-02  4.449e-01
iter = 488 x =  1.883  3.547 f(x) =  1.183e-01  4.375e-01
iter = 489 x =  1.883  3.547 f(x) =  1.183e-01  4.375e-01
iter = 490 x =  1.879  3.532 f(x) =  9.473e-02  4.425e-01
iter = 491 x =  1.875  3.516 f(x) =  1.177e-01  4.351e-01
iter = 492 x =  1.875  3.516 f(x) =  1.177e-01  4.351e-01
iter = 493 x =  1.870  3.500 f(x) =  9.445e-02  4.401e-01
iter = 494 x =  1.866  3.485 f(x) =  1.171e-01  4.328e-01
iter = 495 x =  1.866  3.485 f(x) =  1.171e-01  4.328e-01
iter = 496 x =  1.862  3.469 f(x) =  9.417e-02  4.377e-01
iter = 497 x =  1.858  3.454 f(x) =  1.165e-01  4.304e-01
iter = 498 x =  1.858  3.454 f(x) =  1.165e-01  4.304e-01
iter = 499 x =  1.854  3.438 f(x) =  9.388e-02  4.352e-01
iter = 500 x =  1.849  3.423 f(x) =  1.159e-01  4.280e-01
iter = 501 x =  1.849  3.423 f(x) =  1.159e-01  4.280e-01
iter = 502 x =  1.845  3.407 f(x) =  9.359e-02  4.327e-01
iter = 503 x =  1.841  3.392 f(x) =  1.153e-01  4.255e-01
iter = 504 x =  1.841  3.392 f(x) =  1.153e-01  4.255e-01
iter = 505 x =  1.837  3.376 f(x) =  9.329e-02  4.302e-01
iter = 506 x =  1.833  3.361 f(x) =  1.147e-01  4.231e-01
iter = 507 x =  1.833  3.361 f(x) =  1.147e-01  4.231e-01
iter = 508 x =  1.829  3.346 f(x) =  9.299e-02  4.277e-01
iter = 509 x =  1.824  3.330 f(x) =  1.141e-01  4.206e-01
iter = 510 x =  1.824  3.330 f(x) =  1.141e-01  4.206e-01
iter = 511 x =  1.820  3.315 f(x) =  9.268e-02  4.252e-01
iter = 512 x =  1.816  3.300 f(x) =  1.135e-01  4.181e-01
iter = 513 x =  1.816  3.300 f(x) =  1.135e-01  4.181e-01
iter = 514 x =  1.812  3.285 f(x) =  9.236e-02  4.226e-01
iter = 515 x =  1.808  3.270 f(x) =  1.129e-01  4.156e-01
iter = 516 x =  1.808  3.270 f(x) =  1.129e-01  4.156e-01
iter = 517 x =  1.803  3.254 f(x) =  9.204e-02  4.200e-01
iter = 518 x =  1.799  3.239 f(x) =  1.123e-01  4.130e-01
iter = 519 x =  1.799  3.239 f(x) =  1.123e-01  4.130e-01
iter = 520 x =  1.795  3.224 f(x) =  9.171e-02  4.174e-01
iter = 521 x =  1.791  3.209 f(x) =  1.117e-01  4.104e-01
iter = 522 x =  1.791  3.209 f(x) =  1.117e-01  4.104e-01
iter = 523 x =  1.787  3.194 f(x) =  9.137e-02  4.147e-01
iter = 524 x =  1.782  3.179 f(x) =  1.111e-01  4.078e-01
iter = 525 x =  1.782  3.179 f(x) =  1.111e-01  4.078e-01
iter = 526 x =  1.778  3.164 f(x) =  9.103e-02  4.121e-01
iter = 527 x =  1.774  3.149 f(x) =  1.105e-01  4.052e-01
iter = 528 x =  1.774  3.149 f(x) =  1.105e-01  4.052e-01
iter = 529 x =  1.770  3.134 f(x) =  9.069e-02  4.094e-01
iter = 530 x =  1.766  3.120 f(x) =  1.099e-01  4.025e-01
iter = 531 x =  1.766  3.120 f(x) =  1.099e-01  4.025e-01
iter = 532 x =  1.761  3.105 f(x) =  9.033e-02  4.066e-01
iter = 533 x =  1.757  3.090 f(x) =  1.092e-01  3.998e-01
iter = 534 x =  1.757  3.090 f(x) =  1.092e-01  3.998e-01
iter = 535 x =  1.753  3.075 f(x) =  8.997e-02  4.039e-01
iter = 536 x =  1.749  3.060 f(x) =  1.086e-01  3.971e-01
iter = 537 x =  1.749  3.060 f(x) =  1.086e-01  3.971e-01
iter = 538 x =  1.745  3.046 f(x) =  8.960e-02  4.011e-01
iter = 539 x =  1.740  3.031 f(x) =  1.080e-01  3.944e-01
iter = 540 x =  1.740  3.031 f(x) =  1.080e-01  3.944e-01
iter = 541 x =  1.736  3.016 f(x) =  8.923e-02  3.983e-01
iter = 542 x =  1.732  3.002 f(x) =  1.074e-01  3.916e-01
iter = 543 x =  1.732  3.002 f(x) =  1.074e-01  3.916e-01
iter = 544 x =  1.728  2.987 f(x) =  8.885e-02  3.955e-01
iter = 545 x =  1.724  2.973 f(x) =  1.067e-01  3.888e-01
iter = 546 x =  1.724  2.973 f(x) =  1.067e-01  3.888e-01
iter = 547 x =  1.719  2.958 f(x) =  8.846e-02  3.927e-01
iter = 548 x =  1.715  2.944 f(x) =  1.061e-01  3.860e-01
iter = 549 x =  1.715  2.944 f(x) =  1.061e-01  3.860e-01
iter = 550 x =  1.711  2.929 f(x) =  8.806e-02  3.898e-01
iter = 551 x =  1.707  2.915 f(x) =  1.054e-01  3.832e-01
iter = 552 x =  1.707  2.915 f(x) =  1.054e-01  3.832e-01
iter = 553 x =  1.702  2.900 f(x) =  8.766e-02  3.869e-01
iter = 554 x =  1.698  2.886 f(x) =  1.048e-01  3.803e-01
iter = 555 x =  1.698  2.886 f(x) =  1.048e-01  3.803e-01
iter = 556 x =  1.694  2.872 f(x) =  8.725e-02  3.839e-01
iter = 557 x =  1.690  2.857 f(x) =  1.041e-01  3.774e-01
iter = 558 x =  1.690  2.857 f(x) =  1.041e-01  3.774e-01
iter = 559 x =  1.686  2.843 f(x) =  8.683e-02  3.810e-01
iter = 560 x =  1.681  2.829 f(x) =  1.035e-01  3.745e-01
iter = 561 x =  1.681  2.829 f(x) =  1.035e-01  3.745e-01
iter = 562 x =  1.677  2.815 f(x) =  8.641e-02  3.780e-01
iter = 563 x =  1.673  2.800 f(x) =  1.028e-01  3.715e-01
iter = 564 x =  1.673  2.800 f(x) =  1.028e-01  3.715e-01
iter = 565 x =  1.669  2.786 f(x) =  8.598e-02  3.750e-01
iter = 566 x =  1.664  2.772 f(x) =  1.022e-01  3.685e-01
iter = 567 x =  1.664  2.772 f(x) =  1.022e-01  3.685e-01
iter = 568 x =  1.660  2.758 f(x) =  8.554e-02  3.719e-01
iter = 569 x =  1.656  2.744 f(x) =  1.015e-01  3.655e-01
iter = 570 x =  1.656  2.744 f(x) =  1.015e-01  3.655e-01
iter = 571 x =  1.652  2.730 f(x) =  8.509e-02  3.688e-01
iter = 572 x =  1.648  2.716 f(x) =  1.008e-01  3.624e-01
iter = 573 x =  1.648  2.716 f(x) =  1.008e-01  3.624e-01
iter = 574 x =  1.643  2.702 f(x) =  8.464e-02  3.657e-01
iter = 575 x =  1.639  2.688 f(x) =  1.001e-01  3.593e-01
iter = 576 x =  1.639  2.688 f(x) =  1.001e-01  3.593e-01
iter = 577 x =  1.635  2.674 f(x) =  8.418e-02  3.626e-01
iter = 578 x =  1.631  2.660 f(x) =  9.944e-02  3.562e-01
iter = 579 x =  1.631  2.660 f(x) =  9.944e-02  3.562e-01
iter = 580 x =  1.626  2.647 f(x) =  8.371e-02  3.594e-01
iter = 581 x =  1.622  2.633 f(x) =  9.875e-02  3.531e-01
iter = 582 x =  1.622  2.633 f(x) =  9.875e-02  3.531e-01
iter = 583 x =  1.618  2.619 f(x) =  8.323e-02  3.562e-01
iter = 584 x =  1.614  2.605 f(x) =  9.805e-02  3.499e-01
iter = 585 x =  1.614  2.605 f(x) =  9.805e-02  3.499e-01
iter = 586 x =  1.609  2.592 f(x) =  8.274e-02  3.529e-01
iter = 587 x =  1.605  2.578 f(x) =  9.735e-02  3.467e-01
iter = 588 x =  1.605  2.578 f(x) =  9.735e-02  3.467e-01
iter = 589 x =  1.601  2.564 f(x) =  8.225e-02  3.496e-01
iter = 590 x =  1.597  2.551 f(x) =  9.664e-02  3.434e-01
iter = 591 x =  1.597  2.551 f(x) =  9.664e-02  3.434e-01
iter = 592 x =  1.592  2.537 f(x) =  8.174e-02  3.463e-01
iter = 593 x =  1.588  2.524 f(x) =  9.593e-02  3.401e-01
iter = 594 x =  1.588  2.524 f(x) =  9.593e-02  3.401e-01
iter = 595 x =  1.584  2.510 f(x) =  8.123e-02  3.430e-01
iter = 596 x =  1.580  2.497 f(x) =  9.521e-02  3.368e-01
iter = 597 x =  1.580  2.497 f(x) =  9.521e-02  3.368e-01
iter = 598 x =  1.575  2.483 f(x) =  8.071e-02  3.396e-01
iter = 599 x =  1.571  2.470 f(x) =  9.449e-02  3.334e-01
iter = 600 x =  1.571  2.470 f(x) =  9.449e-02  3.334e-01
iter = 601 x =  1.567  2.457 f(x) =  8.018e-02  3.362e-01
iter = 602 x =  1.563  2.443 f(x) =  9.376e-02  3.300e-01
iter = 603 x =  1.563  2.443 f(x) =  9.376e-02  3.300e-01
iter = 604 x =  1.558  2.430 f(x) =  7.964e-02  3.327e-01
iter = 605 x =  1.554  2.417 f(x) =  9.302e-02  3.266e-01
iter = 606 x =  1.554  2.417 f(x) =  9.302e-02  3.266e-01
iter = 607 x =  1.550  2.403 f(x) =  7.910e-02  3.292e-01
iter = 608 x =  1.546  2.390 f(x) =  9.227e-02  3.231e-01
iter = 609 x =  1.546  2.390 f(x) =  9.227e-02  3.231e-01
iter = 610 x =  1.541  2.377 f(x) =  7.854e-02  3.257e-01
iter = 611 x =  1.537  2.364 f(x) =  9.152e-02  3.196e-01
iter = 612 x =  1.537  2.364 f(x) =  9.152e-02  3.196e-01
iter = 613 x =  1.533  2.351 f(x) =  7.797e-02  3.221e-01
iter = 614 x =  1.528  2.338 f(x) =  9.076e-02  3.161e-01
iter = 615 x =  1.528  2.338 f(x) =  9.076e-02  3.161e-01
iter = 616 x =  1.524  2.325 f(x) =  7.740e-02  3.185e-01
iter = 617 x =  1.520  2.312 f(x) =  9.000e-02  3.125e-01
iter = 618 x =  1.520  2.312 f(x) =  9.000e-02  3.125e-01
iter = 619 x =  1.516  2.299 f(x) =  7.682e-02  3.149e-01
iter = 620 x =  1.511  2.286 f(x) =  8.922e-02  3.088e-01
iter = 621 x =  1.511  2.286 f(x) =  8.922e-02  3.088e-01
iter = 622 x =  1.507  2.273 f(x) =  7.622e-02  3.112e-01
iter = 623 x =  1.503  2.260 f(x) =  8.844e-02  3.052e-01
iter = 624 x =  1.503  2.260 f(x) =  8.844e-02  3.052e-01
iter = 625 x =  1.499  2.247 f(x) =  7.562e-02  3.075e-01
iter = 626 x =  1.494  2.234 f(x) =  8.766e-02  3.015e-01
iter = 627 x =  1.494  2.234 f(x) =  8.766e-02  3.015e-01
iter = 628 x =  1.490  2.222 f(x) =  7.500e-02  3.037e-01
iter = 629 x =  1.486  2.209 f(x) =  8.686e-02  2.977e-01
iter = 630 x =  1.486  2.209 f(x) =  8.686e-02  2.977e-01
iter = 631 x =  1.481  2.196 f(x) =  7.438e-02  2.999e-01
iter = 632 x =  1.477  2.183 f(x) =  8.606e-02  2.939e-01
iter = 633 x =  1.477  2.183 f(x) =  8.606e-02  2.939e-01
iter = 634 x =  1.473  2.171 f(x) =  7.375e-02  2.960e-01
iter = 635 x =  1.469  2.158 f(x) =  8.524e-02  2.901e-01
iter = 636 x =  1.469  2.158 f(x) =  8.524e-02  2.901e-01
iter = 637 x =  1.464  2.146 f(x) =  7.310e-02  2.921e-01
iter = 638 x =  1.460  2.133 f(x) =  8.442e-02  2.862e-01
iter = 639 x =  1.460  2.133 f(x) =  8.442e-02  2.862e-01
iter = 640 x =  1.456  2.121 f(x) =  7.245e-02  2.882e-01
iter = 641 x =  1.451  2.108 f(x) =  8.359e-02  2.822e-01
iter = 642 x =  1.451  2.108 f(x) =  8.359e-02  2.822e-01
iter = 643 x =  1.447  2.096 f(x) =  7.178e-02  2.842e-01
iter = 644 x =  1.443  2.083 f(x) =  8.276e-02  2.783e-01
iter = 645 x =  1.434  2.059 f(x) =  1.415e-01  2.535e-01
iter = 646 x =  1.430  2.046 f(x) =  1.356e-01  2.533e-01
iter = 647 x =  1.426  2.034 f(x) =  1.091e-01  2.604e-01
iter = 648 x =  1.426  2.034 f(x) =  1.091e-01  2.604e-01
iter = 649 x =  1.421  2.022 f(x) =  1.085e-01  2.583e-01
iter = 650 x =  1.417  2.010 f(x) =  9.989e-02  2.591e-01
iter = 651 x =  1.409  1.985 f(x) =  1.309e-01  2.436e-01
iter = 652 x =  1.409  1.985 f(x) =  1.309e-01  2.436e-01
iter = 653 x =  1.400  1.961 f(x) =  9.321e-02  2.524e-01
iter = 654 x =  1.400  1.961 f(x) =  9.321e-02  2.524e-01
iter = 655 x =  1.396  1.949 f(x) =  1.041e-01  2.462e-01
iter = 656 x =  1.391  1.937 f(x) =  1.013e-01  2.449e-01
iter = 657 x =  1.383  1.913 f(x) =  1.339e-01  2.284e-01
iter = 658 x =  1.378  1.901 f(x) =  1.254e-01  2.291e-01
iter = 659 x =  1.374  1.889 f(x) =  1.014e-01  2.354e-01
iter = 660 x =  1.374  1.889 f(x) =  1.014e-01  2.354e-01
iter = 661 x =  1.370  1.878 f(x) =  1.018e-01  2.328e-01
iter = 662 x =  1.366  1.866 f(x) =  9.472e-02  2.330e-01
iter = 663 x =  1.357  1.842 f(x) =  1.253e-01  2.169e-01
iter = 664 x =  1.357  1.842 f(x) =  1.253e-01  2.169e-01
iter = 665 x =  1.348  1.819 f(x) =  9.179e-02  2.243e-01
iter = 666 x =  1.348  1.819 f(x) =  9.179e-02  2.243e-01
iter = 667 x =  1.344  1.807 f(x) =  1.006e-01  2.185e-01
iter = 668 x =  1.340  1.796 f(x) =  9.626e-02  2.176e-01
iter = 669 x =  1.331  1.773 f(x) =  1.260e-01  2.014e-01
iter = 670 x =  1.327  1.761 f(x) =  1.191e-01  2.014e-01
iter = 671 x =  1.322  1.750 f(x) =  9.666e-02  2.072e-01
iter = 672 x =  1.322  1.750 f(x) =  9.666e-02  2.072e-01
iter = 673 x =  1.318  1.738 f(x) =  9.645e-02  2.047e-01
iter = 674 x =  1.314  1.727 f(x) =  8.909e-02  2.049e-01
iter = 675 x =  1.305  1.704 f(x) =  1.178e-01  1.886e-01
iter = 676 x =  1.305  1.704 f(x) =  1.178e-01  1.886e-01
iter = 677 x =  1.296  1.682 f(x) =  8.904e-02  1.943e-01
iter = 678 x =  1.296  1.682 f(x) =  8.904e-02  1.943e-01
iter = 679 x =  1.292  1.671 f(x) =  6.478e-02  2.010e-01
iter = 680 x =  1.292  1.671 f(x) =  6.478e-02  2.010e-01
iter = 681 x =  1.290  1.665 f(x) =  6.123e-02  2.011e-01
iter = 682 x =  1.288  1.659 f(x) =  5.564e-02  2.019e-01
iter = 683 x =  1.283  1.648 f(x) =  5.894e-02  1.979e-01
iter = 684 x =  1.275  1.626 f(x) =  1.107e-01  1.722e-01
iter = 685 x =  1.275  1.626 f(x) =  1.107e-01  1.722e-01
iter = 686 x =  1.266  1.604 f(x) =  9.129e-02  1.742e-01
iter = 687 x =  1.266  1.604 f(x) =  9.129e-02  1.742e-01
iter = 688 x =  1.262  1.593 f(x) =  6.469e-02  1.819e-01
iter = 689 x =  1.262  1.593 f(x) =  6.469e-02  1.819e-01
iter = 690 x =  1.260  1.588 f(x) =  5.931e-02  1.826e-01
iter = 691 x =  1.258  1.582 f(x) =  5.190e-02  1.841e-01
iter = 692 x =  1.253  1.571 f(x) =  5.315e-02  1.808e-01
iter = 693 x =  1.245  1.550 f(x) =  1.031e-01  1.551e-01
iter = 694 x =  1.245  1.550 f(x) =  1.031e-01  1.551e-01
iter = 695 x =  1.236  1.528 f(x) =  8.814e-02  1.552e-01
iter = 696 x =  1.236  1.528 f(x) =  8.814e-02  1.552e-01
iter = 697 x =  1.231  1.517 f(x) =  6.227e-02  1.627e-01
iter = 698 x =  1.231  1.517 f(x) =  6.227e-02  1.627e-01
iter = 699 x =  1.229  1.512 f(x) =  5.633e-02  1.636e-01
iter = 700 x =  1.227  1.507 f(x) =  4.816e-02  1.655e-01
iter = 701 x =  1.227  1.507 f(x) =  4.816e-02  1.655e-01
iter = 702 x =  1.225  1.501 f(x) =  4.754e-02  1.643e-01
iter = 703 x =  1.221  1.491 f(x) =  5.490e-02  1.583e-01
iter = 704 x =  1.221  1.491 f(x) =  5.490e-02  1.583e-01
iter = 705 x =  1.216  1.480 f(x) =  4.841e-02  1.579e-01
iter = 706 x =  1.212  1.470 f(x) =  5.669e-02  1.515e-01
iter = 707 x =  1.212  1.470 f(x) =  5.669e-02  1.515e-01
iter = 708 x =  1.208  1.459 f(x) =  4.866e-02  1.518e-01
iter = 709 x =  1.203  1.449 f(x) =  5.537e-02  1.459e-01
iter = 710 x =  1.203  1.449 f(x) =  5.537e-02  1.459e-01
iter = 711 x =  1.199  1.438 f(x) =  4.720e-02  1.462e-01
iter = 712 x =  1.195  1.428 f(x) =  5.386e-02  1.403e-01
iter = 713 x =  1.195  1.428 f(x) =  5.386e-02  1.403e-01
iter = 714 x =  1.190  1.417 f(x) =  4.602e-02  1.405e-01
iter = 715 x =  1.186  1.407 f(x) =  5.271e-02  1.345e-01
iter = 716 x =  1.186  1.407 f(x) =  5.271e-02  1.345e-01
iter = 717 x =  1.182  1.397 f(x) =  4.498e-02  1.346e-01
iter = 718 x =  1.177  1.386 f(x) =  5.152e-02  1.286e-01
iter = 719 x =  1.177  1.386 f(x) =  5.152e-02  1.286e-01
iter = 720 x =  1.173  1.376 f(x) =  4.386e-02  1.287e-01
iter = 721 x =  1.168  1.366 f(x) =  5.026e-02  1.227e-01
iter = 722 x =  1.168  1.366 f(x) =  5.026e-02  1.227e-01
iter = 723 x =  1.164  1.356 f(x) =  4.272e-02  1.227e-01
iter = 724 x =  1.160  1.346 f(x) =  4.900e-02  1.166e-01
iter = 725 x =  1.160  1.346 f(x) =  4.900e-02  1.166e-01
iter = 726 x =  1.155  1.336 f(x) =  4.156e-02  1.165e-01
iter = 727 x =  1.151  1.326 f(x) =  4.772e-02  1.105e-01
iter = 728 x =  1.151  1.326 f(x) =  4.772e-02  1.105e-01
iter = 729 x =  1.147  1.316 f(x) =  4.038e-02  1.103e-01
iter = 730 x =  1.142  1.306 f(x) =  4.643e-02  1.043e-01
iter = 731 x =  1.142  1.306 f(x) =  4.643e-02  1.043e-01
iter = 732 x =  1.138  1.296 f(x) =  3.918e-02  1.041e-01
iter = 733 x =  1.134  1.286 f(x) =  4.511e-02  9.800e-02
iter = 734 x =  1.134  1.286 f(x) =  4.511e-02  9.800e-02
iter = 735 x =  1.129  1.276 f(x) =  3.796e-02  9.768e-02
iter = 736 x =  1.125  1.266 f(x) =  4.377e-02  9.160e-02
iter = 737 x =  1.125  1.266 f(x) =  4.377e-02  9.160e-02
iter = 738 x =  1.121  1.256 f(x) =  3.672e-02  9.121e-02
iter = 739 x =  1.116  1.246 f(x) =  4.242e-02  8.511e-02
iter = 740 x =  1.116  1.246 f(x) =  4.242e-02  8.511e-02
iter = 741 x =  1.112  1.237 f(x) =  3.546e-02  8.465e-02
iter = 742 x =  1.107  1.227 f(x) =  4.104e-02  7.852e-02
iter = 743 x =  1.107  1.227 f(x) =  4.104e-02  7.852e-02
iter = 744 x =  1.103  1.217 f(x) =  3.417e-02  7.799e-02
iter = 745 x =  1.099  1.208 f(x) =  3.964e-02  7.184e-02
iter = 746 x =  1.099  1.208 f(x) =  3.964e-02  7.184e-02
iter = 747 x =  1.094  1.198 f(x) =  3.286e-02  7.123e-02
iter = 748 x =  1.090  1.188 f(x) =  3.822e-02  6.505e-02
iter = 749 x =  1.090  1.188 f(x) =  3.822e-02  6.505e-02
iter = 750 x =  1.086  1.179 f(x) =  3.153e-02  6.437e-02
iter = 751 x =  1.081  1.169 f(x) =  3.678e-02  5.816e-02
iter = 752 x =  1.081  1.169 f(x) =  3.678e-02  5.816e-02
iter = 753 x =  1.077  1.160 f(x) =  3.018e-02  5.741e-02
iter = 754 x =  1.073  1.151 f(x) =  3.532e-02  5.117e-02
iter = 755 x =  1.073  1.151 f(x) =  3.532e-02  5.117e-02
iter = 756 x =  1.068  1.141 f(x) =  2.880e-02  5.034e-02
iter = 757 x =  1.064  1.132 f(x) =  3.383e-02  4.407e-02
iter = 758 x =  1.064  1.132 f(x) =  3.383e-02  4.407e-02
iter = 759 x =  1.059  1.123 f(x) =  2.740e-02  4.316e-02
iter = 760 x =  1.055  1.113 f(x) =  3.232e-02  3.686e-02
iter = 761 x =  1.055  1.113 f(x) =  3.232e-02  3.686e-02
iter = 762 x =  1.051  1.104 f(x) =  2.597e-02  3.587e-02
iter = 763 x =  1.046  1.095 f(x) =  3.079e-02  2.954e-02
iter = 764 x =  1.046  1.095 f(x) =  3.079e-02  2.954e-02
iter = 765 x =  1.042  1.086 f(x) =  2.452e-02  2.847e-02
iter = 766 x =  1.038  1.077 f(x) =  2.923e-02  2.210e-02
iter = 767 x =  1.038  1.077 f(x) =  2.923e-02  2.210e-02
iter = 768 x =  1.033  1.068 f(x) =  2.304e-02  2.095e-02
iter = 769 x =  1.033  1.068 f(x) =  2.304e-02  2.095e-02
iter = 770 x =  1.031  1.063 f(x) =  1.484e-02  2.285e-02
iter = 771 x =  1.031  1.063 f(x) =  1.484e-02  2.285e-02
iter = 772 x =  1.029  1.059 f(x) =  1.399e-02  2.118e-02
iter = 773 x =  1.024  1.049 f(x) =  2.073e-02  1.371e-02
iter = 774 x =  1.024  1.049 f(x) =  2.073e-02  1.371e-02
iter = 775 x =  1.020  1.041 f(x) =  1.876e-02  1.044e-02
iter = 776 x =  1.020  1.041 f(x) =  1.876e-02  1.044e-02
iter = 777 x =  1.018  1.036 f(x) =  1.232e-02  1.147e-02
iter = 778 x =  1.013  1.027 f(x) =  1.252e-02  7.100e-03
iter = 779 x =  1.013  1.027 f(x) =  1.252e-02  7.100e-03
iter = 780 x =  1.009  1.018 f(x) =  1.174e-02  3.283e-03
iter = 781 x =  1.009  1.018 f(x) =  1.174e-02  3.283e-03
iter = 782 x =  1.007  1.014 f(x) =  8.233e-03  2.853e-03
iter = 783 x =  1.007  1.014 f(x) =  8.233e-03  2.853e-03
iter = 784 x =  1.005  1.010 f(x) =  4.392e-03  2.589e-03
iter = 785 x =  1.005  1.010 f(x) =  4.392e-03  2.589e-03
iter = 786 x =  1.003  1.005 f(x) =  2.328e-03  1.437e-03
iter = 787 x =  1.003  1.005 f(x) =  2.328e-03  1.437e-03
iter = 788 x =  1.001  1.002 f(x) =  1.618e-03  2.815e-04
iter = 789 x =  1.000  1.001 f(x) =  1.417e-03 -3.520e-04
iter = 790 x =  1.000  1.001 f(x) =  8.394e-04 -1.816e-05
iter = 791 x =  1.000  1.001 f(x) =  7.752e-04 -2.212e-05
iter = 792 x =  1.000  1.000 f(x) =  1.878e-04 -2.384e-05
iter = 793 x =  1.000  1.000 f(x) =  7.074e-05 -4.496e-06
iter = 794 x =  1.000  1.000 f(x) =  7.074e-05 -4.496e-06
iter = 795 x =  1.000  1.000 f(x) =  5.907e-06  4.443e-08
iter = 796 x =  1.000  1.000 f(x) = -1.784e-06  2.794e-08
iter = 797 x =  1.000  1.000 f(x) = -8.661e-08  2.950e-09
status = success
