-3 -3 14416
-3 -2.8 13966
-3 -2.6 13516
-3 -2.4 13066
-3 -2.2 12616
-3 -2 12166
-3 -1.8 11716
-3 -1.6 11266
-3 -1.4 10846
-3 -1.2 10456
-3 -1 10066
-3 -0.8 9676
-3 -0.6 9286
-3 -0.4 8896
-3 -0.2 8506
-3 0 8116
-3 0.2 7786
-3 0.4 7456
-3 0.6 7126
-3 0.8 6796
-3 1 6466
-3 1.2 6136
-3 1.4 5806
-3 1.6 5506
-3 1.8 5236
-3 2 4966
-3 2.2 4696
-3 2.4 4426
-3 2.6 4156
-3 2.8 3886

-2.88 -3 13483.7
-2.88 -2.8 13055.3
-2.88 -2.6 12626.9
-2.88 -2.4 12198.5
-2.88 -2.2 11770.1
-2.88 -2 11341.7
-2.88 -1.8 10913.3
-2.88 -1.6 10484.9
-2.88 -1.4 10086.5
-2.88 -1.2 9718.12
-2.88 -1 9349.72
-2.88 -0.8 8981.32
-2.88 -0.6 8612.92
-2.88 -0.4 8244.52
-2.88 -0.2 7876.12
-2.88 0 7507.72
-2.88 0.2 7199.32
-2.88 0.4 6890.92
-2.88 0.6 6582.52
-2.88 0.8 6274.12
-2.88 1 5965.72
-2.88 1.2 5657.32
-2.88 1.4 5348.92
-2.88 1.6 5070.52
-2.88 1.8 4822.12
-2.88 2 4573.72
-2.88 2.2 4325.32
-2.88 2.4 4076.92
-2.88 2.6 3828.52
-2.88 2.8 3580.12

-2.76 -3 12551.4
-2.76 -2.8 12144.6
-2.76 -2.6 11737.8
-2.76 -2.4 11331
-2.76 -2.2 10924.2
-2.76 -2 10517.4
-2.76 -1.8 10110.6
-2.76 -1.6 9703.84
-2.76 -1.4 9327.04
-2.76 -1.2 8980.24
-2.76 -1 8633.44
-2.76 -0.8 8286.64
-2.76 -0.6 7939.84
-2.76 -0.4 7593.04
-2.76 -0.2 7246.24
-2.76 0 6899.44
-2.76 0.2 6612.64
-2.76 0.4 6325.84
-2.76 0.6 6039.04
-2.76 0.8 5752.24
-2.76 1 5465.44
-2.76 1.2 5178.64
-2.76 1.4 4891.84
-2.76 1.6 4635.04
-2.76 1.8 4408.24
-2.76 2 4181.44
-2.76 2.2 3954.64
-2.76 2.4 3727.84
-2.76 2.6 3501.04
-2.76 2.8 3274.24

-2.64 -3 11619.2
-2.64 -2.8 11234
-2.64 -2.6 10848.8
-2.64 -2.4 10463.6
-2.64 -2.2 10078.4
-2.64 -2 9693.16
-2.64 -1.8 9307.96
-2.64 -1.6 8922.76
-2.64 -1.4 8567.56
-2.64 -1.2 8242.36
-2.64 -1 7917.16
-2.64 -0.8 7591.96
-2.64 -0.6 7266.76
-2.64 -0.4 6941.56
-2.64 -0.2 6616.36
-2.64 0 6291.16
-2.64 0.2 6025.96
-2.64 0.4 5760.76
-2.64 0.6 5495.56
-2.64 0.8 5230.36
-2.64 1 4965.16
-2.64 1.2 4699.96
-2.64 1.4 4434.76
-2.64 1.6 4199.56
-2.64 1.8 3994.36
-2.64 2 3789.16
-2.64 2.2 3583.96
-2.64 2.4 3378.76
-2.64 2.6 3173.56
-2.64 2.8 2968.36

-2.52 -3 10686.9
-2.52 -2.8 10323.3
-2.52 -2.6 9959.68
-2.52 -2.4 9596.08
-2.52 -2.2 9232.48
-2.52 -2 8868.88
-2.52 -1.8 8505.28
-2.52 -1.6 8141.68
-2.52 -1.4 7808.08
-2.52 -1.2 7504.48
-2.52 -1 7200.88
-2.52 -0.8 6897.28
-2.52 -0.6 6593.68
-2.52 -0.4 6290.08
-2.52 -0.2 5986.48
-2.52 0 5682.88
-2.52 0.2 5439.28
-2.52 0.4 5195.68
-2.52 0.6 4952.08
-2.52 0.8 4708.48
-2.52 1 4464.88
-2.52 1.2 4221.28
-2.52 1.4 3977.68
-2.52 1.6 3764.08
-2.52 1.8 3580.48
-2.52 2 3396.88
-2.52 2.2 3213.28
-2.52 2.4 3029.68
-2.52 2.6 2846.08
-2.52 2.8 2662.48

-2.4 -3 9754.6
-2.4 -2.8 9412.6
-2.4 -2.6 9070.6
-2.4 -2.4 8728.6
-2.4 -2.2 8386.6
-2.4 -2 8044.6
-2.4 -1.8 7702.6
-2.4 -1.6 7360.6
-2.4 -1.4 7048.6
-2.4 -1.2 6766.6
-2.4 -1 6484.6
-2.4 -0.8 6202.6
-2.4 -0.6 5920.6
-2.4 -0.4 5638.6
-2.4 -0.2 5356.6
-2.4 0 5074.6
-2.4 0.2 4852.6
-2.4 0.4 4630.6
-2.4 0.6 4408.6
-2.4 0.8 4186.6
-2.4 1 3964.6
-2.4 1.2 3742.6
-2.4 1.4 3520.6
-2.4 1.6 3328.6
-2.4 1.8 3166.6
-2.4 2 3004.6
-2.4 2.2 2842.6
-2.4 2.4 2680.6
-2.4 2.6 2518.6
-2.4 2.8 2356.6

-2.28 -3 8822.32
-2.28 -2.8 8501.92
-2.28 -2.6 8181.52
-2.28 -2.4 7861.12
-2.28 -2.2 7540.72
-2.28 -2 7220.32
-2.28 -1.8 6899.92
-2.28 -1.6 6579.52
-2.28 -1.4 6289.12
-2.28 -1.2 6028.72
-2.28 -1 5768.32
-2.28 -0.8 5507.92
-2.28 -0.6 5247.52
-2.28 -0.4 4987.12
-2.28 -0.2 4726.72
-2.28 0 4466.32
-2.28 0.2 4265.92
-2.28 0.4 4065.52
-2.28 0.6 3865.12
-2.28 0.8 3664.72
-2.28 1 3464.32
-2.28 1.2 3263.92
-2.28 1.4 3063.52
-2.28 1.6 2893.12
-2.28 1.8 2752.72
-2.28 2 2612.32
-2.28 2.2 2471.92
-2.28 2.4 2331.52
-2.28 2.6 2191.12
-2.28 2.8 2050.72

-2.16 -3 7890.04
-2.16 -2.8 7591.24
-2.16 -2.6 7292.44
-2.16 -2.4 6993.64
-2.16 -2.2 6694.84
-2.16 -2 6396.04
-2.16 -1.8 6097.24
-2.16 -1.6 5798.44
-2.16 -1.4 5529.64
-2.16 -1.2 5290.84
-2.16 -1 5052.04
-2.16 -0.8 4813.24
-2.16 -0.6 4574.44
-2.16 -0.4 4335.64
-2.16 -0.2 4096.84
-2.16 0 3858.04
-2.16 0.2 3679.24
-2.16 0.4 3500.44
-2.16 0.6 3321.64
-2.16 0.8 3142.84
-2.16 1 2964.04
-2.16 1.2 2785.24
-2.16 1.4 2606.44
-2.16 1.6 2457.64
-2.16 1.8 2338.84
-2.16 2 2220.04
-2.16 2.2 2101.24
-2.16 2.4 1982.44
-2.16 2.6 1863.64
-2.16 2.8 1744.84

-2.04 -3 6957.76
-2.04 -2.8 6680.56
-2.04 -2.6 6403.36
-2.04 -2.4 6126.16
-2.04 -2.2 5848.96
-2.04 -2 5571.76
-2.04 -1.8 5294.56
-2.04 -1.6 5017.36
-2.04 -1.4 4770.16
-2.04 -1.2 4552.96
-2.04 -1 4335.76
-2.04 -0.8 4118.56
-2.04 -0.6 3901.36
-2.04 -0.4 3684.16
-2.04 -0.2 3466.96
-2.04 0 3249.76
-2.04 0.2 3092.56
-2.04 0.4 2935.36
-2.04 0.6 2778.16
-2.04 0.8 2620.96
-2.04 1 2463.76
-2.04 1.2 2306.56
-2.04 1.4 2149.36
-2.04 1.6 2022.16
-2.04 1.8 1924.96
-2.04 2 1827.76
-2.04 2.2 1730.56
-2.04 2.4 1633.36
-2.04 2.6 1536.16
-2.04 2.8 1438.96

-1.92 -3 6025.48
-1.92 -2.8 5769.88
-1.92 -2.6 5514.28
-1.92 -2.4 5258.68
-1.92 -2.2 5003.08
-1.92 -2 4747.48
-1.92 -1.8 4491.88
-1.92 -1.6 4236.28
-1.92 -1.4 4010.68
-1.92 -1.2 3815.08
-1.92 -1 3619.48
-1.92 -0.8 3423.88
-1.92 -0.6 3228.28
-1.92 -0.4 3032.68
-1.92 -0.2 2837.08
-1.92 0 2641.48
-1.92 0.2 2505.88
-1.92 0.4 2370.28
-1.92 0.6 2234.68
-1.92 0.8 2099.08
-1.92 1 1963.48
-1.92 1.2 1827.88
-1.92 1.4 1692.28
-1.92 1.6 1586.68
-1.92 1.8 1511.08
-1.92 2 1435.48
-1.92 2.2 1359.88
-1.92 2.4 1284.28
-1.92 2.6 1208.68
-1.92 2.8 1133.08

-1.8 -3 5093.2
-1.8 -2.8 4859.2
-1.8 -2.6 4625.2
-1.8 -2.4 4391.2
-1.8 -2.2 4157.2
-1.8 -2 3923.2
-1.8 -1.8 3689.2
-1.8 -1.6 3455.2
-1.8 -1.4 3251.2
-1.8 -1.2 3077.2
-1.8 -1 2903.2
-1.8 -0.8 2729.2
-1.8 -0.6 2555.2
-1.8 -0.4 2381.2
-1.8 -0.2 2207.2
-1.8 0 2033.2
-1.8 0.2 1919.2
-1.8 0.4 1805.2
-1.8 0.6 1691.2
-1.8 0.8 1577.2
-1.8 1 1463.2
-1.8 1.2 1349.2
-1.8 1.4 1235.2
-1.8 1.6 1151.2
-1.8 1.8 1097.2
-1.8 2 1043.2
-1.8 2.2 989.2
-1.8 2.4 935.2
-1.8 2.6 881.2
-1.8 2.8 827.2

-1.68 -3 4160.92
-1.68 -2.8 3948.52
-1.68 -2.6 3736.12
-1.68 -2.4 3523.72
-1.68 -2.2 3311.32
-1.68 -2 3098.92
-1.68 -1.8 2886.52
-1.68 -1.6 2674.12
-1.68 -1.4 2491.72
-1.68 -1.2 2339.32
-1.68 -1 2186.92
-1.68 -0.8 2034.52
-1.68 -0.6 1882.12
-1.68 -0.4 1729.72
-1.68 -0.2 1577.32
-1.68 0 1424.92
-1.68 0.2 1332.52
-1.68 0.4 1240.12
-1.68 0.6 1147.72
-1.68 0.8 1055.32
-1.68 1 962.92
-1.68 1.2 870.52
-1.68 1.4 778.12
-1.68 1.6 715.72
-1.68 1.8 683.32
-1.68 2 650.92
-1.68 2.2 618.52
-1.68 2.4 586.12
-1.68 2.6 553.72
-1.68 2.8 521.32

-1.56 -3 3228.64
-1.56 -2.8 3037.84
-1.56 -2.6 2847.04
-1.56 -2.4 2656.24
-1.56 -2.2 2465.44
-1.56 -2 2274.64
-1.56 -1.8 2083.84
-1.56 -1.6 1893.04
-1.56 -1.4 1732.24
-1.56 -1.2 1601.44
-1.56 -1 1470.64
-1.56 -0.8 1339.84
-1.56 -0.6 1209.04
-1.56 -0.4 1078.24
-1.56 -0.2 947.44
-1.56 0 816.64
-1.56 0.2 745.84
-1.56 0.4 675.04
-1.56 0.6 604.24
-1.56 0.8 533.44
-1.56 1 462.64
-1.56 1.2 391.84
-1.56 1.4 321.04
-1.56 1.6 280.24
-1.56 1.8 269.44
-1.56 2 258.64
-1.56 2.2 247.84
-1.56 2.4 237.04
-1.56 2.6 226.24
-1.56 2.8 215.44

-1.44 -3 2688.04
-1.44 -2.8 2511.64
-1.44 -2.6 2335.24
-1.44 -2.4 2158.84
-1.44 -2.2 1982.44
-1.44 -2 1806.04
-1.44 -1.8 1629.64
-1.44 -1.6 1453.24
-1.44 -1.4 1306.84
-1.44 -1.2 1190.44
-1.44 -1 1074.04
-1.44 -0.8 957.64
-1.44 -0.6 841.24
-1.44 -0.4 724.84
-1.44 -0.2 608.44
-1.44 0 492.04
-1.44 0.2 435.64
-1.44 0.4 379.24
-1.44 0.6 322.84
-1.44 0.8 266.44
-1.44 1 210.04
-1.44 1.2 153.64
-1.44 1.4 97.24
-1.44 1.6 70.84
-1.44 1.8 74.44
-1.44 2 78.04
-1.44 2.2 81.64
-1.44 2.4 85.24
-1.44 2.6 88.84
-1.44 2.8 92.44

-1.32 -3 2539.12
-1.32 -2.8 2369.92
-1.32 -2.6 2200.72
-1.32 -2.4 2031.52
-1.32 -2.2 1862.32
-1.32 -2 1693.12
-1.32 -1.8 1523.92
-1.32 -1.6 1354.72
-1.32 -1.4 1215.52
-1.32 -1.2 1106.32
-1.32 -1 997.12
-1.32 -0.8 887.92
-1.32 -0.6 778.72
-1.32 -0.4 669.52
-1.32 -0.2 560.32
-1.32 0 451.12
-1.32 0.2 401.92
-1.32 0.4 352.72
-1.32 0.6 303.52
-1.32 0.8 254.32
-1.32 1 205.12
-1.32 1.2 155.92
-1.32 1.4 106.72
-1.32 1.6 87.52
-1.32 1.8 98.32
-1.32 2 109.12
-1.32 2.2 119.92
-1.32 2.4 130.72
-1.32 2.6 141.52
-1.32 2.8 152.32

-1.2 -3 2390.2
-1.2 -2.8 2228.2
-1.2 -2.6 2066.2
-1.2 -2.4 1904.2
-1.2 -2.2 1742.2
-1.2 -2 1580.2
-1.2 -1.8 1418.2
-1.2 -1.6 1256.2
-1.2 -1.4 1124.2
-1.2 -1.2 1022.2
-1.2 -1 920.2
-1.2 -0.8 818.2
-1.2 -0.6 716.2
-1.2 -0.4 614.2
-1.2 -0.2 512.2
-1.2 0 410.2
-1.2 0.2 368.2
-1.2 0.4 326.2
-1.2 0.6 284.2
-1.2 0.8 242.2
-1.2 1 200.2
-1.2 1.2 158.2
-1.2 1.4 116.2
-1.2 1.6 104.2
-1.2 1.8 122.2
-1.2 2 140.2
-1.2 2.2 158.2
-1.2 2.4 176.2
-1.2 2.6 194.2
-1.2 2.8 212.2

-1.08 -3 2241.28
-1.08 -2.8 2086.48
-1.08 -2.6 1931.68
-1.08 -2.4 1776.88
-1.08 -2.2 1622.08
-1.08 -2 1467.28
-1.08 -1.8 1312.48
-1.08 -1.6 1157.68
-1.08 -1.4 1032.88
-1.08 -1.2 938.08
-1.08 -1 843.28
-1.08 -0.8 748.48
-1.08 -0.6 653.68
-1.08 -0.4 558.88
-1.08 -0.2 464.08
-1.08 0 369.28
-1.08 0.2 334.48
-1.08 0.4 299.68
-1.08 0.6 264.88
-1.08 0.8 230.08
-1.08 1 195.28
-1.08 1.2 160.48
-1.08 1.4 125.68
-1.08 1.6 120.88
-1.08 1.8 146.08
-1.08 2 171.28
-1.08 2.2 196.48
-1.08 2.4 221.68
-1.08 2.6 246.88
-1.08 2.8 272.08

-0.96 -3 2092.36
-0.96 -2.8 1944.76
-0.96 -2.6 1797.16
-0.96 -2.4 1649.56
-0.96 -2.2 1501.96
-0.96 -2 1354.36
-0.96 -1.8 1206.76
-0.96 -1.6 1059.16
-0.96 -1.4 941.56
-0.96 -1.2 853.96
-0.96 -1 766.36
-0.96 -0.8 678.76
-0.96 -0.6 591.16
-0.96 -0.4 503.56
-0.96 -0.2 415.96
-0.96 0 328.36
-0.96 0.2 300.76
-0.96 0.4 273.16
-0.96 0.6 245.56
-0.96 0.8 217.96
-0.96 1 190.36
-0.96 1.2 162.76
-0.96 1.4 135.16
-0.96 1.6 137.56
-0.96 1.8 169.96
-0.96 2 202.36
-0.96 2.2 234.76
-0.96 2.4 267.16
-0.96 2.6 299.56
-0.96 2.8 331.96

-0.84 -3 1943.44
-0.84 -2.8 1803.04
-0.84 -2.6 1662.64
-0.84 -2.4 1522.24
-0.84 -2.2 1381.84
-0.84 -2 1241.44
-0.84 -1.8 1101.04
-0.84 -1.6 960.64
-0.84 -1.4 850.24
-0.84 -1.2 769.84
-0.84 -1 689.44
-0.84 -0.8 609.04
-0.84 -0.6 528.64
-0.84 -0.4 448.24
-0.84 -0.2 367.84
-0.84 0 287.44
-0.84 0.2 267.04
-0.84 0.4 246.64
-0.84 0.6 226.24
-0.84 0.8 205.84
-0.84 1 185.44
-0.84 1.2 165.04
-0.84 1.4 144.64
-0.84 1.6 154.24
-0.84 1.8 193.84
-0.84 2 233.44
-0.84 2.2 273.04
-0.84 2.4 312.64
-0.84 2.6 352.24
-0.84 2.8 391.84

-0.72 -3 1794.52
-0.72 -2.8 1661.32
-0.72 -2.6 1528.12
-0.72 -2.4 1394.92
-0.72 -2.2 1261.72
-0.72 -2 1128.52
-0.72 -1.8 995.32
-0.72 -1.6 862.12
-0.72 -1.4 758.92
-0.72 -1.2 685.72
-0.72 -1 612.52
-0.72 -0.8 539.32
-0.72 -0.6 466.12
-0.72 -0.4 392.92
-0.72 -0.2 319.72
-0.72 0 246.52
-0.72 0.2 233.32
-0.72 0.4 220.12
-0.72 0.6 206.92
-0.72 0.8 193.72
-0.72 1 180.52
-0.72 1.2 167.32
-0.72 1.4 154.12
-0.72 1.6 170.92
-0.72 1.8 217.72
-0.72 2 264.52
-0.72 2.2 311.32
-0.72 2.4 358.12
-0.72 2.6 404.92
-0.72 2.8 451.72

-0.6 -3 1645.6
-0.6 -2.8 1519.6
-0.6 -2.6 1393.6
-0.6 -2.4 1267.6
-0.6 -2.2 1141.6
-0.6 -2 1015.6
-0.6 -1.8 889.6
-0.6 -1.6 763.6
-0.6 -1.4 667.6
-0.6 -1.2 601.6
-0.6 -1 535.6
-0.6 -0.8 469.6
-0.6 -0.6 403.6
-0.6 -0.4 337.6
-0.6 -0.2 271.6
-0.6 0 205.6
-0.6 0.2 199.6
-0.6 0.4 193.6
-0.6 0.6 187.6
-0.6 0.8 181.6
-0.6 1 175.6
-0.6 1.2 169.6
-0.6 1.4 163.6
-0.6 1.6 187.6
-0.6 1.8 241.6
-0.6 2 295.6
-0.6 2.2 349.6
-0.6 2.4 403.6
-0.6 2.6 457.6
-0.6 2.8 511.6

-0.48 -3 1496.68
-0.48 -2.8 1377.88
-0.48 -2.6 1259.08
-0.48 -2.4 1140.28
-0.48 -2.2 1021.48
-0.48 -2 902.68
-0.48 -1.8 783.88
-0.48 -1.6 665.08
-0.48 -1.4 576.28
-0.48 -1.2 517.48
-0.48 -1 458.68
-0.48 -0.8 399.88
-0.48 -0.6 341.08
-0.48 -0.4 282.28
-0.48 -0.2 223.48
-0.48 0 164.68
-0.48 0.2 165.88
-0.48 0.4 167.08
-0.48 0.6 168.28
-0.48 0.8 169.48
-0.48 1 170.68
-0.48 1.2 171.88
-0.48 1.4 173.08
-0.48 1.6 204.28
-0.48 1.8 265.48
-0.48 2 326.68
-0.48 2.2 387.88
-0.48 2.4 449.08
-0.48 2.6 510.28
-0.48 2.8 571.48

-0.36 -3 1347.76
-0.36 -2.8 1236.16
-0.36 -2.6 1124.56
-0.36 -2.4 1012.96
-0.36 -2.2 901.36
-0.36 -2 789.76
-0.36 -1.8 678.16
-0.36 -1.6 566.56
-0.36 -1.4 484.96
-0.36 -1.2 433.36
-0.36 -1 381.76
-0.36 -0.8 330.16
-0.36 -0.6 278.56
-0.36 -0.4 226.96
-0.36 -0.2 175.36
-0.36 0 123.76
-0.36 0.2 132.16
-0.36 0.4 140.56
-0.36 0.6 148.96
-0.36 0.8 157.36
-0.36 1 165.76
-0.36 1.2 174.16
-0.36 1.4 182.56
-0.36 1.6 220.96
-0.36 1.8 289.36
-0.36 2 357.76
-0.36 2.2 426.16
-0.36 2.4 494.56
-0.36 2.6 562.96
-0.36 2.8 631.36

-0.24 -3 1198.84
-0.24 -2.8 1094.44
-0.24 -2.6 990.04
-0.24 -2.4 885.64
-0.24 -2.2 781.24
-0.24 -2 676.84
-0.24 -1.8 572.44
-0.24 -1.6 468.04
-0.24 -1.4 393.64
-0.24 -1.2 349.24
-0.24 -1 304.84
-0.24 -0.8 260.44
-0.24 -0.6 216.04
-0.24 -0.4 171.64
-0.24 -0.2 127.24
-0.24 0 82.84
-0.24 0.2 98.44
-0.24 0.4 114.04
-0.24 0.6 129.64
-0.24 0.8 145.24
-0.24 1 160.84
-0.24 1.2 176.44
-0.24 1.4 192.04
-0.24 1.6 237.64
-0.24 1.8 313.24
-0.24 2 388.84
-0.24 2.2 464.44
-0.24 2.4 540.04
-0.24 2.6 615.64
-0.24 2.8 691.24

-0.12 -3 1049.92
-0.12 -2.8 952.72
-0.12 -2.6 855.52
-0.12 -2.4 758.32
-0.12 -2.2 661.12
-0.12 -2 563.92
-0.12 -1.8 466.72
-0.12 -1.6 369.52
-0.12 -1.4 302.32
-0.12 -1.2 265.12
-0.12 -1 227.92
-0.12 -0.8 190.72
-0.12 -0.6 153.52
-0.12 -0.4 116.32
-0.12 -0.2 79.12
-0.12 0 41.92
-0.12 0.2 64.72
-0.12 0.4 87.52
-0.12 0.6 110.32
-0.12 0.8 133.12
-0.12 1 155.92
-0.12 1.2 178.72
-0.12 1.4 201.52
-0.12 1.6 254.32
-0.12 1.8 337.12
-0.12 2 419.92
-0.12 2.2 502.72
-0.12 2.4 585.52
-0.12 2.6 668.32
-0.12 2.8 751.12

0 -3 901
0 -2.8 811
0 -2.6 721
0 -2.4 631
0 -2.2 541
0 -2 451
0 -1.8 361
0 -1.6 271
0 -1.4 211
0 -1.2 181
0 -1 151
0 -0.8 121
0 -0.6 91
0 -0.4 61
0 -0.2 31
0 0 1
0 0.2 31
0 0.4 61
0 0.6 91
0 0.8 121
0 1 151
0 1.2 181
0 1.4 211
0 1.6 271
0 1.8 361
0 2 451
0 2.2 541
0 2.4 631
0 2.6 721
0 2.8 811

0.12 -3 1049.44
0.12 -2.8 952.24
0.12 -2.6 855.04
0.12 -2.4 757.84
0.12 -2.2 660.64
0.12 -2 563.44
0.12 -1.8 466.24
0.12 -1.6 369.04
0.12 -1.4 301.84
0.12 -1.2 264.64
0.12 -1 227.44
0.12 -0.8 190.24
0.12 -0.6 153.04
0.12 -0.4 115.84
0.12 -0.2 78.64
0.12 0 41.44
0.12 0.2 64.24
0.12 0.4 87.04
0.12 0.6 109.84
0.12 0.8 132.64
0.12 1 155.44
0.12 1.2 178.24
0.12 1.4 201.04
0.12 1.6 253.84
0.12 1.8 336.64
0.12 2 419.44
0.12 2.2 502.24
0.12 2.4 585.04
0.12 2.6 667.84
0.12 2.8 750.64

0.24 -3 1197.88
0.24 -2.8 1093.48
0.24 -2.6 989.08
0.24 -2.4 884.68
0.24 -2.2 780.28
0.24 -2 675.88
0.24 -1.8 571.48
0.24 -1.6 467.08
0.24 -1.4 392.68
0.24 -1.2 348.28
0.24 -1 303.88
0.24 -0.8 259.48
0.24 -0.6 215.08
0.24 -0.4 170.68
0.24 -0.2 126.28
0.24 0 81.88
0.24 0.2 97.48
0.24 0.4 113.08
0.24 0.6 128.68
0.24 0.8 144.28
0.24 1 159.88
0.24 1.2 175.48
0.24 1.4 191.08
0.24 1.6 236.68
0.24 1.8 312.28
0.24 2 387.88
0.24 2.2 463.48
0.24 2.4 539.08
0.24 2.6 614.68
0.24 2.8 690.28

0.36 -3 1346.32
0.36 -2.8 1234.72
0.36 -2.6 1123.12
0.36 -2.4 1011.52
0.36 -2.2 899.92
0.36 -2 788.32
0.36 -1.8 676.72
0.36 -1.6 565.12
0.36 -1.4 483.52
0.36 -1.2 431.92
0.36 -1 380.32
0.36 -0.8 328.72
0.36 -0.6 277.12
0.36 -0.4 225.52
0.36 -0.2 173.92
0.36 0 122.32
0.36 0.2 130.72
0.36 0.4 139.12
0.36 0.6 147.52
0.36 0.8 155.92
0.36 1 164.32
0.36 1.2 172.72
0.36 1.4 181.12
0.36 1.6 219.52
0.36 1.8 287.92
0.36 2 356.32
0.36 2.2 424.72
0.36 2.4 493.12
0.36 2.6 561.52
0.36 2.8 629.92

0.48 -3 1494.76
0.48 -2.8 1375.96
0.48 -2.6 1257.16
0.48 -2.4 1138.36
0.48 -2.2 1019.56
0.48 -2 900.76
0.48 -1.8 781.96
0.48 -1.6 663.16
0.48 -1.4 574.36
0.48 -1.2 515.56
0.48 -1 456.76
0.48 -0.8 397.96
0.48 -0.6 339.16
0.48 -0.4 280.36
0.48 -0.2 221.56
0.48 0 162.76
0.48 0.2 163.96
0.48 0.4 165.16
0.48 0.6 166.36
0.48 0.8 167.56
0.48 1 168.76
0.48 1.2 169.96
0.48 1.4 171.16
0.48 1.6 202.36
0.48 1.8 263.56
0.48 2 324.76
0.48 2.2 385.96
0.48 2.4 447.16
0.48 2.6 508.36
0.48 2.8 569.56

0.6 -3 1643.2
0.6 -2.8 1517.2
0.6 -2.6 1391.2
0.6 -2.4 1265.2
0.6 -2.2 1139.2
0.6 -2 1013.2
0.6 -1.8 887.2
0.6 -1.6 761.2
0.6 -1.4 665.2
0.6 -1.2 599.2
0.6 -1 533.2
0.6 -0.8 467.2
0.6 -0.6 401.2
0.6 -0.4 335.2
0.6 -0.2 269.2
0.6 0 203.2
0.6 0.2 197.2
0.6 0.4 191.2
0.6 0.6 185.2
0.6 0.8 179.2
0.6 1 173.2
0.6 1.2 167.2
0.6 1.4 161.2
0.6 1.6 185.2
0.6 1.8 239.2
0.6 2 293.2
0.6 2.2 347.2
0.6 2.4 401.2
0.6 2.6 455.2
0.6 2.8 509.2

0.72 -3 1791.64
0.72 -2.8 1658.44
0.72 -2.6 1525.24
0.72 -2.4 1392.04
0.72 -2.2 1258.84
0.72 -2 1125.64
0.72 -1.8 992.44
0.72 -1.6 859.24
0.72 -1.4 756.04
0.72 -1.2 682.84
0.72 -1 609.64
0.72 -0.8 536.44
0.72 -0.6 463.24
0.72 -0.4 390.04
0.72 -0.2 316.84
0.72 0 243.64
0.72 0.2 230.44
0.72 0.4 217.24
0.72 0.6 204.04
0.72 0.8 190.84
0.72 1 177.64
0.72 1.2 164.44
0.72 1.4 151.24
0.72 1.6 168.04
0.72 1.8 214.84
0.72 2 261.64
0.72 2.2 308.44
0.72 2.4 355.24
0.72 2.6 402.04
0.72 2.8 448.84

0.84 -3 1940.08
0.84 -2.8 1799.68
0.84 -2.6 1659.28
0.84 -2.4 1518.88
0.84 -2.2 1378.48
0.84 -2 1238.08
0.84 -1.8 1097.68
0.84 -1.6 957.28
0.84 -1.4 846.88
0.84 -1.2 766.48
0.84 -1 686.08
0.84 -0.8 605.68
0.84 -0.6 525.28
0.84 -0.4 444.88
0.84 -0.2 364.48
0.84 0 284.08
0.84 0.2 263.68
0.84 0.4 243.28
0.84 0.6 222.88
0.84 0.8 202.48
0.84 1 182.08
0.84 1.2 161.68
0.84 1.4 141.28
0.84 1.6 150.88
0.84 1.8 190.48
0.84 2 230.08
0.84 2.2 269.68
0.84 2.4 309.28
0.84 2.6 348.88
0.84 2.8 388.48

0.96 -3 2088.52
0.96 -2.8 1940.92
0.96 -2.6 1793.32
0.96 -2.4 1645.72
0.96 -2.2 1498.12
0.96 -2 1350.52
0.96 -1.8 1202.92
0.96 -1.6 1055.32
0.96 -1.4 937.72
0.96 -1.2 850.12
0.96 -1 762.52
0.96 -0.8 674.92
0.96 -0.6 587.32
0.96 -0.4 499.72
0.96 -0.2 412.12
0.96 0 324.52
0.96 0.2 296.92
0.96 0.4 269.32
0.96 0.6 241.72
0.96 0.8 214.12
0.96 1 186.52
0.96 1.2 158.92
0.96 1.4 131.32
0.96 1.6 133.72
0.96 1.8 166.12
0.96 2 198.52
0.96 2.2 230.92
0.96 2.4 263.32
0.96 2.6 295.72
0.96 2.8 328.12

1.08 -3 2236.96
1.08 -2.8 2082.16
1.08 -2.6 1927.36
1.08 -2.4 1772.56
1.08 -2.2 1617.76
1.08 -2 1462.96
1.08 -1.8 1308.16
1.08 -1.6 1153.36
1.08 -1.4 1028.56
1.08 -1.2 933.76
1.08 -1 838.96
1.08 -0.8 744.16
1.08 -0.6 649.36
1.08 -0.4 554.56
1.08 -0.2 459.76
1.08 0 364.96
1.08 0.2 330.16
1.08 0.4 295.36
1.08 0.6 260.56
1.08 0.8 225.76
1.08 1 190.96
1.08 1.2 156.16
1.08 1.4 121.36
1.08 1.6 116.56
1.08 1.8 141.76
1.08 2 166.96
1.08 2.2 192.16
1.08 2.4 217.36
1.08 2.6 242.56
1.08 2.8 267.76

1.2 -3 2385.4
1.2 -2.8 2223.4
1.2 -2.6 2061.4
1.2 -2.4 1899.4
1.2 -2.2 1737.4
1.2 -2 1575.4
1.2 -1.8 1413.4
1.2 -1.6 1251.4
1.2 -1.4 1119.4
1.2 -1.2 1017.4
1.2 -1 915.4
1.2 -0.8 813.4
1.2 -0.6 711.4
1.2 -0.4 609.4
1.2 -0.2 507.4
1.2 0 405.4
1.2 0.2 363.4
1.2 0.4 321.4
1.2 0.6 279.4
1.2 0.8 237.4
1.2 1 195.4
1.2 1.2 153.4
1.2 1.4 111.4
1.2 1.6 99.4
1.2 1.8 117.4
1.2 2 135.4
1.2 2.2 153.4
1.2 2.4 171.4
1.2 2.6 189.4
1.2 2.8 207.4

1.32 -3 2533.84
1.32 -2.8 2364.64
1.32 -2.6 2195.44
1.32 -2.4 2026.24
1.32 -2.2 1857.04
1.32 -2 1687.84
1.32 -1.8 1518.64
1.32 -1.6 1349.44
1.32 -1.4 1210.24
1.32 -1.2 1101.04
1.32 -1 991.84
1.32 -0.8 882.64
1.32 -0.6 773.44
1.32 -0.4 664.24
1.32 -0.2 555.04
1.32 0 445.84
1.32 0.2 396.64
1.32 0.4 347.44
1.32 0.6 298.24
1.32 0.8 249.04
1.32 1 199.84
1.32 1.2 150.64
1.32 1.4 101.44
1.32 1.6 82.24
1.32 1.8 93.04
1.32 2 103.84
1.32 2.2 114.64
1.32 2.4 125.44
1.32 2.6 136.24
1.32 2.8 147.04

1.44 -3 2682.28
1.44 -2.8 2505.88
1.44 -2.6 2329.48
1.44 -2.4 2153.08
1.44 -2.2 1976.68
1.44 -2 1800.28
1.44 -1.8 1623.88
1.44 -1.6 1447.48
1.44 -1.4 1301.08
1.44 -1.2 1184.68
1.44 -1 1068.28
1.44 -0.8 951.88
1.44 -0.6 835.48
1.44 -0.4 719.08
1.44 -0.2 602.68
1.44 0 486.28
1.44 0.2 429.88
1.44 0.4 373.48
1.44 0.6 317.08
1.44 0.8 260.68
1.44 1 204.28
1.44 1.2 147.88
1.44 1.4 91.48
1.44 1.6 65.08
1.44 1.8 68.68
1.44 2 72.28
1.44 2.2 75.88
1.44 2.4 79.48
1.44 2.6 83.08
1.44 2.8 86.68

1.56 -3 3222.4
1.56 -2.8 3031.6
1.56 -2.6 2840.8
1.56 -2.4 2650
1.56 -2.2 2459.2
1.56 -2 2268.4
1.56 -1.8 2077.6
1.56 -1.6 1886.8
1.56 -1.4 1726
1.56 -1.2 1595.2
1.56 -1 1464.4
1.56 -0.8 1333.6
1.56 -0.6 1202.8
1.56 -0.4 1072
1.56 -0.2 941.2
1.56 0 810.4
1.56 0.2 739.6
1.56 0.4 668.8
1.56 0.6 598
1.56 0.8 527.2
1.56 1 456.4
1.56 1.2 385.6
1.56 1.4 314.8
1.56 1.6 274
1.56 1.8 263.2
1.56 2 252.4
1.56 2.2 241.6
1.56 2.4 230.8
1.56 2.6 220
1.56 2.8 209.2

1.68 -3 4154.2
1.68 -2.8 3941.8
1.68 -2.6 3729.4
1.68 -2.4 3517
1.68 -2.2 3304.6
1.68 -2 3092.2
1.68 -1.8 2879.8
1.68 -1.6 2667.4
1.68 -1.4 2485
1.68 -1.2 2332.6
1.68 -1 2180.2
1.68 -0.8 2027.8
1.68 -0.6 1875.4
1.68 -0.4 1723
1.68 -0.2 1570.6
1.68 0 1418.2
1.68 0.2 1325.8
1.68 0.4 1233.4
1.68 0.6 1141
1.68 0.8 1048.6
1.68 1 956.2
1.68 1.2 863.8
1.68 1.4 771.4
1.68 1.6 709
1.68 1.8 676.6
1.68 2 644.2
1.68 2.2 611.8
1.68 2.4 579.4
1.68 2.6 547
1.68 2.8 514.6

1.8 -3 5086
1.8 -2.8 4852
1.8 -2.6 4618
1.8 -2.4 4384
1.8 -2.2 4150
1.8 -2 3916
1.8 -1.8 3682
1.8 -1.6 3448
1.8 -1.4 3244
1.8 -1.2 3070
1.8 -1 2896
1.8 -0.8 2722
1.8 -0.6 2548
1.8 -0.4 2374
1.8 -0.2 2200
1.8 0 2026
1.8 0.2 1912
1.8 0.4 1798
1.8 0.6 1684
1.8 0.8 1570
1.8 1 1456
1.8 1.2 1342
1.8 1.4 1228
1.8 1.6 1144
1.8 1.8 1090
1.8 2 1036
1.8 2.2 982
1.8 2.4 928
1.8 2.6 874
1.8 2.8 820

1.92 -3 6017.8
1.92 -2.8 5762.2
1.92 -2.6 5506.6
1.92 -2.4 5251
1.92 -2.2 4995.4
1.92 -2 4739.8
1.92 -1.8 4484.2
1.92 -1.6 4228.6
1.92 -1.4 4003
1.92 -1.2 3807.4
1.92 -1 3611.8
1.92 -0.8 3416.2
1.92 -0.6 3220.6
1.92 -0.4 3025
1.92 -0.2 2829.4
1.92 0 2633.8
1.92 0.2 2498.2
1.92 0.4 2362.6
1.92 0.6 2227
1.92 0.8 2091.4
1.92 1 1955.8
1.92 1.2 1820.2
1.92 1.4 1684.6
1.92 1.6 1579
1.92 1.8 1503.4
1.92 2 1427.8
1.92 2.2 1352.2
1.92 2.4 1276.6
1.92 2.6 1201
1.92 2.8 1125.4

2.04 -3 6949.6
2.04 -2.8 6672.4
2.04 -2.6 6395.2
2.04 -2.4 6118
2.04 -2.2 5840.8
2.04 -2 5563.6
2.04 -1.8 5286.4
2.04 -1.6 5009.2
2.04 -1.4 4762
2.04 -1.2 4544.8
2.04 -1 4327.6
2.04 -0.8 4110.4
2.04 -0.6 3893.2
2.04 -0.4 3676
2.04 -0.2 3458.8
2.04 0 3241.6
2.04 0.2 3084.4
2.04 0.4 2927.2
2.04 0.6 2770
2.04 0.8 2612.8
2.04 1 2455.6
2.04 1.2 2298.4
2.04 1.4 2141.2
2.04 1.6 2014
2.04 1.8 1916.8
2.04 2 1819.6
2.04 2.2 1722.4
2.04 2.4 1625.2
2.04 2.6 1528
2.04 2.8 1430.8

2.16 -3 7881.4
2.16 -2.8 7582.6
2.16 -2.6 7283.8
2.16 -2.4 6985
2.16 -2.2 6686.2
2.16 -2 6387.4
2.16 -1.8 6088.6
2.16 -1.6 5789.8
2.16 -1.4 5521
2.16 -1.2 5282.2
2.16 -1 5043.4
2.16 -0.8 4804.6
2.16 -0.6 4565.8
2.16 -0.4 4327
2.16 -0.2 4088.2
2.16 0 3849.4
2.16 0.2 3670.6
2.16 0.4 3491.8
2.16 0.6 3313
2.16 0.8 3134.2
2.16 1 2955.4
2.16 1.2 2776.6
2.16 1.4 2597.8
2.16 1.6 2449
2.16 1.8 2330.2
2.16 2 2211.4
2.16 2.2 2092.6
2.16 2.4 1973.8
2.16 2.6 1855
2.16 2.8 1736.2

2.28 -3 8813.2
2.28 -2.8 8492.8
2.28 -2.6 8172.4
2.28 -2.4 7852
2.28 -2.2 7531.6
2.28 -2 7211.2
2.28 -1.8 6890.8
2.28 -1.6 6570.4
2.28 -1.4 6280
2.28 -1.2 6019.6
2.28 -1 5759.2
2.28 -0.8 5498.8
2.28 -0.6 5238.4
2.28 -0.4 4978
2.28 -0.2 4717.6
2.28 0 4457.2
2.28 0.2 4256.8
2.28 0.4 4056.4
2.28 0.6 3856
2.28 0.8 3655.6
2.28 1 3455.2
2.28 1.2 3254.8
2.28 1.4 3054.4
2.28 1.6 2884
2.28 1.8 2743.6
2.28 2 2603.2
2.28 2.2 2462.8
2.28 2.4 2322.4
2.28 2.6 2182
2.28 2.8 2041.6

2.4 -3 9745
2.4 -2.8 9403
2.4 -2.6 9061
2.4 -2.4 8719
2.4 -2.2 8377
2.4 -2 8035
2.4 -1.8 7693
2.4 -1.6 7351
2.4 -1.4 7039
2.4 -1.2 6757
2.4 -1 6475
2.4 -0.8 6193
2.4 -0.6 5911
2.4 -0.4 5629
2.4 -0.2 5347
2.4 0 5065
2.4 0.2 4843
2.4 0.4 4621
2.4 0.6 4399
2.4 0.8 4177
2.4 1 3955
2.4 1.2 3733
2.4 1.4 3511
2.4 1.6 3319
2.4 1.8 3157
2.4 2 2995
2.4 2.2 2833
2.4 2.4 2671
2.4 2.6 2509
2.4 2.8 2347

2.52 -3 10676.8
2.52 -2.8 10313.2
2.52 -2.6 9949.6
2.52 -2.4 9586
2.52 -2.2 9222.4
2.52 -2 8858.8
2.52 -1.8 8495.2
2.52 -1.6 8131.6
2.52 -1.4 7798
2.52 -1.2 7494.4
2.52 -1 7190.8
2.52 -0.8 6887.2
2.52 -0.6 6583.6
2.52 -0.4 6280
2.52 -0.2 5976.4
2.52 0 5672.8
2.52 0.2 5429.2
2.52 0.4 5185.6
2.52 0.6 4942
2.52 0.8 4698.4
2.52 1 4454.8
2.52 1.2 4211.2
2.52 1.4 3967.6
2.52 1.6 3754
2.52 1.8 3570.4
2.52 2 3386.8
2.52 2.2 3203.2
2.52 2.4 3019.6
2.52 2.6 2836
2.52 2.8 2652.4

2.64 -3 11608.6
2.64 -2.8 11223.4
2.64 -2.6 10838.2
2.64 -2.4 10453
2.64 -2.2 10067.8
2.64 -2 9682.6
2.64 -1.8 9297.4
2.64 -1.6 8912.2
2.64 -1.4 8557
2.64 -1.2 8231.8
2.64 -1 7906.6
2.64 -0.8 7581.4
2.64 -0.6 7256.2
2.64 -0.4 6931
2.64 -0.2 6605.8
2.64 0 6280.6
2.64 0.2 6015.4
2.64 0.4 5750.2
2.64 0.6 5485
2.64 0.8 5219.8
2.64 1 4954.6
2.64 1.2 4689.4
2.64 1.4 4424.2
2.64 1.6 4189
2.64 1.8 3983.8
2.64 2 3778.6
2.64 2.2 3573.4
2.64 2.4 3368.2
2.64 2.6 3163
2.64 2.8 2957.8

2.76 -3 12540.4
2.76 -2.8 12133.6
2.76 -2.6 11726.8
2.76 -2.4 11320
2.76 -2.2 10913.2
2.76 -2 10506.4
2.76 -1.8 10099.6
2.76 -1.6 9692.8
2.76 -1.4 9316
2.76 -1.2 8969.2
2.76 -1 8622.4
2.76 -0.8 8275.6
2.76 -0.6 7928.8
2.76 -0.4 7582
2.76 -0.2 7235.2
2.76 0 6888.4
2.76 0.2 6601.6
2.76 0.4 6314.8
2.76 0.6 6028
2.76 0.8 5741.2
2.76 1 5454.4
2.76 1.2 5167.6
2.76 1.4 4880.8
2.76 1.6 4624
2.76 1.8 4397.2
2.76 2 4170.4
2.76 2.2 3943.6
2.76 2.4 3716.8
2.76 2.6 3490
2.76 2.8 3263.2

2.88 -3 13472.2
2.88 -2.8 13043.8
2.88 -2.6 12615.4
2.88 -2.4 12187
2.88 -2.2 11758.6
2.88 -2 11330.2
2.88 -1.8 10901.8
2.88 -1.6 10473.4
2.88 -1.4 10075
2.88 -1.2 9706.6
2.88 -1 9338.2
2.88 -0.8 8969.8
2.88 -0.6 8601.4
2.88 -0.4 8233
2.88 -0.2 7864.6
2.88 0 7496.2
2.88 0.2 7187.8
2.88 0.4 6879.4
2.88 0.6 6571
2.88 0.8 6262.6
2.88 1 5954.2
2.88 1.2 5645.8
2.88 1.4 5337.4
2.88 1.6 5059
2.88 1.8 4810.6
2.88 2 4562.2
2.88 2.2 4313.8
2.88 2.4 4065.4
2.88 2.6 3817
2.88 2.8 3568.6

