-3 -3 1.523e-08
-3 -2.8 4.85826e-08
-3 -2.6 1.4306e-07
-3 -2.4 3.88878e-07
-3 -2.2 9.75808e-07
-3 -2 2.26033e-06
-3 -1.8 4.83321e-06
-3 -1.6 9.54016e-06
-3 -1.4 1.73833e-05
-3 -1.2 2.92392e-05
-3 -1 4.53999e-05
-3 -0.8 6.50731e-05
-3 -0.6 8.61001e-05
-3 -0.4 0.000105163
-3 -0.2 0.000118571
-3 0 0.00012341
-3 0.2 0.000118571
-3 0.4 0.000105163
-3 0.6 8.61001e-05
-3 0.8 6.50731e-05
-3 1 4.53999e-05
-3 1.2 2.92392e-05
-3 1.4 1.73833e-05
-3 1.6 9.54016e-06
-3 1.8 4.83321e-06
-3 2 2.26033e-06
-3 2.2 9.75808e-07
-3 2.4 3.88878e-07
-3 2.6 1.4306e-07
-3 2.8 4.85826e-08

-2.88 -3 3.08416e-08
-2.88 -2.8 9.83828e-08
-2.88 -2.6 2.89706e-07
-2.88 -2.4 7.87502e-07
-2.88 -2.2 1.97607e-06
-2.88 -2 4.57731e-06
-2.88 -1.8 9.78754e-06
-2.88 -1.6 1.93194e-05
-2.88 -1.4 3.52023e-05
-2.88 -1.2 5.92112e-05
-2.88 -1 9.19376e-05
-2.88 -0.8 0.000131777
-2.88 -0.6 0.000174358
-2.88 -0.4 0.000212961
-2.88 -0.2 0.000240113
-2.88 0 0.000249912
-2.88 0.2 0.000240113
-2.88 0.4 0.000212961
-2.88 0.6 0.000174358
-2.88 0.8 0.000131777
-2.88 1 9.19376e-05
-2.88 1.2 5.92112e-05
-2.88 1.4 3.52023e-05
-2.88 1.6 1.93194e-05
-2.88 1.8 9.78754e-06
-2.88 2 4.57731e-06
-2.88 2.2 1.97607e-06
-2.88 2.4 7.87502e-07
-2.88 2.6 2.89706e-07
-2.88 2.8 9.83828e-08

-2.76 -3 6.06831e-08
-2.76 -2.8 1.93575e-07
-2.76 -2.6 5.70017e-07
-2.76 -2.4 1.54947e-06
-2.76 -2.2 3.88806e-06
-2.76 -2 9.00618e-06
-2.76 -1.8 1.92577e-05
-2.76 -1.6 3.80123e-05
-2.76 -1.4 6.9263e-05
-2.76 -1.2 0.000116502
-2.76 -1 0.000180894
-2.76 -0.8 0.000259281
-2.76 -0.6 0.000343062
-2.76 -0.4 0.000419017
-2.76 -0.2 0.00047244
-2.76 0 0.000491721
-2.76 0.2 0.00047244
-2.76 0.4 0.000419017
-2.76 0.6 0.000343062
-2.76 0.8 0.000259281
-2.76 1 0.000180894
-2.76 1.2 0.000116502
-2.76 1.4 6.9263e-05
-2.76 1.6 3.80123e-05
-2.76 1.8 1.92577e-05
-2.76 2 9.00618e-06
-2.76 2.2 3.88806e-06
-2.76 2.4 1.54947e-06
-2.76 2.6 5.70017e-07
-2.76 2.8 1.93575e-07

-2.64 -3 1.16009e-07
-2.64 -2.8 3.7006e-07
-2.64 -2.6 1.08971e-06
-2.64 -2.4 2.96214e-06
-2.64 -2.2 7.43286e-06
-2.64 -2 1.72172e-05
-2.64 -1.8 3.68152e-05
-2.64 -1.6 7.26687e-05
-2.64 -1.4 0.000132411
-2.64 -1.2 0.000222719
-2.64 -1 0.000345817
-2.64 -0.8 0.00049567
-2.64 -0.6 0.000655836
-2.64 -0.4 0.00080104
-2.64 -0.2 0.00090317
-2.64 0 0.000940029
-2.64 0.2 0.00090317
-2.64 0.4 0.00080104
-2.64 0.6 0.000655836
-2.64 0.8 0.00049567
-2.64 1 0.000345817
-2.64 1.2 0.000222719
-2.64 1.4 0.000132411
-2.64 1.6 7.26687e-05
-2.64 1.8 3.68152e-05
-2.64 2 1.72172e-05
-2.64 2.2 7.43286e-06
-2.64 2.4 2.96214e-06
-2.64 2.6 1.08971e-06
-2.64 2.8 3.7006e-07

-2.52 -3 2.1548e-07
-2.52 -2.8 6.87365e-07
-2.52 -2.6 2.02407e-06
-2.52 -2.4 5.50199e-06
-2.52 -2.2 1.38061e-05
-2.52 -2 3.198e-05
-2.52 -1.8 6.83821e-05
-2.52 -1.6 0.000134978
-2.52 -1.4 0.000245946
-2.52 -1.2 0.000413687
-2.52 -1 0.000642335
-2.52 -0.8 0.000920678
-2.52 -0.6 0.00121818
-2.52 -0.4 0.00148788
-2.52 -0.2 0.00167759
-2.52 0 0.00174605
-2.52 0.2 0.00167759
-2.52 0.4 0.00148788
-2.52 0.6 0.00121818
-2.52 0.8 0.000920678
-2.52 1 0.000642335
-2.52 1.2 0.000413687
-2.52 1.4 0.000245946
-2.52 1.6 0.000134978
-2.52 1.8 6.83821e-05
-2.52 2 3.198e-05
-2.52 2.2 1.38061e-05
-2.52 2.4 5.50199e-06
-2.52 2.6 2.02407e-06
-2.52 2.8 6.87365e-07

-2.4 -3 3.88878e-07
-2.4 -2.8 1.2405e-06
-2.4 -2.6 3.65286e-06
-2.4 -2.4 9.9295e-06
-2.4 -2.2 2.4916e-05
-2.4 -2 5.77146e-05
-2.4 -1.8 0.00012341
-2.4 -1.6 0.000243596
-2.4 -1.4 0.000443861
-2.4 -1.2 0.000746586
-2.4 -1 0.00115923
-2.4 -0.8 0.00166156
-2.4 -0.6 0.00219846
-2.4 -0.4 0.0026852
-2.4 -0.2 0.00302755
-2.4 0 0.00315111
-2.4 0.2 0.00302755
-2.4 0.4 0.0026852
-2.4 0.6 0.00219846
-2.4 0.8 0.00166156
-2.4 1 0.00115923
-2.4 1.2 0.000746586
-2.4 1.4 0.000443861
-2.4 1.6 0.000243596
-2.4 1.8 0.00012341
-2.4 2 5.77146e-05
-2.4 2.2 2.4916e-05
-2.4 2.4 9.9295e-06
-2.4 2.6 3.65286e-06
-2.4 2.8 1.2405e-06

-2.28 -3 6.81888e-07
-2.28 -2.8 2.17518e-06
-2.28 -2.6 6.4052e-06
-2.28 -2.4 1.74111e-05
-2.28 -2.2 4.36896e-05
-2.28 -2 0.000101201
-2.28 -1.8 0.000216396
-2.28 -1.6 0.000427139
-2.28 -1.4 0.000778299
-2.28 -1.2 0.00130912
-2.28 -1 0.00203268
-2.28 -0.8 0.0029135
-2.28 -0.6 0.00385494
-2.28 -0.4 0.00470843
-2.28 -0.2 0.00530874
-2.28 0 0.0055254
-2.28 0.2 0.00530874
-2.28 0.4 0.00470843
-2.28 0.6 0.00385494
-2.28 0.8 0.0029135
-2.28 1 0.00203268
-2.28 1.2 0.00130912
-2.28 1.4 0.000778299
-2.28 1.6 0.000427139
-2.28 1.8 0.000216396
-2.28 2 0.000101201
-2.28 2.2 4.36896e-05
-2.28 2.4 1.74111e-05
-2.28 2.6 6.4052e-06
-2.28 2.8 2.17518e-06

-2.16 -3 1.16173e-06
-2.16 -2.8 3.70584e-06
-2.16 -2.6 1.09125e-05
-2.16 -2.4 2.96633e-05
-2.16 -2.2 7.44338e-05
-2.16 -2 0.000172416
-2.16 -1.8 0.000368673
-2.16 -1.6 0.000727716
-2.16 -1.4 0.00132598
-2.16 -1.2 0.00223034
-2.16 -1 0.00346307
-2.16 -0.8 0.00496372
-2.16 -0.6 0.00656764
-2.16 -0.4 0.00802174
-2.16 -0.2 0.00904449
-2.16 0 0.0094136
-2.16 0.2 0.00904449
-2.16 0.4 0.00802174
-2.16 0.6 0.00656764
-2.16 0.8 0.00496372
-2.16 1 0.00346307
-2.16 1.2 0.00223034
-2.16 1.4 0.00132598
-2.16 1.6 0.000727716
-2.16 1.8 0.000368673
-2.16 2 0.000172416
-2.16 2.2 7.44338e-05
-2.16 2.4 2.96633e-05
-2.16 2.6 1.09125e-05
-2.16 2.8 3.70584e-06

-2.04 -3 1.92305e-06
-2.04 -2.8 6.13439e-06
-2.04 -2.6 1.80638e-05
-2.04 -2.4 4.91025e-05
-2.04 -2.2 0.000123213
-2.04 -2 0.000285405
-2.04 -1.8 0.000610276
-2.04 -1.6 0.00120461
-2.04 -1.4 0.00219494
-2.04 -1.2 0.00369195
-2.04 -1 0.00573252
-2.04 -0.8 0.00821659
-2.04 -0.6 0.0108716
-2.04 -0.4 0.0132786
-2.04 -0.2 0.0149716
-2.04 0 0.0155826
-2.04 0.2 0.0149716
-2.04 0.4 0.0132786
-2.04 0.6 0.0108716
-2.04 0.8 0.00821659
-2.04 1 0.00573252
-2.04 1.2 0.00369195
-2.04 1.4 0.00219494
-2.04 1.6 0.00120461
-2.04 1.8 0.000610276
-2.04 2 0.000285405
-2.04 2.2 0.000123213
-2.04 2.4 4.91025e-05
-2.04 2.6 1.80638e-05
-2.04 2.8 6.13439e-06

-1.92 -3 3.0929e-06
-1.92 -2.8 9.86616e-06
-1.92 -2.6 2.90527e-05
-1.92 -2.4 7.89734e-05
-1.92 -2.2 0.000198167
-1.92 -2 0.000459028
-1.92 -1.8 0.000981528
-1.92 -1.6 0.00193742
-1.92 -1.4 0.0035302
-1.92 -1.2 0.0059379
-1.92 -1 0.00921982
-1.92 -0.8 0.013215
-1.92 -0.6 0.0174852
-1.92 -0.4 0.0213565
-1.92 -0.2 0.0240794
-1.92 0 0.0250621
-1.92 0.2 0.0240794
-1.92 0.4 0.0213565
-1.92 0.6 0.0174852
-1.92 0.8 0.013215
-1.92 1 0.00921982
-1.92 1.2 0.0059379
-1.92 1.4 0.0035302
-1.92 1.6 0.00193742
-1.92 1.8 0.000981528
-1.92 2 0.000459028
-1.92 2.2 0.000198167
-1.92 2.4 7.89734e-05
-1.92 2.6 2.90527e-05
-1.92 2.8 9.86616e-06

-1.8 -3 4.83321e-06
-1.8 -2.8 1.54176e-05
-1.8 -2.6 4.53999e-05
-1.8 -2.4 0.00012341
-1.8 -2.2 0.000309671
-1.8 -2 0.000717312
-1.8 -1.8 0.00153381
-1.8 -1.6 0.00302755
-1.8 -1.4 0.00551656
-1.8 -1.2 0.00927901
-1.8 -1 0.0144076
-1.8 -0.8 0.0206508
-1.8 -0.6 0.0273237
-1.8 -0.4 0.0333733
-1.8 -0.2 0.0376283
-1.8 0 0.0391639
-1.8 0.2 0.0376283
-1.8 0.4 0.0333733
-1.8 0.6 0.0273237
-1.8 0.8 0.0206508
-1.8 1 0.0144076
-1.8 1.2 0.00927901
-1.8 1.4 0.00551656
-1.8 1.6 0.00302755
-1.8 1.8 0.00153381
-1.8 2 0.000717312
-1.8 2.2 0.000309671
-1.8 2.4 0.00012341
-1.8 2.6 4.53999e-05
-1.8 2.8 1.54176e-05

-1.68 -3 7.33832e-06
-1.68 -2.8 2.34088e-05
-1.68 -2.6 6.89313e-05
-1.68 -2.4 0.000187375
-1.68 -2.2 0.000470178
-1.68 -2 0.0010891
-1.68 -1.8 0.00232881
-1.68 -1.6 0.00459678
-1.68 -1.4 0.00837587
-1.68 -1.2 0.0140884
-1.68 -1 0.0218752
-1.68 -0.8 0.0313544
-1.68 -0.6 0.041486
-1.68 -0.4 0.0506711
-1.68 -0.2 0.0571315
-1.68 0 0.0594631
-1.68 0.2 0.0571315
-1.68 0.4 0.0506711
-1.68 0.6 0.041486
-1.68 0.8 0.0313544
-1.68 1 0.0218752
-1.68 1.2 0.0140884
-1.68 1.4 0.00837587
-1.68 1.6 0.00459678
-1.68 1.8 0.00232881
-1.68 2 0.0010891
-1.68 2.2 0.000470178
-1.68 2.4 0.000187375
-1.68 2.6 6.89313e-05
-1.68 2.8 2.34088e-05

-1.56 -3 1.08256e-05
-1.56 -2.8 3.45328e-05
-1.56 -2.6 0.000101688
-1.56 -2.4 0.000276417
-1.56 -2.2 0.00069361
-1.56 -2 0.00160666
-1.56 -1.8 0.00343548
-1.56 -1.6 0.00678121
-1.56 -1.4 0.0123562
-1.56 -1.2 0.0207834
-1.56 -1 0.0322706
-1.56 -0.8 0.0462543
-1.56 -0.6 0.0612005
-1.56 -0.4 0.0747505
-1.56 -0.2 0.0842809
-1.56 0 0.0877205
-1.56 0.2 0.0842809
-1.56 0.4 0.0747505
-1.56 0.6 0.0612005
-1.56 0.8 0.0462543
-1.56 1 0.0322706
-1.56 1.2 0.0207834
-1.56 1.4 0.0123562
-1.56 1.6 0.00678121
-1.56 1.8 0.00343548
-1.56 2 0.00160666
-1.56 2.2 0.00069361
-1.56 2.4 0.000276417
-1.56 2.6 0.000101688
-1.56 2.8 3.45328e-05

-1.44 -3 1.55166e-05
-1.44 -2.8 4.94969e-05
-1.44 -2.6 0.000145753
-1.44 -2.4 0.000396197
-1.44 -2.2 0.000994172
-1.44 -2 0.00230287
-1.44 -1.8 0.00492417
-1.44 -1.6 0.00971971
-1.44 -1.4 0.0177105
-1.44 -1.2 0.0297895
-1.44 -1 0.0462543
-1.44 -0.8 0.0662977
-1.44 -0.6 0.0877205
-1.44 -0.4 0.107142
-1.44 -0.2 0.120802
-1.44 0 0.125732
-1.44 0.2 0.120802
-1.44 0.4 0.107142
-1.44 0.6 0.0877205
-1.44 0.8 0.0662977
-1.44 1 0.0462543
-1.44 1.2 0.0297895
-1.44 1.4 0.0177105
-1.44 1.6 0.00971971
-1.44 1.8 0.00492417
-1.44 2 0.00230287
-1.44 2.2 0.000994172
-1.44 2.4 0.000396197
-1.44 2.6 0.000145753
-1.44 2.8 4.94969e-05

-1.32 -3 2.1609e-05
-1.32 -2.8 6.89313e-05
-1.32 -2.6 0.000202981
-1.32 -2.4 0.000551759
-1.32 -2.2 0.00138452
-1.32 -2 0.00320706
-1.32 -1.8 0.00685758
-1.32 -1.6 0.013536
-1.32 -1.4 0.0246643
-1.32 -1.2 0.041486
-1.32 -1 0.0644156
-1.32 -0.8 0.0923287
-1.32 -0.6 0.122163
-1.32 -0.4 0.14921
-1.32 -0.2 0.168234
-1.32 0 0.1751
-1.32 0.2 0.168234
-1.32 0.4 0.14921
-1.32 0.6 0.122163
-1.32 0.8 0.0923287
-1.32 1 0.0644156
-1.32 1.2 0.041486
-1.32 1.4 0.0246643
-1.32 1.6 0.013536
-1.32 1.8 0.00685758
-1.32 2 0.00320706
-1.32 2.2 0.00138452
-1.32 2.4 0.000551759
-1.32 2.6 0.000202981
-1.32 2.8 6.89313e-05

-1.2 -3 2.92392e-05
-1.2 -2.8 9.32711e-05
-1.2 -2.6 0.000274654
-1.2 -2.4 0.000746586
-1.2 -2.2 0.0018734
-1.2 -2 0.00433948
-1.2 -1.8 0.00927901
-1.2 -1.6 0.0183156
-1.2 -1.4 0.0333733
-1.2 -1.2 0.0561348
-1.2 -1 0.0871609
-1.2 -0.8 0.12493
-1.2 -0.6 0.165299
-1.2 -0.4 0.201897
-1.2 -0.2 0.227638
-1.2 0 0.236928
-1.2 0.2 0.227638
-1.2 0.4 0.201897
-1.2 0.6 0.165299
-1.2 0.8 0.12493
-1.2 1 0.0871609
-1.2 1.2 0.0561348
-1.2 1.4 0.0333733
-1.2 1.6 0.0183156
-1.2 1.8 0.00927901
-1.2 2 0.00433948
-1.2 2.2 0.0018734
-1.2 2.4 0.000746586
-1.2 2.6 0.000274654
-1.2 2.8 9.32711e-05

-1.08 -3 3.84405e-05
-1.08 -2.8 0.000122623
-1.08 -2.6 0.000361084
-1.08 -2.4 0.000981528
-1.08 -2.2 0.00246294
-1.08 -2 0.00570507
-1.08 -1.8 0.012199
-1.08 -1.6 0.0240794
-1.08 -1.4 0.0438755
-1.08 -1.2 0.0737997
-1.08 -1 0.114589
-1.08 -0.8 0.164244
-1.08 -0.6 0.217317
-1.08 -0.4 0.265431
-1.08 -0.2 0.299273
-1.08 0 0.311486
-1.08 0.2 0.299273
-1.08 0.4 0.265431
-1.08 0.6 0.217317
-1.08 0.8 0.164244
-1.08 1 0.114589
-1.08 1.2 0.0737997
-1.08 1.4 0.0438755
-1.08 1.6 0.0240794
-1.08 1.8 0.012199
-1.08 2 0.00570507
-1.08 2.2 0.00246294
-1.08 2.4 0.000981528
-1.08 2.6 0.000361084
-1.08 2.8 0.000122623

-0.96 -3 4.91025e-05
-0.96 -2.8 0.000156634
-0.96 -2.6 0.000461236
-0.96 -2.4 0.00125377
-0.96 -2.2 0.00314607
-0.96 -2 0.00728746
-0.96 -1.8 0.0155826
-0.96 -1.6 0.0307582
-0.96 -1.4 0.056045
-0.96 -1.2 0.0942693
-0.96 -1 0.146373
-0.96 -0.8 0.2098
-0.96 -0.6 0.277593
-0.96 -0.4 0.339053
-0.96 -0.2 0.382281
-0.96 0 0.397882
-0.96 0.2 0.382281
-0.96 0.4 0.339053
-0.96 0.6 0.277593
-0.96 0.8 0.2098
-0.96 1 0.146373
-0.96 1.2 0.0942693
-0.96 1.4 0.056045
-0.96 1.6 0.0307582
-0.96 1.8 0.0155826
-0.96 2 0.00728746
-0.96 2.2 0.00314607
-0.96 2.4 0.00125377
-0.96 2.6 0.000461236
-0.96 2.8 0.000156634

-0.84 -3 6.09413e-05
-0.84 -2.8 0.000194399
-0.84 -2.6 0.000572442
-0.84 -2.4 0.00155606
-0.84 -2.2 0.0039046
-0.84 -2 0.00904449
-0.84 -1.8 0.0193396
-0.84 -1.6 0.038174
-0.84 -1.4 0.0695576
-0.84 -1.2 0.116998
-0.84 -1 0.181663
-0.84 -0.8 0.260383
-0.84 -0.6 0.344521
-0.84 -0.4 0.420799
-0.84 -0.2 0.47445
-0.84 0 0.493812
-0.84 0.2 0.47445
-0.84 0.4 0.420799
-0.84 0.6 0.344521
-0.84 0.8 0.260383
-0.84 1 0.181663
-0.84 1.2 0.116998
-0.84 1.4 0.0695576
-0.84 1.6 0.038174
-0.84 1.8 0.0193396
-0.84 2 0.00904449
-0.84 2.2 0.0039046
-0.84 2.4 0.00155606
-0.84 2.6 0.000572442
-0.84 2.8 0.000194399

-0.72 -3 7.34871e-05
-0.72 -2.8 0.000234419
-0.72 -2.6 0.000690289
-0.72 -2.4 0.0018764
-0.72 -2.2 0.00470843
-0.72 -2 0.0109065
-0.72 -1.8 0.023321
-0.72 -1.6 0.0460329
-0.72 -1.4 0.0838773
-0.72 -1.2 0.141084
-0.72 -1 0.219062
-0.72 -0.8 0.313988
-0.72 -0.6 0.415447
-0.72 -0.4 0.507428
-0.72 -0.2 0.572124
-0.72 0 0.595473
-0.72 0.2 0.572124
-0.72 0.4 0.507428
-0.72 0.6 0.415447
-0.72 0.8 0.313988
-0.72 1 0.219062
-0.72 1.2 0.141084
-0.72 1.4 0.0838773
-0.72 1.6 0.0460329
-0.72 1.8 0.023321
-0.72 2 0.0109065
-0.72 2.2 0.00470843
-0.72 2.4 0.0018764
-0.72 2.6 0.000690289
-0.72 2.8 0.000234419

-0.6 -3 8.61001e-05
-0.6 -2.8 0.000274654
-0.6 -2.6 0.000808767
-0.6 -2.4 0.00219846
-0.6 -2.2 0.00551656
-0.6 -2 0.0127784
-0.6 -1.8 0.0273237
-0.6 -1.6 0.0539337
-0.6 -1.4 0.0982736
-0.6 -1.2 0.165299
-0.6 -1 0.256661
-0.6 -0.8 0.367879
-0.6 -0.6 0.486752
-0.6 -0.4 0.594521
-0.6 -0.2 0.67032
-0.6 0 0.697676
-0.6 0.2 0.67032
-0.6 0.4 0.594521
-0.6 0.6 0.486752
-0.6 0.8 0.367879
-0.6 1 0.256661
-0.6 1.2 0.165299
-0.6 1.4 0.0982736
-0.6 1.6 0.0539337
-0.6 1.8 0.0273237
-0.6 2 0.0127784
-0.6 2.2 0.00551656
-0.6 2.4 0.00219846
-0.6 2.6 0.000808767
-0.6 2.8 0.000274654

-0.48 -3 9.8014e-05
-0.48 -2.8 0.000312658
-0.48 -2.6 0.000920678
-0.48 -2.4 0.00250266
-0.48 -2.2 0.00627991
-0.48 -2 0.0145466
-0.48 -1.8 0.0311046
-0.48 -1.6 0.0613967
-0.48 -1.4 0.111872
-0.48 -1.2 0.188172
-0.48 -1 0.292176
-0.48 -0.8 0.418784
-0.48 -0.6 0.554106
-0.48 -0.4 0.676786
-0.48 -0.2 0.763074
-0.48 0 0.794216
-0.48 0.2 0.763074
-0.48 0.4 0.676786
-0.48 0.6 0.554106
-0.48 0.8 0.418784
-0.48 1 0.292176
-0.48 1.2 0.188172
-0.48 1.4 0.111872
-0.48 1.6 0.0613967
-0.48 1.8 0.0311046
-0.48 2 0.0145466
-0.48 2.2 0.00627991
-0.48 2.4 0.00250266
-0.48 2.6 0.000920678
-0.48 2.8 0.000312658

-0.36 -3 0.000108409
-0.36 -2.8 0.000345817
-0.36 -2.6 0.00101832
-0.36 -2.4 0.00276808
-0.36 -2.2 0.00694593
-0.36 -2 0.0160893
-0.36 -1.8 0.0344034
-0.36 -1.6 0.0679081
-0.36 -1.4 0.123737
-0.36 -1.2 0.208128
-0.36 -1 0.323162
-0.36 -0.8 0.463198
-0.36 -0.6 0.612871
-0.36 -0.4 0.748563
-0.36 -0.2 0.844002
-0.36 0 0.878447
-0.36 0.2 0.844002
-0.36 0.4 0.748563
-0.36 0.6 0.612871
-0.36 0.8 0.463198
-0.36 1 0.323162
-0.36 1.2 0.208128
-0.36 1.4 0.123737
-0.36 1.6 0.0679081
-0.36 1.8 0.0344034
-0.36 2 0.0160893
-0.36 2.2 0.00694593
-0.36 2.4 0.00276808
-0.36 2.6 0.00101832
-0.36 2.8 0.000345817

-0.24 -3 0.000116502
-0.24 -2.8 0.000371634
-0.24 -2.6 0.00109434
-0.24 -2.4 0.00297474
-0.24 -2.2 0.00746448
-0.24 -2 0.0172905
-0.24 -1.8 0.0369718
-0.24 -1.6 0.0729778
-0.24 -1.4 0.132974
-0.24 -1.2 0.223666
-0.24 -1 0.347288
-0.24 -0.8 0.497779
-0.24 -0.6 0.658626
-0.24 -0.4 0.804447
-0.24 -0.2 0.907012
-0.24 0 0.944027
-0.24 0.2 0.907012
-0.24 0.4 0.804447
-0.24 0.6 0.658626
-0.24 0.8 0.497779
-0.24 1 0.347288
-0.24 1.2 0.223666
-0.24 1.4 0.132974
-0.24 1.6 0.0729778
-0.24 1.8 0.0369718
-0.24 2 0.0172905
-0.24 2.2 0.00746448
-0.24 2.4 0.00297474
-0.24 2.6 0.00109434
-0.24 2.8 0.000371634

-0.12 -3 0.000121645
-0.12 -2.8 0.000388041
-0.12 -2.6 0.00114266
-0.12 -2.4 0.00310606
-0.12 -2.2 0.00779401
-0.12 -2 0.0180538
-0.12 -1.8 0.038604
-0.12 -1.6 0.0761995
-0.12 -1.4 0.138845
-0.12 -1.2 0.23354
-0.12 -1 0.36262
-0.12 -0.8 0.519754
-0.12 -0.6 0.687702
-0.12 -0.4 0.839961
-0.12 -0.2 0.947053
-0.12 0 0.985703
-0.12 0.2 0.947053
-0.12 0.4 0.839961
-0.12 0.6 0.687702
-0.12 0.8 0.519754
-0.12 1 0.36262
-0.12 1.2 0.23354
-0.12 1.4 0.138845
-0.12 1.6 0.0761995
-0.12 1.8 0.038604
-0.12 2 0.0180538
-0.12 2.2 0.00779401
-0.12 2.4 0.00310606
-0.12 2.6 0.00114266
-0.12 2.8 0.000388041

0 -3 0.00012341
0 -2.8 0.000393669
0 -2.6 0.00115923
0 -2.4 0.00315111
0 -2.2 0.00790705
0 -2 0.0183156
0 -1.8 0.0391639
0 -1.6 0.0773047
0 -1.4 0.140858
0 -1.2 0.236928
0 -1 0.367879
0 -0.8 0.527292
0 -0.6 0.697676
0 -0.4 0.852144
0 -0.2 0.960789
0 0 1
0 0.2 0.960789
0 0.4 0.852144
0 0.6 0.697676
0 0.8 0.527292
0 1 0.367879
0 1.2 0.236928
0 1.4 0.140858
0 1.6 0.0773047
0 1.8 0.0391639
0 2 0.0183156
0 2.2 0.00790705
0 2.4 0.00315111
0 2.6 0.00115923
0 2.8 0.000393669

0.12 -3 0.000121645
0.12 -2.8 0.000388041
0.12 -2.6 0.00114266
0.12 -2.4 0.00310606
0.12 -2.2 0.00779401
0.12 -2 0.0180538
0.12 -1.8 0.038604
0.12 -1.6 0.0761995
0.12 -1.4 0.138845
0.12 -1.2 0.23354
0.12 -1 0.36262
0.12 -0.8 0.519754
0.12 -0.6 0.687702
0.12 -0.4 0.839961
0.12 -0.2 0.947053
0.12 0 0.985703
0.12 0.2 0.947053
0.12 0.4 0.839961
0.12 0.6 0.687702
0.12 0.8 0.519754
0.12 1 0.36262
0.12 1.2 0.23354
0.12 1.4 0.138845
0.12 1.6 0.0761995
0.12 1.8 0.038604
0.12 2 0.0180538
0.12 2.2 0.00779401
0.12 2.4 0.00310606
0.12 2.6 0.00114266
0.12 2.8 0.000388041

0.24 -3 0.000116502
0.24 -2.8 0.000371634
0.24 -2.6 0.00109434
0.24 -2.4 0.00297474
0.24 -2.2 0.00746448
0.24 -2 0.0172905
0.24 -1.8 0.0369718
0.24 -1.6 0.0729778
0.24 -1.4 0.132974
0.24 -1.2 0.223666
0.24 -1 0.347288
0.24 -0.8 0.497779
0.24 -0.6 0.658626
0.24 -0.4 0.804447
0.24 -0.2 0.907012
0.24 0 0.944027
0.24 0.2 0.907012
0.24 0.4 0.804447
0.24 0.6 0.658626
0.24 0.8 0.497779
0.24 1 0.347288
0.24 1.2 0.223666
0.24 1.4 0.132974
0.24 1.6 0.0729778
0.24 1.8 0.0369718
0.24 2 0.0172905
0.24 2.2 0.00746448
0.24 2.4 0.00297474
0.24 2.6 0.00109434
0.24 2.8 0.000371634

0.36 -3 0.000108409
0.36 -2.8 0.000345817
0.36 -2.6 0.00101832
0.36 -2.4 0.00276808
0.36 -2.2 0.00694593
0.36 -2 0.0160893
0.36 -1.8 0.0344034
0.36 -1.6 0.0679081
0.36 -1.4 0.123737
0.36 -1.2 0.208128
0.36 -1 0.323162
0.36 -0.8 0.463198
0.36 -0.6 0.612871
0.36 -0.4 0.748563
0.36 -0.2 0.844002
0.36 0 0.878447
0.36 0.2 0.844002
0.36 0.4 0.748563
0.36 0.6 0.612871
0.36 0.8 0.463198
0.36 1 0.323162
0.36 1.2 0.208128
0.36 1.4 0.123737
0.36 1.6 0.0679081
0.36 1.8 0.0344034
0.36 2 0.0160893
0.36 2.2 0.00694593
0.36 2.4 0.00276808
0.36 2.6 0.00101832
0.36 2.8 0.000345817

0.48 -3 9.8014e-05
0.48 -2.8 0.000312658
0.48 -2.6 0.000920678
0.48 -2.4 0.00250266
0.48 -2.2 0.00627991
0.48 -2 0.0145466
0.48 -1.8 0.0311046
0.48 -1.6 0.0613967
0.48 -1.4 0.111872
0.48 -1.2 0.188172
0.48 -1 0.292176
0.48 -0.8 0.418784
0.48 -0.6 0.554106
0.48 -0.4 0.676786
0.48 -0.2 0.763074
0.48 0 0.794216
0.48 0.2 0.763074
0.48 0.4 0.676786
0.48 0.6 0.554106
0.48 0.8 0.418784
0.48 1 0.292176
0.48 1.2 0.188172
0.48 1.4 0.111872
0.48 1.6 0.0613967
0.48 1.8 0.0311046
0.48 2 0.0145466
0.48 2.2 0.00627991
0.48 2.4 0.00250266
0.48 2.6 0.000920678
0.48 2.8 0.000312658

0.6 -3 8.61001e-05
0.6 -2.8 0.000274654
0.6 -2.6 0.000808767
0.6 -2.4 0.00219846
0.6 -2.2 0.00551656
0.6 -2 0.0127784
0.6 -1.8 0.0273237
0.6 -1.6 0.0539337
0.6 -1.4 0.0982736
0.6 -1.2 0.165299
0.6 -1 0.256661
0.6 -0.8 0.367879
0.6 -0.6 0.486752
0.6 -0.4 0.594521
0.6 -0.2 0.67032
0.6 0 0.697676
0.6 0.2 0.67032
0.6 0.4 0.594521
0.6 0.6 0.486752
0.6 0.8 0.367879
0.6 1 0.256661
0.6 1.2 0.165299
0.6 1.4 0.0982736
0.6 1.6 0.0539337
0.6 1.8 0.0273237
0.6 2 0.0127784
0.6 2.2 0.00551656
0.6 2.4 0.00219846
0.6 2.6 0.000808767
0.6 2.8 0.000274654

0.72 -3 7.34871e-05
0.72 -2.8 0.000234419
0.72 -2.6 0.000690289
0.72 -2.4 0.0018764
0.72 -2.2 0.00470843
0.72 -2 0.0109065
0.72 -1.8 0.023321
0.72 -1.6 0.0460329
0.72 -1.4 0.0838773
0.72 -1.2 0.141084
0.72 -1 0.219062
0.72 -0.8 0.313988
0.72 -0.6 0.415447
0.72 -0.4 0.507428
0.72 -0.2 0.572124
0.72 0 0.595473
0.72 0.2 0.572124
0.72 0.4 0.507428
0.72 0.6 0.415447
0.72 0.8 0.313988
0.72 1 0.219062
0.72 1.2 0.141084
0.72 1.4 0.0838773
0.72 1.6 0.0460329
0.72 1.8 0.023321
0.72 2 0.0109065
0.72 2.2 0.00470843
0.72 2.4 0.0018764
0.72 2.6 0.000690289
0.72 2.8 0.000234419

0.84 -3 6.09413e-05
0.84 -2.8 0.000194399
0.84 -2.6 0.000572442
0.84 -2.4 0.00155606
0.84 -2.2 0.0039046
0.84 -2 0.00904449
0.84 -1.8 0.0193396
0.84 -1.6 0.038174
0.84 -1.4 0.0695576
0.84 -1.2 0.116998
0.84 -1 0.181663
0.84 -0.8 0.260383
0.84 -0.6 0.344521
0.84 -0.4 0.420799
0.84 -0.2 0.47445
0.84 0 0.493812
0.84 0.2 0.47445
0.84 0.4 0.420799
0.84 0.6 0.344521
0.84 0.8 0.260383
0.84 1 0.181663
0.84 1.2 0.116998
0.84 1.4 0.0695576
0.84 1.6 0.038174
0.84 1.8 0.0193396
0.84 2 0.00904449
0.84 2.2 0.0039046
0.84 2.4 0.00155606
0.84 2.6 0.000572442
0.84 2.8 0.000194399

0.96 -3 4.91025e-05
0.96 -2.8 0.000156634
0.96 -2.6 0.000461236
0.96 -2.4 0.00125377
0.96 -2.2 0.00314607
0.96 -2 0.00728746
0.96 -1.8 0.0155826
0.96 -1.6 0.0307582
0.96 -1.4 0.056045
0.96 -1.2 0.0942693
0.96 -1 0.146373
0.96 -0.8 0.2098
0.96 -0.6 0.277593
0.96 -0.4 0.339053
0.96 -0.2 0.382281
0.96 0 0.397882
0.96 0.2 0.382281
0.96 0.4 0.339053
0.96 0.6 0.277593
0.96 0.8 0.2098
0.96 1 0.146373
0.96 1.2 0.0942693
0.96 1.4 0.056045
0.96 1.6 0.0307582
0.96 1.8 0.0155826
0.96 2 0.00728746
0.96 2.2 0.00314607
0.96 2.4 0.00125377
0.96 2.6 0.000461236
0.96 2.8 0.000156634

1.08 -3 3.84405e-05
1.08 -2.8 0.000122623
1.08 -2.6 0.000361084
1.08 -2.4 0.000981528
1.08 -2.2 0.00246294
1.08 -2 0.00570507
1.08 -1.8 0.012199
1.08 -1.6 0.0240794
1.08 -1.4 0.0438755
1.08 -1.2 0.0737997
1.08 -1 0.114589
1.08 -0.8 0.164244
1.08 -0.6 0.217317
1.08 -0.4 0.265431
1.08 -0.2 0.299273
1.08 0 0.311486
1.08 0.2 0.299273
1.08 0.4 0.265431
1.08 0.6 0.217317
1.08 0.8 0.164244
1.08 1 0.114589
1.08 1.2 0.0737997
1.08 1.4 0.0438755
1.08 1.6 0.0240794
1.08 1.8 0.012199
1.08 2 0.00570507
1.08 2.2 0.00246294
1.08 2.4 0.000981528
1.08 2.6 0.000361084
1.08 2.8 0.000122623

1.2 -3 2.92392e-05
1.2 -2.8 9.32711e-05
1.2 -2.6 0.000274654
1.2 -2.4 0.000746586
1.2 -2.2 0.0018734
1.2 -2 0.00433948
1.2 -1.8 0.00927901
1.2 -1.6 0.0183156
1.2 -1.4 0.0333733
1.2 -1.2 0.0561348
1.2 -1 0.0871609
1.2 -0.8 0.12493
1.2 -0.6 0.165299
1.2 -0.4 0.201897
1.2 -0.2 0.227638
1.2 0 0.236928
1.2 0.2 0.227638
1.2 0.4 0.201897
1.2 0.6 0.165299
1.2 0.8 0.12493
1.2 1 0.0871609
1.2 1.2 0.0561348
1.2 1.4 0.0333733
1.2 1.6 0.0183156
1.2 1.8 0.00927901
1.2 2 0.00433948
1.2 2.2 0.0018734
1.2 2.4 0.000746586
1.2 2.6 0.000274654
1.2 2.8 9.32711e-05

1.32 -3 2.1609e-05
1.32 -2.8 6.89313e-05
1.32 -2.6 0.000202981
1.32 -2.4 0.000551759
1.32 -2.2 0.00138452
1.32 -2 0.00320706
1.32 -1.8 0.00685758
1.32 -1.6 0.013536
1.32 -1.4 0.0246643
1.32 -1.2 0.041486
1.32 -1 0.0644156
1.32 -0.8 0.0923287
1.32 -0.6 0.122163
1.32 -0.4 0.14921
1.32 -0.2 0.168234
1.32 0 0.1751
1.32 0.2 0.168234
1.32 0.4 0.14921
1.32 0.6 0.122163
1.32 0.8 0.0923287
1.32 1 0.0644156
1.32 1.2 0.041486
1.32 1.4 0.0246643
1.32 1.6 0.013536
1.32 1.8 0.00685758
1.32 2 0.00320706
1.32 2.2 0.00138452
1.32 2.4 0.000551759
1.32 2.6 0.000202981
1.32 2.8 6.89313e-05

1.44 -3 1.55166e-05
1.44 -2.8 4.94969e-05
1.44 -2.6 0.000145753
1.44 -2.4 0.000396197
1.44 -2.2 0.000994172
1.44 -2 0.00230287
1.44 -1.8 0.00492417
1.44 -1.6 0.00971971
1.44 -1.4 0.0177105
1.44 -1.2 0.0297895
1.44 -1 0.0462543
1.44 -0.8 0.0662977
1.44 -0.6 0.0877205
1.44 -0.4 0.107142
1.44 -0.2 0.120802
1.44 0 0.125732
1.44 0.2 0.120802
1.44 0.4 0.107142
1.44 0.6 0.0877205
1.44 0.8 0.0662977
1.44 1 0.0462543
1.44 1.2 0.0297895
1.44 1.4 0.0177105
1.44 1.6 0.00971971
1.44 1.8 0.00492417
1.44 2 0.00230287
1.44 2.2 0.000994172
1.44 2.4 0.000396197
1.44 2.6 0.000145753
1.44 2.8 4.94969e-05

1.56 -3 1.08256e-05
1.56 -2.8 3.45328e-05
1.56 -2.6 0.000101688
1.56 -2.4 0.000276417
1.56 -2.2 0.00069361
1.56 -2 0.00160666
1.56 -1.8 0.00343548
1.56 -1.6 0.00678121
1.56 -1.4 0.0123562
1.56 -1.2 0.0207834
1.56 -1 0.0322706
1.56 -0.8 0.0462543
1.56 -0.6 0.0612005
1.56 -0.4 0.0747505
1.56 -0.2 0.0842809
1.56 0 0.0877205
1.56 0.2 0.0842809
1.56 0.4 0.0747505
1.56 0.6 0.0612005
1.56 0.8 0.0462543
1.56 1 0.0322706
1.56 1.2 0.0207834
1.56 1.4 0.0123562
1.56 1.6 0.00678121
1.56 1.8 0.00343548
1.56 2 0.00160666
1.56 2.2 0.00069361
1.56 2.4 0.000276417
1.56 2.6 0.000101688
1.56 2.8 3.45328e-05

1.68 -3 7.33832e-06
1.68 -2.8 2.34088e-05
1.68 -2.6 6.89313e-05
1.68 -2.4 0.000187375
1.68 -2.2 0.000470178
1.68 -2 0.0010891
1.68 -1.8 0.00232881
1.68 -1.6 0.00459678
1.68 -1.4 0.00837587
1.68 -1.2 0.0140884
1.68 -1 0.0218752
1.68 -0.8 0.0313544
1.68 -0.6 0.041486
1.68 -0.4 0.0506711
1.68 -0.2 0.0571315
1.68 0 0.0594631
1.68 0.2 0.0571315
1.68 0.4 0.0506711
1.68 0.6 0.041486
1.68 0.8 0.0313544
1.68 1 0.0218752
1.68 1.2 0.0140884
1.68 1.4 0.00837587
1.68 1.6 0.00459678
1.68 1.8 0.00232881
1.68 2 0.0010891
1.68 2.2 0.000470178
1.68 2.4 0.000187375
1.68 2.6 6.89313e-05
1.68 2.8 2.34088e-05

1.8 -3 4.83321e-06
1.8 -2.8 1.54176e-05
1.8 -2.6 4.53999e-05
1.8 -2.4 0.00012341
1.8 -2.2 0.000309671
1.8 -2 0.000717312
1.8 -1.8 0.00153381
1.8 -1.6 0.00302755
1.8 -1.4 0.00551656
1.8 -1.2 0.00927901
1.8 -1 0.0144076
1.8 -0.8 0.0206508
1.8 -0.6 0.0273237
1.8 -0.4 0.0333733
1.8 -0.2 0.0376283
1.8 0 0.0391639
1.8 0.2 0.0376283
1.8 0.4 0.0333733
1.8 0.6 0.0273237
1.8 0.8 0.0206508
1.8 1 0.0144076
1.8 1.2 0.00927901
1.8 1.4 0.00551656
1.8 1.6 0.00302755
1.8 1.8 0.00153381
1.8 2 0.000717312
1.8 2.2 0.000309671
1.8 2.4 0.00012341
1.8 2.6 4.53999e-05
1.8 2.8 1.54176e-05

1.92 -3 3.0929e-06
1.92 -2.8 9.86616e-06
1.92 -2.6 2.90527e-05
1.92 -2.4 7.89734e-05
1.92 -2.2 0.000198167
1.92 -2 0.000459028
1.92 -1.8 0.000981528
1.92 -1.6 0.00193742
1.92 -1.4 0.0035302
1.92 -1.2 0.0059379
1.92 -1 0.00921982
1.92 -0.8 0.013215
1.92 -0.6 0.0174852
1.92 -0.4 0.0213565
1.92 -0.2 0.0240794
1.92 0 0.0250621
1.92 0.2 0.0240794
1.92 0.4 0.0213565
1.92 0.6 0.0174852
1.92 0.8 0.013215
1.92 1 0.00921982
1.92 1.2 0.0059379
1.92 1.4 0.0035302
1.92 1.6 0.00193742
1.92 1.8 0.000981528
1.92 2 0.000459028
1.92 2.2 0.000198167
1.92 2.4 7.89734e-05
1.92 2.6 2.90527e-05
1.92 2.8 9.86616e-06

2.04 -3 1.92305e-06
2.04 -2.8 6.13439e-06
2.04 -2.6 1.80638e-05
2.04 -2.4 4.91025e-05
2.04 -2.2 0.000123213
2.04 -2 0.000285405
2.04 -1.8 0.000610276
2.04 -1.6 0.00120461
2.04 -1.4 0.00219494
2.04 -1.2 0.00369195
2.04 -1 0.00573252
2.04 -0.8 0.00821659
2.04 -0.6 0.0108716
2.04 -0.4 0.0132786
2.04 -0.2 0.0149716
2.04 0 0.0155826
2.04 0.2 0.0149716
2.04 0.4 0.0132786
2.04 0.6 0.0108716
2.04 0.8 0.00821659
2.04 1 0.00573252
2.04 1.2 0.00369195
2.04 1.4 0.00219494
2.04 1.6 0.00120461
2.04 1.8 0.000610276
2.04 2 0.000285405
2.04 2.2 0.000123213
2.04 2.4 4.91025e-05
2.04 2.6 1.80638e-05
2.04 2.8 6.13439e-06

2.16 -3 1.16173e-06
2.16 -2.8 3.70584e-06
2.16 -2.6 1.09125e-05
2.16 -2.4 2.96633e-05
2.16 -2.2 7.44338e-05
2.16 -2 0.000172416
2.16 -1.8 0.000368673
2.16 -1.6 0.000727716
2.16 -1.4 0.00132598
2.16 -1.2 0.00223034
2.16 -1 0.00346307
2.16 -0.8 0.00496372
2.16 -0.6 0.00656764
2.16 -0.4 0.00802174
2.16 -0.2 0.00904449
2.16 0 0.0094136
2.16 0.2 0.00904449
2.16 0.4 0.00802174
2.16 0.6 0.00656764
2.16 0.8 0.00496372
2.16 1 0.00346307
2.16 1.2 0.00223034
2.16 1.4 0.00132598
2.16 1.6 0.000727716
2.16 1.8 0.000368673
2.16 2 0.000172416
2.16 2.2 7.44338e-05
2.16 2.4 2.96633e-05
2.16 2.6 1.09125e-05
2.16 2.8 3.70584e-06

2.28 -3 6.81888e-07
2.28 -2.8 2.17518e-06
2.28 -2.6 6.4052e-06
2.28 -2.4 1.74111e-05
2.28 -2.2 4.36896e-05
2.28 -2 0.000101201
2.28 -1.8 0.000216396
2.28 -1.6 0.000427139
2.28 -1.4 0.000778299
2.28 -1.2 0.00130912
2.28 -1 0.00203268
2.28 -0.8 0.0029135
2.28 -0.6 0.00385494
2.28 -0.4 0.00470843
2.28 -0.2 0.00530874
2.28 0 0.0055254
2.28 0.2 0.00530874
2.28 0.4 0.00470843
2.28 0.6 0.00385494
2.28 0.8 0.0029135
2.28 1 0.00203268
2.28 1.2 0.00130912
2.28 1.4 0.000778299
2.28 1.6 0.000427139
2.28 1.8 0.000216396
2.28 2 0.000101201
2.28 2.2 4.36896e-05
2.28 2.4 1.74111e-05
2.28 2.6 6.4052e-06
2.28 2.8 2.17518e-06

2.4 -3 3.88878e-07
2.4 -2.8 1.2405e-06
2.4 -2.6 3.65286e-06
2.4 -2.4 9.9295e-06
2.4 -2.2 2.4916e-05
2.4 -2 5.77146e-05
2.4 -1.8 0.00012341
2.4 -1.6 0.000243596
2.4 -1.4 0.000443861
2.4 -1.2 0.000746586
2.4 -1 0.00115923
2.4 -0.8 0.00166156
2.4 -0.6 0.00219846
2.4 -0.4 0.0026852
2.4 -0.2 0.00302755
2.4 0 0.00315111
2.4 0.2 0.00302755
2.4 0.4 0.0026852
2.4 0.6 0.00219846
2.4 0.8 0.00166156
2.4 1 0.00115923
2.4 1.2 0.000746586
2.4 1.4 0.000443861
2.4 1.6 0.000243596
2.4 1.8 0.00012341
2.4 2 5.77146e-05
2.4 2.2 2.4916e-05
2.4 2.4 9.9295e-06
2.4 2.6 3.65286e-06
2.4 2.8 1.2405e-06

2.52 -3 2.1548e-07
2.52 -2.8 6.87365e-07
2.52 -2.6 2.02407e-06
2.52 -2.4 5.50199e-06
2.52 -2.2 1.38061e-05
2.52 -2 3.198e-05
2.52 -1.8 6.83821e-05
2.52 -1.6 0.000134978
2.52 -1.4 0.000245946
2.52 -1.2 0.000413687
2.52 -1 0.000642335
2.52 -0.8 0.000920678
2.52 -0.6 0.00121818
2.52 -0.4 0.00148788
2.52 -0.2 0.00167759
2.52 0 0.00174605
2.52 0.2 0.00167759
2.52 0.4 0.00148788
2.52 0.6 0.00121818
2.52 0.8 0.000920678
2.52 1 0.000642335
2.52 1.2 0.000413687
2.52 1.4 0.000245946
2.52 1.6 0.000134978
2.52 1.8 6.83821e-05
2.52 2 3.198e-05
2.52 2.2 1.38061e-05
2.52 2.4 5.50199e-06
2.52 2.6 2.02407e-06
2.52 2.8 6.87365e-07

2.64 -3 1.16009e-07
2.64 -2.8 3.7006e-07
2.64 -2.6 1.08971e-06
2.64 -2.4 2.96214e-06
2.64 -2.2 7.43286e-06
2.64 -2 1.72172e-05
2.64 -1.8 3.68152e-05
2.64 -1.6 7.26687e-05
2.64 -1.4 0.000132411
2.64 -1.2 0.000222719
2.64 -1 0.000345817
2.64 -0.8 0.00049567
2.64 -0.6 0.000655836
2.64 -0.4 0.00080104
2.64 -0.2 0.00090317
2.64 0 0.000940029
2.64 0.2 0.00090317
2.64 0.4 0.00080104
2.64 0.6 0.000655836
2.64 0.8 0.00049567
2.64 1 0.000345817
2.64 1.2 0.000222719
2.64 1.4 0.000132411
2.64 1.6 7.26687e-05
2.64 1.8 3.68152e-05
2.64 2 1.72172e-05
2.64 2.2 7.43286e-06
2.64 2.4 2.96214e-06
2.64 2.6 1.08971e-06
2.64 2.8 3.7006e-07

2.76 -3 6.06831e-08
2.76 -2.8 1.93575e-07
2.76 -2.6 5.70017e-07
2.76 -2.4 1.54947e-06
2.76 -2.2 3.88806e-06
2.76 -2 9.00618e-06
2.76 -1.8 1.92577e-05
2.76 -1.6 3.80123e-05
2.76 -1.4 6.9263e-05
2.76 -1.2 0.000116502
2.76 -1 0.000180894
2.76 -0.8 0.000259281
2.76 -0.6 0.000343062
2.76 -0.4 0.000419017
2.76 -0.2 0.00047244
2.76 0 0.000491721
2.76 0.2 0.00047244
2.76 0.4 0.000419017
2.76 0.6 0.000343062
2.76 0.8 0.000259281
2.76 1 0.000180894
2.76 1.2 0.000116502
2.76 1.4 6.9263e-05
2.76 1.6 3.80123e-05
2.76 1.8 1.92577e-05
2.76 2 9.00618e-06
2.76 2.2 3.88806e-06
2.76 2.4 1.54947e-06
2.76 2.6 5.70017e-07
2.76 2.8 1.93575e-07

2.88 -3 3.08416e-08
2.88 -2.8 9.83828e-08
2.88 -2.6 2.89706e-07
2.88 -2.4 7.87502e-07
2.88 -2.2 1.97607e-06
2.88 -2 4.57731e-06
2.88 -1.8 9.78754e-06
2.88 -1.6 1.93194e-05
2.88 -1.4 3.52023e-05
2.88 -1.2 5.92112e-05
2.88 -1 9.19376e-05
2.88 -0.8 0.000131777
2.88 -0.6 0.000174358
2.88 -0.4 0.000212961
2.88 -0.2 0.000240113
2.88 0 0.000249912
2.88 0.2 0.000240113
2.88 0.4 0.000212961
2.88 0.6 0.000174358
2.88 0.8 0.000131777
2.88 1 9.19376e-05
2.88 1.2 5.92112e-05
2.88 1.4 3.52023e-05
2.88 1.6 1.93194e-05
2.88 1.8 9.78754e-06
2.88 2 4.57731e-06
2.88 2.2 1.97607e-06
2.88 2.4 7.87502e-07
2.88 2.6 2.89706e-07
2.88 2.8 9.83828e-08

