-3 -3 14416
-3 -2.8 13940
-3 -2.6 13472
-3 -2.4 13012
-3 -2.2 12560
-3 -2 12116
-3 -1.8 11680
-3 -1.6 11252
-3 -1.4 10832
-3 -1.2 10420
-3 -1 10016
-3 -0.8 9620
-3 -0.6 9232
-3 -0.4 8852
-3 -0.2 8480
-3 0 8116
-3 0.2 7760
-3 0.4 7412
-3 0.6 7072
-3 0.8 6740
-3 1 6416
-3 1.2 6100
-3 1.4 5792
-3 1.6 5492
-3 1.8 5200
-3 2 4916
-3 2.2 4640
-3 2.4 4372
-3 2.6 4112
-3 2.8 3860

-2.88 -3 12771.4
-2.88 -2.8 12323.6
-2.88 -2.6 11883.8
-2.88 -2.4 11452.1
-2.88 -2.2 11028.3
-2.88 -2 10612.5
-2.88 -1.8 10204.7
-2.88 -1.6 9804.97
-2.88 -1.4 9413.19
-2.88 -1.2 9029.42
-2.88 -1 8653.64
-2.88 -0.8 8285.87
-2.88 -0.6 7926.09
-2.88 -0.4 7574.31
-2.88 -0.2 7230.54
-2.88 0 6894.76
-2.88 0.2 6566.99
-2.88 0.4 6247.21
-2.88 0.6 5935.43
-2.88 0.8 5631.66
-2.88 1 5335.88
-2.88 1.2 5048.11
-2.88 1.4 4768.33
-2.88 1.6 4496.55
-2.88 1.8 4232.78
-2.88 2 3977
-2.88 2.2 3729.23
-2.88 2.4 3489.45
-2.88 2.6 3257.67
-2.88 2.8 3033.9

-2.76 -3 11287.5
-2.76 -2.8 10866.8
-2.76 -2.6 10454.1
-2.76 -2.4 10049.4
-2.76 -2.2 9652.66
-2.76 -2 9263.96
-2.76 -1.8 8883.26
-2.76 -1.6 8510.55
-2.76 -1.4 8145.85
-2.76 -1.2 7789.14
-2.76 -1 7440.44
-2.76 -0.8 7099.74
-2.76 -0.6 6767.03
-2.76 -0.4 6442.33
-2.76 -0.2 6125.62
-2.76 0 5816.92
-2.76 0.2 5516.22
-2.76 0.4 5223.51
-2.76 0.6 4938.81
-2.76 0.8 4662.1
-2.76 1 4393.4
-2.76 1.2 4132.7
-2.76 1.4 3879.99
-2.76 1.6 3635.29
-2.76 1.8 3398.58
-2.76 2 3169.88
-2.76 2.2 2949.18
-2.76 2.4 2736.47
-2.76 2.6 2531.77
-2.76 2.8 2335.06

-2.64 -3 9952.54
-2.64 -2.8 9557.76
-2.64 -2.6 9170.97
-2.64 -2.4 8792.19
-2.64 -2.2 8421.41
-2.64 -2 8058.62
-2.64 -1.8 7703.84
-2.64 -1.6 7357.05
-2.64 -1.4 7018.27
-2.64 -1.2 6687.49
-2.64 -1 6364.7
-2.64 -0.8 6049.92
-2.64 -0.6 5743.13
-2.64 -0.4 5444.35
-2.64 -0.2 5153.57
-2.64 0 4870.78
-2.64 0.2 4596
-2.64 0.4 4329.21
-2.64 0.6 4070.43
-2.64 0.8 3819.65
-2.64 1 3576.86
-2.64 1.2 3342.08
-2.64 1.4 3115.29
-2.64 1.6 2896.51
-2.64 1.8 2685.73
-2.64 2 2482.94
-2.64 2.2 2288.16
-2.64 2.4 2101.37
-2.64 2.6 1922.59
-2.64 2.8 1751.81

-2.52 -3 8755.39
-2.52 -2.8 8385.37
-2.52 -2.6 8023.36
-2.52 -2.4 7669.34
-2.52 -2.2 7323.32
-2.52 -2 6985.31
-2.52 -1.8 6655.29
-2.52 -1.6 6333.28
-2.52 -1.4 6019.26
-2.52 -1.2 5713.24
-2.52 -1 5415.23
-2.52 -0.8 5125.21
-2.52 -0.6 4843.2
-2.52 -0.4 4569.18
-2.52 -0.2 4303.16
-2.52 0 4045.15
-2.52 0.2 3795.13
-2.52 0.4 3553.12
-2.52 0.6 3319.1
-2.52 0.8 3093.08
-2.52 1 2875.07
-2.52 1.2 2665.05
-2.52 1.4 2463.04
-2.52 1.6 2269.02
-2.52 1.8 2083
-2.52 2 1904.99
-2.52 2.2 1734.97
-2.52 2.4 1572.96
-2.52 2.6 1418.94
-2.52 2.8 1272.92

-2.4 -3 7685.32
-2.4 -2.8 7338.92
-2.4 -2.6 7000.52
-2.4 -2.4 6670.12
-2.4 -2.2 6347.72
-2.4 -2 6033.32
-2.4 -1.8 5726.92
-2.4 -1.6 5428.52
-2.4 -1.4 5138.12
-2.4 -1.2 4855.72
-2.4 -1 4581.32
-2.4 -0.8 4314.92
-2.4 -0.6 4056.52
-2.4 -0.4 3806.12
-2.4 -0.2 3563.72
-2.4 0 3329.32
-2.4 0.2 3102.92
-2.4 0.4 2884.52
-2.4 0.6 2674.12
-2.4 0.8 2471.72
-2.4 1 2277.32
-2.4 1.2 2090.92
-2.4 1.4 1912.52
-2.4 1.6 1742.12
-2.4 1.8 1579.72
-2.4 2 1425.32
-2.4 2.2 1278.92
-2.4 2.4 1140.52
-2.4 2.6 1010.12
-2.4 2.8 887.72

-2.28 -3 6732.13
-2.28 -2.8 6408.2
-2.28 -2.6 6092.26
-2.28 -2.4 5784.33
-2.28 -2.2 5484.39
-2.28 -2 5192.45
-2.28 -1.8 4908.52
-2.28 -1.6 4632.58
-2.28 -1.4 4364.65
-2.28 -1.2 4104.71
-2.28 -1 3852.77
-2.28 -0.8 3608.84
-2.28 -0.6 3372.9
-2.28 -0.4 3144.97
-2.28 -0.2 2925.03
-2.28 0 2713.09
-2.28 0.2 2509.16
-2.28 0.4 2313.22
-2.28 0.6 2125.29
-2.28 0.8 1945.35
-2.28 1 1773.41
-2.28 1.2 1609.48
-2.28 1.4 1453.54
-2.28 1.6 1305.61
-2.28 1.8 1165.67
-2.28 2 1033.73
-2.28 2.2 909.799
-2.28 2.4 793.863
-2.28 2.6 685.927
-2.28 2.8 585.991

-2.16 -3 5886.13
-2.16 -2.8 5583.5
-2.16 -2.6 5288.88
-2.16 -2.4 5002.26
-2.16 -2.2 4723.63
-2.16 -2 4453.01
-2.16 -1.8 4190.38
-2.16 -1.6 3935.76
-2.16 -1.4 3689.14
-2.16 -1.2 3450.51
-2.16 -1 3219.89
-2.16 -0.8 2997.26
-2.16 -0.6 2782.64
-2.16 -0.4 2576.02
-2.16 -0.2 2377.39
-2.16 0 2186.77
-2.16 0.2 2004.14
-2.16 0.4 1829.52
-2.16 0.6 1662.9
-2.16 0.8 1504.27
-2.16 1 1353.65
-2.16 1.2 1211.02
-2.16 1.4 1076.4
-2.16 1.6 949.776
-2.16 1.8 831.152
-2.16 2 720.528
-2.16 2.2 617.904
-2.16 2.4 523.28
-2.16 2.6 436.656
-2.16 2.8 358.032

-2.04 -3 5138.09
-2.04 -2.8 4855.63
-2.04 -2.6 4581.17
-2.04 -2.4 4314.7
-2.04 -2.2 4056.24
-2.04 -2 3805.77
-2.04 -1.8 3563.31
-2.04 -1.6 3328.85
-2.04 -1.4 3102.38
-2.04 -1.2 2883.92
-2.04 -1 2673.45
-2.04 -0.8 2470.99
-2.04 -0.6 2276.53
-2.04 -0.4 2090.06
-2.04 -0.2 1911.6
-2.04 0 1741.13
-2.04 0.2 1578.67
-2.04 0.4 1424.21
-2.04 0.6 1277.74
-2.04 0.8 1139.28
-2.04 1 1008.81
-2.04 1.2 886.349
-2.04 1.4 771.885
-2.04 1.6 665.421
-2.04 1.8 566.957
-2.04 2 476.493
-2.04 2.2 394.029
-2.04 2.4 319.565
-2.04 2.6 253.101
-2.04 2.8 194.637

-1.92 -3 4479.32
-1.92 -2.8 4215.86
-1.92 -2.6 3960.41
-1.92 -2.4 3712.95
-1.92 -2.2 3473.5
-1.92 -2 3242.04
-1.92 -1.8 3018.58
-1.92 -1.6 2803.13
-1.92 -1.4 2595.67
-1.92 -1.2 2396.22
-1.92 -1 2204.76
-1.92 -0.8 2021.3
-1.92 -0.6 1845.85
-1.92 -0.4 1678.39
-1.92 -0.2 1518.94
-1.92 0 1367.48
-1.92 0.2 1224.02
-1.92 0.4 1088.57
-1.92 0.6 961.113
-1.92 0.8 841.657
-1.92 1 730.201
-1.92 1.2 626.745
-1.92 1.4 531.289
-1.92 1.6 443.833
-1.92 1.8 364.377
-1.92 2 292.921
-1.92 2.2 229.465
-1.92 2.4 174.009
-1.92 2.6 126.553
-1.92 2.8 87.0969

-1.8 -3 3901.6
-1.8 -2.8 3656
-1.8 -2.6 3418.4
-1.8 -2.4 3188.8
-1.8 -2.2 2967.2
-1.8 -2 2753.6
-1.8 -1.8 2548
-1.8 -1.6 2350.4
-1.8 -1.4 2160.8
-1.8 -1.2 1979.2
-1.8 -1 1805.6
-1.8 -0.8 1640
-1.8 -0.6 1482.4
-1.8 -0.4 1332.8
-1.8 -0.2 1191.2
-1.8 0 1057.6
-1.8 0.2 932
-1.8 0.4 814.4
-1.8 0.6 704.8
-1.8 0.8 603.2
-1.8 1 509.6
-1.8 1.2 424
-1.8 1.4 346.4
-1.8 1.6 276.8
-1.8 1.8 215.2
-1.8 2 161.6
-1.8 2.2 116
-1.8 2.4 78.4
-1.8 2.6 48.8
-1.8 2.8 27.2

-1.68 -3 3397.22
-1.68 -2.8 3168.32
-1.68 -2.6 2947.42
-1.68 -2.4 2734.53
-1.68 -2.2 2529.63
-1.68 -2 2332.74
-1.68 -1.8 2143.84
-1.68 -1.6 1962.94
-1.68 -1.4 1790.05
-1.68 -1.2 1625.15
-1.68 -1 1468.26
-1.68 -0.8 1319.36
-1.68 -0.6 1178.46
-1.68 -0.4 1045.57
-1.68 -0.2 920.673
-1.68 0 803.777
-1.68 0.2 694.881
-1.68 0.4 593.985
-1.68 0.6 501.089
-1.68 0.8 416.193
-1.68 1 339.297
-1.68 1.2 270.401
-1.68 1.4 209.505
-1.68 1.6 156.609
-1.68 1.8 111.713
-1.68 2 74.8166
-1.68 2.2 45.9206
-1.68 2.4 25.0246
-1.68 2.6 12.1286
-1.68 2.8 7.23258

-1.56 -3 2958.95
-1.56 -2.8 2745.61
-1.56 -2.6 2540.27
-1.56 -2.4 2342.92
-1.56 -2.2 2153.58
-1.56 -2 1972.23
-1.56 -1.8 1798.89
-1.56 -1.6 1633.55
-1.56 -1.4 1476.2
-1.56 -1.2 1326.86
-1.56 -1 1185.51
-1.56 -0.8 1052.17
-1.56 -0.6 926.826
-1.56 -0.4 809.482
-1.56 -0.2 700.138
-1.56 0 598.794
-1.56 0.2 505.45
-1.56 0.4 420.106
-1.56 0.6 342.762
-1.56 0.8 273.418
-1.56 1 212.074
-1.56 1.2 158.73
-1.56 1.4 113.386
-1.56 1.6 76.0425
-1.56 1.8 46.6985
-1.56 2 25.3545
-1.56 2.2 12.0105
-1.56 2.4 6.6665
-1.56 2.6 9.3225
-1.56 2.8 19.9785

-1.44 -3 2580.1
-1.44 -2.8 2381.15
-1.44 -2.6 2190.21
-1.44 -2.4 2007.26
-1.44 -2.2 1832.32
-1.44 -2 1665.38
-1.44 -1.8 1506.43
-1.44 -1.6 1355.49
-1.44 -1.4 1212.54
-1.44 -1.2 1077.6
-1.44 -1 950.655
-1.44 -0.8 831.711
-1.44 -0.6 720.767
-1.44 -0.4 617.823
-1.44 -0.2 522.879
-1.44 0 435.935
-1.44 0.2 356.991
-1.44 0.4 286.047
-1.44 0.6 223.103
-1.44 0.8 168.159
-1.44 1 121.215
-1.44 1.2 82.2713
-1.44 1.4 51.3273
-1.44 1.6 28.3833
-1.44 1.8 13.4393
-1.44 2 6.4953
-1.44 2.2 7.5513
-1.44 2.4 16.6073
-1.44 2.6 33.6633
-1.44 2.8 58.7193

-1.32 -3 2254.42
-1.32 -2.8 2068.72
-1.32 -2.6 1891.03
-1.32 -2.4 1721.33
-1.32 -2.2 1559.63
-1.32 -2 1405.94
-1.32 -1.8 1260.24
-1.32 -1.6 1122.55
-1.32 -1.4 992.85
-1.32 -1.2 871.154
-1.32 -1 757.458
-1.32 -0.8 651.762
-1.32 -0.6 554.066
-1.32 -0.4 464.37
-1.32 -0.2 382.674
-1.32 0 308.978
-1.32 0.2 243.282
-1.32 0.4 185.586
-1.32 0.6 135.89
-1.32 0.8 94.1942
-1.32 1 60.4982
-1.32 1.2 34.8022
-1.32 1.4 17.1062
-1.32 1.6 7.41018
-1.32 1.8 5.71418
-1.32 2 12.0182
-1.32 2.2 26.3222
-1.32 2.4 48.6262
-1.32 2.6 78.9302
-1.32 2.8 117.234

-1.2 -3 1976.2
-1.2 -2.8 1802.6
-1.2 -2.6 1637
-1.2 -2.4 1479.4
-1.2 -2.2 1329.8
-1.2 -2 1188.2
-1.2 -1.8 1054.6
-1.2 -1.6 929
-1.2 -1.4 811.4
-1.2 -1.2 701.8
-1.2 -1 600.2
-1.2 -0.8 506.6
-1.2 -0.6 421
-1.2 -0.4 343.4
-1.2 -0.2 273.8
-1.2 0 212.2
-1.2 0.2 158.6
-1.2 0.4 113
-1.2 0.6 75.4
-1.2 0.8 45.8
-1.2 1 24.2
-1.2 1.2 10.6
-1.2 1.4 5
-1.2 1.6 7.4
-1.2 1.8 17.8
-1.2 2 36.2
-1.2 2.2 62.6
-1.2 2.4 97
-1.2 2.6 139.4
-1.2 2.8 189.8

-1.08 -3 1740.22
-1.08 -2.8 1577.56
-1.08 -2.6 1422.9
-1.08 -2.4 1276.25
-1.08 -2.2 1137.59
-1.08 -2 1006.94
-1.08 -1.8 884.279
-1.08 -1.6 769.623
-1.08 -1.4 662.967
-1.08 -1.2 564.311
-1.08 -1 473.655
-1.08 -0.8 390.999
-1.08 -0.6 316.343
-1.08 -0.4 249.687
-1.08 -0.2 191.031
-1.08 0 140.375
-1.08 0.2 97.7193
-1.08 0.4 63.0633
-1.08 0.6 36.4073
-1.08 0.8 17.7513
-1.08 1 7.0953
-1.08 1.2 4.4393
-1.08 1.4 9.7833
-1.08 1.6 23.1273
-1.08 1.8 44.4713
-1.08 2 73.8153
-1.08 2.2 111.159
-1.08 2.4 156.503
-1.08 2.6 209.847
-1.08 2.8 271.191

-0.96 -3 1541.74
-0.96 -2.8 1388.87
-0.96 -2.6 1244.01
-0.96 -2.4 1107.14
-0.96 -2.2 978.28
-0.96 -2 857.416
-0.96 -1.8 744.552
-0.96 -1.6 639.688
-0.96 -1.4 542.824
-0.96 -1.2 453.96
-0.96 -1 373.096
-0.96 -0.8 300.232
-0.96 -0.6 235.368
-0.96 -0.4 178.504
-0.96 -0.2 129.64
-0.96 0 88.7763
-0.96 0.2 55.9123
-0.96 0.4 31.0483
-0.96 0.6 14.1843
-0.96 0.8 5.32026
-0.96 1 4.45626
-0.96 1.2 11.5923
-0.96 1.4 26.7283
-0.96 1.6 49.8643
-0.96 1.8 81.0003
-0.96 2 120.136
-0.96 2.2 167.272
-0.96 2.4 222.408
-0.96 2.6 285.544
-0.96 2.8 356.68

-0.84 -3 1376.53
-0.84 -2.8 1232.31
-0.84 -2.6 1096.08
-0.84 -2.4 967.861
-0.84 -2.2 847.637
-0.84 -2 735.413
-0.84 -1.8 631.189
-0.84 -1.6 534.965
-0.84 -1.4 446.741
-0.84 -1.2 366.517
-0.84 -1 294.293
-0.84 -0.8 230.069
-0.84 -0.6 173.845
-0.84 -0.4 125.621
-0.84 -0.2 85.3967
-0.84 0 53.1727
-0.84 0.2 28.9487
-0.84 0.4 12.7247
-0.84 0.6 4.50074
-0.84 0.8 4.27674
-0.84 1 12.0527
-0.84 1.2 27.8287
-0.84 1.4 51.6047
-0.84 1.6 83.3807
-0.84 1.8 123.157
-0.84 2 170.933
-0.84 2.2 226.709
-0.84 2.4 290.485
-0.84 2.6 362.261
-0.84 2.8 442.037

-0.72 -3 1240.87
-0.72 -2.8 1104.14
-0.72 -2.6 975.4
-0.72 -2.4 854.664
-0.72 -2.2 741.928
-0.72 -2 637.192
-0.72 -1.8 540.456
-0.72 -1.6 451.72
-0.72 -1.4 370.984
-0.72 -1.2 298.248
-0.72 -1 233.512
-0.72 -0.8 176.776
-0.72 -0.6 128.04
-0.72 -0.4 87.3043
-0.72 -0.2 54.5683
-0.72 0 29.8323
-0.72 0.2 13.0963
-0.72 0.4 4.36026
-0.72 0.6 3.62426
-0.72 0.8 10.8883
-0.72 1 26.1523
-0.72 1.2 49.4163
-0.72 1.4 80.6803
-0.72 1.6 119.944
-0.72 1.8 167.208
-0.72 2 222.472
-0.72 2.2 285.736
-0.72 2.4 357
-0.72 2.6 436.264
-0.72 2.8 523.528

-0.6 -3 1131.52
-0.6 -2.8 1001.12
-0.6 -2.6 878.72
-0.6 -2.4 764.32
-0.6 -2.2 657.92
-0.6 -2 559.52
-0.6 -1.8 469.12
-0.6 -1.6 386.72
-0.6 -1.4 312.32
-0.6 -1.2 245.92
-0.6 -1 187.52
-0.6 -0.8 137.12
-0.6 -0.6 94.72
-0.6 -0.4 60.32
-0.6 -0.2 33.92
-0.6 0 15.52
-0.6 0.2 5.12
-0.6 0.4 2.72
-0.6 0.6 8.32
-0.6 0.8 21.92
-0.6 1 43.52
-0.6 1.2 73.12
-0.6 1.4 110.72
-0.6 1.6 156.32
-0.6 1.8 209.92
-0.6 2 271.52
-0.6 2.2 341.12
-0.6 2.4 418.72
-0.6 2.6 504.32
-0.6 2.8 597.92

-0.48 -3 1045.74
-0.48 -2.8 920.523
-0.48 -2.6 803.307
-0.48 -2.4 694.091
-0.48 -2.2 592.875
-0.48 -2 499.659
-0.48 -1.8 414.443
-0.48 -1.6 337.227
-0.48 -1.4 268.011
-0.48 -1.2 206.795
-0.48 -1 153.579
-0.48 -0.8 108.363
-0.48 -0.6 71.1468
-0.48 -0.4 41.9308
-0.48 -0.2 20.7148
-0.48 0 7.49882
-0.48 0.2 2.28282
-0.48 0.4 5.06682
-0.48 0.6 15.8508
-0.48 0.8 34.6348
-0.48 1 61.4188
-0.48 1.2 96.2028
-0.48 1.4 138.987
-0.48 1.6 189.771
-0.48 1.8 248.555
-0.48 2 315.339
-0.48 2.2 390.123
-0.48 2.4 472.907
-0.48 2.6 563.691
-0.48 2.8 662.475

-0.36 -3 981.289
-0.36 -2.8 860.105
-0.36 -2.6 746.921
-0.36 -2.4 641.737
-0.36 -2.2 544.553
-0.36 -2 455.369
-0.36 -1.8 374.185
-0.36 -1.6 301.001
-0.36 -1.4 235.817
-0.36 -1.2 178.633
-0.36 -1 129.449
-0.36 -0.8 88.2652
-0.36 -0.6 55.0812
-0.36 -0.4 29.8972
-0.36 -0.2 12.7132
-0.36 0 3.52922
-0.36 0.2 2.34522
-0.36 0.4 9.16122
-0.36 0.6 23.9772
-0.36 0.8 46.7932
-0.36 1 77.6092
-0.36 1.2 116.425
-0.36 1.4 163.241
-0.36 1.6 218.057
-0.36 1.8 280.873
-0.36 2 351.689
-0.36 2.2 430.505
-0.36 2.4 517.321
-0.36 2.6 612.137
-0.36 2.8 714.953

-0.24 -3 936.429
-0.24 -2.8 818.125
-0.24 -2.6 707.821
-0.24 -2.4 605.517
-0.24 -2.2 511.213
-0.24 -2 424.909
-0.24 -1.8 346.605
-0.24 -1.6 276.301
-0.24 -1.4 213.997
-0.24 -1.2 159.693
-0.24 -1 113.389
-0.24 -0.8 75.0854
-0.24 -0.6 44.7814
-0.24 -0.4 22.4774
-0.24 -0.2 8.17338
-0.24 0 1.86938
-0.24 0.2 3.56538
-0.24 0.4 13.2614
-0.24 0.6 30.9574
-0.24 0.8 56.6534
-0.24 1 90.3494
-0.24 1.2 132.045
-0.24 1.4 181.741
-0.24 1.6 239.437
-0.24 1.8 305.133
-0.24 2 378.829
-0.24 2.2 460.525
-0.24 2.4 550.221
-0.24 2.6 647.917
-0.24 2.8 753.613

-0.12 -3 909.915
-0.12 -2.8 793.339
-0.12 -2.6 684.763
-0.12 -2.4 584.187
-0.12 -2.2 491.611
-0.12 -2 407.035
-0.12 -1.8 330.459
-0.12 -1.6 261.883
-0.12 -1.4 201.307
-0.12 -1.2 148.731
-0.12 -1 104.155
-0.12 -0.8 67.5791
-0.12 -0.6 39.0031
-0.12 -0.4 18.4271
-0.12 -0.2 5.85114
-0.12 0 1.27514
-0.12 0.2 4.69914
-0.12 0.4 16.1231
-0.12 0.6 35.5471
-0.12 0.8 62.9711
-0.12 1 98.3951
-0.12 1.2 141.819
-0.12 1.4 193.243
-0.12 1.6 252.667
-0.12 1.8 320.091
-0.12 2 395.515
-0.12 2.2 478.939
-0.12 2.4 570.363
-0.12 2.6 669.787
-0.12 2.8 777.211

0 -3 901
0 -2.8 785
0 -2.6 677
0 -2.4 577
0 -2.2 485
0 -2 401
0 -1.8 325
0 -1.6 257
0 -1.4 197
0 -1.2 145
0 -1 101
0 -0.8 65
0 -0.6 37
0 -0.4 17
0 -0.2 5
0 0 1
0 0.2 5
0 0.4 17
0 0.6 37
0 0.8 65
0 1 101
0 1.2 145
0 1.4 197
0 1.6 257
0 1.8 325
0 2 401
0 2.2 485
0 2.4 577
0 2.6 677
0 2.8 785

0.12 -3 909.435
0.12 -2.8 792.859
0.12 -2.6 684.283
0.12 -2.4 583.707
0.12 -2.2 491.131
0.12 -2 406.555
0.12 -1.8 329.979
0.12 -1.6 261.403
0.12 -1.4 200.827
0.12 -1.2 148.251
0.12 -1 103.675
0.12 -0.8 67.0991
0.12 -0.6 38.5231
0.12 -0.4 17.9471
0.12 -0.2 5.37114
0.12 0 0.795136
0.12 0.2 4.21914
0.12 0.4 15.6431
0.12 0.6 35.0671
0.12 0.8 62.4911
0.12 1 97.9151
0.12 1.2 141.339
0.12 1.4 192.763
0.12 1.6 252.187
0.12 1.8 319.611
0.12 2 395.035
0.12 2.2 478.459
0.12 2.4 569.883
0.12 2.6 669.307
0.12 2.8 776.731

0.24 -3 935.469
0.24 -2.8 817.165
0.24 -2.6 706.861
0.24 -2.4 604.557
0.24 -2.2 510.253
0.24 -2 423.949
0.24 -1.8 345.645
0.24 -1.6 275.341
0.24 -1.4 213.037
0.24 -1.2 158.733
0.24 -1 112.429
0.24 -0.8 74.1254
0.24 -0.6 43.8214
0.24 -0.4 21.5174
0.24 -0.2 7.21338
0.24 0 0.909376
0.24 0.2 2.60538
0.24 0.4 12.3014
0.24 0.6 29.9974
0.24 0.8 55.6934
0.24 1 89.3894
0.24 1.2 131.085
0.24 1.4 180.781
0.24 1.6 238.477
0.24 1.8 304.173
0.24 2 377.869
0.24 2.2 459.565
0.24 2.4 549.261
0.24 2.6 646.957
0.24 2.8 752.653

0.36 -3 979.849
0.36 -2.8 858.665
0.36 -2.6 745.481
0.36 -2.4 640.297
0.36 -2.2 543.113
0.36 -2 453.929
0.36 -1.8 372.745
0.36 -1.6 299.561
0.36 -1.4 234.377
0.36 -1.2 177.193
0.36 -1 128.009
0.36 -0.8 86.8252
0.36 -0.6 53.6412
0.36 -0.4 28.4572
0.36 -0.2 11.2732
0.36 0 2.08922
0.36 0.2 0.905216
0.36 0.4 7.72122
0.36 0.6 22.5372
0.36 0.8 45.3532
0.36 1 76.1692
0.36 1.2 114.985
0.36 1.4 161.801
0.36 1.6 216.617
0.36 1.8 279.433
0.36 2 350.249
0.36 2.2 429.065
0.36 2.4 515.881
0.36 2.6 610.697
0.36 2.8 713.513

0.48 -3 1043.82
0.48 -2.8 918.603
0.48 -2.6 801.387
0.48 -2.4 692.171
0.48 -2.2 590.955
0.48 -2 497.739
0.48 -1.8 412.523
0.48 -1.6 335.307
0.48 -1.4 266.091
0.48 -1.2 204.875
0.48 -1 151.659
0.48 -0.8 106.443
0.48 -0.6 69.2268
0.48 -0.4 40.0108
0.48 -0.2 18.7948
0.48 0 5.57882
0.48 0.2 0.362816
0.48 0.4 3.14682
0.48 0.6 13.9308
0.48 0.8 32.7148
0.48 1 59.4988
0.48 1.2 94.2828
0.48 1.4 137.067
0.48 1.6 187.851
0.48 1.8 246.635
0.48 2 313.419
0.48 2.2 388.203
0.48 2.4 470.987
0.48 2.6 561.771
0.48 2.8 660.555

0.6 -3 1129.12
0.6 -2.8 998.72
0.6 -2.6 876.32
0.6 -2.4 761.92
0.6 -2.2 655.52
0.6 -2 557.12
0.6 -1.8 466.72
0.6 -1.6 384.32
0.6 -1.4 309.92
0.6 -1.2 243.52
0.6 -1 185.12
0.6 -0.8 134.72
0.6 -0.6 92.32
0.6 -0.4 57.92
0.6 -0.2 31.52
0.6 0 13.12
0.6 0.2 2.72
0.6 0.4 0.32
0.6 0.6 5.92
0.6 0.8 19.52
0.6 1 41.12
0.6 1.2 70.72
0.6 1.4 108.32
0.6 1.6 153.92
0.6 1.8 207.52
0.6 2 269.12
0.6 2.2 338.72
0.6 2.4 416.32
0.6 2.6 501.92
0.6 2.8 595.52

0.72 -3 1237.99
0.72 -2.8 1101.26
0.72 -2.6 972.52
0.72 -2.4 851.784
0.72 -2.2 739.048
0.72 -2 634.312
0.72 -1.8 537.576
0.72 -1.6 448.84
0.72 -1.4 368.104
0.72 -1.2 295.368
0.72 -1 230.632
0.72 -0.8 173.896
0.72 -0.6 125.16
0.72 -0.4 84.4243
0.72 -0.2 51.6883
0.72 0 26.9523
0.72 0.2 10.2163
0.72 0.4 1.48026
0.72 0.6 0.744256
0.72 0.8 8.00826
0.72 1 23.2723
0.72 1.2 46.5363
0.72 1.4 77.8003
0.72 1.6 117.064
0.72 1.8 164.328
0.72 2 219.592
0.72 2.2 282.856
0.72 2.4 354.12
0.72 2.6 433.384
0.72 2.8 520.648

0.84 -3 1373.17
0.84 -2.8 1228.95
0.84 -2.6 1092.72
0.84 -2.4 964.501
0.84 -2.2 844.277
0.84 -2 732.053
0.84 -1.8 627.829
0.84 -1.6 531.605
0.84 -1.4 443.381
0.84 -1.2 363.157
0.84 -1 290.933
0.84 -0.8 226.709
0.84 -0.6 170.485
0.84 -0.4 122.261
0.84 -0.2 82.0367
0.84 0 49.8127
0.84 0.2 25.5887
0.84 0.4 9.36474
0.84 0.6 1.14074
0.84 0.8 0.916736
0.84 1 8.69274
0.84 1.2 24.4687
0.84 1.4 48.2447
0.84 1.6 80.0207
0.84 1.8 119.797
0.84 2 167.573
0.84 2.2 223.349
0.84 2.4 287.125
0.84 2.6 358.901
0.84 2.8 438.677

0.96 -3 1537.9
0.96 -2.8 1385.03
0.96 -2.6 1240.17
0.96 -2.4 1103.3
0.96 -2.2 974.44
0.96 -2 853.576
0.96 -1.8 740.712
0.96 -1.6 635.848
0.96 -1.4 538.984
0.96 -1.2 450.12
0.96 -1 369.256
0.96 -0.8 296.392
0.96 -0.6 231.528
0.96 -0.4 174.664
0.96 -0.2 125.8
0.96 0 84.9363
0.96 0.2 52.0723
0.96 0.4 27.2083
0.96 0.6 10.3443
0.96 0.8 1.48026
0.96 1 0.616256
0.96 1.2 7.75226
0.96 1.4 22.8883
0.96 1.6 46.0243
0.96 1.8 77.1603
0.96 2 116.296
0.96 2.2 163.432
0.96 2.4 218.568
0.96 2.6 281.704
0.96 2.8 352.84

1.08 -3 1735.9
1.08 -2.8 1573.24
1.08 -2.6 1418.58
1.08 -2.4 1271.93
1.08 -2.2 1133.27
1.08 -2 1002.62
1.08 -1.8 879.959
1.08 -1.6 765.303
1.08 -1.4 658.647
1.08 -1.2 559.991
1.08 -1 469.335
1.08 -0.8 386.679
1.08 -0.6 312.023
1.08 -0.4 245.367
1.08 -0.2 186.711
1.08 0 136.055
1.08 0.2 93.3993
1.08 0.4 58.7433
1.08 0.6 32.0873
1.08 0.8 13.4313
1.08 1 2.7753
1.08 1.2 0.119296
1.08 1.4 5.4633
1.08 1.6 18.8073
1.08 1.8 40.1513
1.08 2 69.4953
1.08 2.2 106.839
1.08 2.4 152.183
1.08 2.6 205.527
1.08 2.8 266.871

1.2 -3 1971.4
1.2 -2.8 1797.8
1.2 -2.6 1632.2
1.2 -2.4 1474.6
1.2 -2.2 1325
1.2 -2 1183.4
1.2 -1.8 1049.8
1.2 -1.6 924.2
1.2 -1.4 806.6
1.2 -1.2 697
1.2 -1 595.4
1.2 -0.8 501.8
1.2 -0.6 416.2
1.2 -0.4 338.6
1.2 -0.2 269
1.2 0 207.4
1.2 0.2 153.8
1.2 0.4 108.2
1.2 0.6 70.6
1.2 0.8 41
1.2 1 19.4
1.2 1.2 5.8
1.2 1.4 0.2
1.2 1.6 2.6
1.2 1.8 13
1.2 2 31.4
1.2 2.2 57.8
1.2 2.4 92.2
1.2 2.6 134.6
1.2 2.8 185

1.32 -3 2249.14
1.32 -2.8 2063.44
1.32 -2.6 1885.75
1.32 -2.4 1716.05
1.32 -2.2 1554.35
1.32 -2 1400.66
1.32 -1.8 1254.96
1.32 -1.6 1117.27
1.32 -1.4 987.57
1.32 -1.2 865.874
1.32 -1 752.178
1.32 -0.8 646.482
1.32 -0.6 548.786
1.32 -0.4 459.09
1.32 -0.2 377.394
1.32 0 303.698
1.32 0.2 238.002
1.32 0.4 180.306
1.32 0.6 130.61
1.32 0.8 88.9142
1.32 1 55.2182
1.32 1.2 29.5222
1.32 1.4 11.8262
1.32 1.6 2.13018
1.32 1.8 0.434176
1.32 2 6.73818
1.32 2.2 21.0422
1.32 2.4 43.3462
1.32 2.6 73.6502
1.32 2.8 111.954

1.44 -3 2574.34
1.44 -2.8 2375.39
1.44 -2.6 2184.45
1.44 -2.4 2001.5
1.44 -2.2 1826.56
1.44 -2 1659.62
1.44 -1.8 1500.67
1.44 -1.6 1349.73
1.44 -1.4 1206.78
1.44 -1.2 1071.84
1.44 -1 944.895
1.44 -0.8 825.951
1.44 -0.6 715.007
1.44 -0.4 612.063
1.44 -0.2 517.119
1.44 0 430.175
1.44 0.2 351.231
1.44 0.4 280.287
1.44 0.6 217.343
1.44 0.8 162.399
1.44 1 115.455
1.44 1.2 76.5113
1.44 1.4 45.5673
1.44 1.6 22.6233
1.44 1.8 7.6793
1.44 2 0.735296
1.44 2.2 1.7913
1.44 2.4 10.8473
1.44 2.6 27.9033
1.44 2.8 52.9593

1.56 -3 2952.71
1.56 -2.8 2739.37
1.56 -2.6 2534.03
1.56 -2.4 2336.68
1.56 -2.2 2147.34
1.56 -2 1965.99
1.56 -1.8 1792.65
1.56 -1.6 1627.31
1.56 -1.4 1469.96
1.56 -1.2 1320.62
1.56 -1 1179.27
1.56 -0.8 1045.93
1.56 -0.6 920.586
1.56 -0.4 803.242
1.56 -0.2 693.898
1.56 0 592.554
1.56 0.2 499.21
1.56 0.4 413.866
1.56 0.6 336.522
1.56 0.8 267.178
1.56 1 205.834
1.56 1.2 152.49
1.56 1.4 107.146
1.56 1.6 69.8025
1.56 1.8 40.4585
1.56 2 19.1145
1.56 2.2 5.7705
1.56 2.4 0.426496
1.56 2.6 3.0825
1.56 2.8 13.7385

1.68 -3 3390.5
1.68 -2.8 3161.6
1.68 -2.6 2940.7
1.68 -2.4 2727.81
1.68 -2.2 2522.91
1.68 -2 2326.02
1.68 -1.8 2137.12
1.68 -1.6 1956.22
1.68 -1.4 1783.33
1.68 -1.2 1618.43
1.68 -1 1461.54
1.68 -0.8 1312.64
1.68 -0.6 1171.74
1.68 -0.4 1038.85
1.68 -0.2 913.953
1.68 0 797.057
1.68 0.2 688.161
1.68 0.4 587.265
1.68 0.6 494.369
1.68 0.8 409.473
1.68 1 332.577
1.68 1.2 263.681
1.68 1.4 202.785
1.68 1.6 149.889
1.68 1.8 104.993
1.68 2 68.0966
1.68 2.2 39.2006
1.68 2.4 18.3046
1.68 2.6 5.40858
1.68 2.8 0.512576

1.8 -3 3894.4
1.8 -2.8 3648.8
1.8 -2.6 3411.2
1.8 -2.4 3181.6
1.8 -2.2 2960
1.8 -2 2746.4
1.8 -1.8 2540.8
1.8 -1.6 2343.2
1.8 -1.4 2153.6
1.8 -1.2 1972
1.8 -1 1798.4
1.8 -0.8 1632.8
1.8 -0.6 1475.2
1.8 -0.4 1325.6
1.8 -0.2 1184
1.8 0 1050.4
1.8 0.2 924.8
1.8 0.4 807.2
1.8 0.6 697.6
1.8 0.8 596
1.8 1 502.4
1.8 1.2 416.8
1.8 1.4 339.2
1.8 1.6 269.6
1.8 1.8 208
1.8 2 154.4
1.8 2.2 108.8
1.8 2.4 71.2
1.8 2.6 41.6
1.8 2.8 20

1.92 -3 4471.64
1.92 -2.8 4208.18
1.92 -2.6 3952.73
1.92 -2.4 3705.27
1.92 -2.2 3465.82
1.92 -2 3234.36
1.92 -1.8 3010.9
1.92 -1.6 2795.45
1.92 -1.4 2587.99
1.92 -1.2 2388.54
1.92 -1 2197.08
1.92 -0.8 2013.62
1.92 -0.6 1838.17
1.92 -0.4 1670.71
1.92 -0.2 1511.26
1.92 0 1359.8
1.92 0.2 1216.34
1.92 0.4 1080.89
1.92 0.6 953.433
1.92 0.8 833.977
1.92 1 722.521
1.92 1.2 619.065
1.92 1.4 523.609
1.92 1.6 436.153
1.92 1.8 356.697
1.92 2 285.241
1.92 2.2 221.785
1.92 2.4 166.329
1.92 2.6 118.873
1.92 2.8 79.4169

2.04 -3 5129.93
2.04 -2.8 4847.47
2.04 -2.6 4573.01
2.04 -2.4 4306.54
2.04 -2.2 4048.08
2.04 -2 3797.61
2.04 -1.8 3555.15
2.04 -1.6 3320.69
2.04 -1.4 3094.22
2.04 -1.2 2875.76
2.04 -1 2665.29
2.04 -0.8 2462.83
2.04 -0.6 2268.37
2.04 -0.4 2081.9
2.04 -0.2 1903.44
2.04 0 1732.97
2.04 0.2 1570.51
2.04 0.4 1416.05
2.04 0.6 1269.58
2.04 0.8 1131.12
2.04 1 1000.65
2.04 1.2 878.189
2.04 1.4 763.725
2.04 1.6 657.261
2.04 1.8 558.797
2.04 2 468.333
2.04 2.2 385.869
2.04 2.4 311.405
2.04 2.6 244.941
2.04 2.8 186.477

2.16 -3 5877.49
2.16 -2.8 5574.86
2.16 -2.6 5280.24
2.16 -2.4 4993.62
2.16 -2.2 4714.99
2.16 -2 4444.37
2.16 -1.8 4181.74
2.16 -1.6 3927.12
2.16 -1.4 3680.5
2.16 -1.2 3441.87
2.16 -1 3211.25
2.16 -0.8 2988.62
2.16 -0.6 2774
2.16 -0.4 2567.38
2.16 -0.2 2368.75
2.16 0 2178.13
2.16 0.2 1995.5
2.16 0.4 1820.88
2.16 0.6 1654.26
2.16 0.8 1495.63
2.16 1 1345.01
2.16 1.2 1202.38
2.16 1.4 1067.76
2.16 1.6 941.136
2.16 1.8 822.512
2.16 2 711.888
2.16 2.2 609.264
2.16 2.4 514.64
2.16 2.6 428.016
2.16 2.8 349.392

2.28 -3 6723.01
2.28 -2.8 6399.08
2.28 -2.6 6083.14
2.28 -2.4 5775.21
2.28 -2.2 5475.27
2.28 -2 5183.33
2.28 -1.8 4899.4
2.28 -1.6 4623.46
2.28 -1.4 4355.53
2.28 -1.2 4095.59
2.28 -1 3843.65
2.28 -0.8 3599.72
2.28 -0.6 3363.78
2.28 -0.4 3135.85
2.28 -0.2 2915.91
2.28 0 2703.97
2.28 0.2 2500.04
2.28 0.4 2304.1
2.28 0.6 2116.17
2.28 0.8 1936.23
2.28 1 1764.29
2.28 1.2 1600.36
2.28 1.4 1444.42
2.28 1.6 1296.49
2.28 1.8 1156.55
2.28 2 1024.61
2.28 2.2 900.679
2.28 2.4 784.743
2.28 2.6 676.807
2.28 2.8 576.871

2.4 -3 7675.72
2.4 -2.8 7329.32
2.4 -2.6 6990.92
2.4 -2.4 6660.52
2.4 -2.2 6338.12
2.4 -2 6023.72
2.4 -1.8 5717.32
2.4 -1.6 5418.92
2.4 -1.4 5128.52
2.4 -1.2 4846.12
2.4 -1 4571.72
2.4 -0.8 4305.32
2.4 -0.6 4046.92
2.4 -0.4 3796.52
2.4 -0.2 3554.12
2.4 0 3319.72
2.4 0.2 3093.32
2.4 0.4 2874.92
2.4 0.6 2664.52
2.4 0.8 2462.12
2.4 1 2267.72
2.4 1.2 2081.32
2.4 1.4 1902.92
2.4 1.6 1732.52
2.4 1.8 1570.12
2.4 2 1415.72
2.4 2.2 1269.32
2.4 2.4 1130.92
2.4 2.6 1000.52
2.4 2.8 878.12

2.52 -3 8745.31
2.52 -2.8 8375.29
2.52 -2.6 8013.28
2.52 -2.4 7659.26
2.52 -2.2 7313.24
2.52 -2 6975.23
2.52 -1.8 6645.21
2.52 -1.6 6323.2
2.52 -1.4 6009.18
2.52 -1.2 5703.16
2.52 -1 5405.15
2.52 -0.8 5115.13
2.52 -0.6 4833.12
2.52 -0.4 4559.1
2.52 -0.2 4293.08
2.52 0 4035.07
2.52 0.2 3785.05
2.52 0.4 3543.04
2.52 0.6 3309.02
2.52 0.8 3083
2.52 1 2864.99
2.52 1.2 2654.97
2.52 1.4 2452.96
2.52 1.6 2258.94
2.52 1.8 2072.92
2.52 2 1894.91
2.52 2.2 1724.89
2.52 2.4 1562.88
2.52 2.6 1408.86
2.52 2.8 1262.84

2.64 -3 9941.98
2.64 -2.8 9547.2
2.64 -2.6 9160.41
2.64 -2.4 8781.63
2.64 -2.2 8410.85
2.64 -2 8048.06
2.64 -1.8 7693.28
2.64 -1.6 7346.49
2.64 -1.4 7007.71
2.64 -1.2 6676.93
2.64 -1 6354.14
2.64 -0.8 6039.36
2.64 -0.6 5732.57
2.64 -0.4 5433.79
2.64 -0.2 5143.01
2.64 0 4860.22
2.64 0.2 4585.44
2.64 0.4 4318.65
2.64 0.6 4059.87
2.64 0.8 3809.09
2.64 1 3566.3
2.64 1.2 3331.52
2.64 1.4 3104.73
2.64 1.6 2885.95
2.64 1.8 2675.17
2.64 2 2472.38
2.64 2.2 2277.6
2.64 2.4 2090.81
2.64 2.6 1912.03
2.64 2.8 1741.25

2.76 -3 11276.4
2.76 -2.8 10855.7
2.76 -2.6 10443
2.76 -2.4 10038.3
2.76 -2.2 9641.62
2.76 -2 9252.92
2.76 -1.8 8872.22
2.76 -1.6 8499.51
2.76 -1.4 8134.81
2.76 -1.2 7778.1
2.76 -1 7429.4
2.76 -0.8 7088.7
2.76 -0.6 6755.99
2.76 -0.4 6431.29
2.76 -0.2 6114.58
2.76 0 5805.88
2.76 0.2 5505.18
2.76 0.4 5212.47
2.76 0.6 4927.77
2.76 0.8 4651.06
2.76 1 4382.36
2.76 1.2 4121.66
2.76 1.4 3868.95
2.76 1.6 3624.25
2.76 1.8 3387.54
2.76 2 3158.84
2.76 2.2 2938.14
2.76 2.4 2725.43
2.76 2.6 2520.73
2.76 2.8 2324.02

2.88 -3 12759.9
2.88 -2.8 12312.1
2.88 -2.6 11872.3
2.88 -2.4 11440.6
2.88 -2.2 11016.8
2.88 -2 10601
2.88 -1.8 10193.2
2.88 -1.6 9793.45
2.88 -1.4 9401.67
2.88 -1.2 9017.9
2.88 -1 8642.12
2.88 -0.8 8274.35
2.88 -0.6 7914.57
2.88 -0.4 7562.79
2.88 -0.2 7219.02
2.88 0 6883.24
2.88 0.2 6555.47
2.88 0.4 6235.69
2.88 0.6 5923.91
2.88 0.8 5620.14
2.88 1 5324.36
2.88 1.2 5036.59
2.88 1.4 4756.81
2.88 1.6 4485.03
2.88 1.8 4221.26
2.88 2 3965.48
2.88 2.2 3717.71
2.88 2.4 3477.93
2.88 2.6 3246.15
2.88 2.8 3022.38

