-3 -3 -6
-3 -2.8 -5.8
-3 -2.6 -5.6
-3 -2.4 -5.4
-3 -2.2 -5.2
-3 -2 -5
-3 -1.8 -4.8
-3 -1.6 -4.6
-3 -1.4 -4.4
-3 -1.2 -4.2
-3 -1 -4
-3 -0.8 -3.8
-3 -0.6 -3.6
-3 -0.4 -3.4
-3 -0.2 -3.2
-3 0 -3
-3 0.2 -2.8
-3 0.4 -2.6
-3 0.6 -2.4
-3 0.8 -2.2
-3 1 -2
-3 1.2 -1.8
-3 1.4 -1.6
-3 1.6 -1.4
-3 1.8 -1.2
-3 2 -1
-3 2.2 -0.8
-3 2.4 -0.6
-3 2.6 -0.4
-3 2.8 -0.2

-2.88 -3 -5.88
-2.88 -2.8 -5.68
-2.88 -2.6 -5.48
-2.88 -2.4 -5.28
-2.88 -2.2 -5.08
-2.88 -2 -4.88
-2.88 -1.8 -4.68
-2.88 -1.6 -4.48
-2.88 -1.4 -4.28
-2.88 -1.2 -4.08
-2.88 -1 -3.88
-2.88 -0.8 -3.68
-2.88 -0.6 -3.48
-2.88 -0.4 -3.28
-2.88 -0.2 -3.08
-2.88 0 -2.88
-2.88 0.2 -2.68
-2.88 0.4 -2.48
-2.88 0.6 -2.28
-2.88 0.8 -2.08
-2.88 1 -1.88
-2.88 1.2 -1.68
-2.88 1.4 -1.48
-2.88 1.6 -1.28
-2.88 1.8 -1.08
-2.88 2 -0.88
-2.88 2.2 -0.68
-2.88 2.4 -0.48
-2.88 2.6 -0.28
-2.88 2.8 -0.08

-2.76 -3 -5.76
-2.76 -2.8 -5.56
-2.76 -2.6 -5.36
-2.76 -2.4 -5.16
-2.76 -2.2 -4.96
-2.76 -2 -4.76
-2.76 -1.8 -4.56
-2.76 -1.6 -4.36
-2.76 -1.4 -4.16
-2.76 -1.2 -3.96
-2.76 -1 -3.76
-2.76 -0.8 -3.56
-2.76 -0.6 -3.36
-2.76 -0.4 -3.16
-2.76 -0.2 -2.96
-2.76 0 -2.76
-2.76 0.2 -2.56
-2.76 0.4 -2.36
-2.76 0.6 -2.16
-2.76 0.8 -1.96
-2.76 1 -1.76
-2.76 1.2 -1.56
-2.76 1.4 -1.36
-2.76 1.6 -1.16
-2.76 1.8 -0.96
-2.76 2 -0.76
-2.76 2.2 -0.56
-2.76 2.4 -0.36
-2.76 2.6 -0.16
-2.76 2.8 0.04

-2.64 -3 -5.64
-2.64 -2.8 -5.44
-2.64 -2.6 -5.24
-2.64 -2.4 -5.04
-2.64 -2.2 -4.84
-2.64 -2 -4.64
-2.64 -1.8 -4.44
-2.64 -1.6 -4.24
-2.64 -1.4 -4.04
-2.64 -1.2 -3.84
-2.64 -1 -3.64
-2.64 -0.8 -3.44
-2.64 -0.6 -3.24
-2.64 -0.4 -3.04
-2.64 -0.2 -2.84
-2.64 0 -2.64
-2.64 0.2 -2.44
-2.64 0.4 -2.24
-2.64 0.6 -2.04
-2.64 0.8 -1.84
-2.64 1 -1.64
-2.64 1.2 -1.44
-2.64 1.4 -1.24
-2.64 1.6 -1.04
-2.64 1.8 -0.84
-2.64 2 -0.64
-2.64 2.2 -0.44
-2.64 2.4 -0.24
-2.64 2.6 -0.04
-2.64 2.8 0.16

-2.52 -3 -5.52
-2.52 -2.8 -5.32
-2.52 -2.6 -5.12
-2.52 -2.4 -4.92
-2.52 -2.2 -4.72
-2.52 -2 -4.52
-2.52 -1.8 -4.32
-2.52 -1.6 -4.12
-2.52 -1.4 -3.92
-2.52 -1.2 -3.72
-2.52 -1 -3.52
-2.52 -0.8 -3.32
-2.52 -0.6 -3.12
-2.52 -0.4 -2.92
-2.52 -0.2 -2.72
-2.52 0 -2.52
-2.52 0.2 -2.32
-2.52 0.4 -2.12
-2.52 0.6 -1.92
-2.52 0.8 -1.72
-2.52 1 -1.52
-2.52 1.2 -1.32
-2.52 1.4 -1.12
-2.52 1.6 -0.92
-2.52 1.8 -0.72
-2.52 2 -0.52
-2.52 2.2 -0.32
-2.52 2.4 -0.12
-2.52 2.6 0.08
-2.52 2.8 0.28

-2.4 -3 -5.4
-2.4 -2.8 -5.2
-2.4 -2.6 -5
-2.4 -2.4 -4.8
-2.4 -2.2 -4.6
-2.4 -2 -4.4
-2.4 -1.8 -4.2
-2.4 -1.6 -4
-2.4 -1.4 -3.8
-2.4 -1.2 -3.6
-2.4 -1 -3.4
-2.4 -0.8 -3.2
-2.4 -0.6 -3
-2.4 -0.4 -2.8
-2.4 -0.2 -2.6
-2.4 0 -2.4
-2.4 0.2 -2.2
-2.4 0.4 -2
-2.4 0.6 -1.8
-2.4 0.8 -1.6
-2.4 1 -1.4
-2.4 1.2 -1.2
-2.4 1.4 -1
-2.4 1.6 -0.8
-2.4 1.8 -0.6
-2.4 2 -0.4
-2.4 2.2 -0.2
-2.4 2.4 4.44089e-16
-2.4 2.6 0.2
-2.4 2.8 0.4

-2.28 -3 -5.28
-2.28 -2.8 -5.08
-2.28 -2.6 -4.88
-2.28 -2.4 -4.68
-2.28 -2.2 -4.48
-2.28 -2 -4.28
-2.28 -1.8 -4.08
-2.28 -1.6 -3.88
-2.28 -1.4 -3.68
-2.28 -1.2 -3.48
-2.28 -1 -3.28
-2.28 -0.8 -3.08
-2.28 -0.6 -2.88
-2.28 -0.4 -2.68
-2.28 -0.2 -2.48
-2.28 0 -2.28
-2.28 0.2 -2.08
-2.28 0.4 -1.88
-2.28 0.6 -1.68
-2.28 0.8 -1.48
-2.28 1 -1.28
-2.28 1.2 -1.08
-2.28 1.4 -0.88
-2.28 1.6 -0.68
-2.28 1.8 -0.48
-2.28 2 -0.28
-2.28 2.2 -0.08
-2.28 2.4 0.12
-2.28 2.6 0.32
-2.28 2.8 0.52

-2.16 -3 -5.16
-2.16 -2.8 -4.96
-2.16 -2.6 -4.76
-2.16 -2.4 -4.56
-2.16 -2.2 -4.36
-2.16 -2 -4.16
-2.16 -1.8 -3.96
-2.16 -1.6 -3.76
-2.16 -1.4 -3.56
-2.16 -1.2 -3.36
-2.16 -1 -3.16
-2.16 -0.8 -2.96
-2.16 -0.6 -2.76
-2.16 -0.4 -2.56
-2.16 -0.2 -2.36
-2.16 0 -2.16
-2.16 0.2 -1.96
-2.16 0.4 -1.76
-2.16 0.6 -1.56
-2.16 0.8 -1.36
-2.16 1 -1.16
-2.16 1.2 -0.96
-2.16 1.4 -0.76
-2.16 1.6 -0.56
-2.16 1.8 -0.36
-2.16 2 -0.16
-2.16 2.2 0.04
-2.16 2.4 0.24
-2.16 2.6 0.44
-2.16 2.8 0.64

-2.04 -3 -5.04
-2.04 -2.8 -4.84
-2.04 -2.6 -4.64
-2.04 -2.4 -4.44
-2.04 -2.2 -4.24
-2.04 -2 -4.04
-2.04 -1.8 -3.84
-2.04 -1.6 -3.64
-2.04 -1.4 -3.44
-2.04 -1.2 -3.24
-2.04 -1 -3.04
-2.04 -0.8 -2.84
-2.04 -0.6 -2.64
-2.04 -0.4 -2.44
-2.04 -0.2 -2.24
-2.04 0 -2.04
-2.04 0.2 -1.84
-2.04 0.4 -1.64
-2.04 0.6 -1.44
-2.04 0.8 -1.24
-2.04 1 -1.04
-2.04 1.2 -0.84
-2.04 1.4 -0.64
-2.04 1.6 -0.44
-2.04 1.8 -0.24
-2.04 2 -0.04
-2.04 2.2 0.16
-2.04 2.4 0.36
-2.04 2.6 0.56
-2.04 2.8 0.76

-1.92 -3 -4.92
-1.92 -2.8 -4.72
-1.92 -2.6 -4.52
-1.92 -2.4 -4.32
-1.92 -2.2 -4.12
-1.92 -2 -3.92
-1.92 -1.8 -3.72
-1.92 -1.6 -3.52
-1.92 -1.4 -3.32
-1.92 -1.2 -3.12
-1.92 -1 -2.92
-1.92 -0.8 -2.72
-1.92 -0.6 -2.52
-1.92 -0.4 -2.32
-1.92 -0.2 -2.12
-1.92 0 -1.92
-1.92 0.2 -1.72
-1.92 0.4 -1.52
-1.92 0.6 -1.32
-1.92 0.8 -1.12
-1.92 1 -0.92
-1.92 1.2 -0.72
-1.92 1.4 -0.52
-1.92 1.6 -0.32
-1.92 1.8 -0.12
-1.92 2 0.08
-1.92 2.2 0.28
-1.92 2.4 0.48
-1.92 2.6 0.68
-1.92 2.8 0.88

-1.8 -3 -4.8
-1.8 -2.8 -4.6
-1.8 -2.6 -4.4
-1.8 -2.4 -4.2
-1.8 -2.2 -4
-1.8 -2 -3.8
-1.8 -1.8 -3.6
-1.8 -1.6 -3.4
-1.8 -1.4 -3.2
-1.8 -1.2 -3
-1.8 -1 -2.8
-1.8 -0.8 -2.6
-1.8 -0.6 -2.4
-1.8 -0.4 -2.2
-1.8 -0.2 -2
-1.8 0 -1.8
-1.8 0.2 -1.6
-1.8 0.4 -1.4
-1.8 0.6 -1.2
-1.8 0.8 -1
-1.8 1 -0.8
-1.8 1.2 -0.6
-1.8 1.4 -0.4
-1.8 1.6 -0.2
-1.8 1.8 -2.22045e-16
-1.8 2 0.2
-1.8 2.2 0.4
-1.8 2.4 0.6
-1.8 2.6 0.8
-1.8 2.8 1

-1.68 -3 -4.68
-1.68 -2.8 -4.48
-1.68 -2.6 -4.28
-1.68 -2.4 -4.08
-1.68 -2.2 -3.88
-1.68 -2 -3.68
-1.68 -1.8 -3.48
-1.68 -1.6 -3.28
-1.68 -1.4 -3.08
-1.68 -1.2 -2.88
-1.68 -1 -2.68
-1.68 -0.8 -2.48
-1.68 -0.6 -2.28
-1.68 -0.4 -2.08
-1.68 -0.2 -1.88
-1.68 0 -1.68
-1.68 0.2 -1.48
-1.68 0.4 -1.28
-1.68 0.6 -1.08
-1.68 0.8 -0.88
-1.68 1 -0.68
-1.68 1.2 -0.48
-1.68 1.4 -0.28
-1.68 1.6 -0.08
-1.68 1.8 0.12
-1.68 2 0.32
-1.68 2.2 0.52
-1.68 2.4 0.72
-1.68 2.6 0.92
-1.68 2.8 1.12

-1.56 -3 -4.56
-1.56 -2.8 -4.36
-1.56 -2.6 -4.16
-1.56 -2.4 -3.96
-1.56 -2.2 -3.76
-1.56 -2 -3.56
-1.56 -1.8 -3.36
-1.56 -1.6 -3.16
-1.56 -1.4 -2.96
-1.56 -1.2 -2.76
-1.56 -1 -2.56
-1.56 -0.8 -2.36
-1.56 -0.6 -2.16
-1.56 -0.4 -1.96
-1.56 -0.2 -1.76
-1.56 0 -1.56
-1.56 0.2 -1.36
-1.56 0.4 -1.16
-1.56 0.6 -0.96
-1.56 0.8 -0.76
-1.56 1 -0.56
-1.56 1.2 -0.36
-1.56 1.4 -0.16
-1.56 1.6 0.04
-1.56 1.8 0.24
-1.56 2 0.44
-1.56 2.2 0.64
-1.56 2.4 0.84
-1.56 2.6 1.04
-1.56 2.8 1.24

-1.44 -3 -4.44
-1.44 -2.8 -4.24
-1.44 -2.6 -4.04
-1.44 -2.4 -3.84
-1.44 -2.2 -3.64
-1.44 -2 -3.44
-1.44 -1.8 -3.24
-1.44 -1.6 -3.04
-1.44 -1.4 -2.84
-1.44 -1.2 -2.64
-1.44 -1 -2.44
-1.44 -0.8 -2.24
-1.44 -0.6 -2.04
-1.44 -0.4 -1.84
-1.44 -0.2 -1.64
-1.44 0 -1.44
-1.44 0.2 -1.24
-1.44 0.4 -1.04
-1.44 0.6 -0.84
-1.44 0.8 -0.64
-1.44 1 -0.44
-1.44 1.2 -0.24
-1.44 1.4 -0.04
-1.44 1.6 0.16
-1.44 1.8 0.36
-1.44 2 0.56
-1.44 2.2 0.76
-1.44 2.4 0.96
-1.44 2.6 1.16
-1.44 2.8 1.36

-1.32 -3 -4.32
-1.32 -2.8 -4.12
-1.32 -2.6 -3.92
-1.32 -2.4 -3.72
-1.32 -2.2 -3.52
-1.32 -2 -3.32
-1.32 -1.8 -3.12
-1.32 -1.6 -2.92
-1.32 -1.4 -2.72
-1.32 -1.2 -2.52
-1.32 -1 -2.32
-1.32 -0.8 -2.12
-1.32 -0.6 -1.92
-1.32 -0.4 -1.72
-1.32 -0.2 -1.52
-1.32 0 -1.32
-1.32 0.2 -1.12
-1.32 0.4 -0.92
-1.32 0.6 -0.72
-1.32 0.8 -0.52
-1.32 1 -0.32
-1.32 1.2 -0.12
-1.32 1.4 0.08
-1.32 1.6 0.28
-1.32 1.8 0.48
-1.32 2 0.68
-1.32 2.2 0.88
-1.32 2.4 1.08
-1.32 2.6 1.28
-1.32 2.8 1.48

-1.2 -3 -4.2
-1.2 -2.8 -4
-1.2 -2.6 -3.8
-1.2 -2.4 -3.6
-1.2 -2.2 -3.4
-1.2 -2 -3.2
-1.2 -1.8 -3
-1.2 -1.6 -2.8
-1.2 -1.4 -2.6
-1.2 -1.2 -2.4
-1.2 -1 -2.2
-1.2 -0.8 -2
-1.2 -0.6 -1.8
-1.2 -0.4 -1.6
-1.2 -0.2 -1.4
-1.2 0 -1.2
-1.2 0.2 -1
-1.2 0.4 -0.8
-1.2 0.6 -0.6
-1.2 0.8 -0.4
-1.2 1 -0.2
-1.2 1.2 2.22045e-16
-1.2 1.4 0.2
-1.2 1.6 0.4
-1.2 1.8 0.6
-1.2 2 0.8
-1.2 2.2 1
-1.2 2.4 1.2
-1.2 2.6 1.4
-1.2 2.8 1.6

-1.08 -3 -4.08
-1.08 -2.8 -3.88
-1.08 -2.6 -3.68
-1.08 -2.4 -3.48
-1.08 -2.2 -3.28
-1.08 -2 -3.08
-1.08 -1.8 -2.88
-1.08 -1.6 -2.68
-1.08 -1.4 -2.48
-1.08 -1.2 -2.28
-1.08 -1 -2.08
-1.08 -0.8 -1.88
-1.08 -0.6 -1.68
-1.08 -0.4 -1.48
-1.08 -0.2 -1.28
-1.08 0 -1.08
-1.08 0.2 -0.88
-1.08 0.4 -0.68
-1.08 0.6 -0.48
-1.08 0.8 -0.28
-1.08 1 -0.08
-1.08 1.2 0.12
-1.08 1.4 0.32
-1.08 1.6 0.52
-1.08 1.8 0.72
-1.08 2 0.92
-1.08 2.2 1.12
-1.08 2.4 1.32
-1.08 2.6 1.52
-1.08 2.8 1.72

-0.96 -3 -3.96
-0.96 -2.8 -3.76
-0.96 -2.6 -3.56
-0.96 -2.4 -3.36
-0.96 -2.2 -3.16
-0.96 -2 -2.96
-0.96 -1.8 -2.76
-0.96 -1.6 -2.56
-0.96 -1.4 -2.36
-0.96 -1.2 -2.16
-0.96 -1 -1.96
-0.96 -0.8 -1.76
-0.96 -0.6 -1.56
-0.96 -0.4 -1.36
-0.96 -0.2 -1.16
-0.96 0 -0.96
-0.96 0.2 -0.76
-0.96 0.4 -0.56
-0.96 0.6 -0.36
-0.96 0.8 -0.16
-0.96 1 0.04
-0.96 1.2 0.24
-0.96 1.4 0.44
-0.96 1.6 0.64
-0.96 1.8 0.84
-0.96 2 1.04
-0.96 2.2 1.24
-0.96 2.4 1.44
-0.96 2.6 1.64
-0.96 2.8 1.84

-0.84 -3 -3.84
-0.84 -2.8 -3.64
-0.84 -2.6 -3.44
-0.84 -2.4 -3.24
-0.84 -2.2 -3.04
-0.84 -2 -2.84
-0.84 -1.8 -2.64
-0.84 -1.6 -2.44
-0.84 -1.4 -2.24
-0.84 -1.2 -2.04
-0.84 -1 -1.84
-0.84 -0.8 -1.64
-0.84 -0.6 -1.44
-0.84 -0.4 -1.24
-0.84 -0.2 -1.04
-0.84 0 -0.84
-0.84 0.2 -0.64
-0.84 0.4 -0.44
-0.84 0.6 -0.24
-0.84 0.8 -0.04
-0.84 1 0.16
-0.84 1.2 0.36
-0.84 1.4 0.56
-0.84 1.6 0.76
-0.84 1.8 0.96
-0.84 2 1.16
-0.84 2.2 1.36
-0.84 2.4 1.56
-0.84 2.6 1.76
-0.84 2.8 1.96

-0.72 -3 -3.72
-0.72 -2.8 -3.52
-0.72 -2.6 -3.32
-0.72 -2.4 -3.12
-0.72 -2.2 -2.92
-0.72 -2 -2.72
-0.72 -1.8 -2.52
-0.72 -1.6 -2.32
-0.72 -1.4 -2.12
-0.72 -1.2 -1.92
-0.72 -1 -1.72
-0.72 -0.8 -1.52
-0.72 -0.6 -1.32
-0.72 -0.4 -1.12
-0.72 -0.2 -0.92
-0.72 0 -0.72
-0.72 0.2 -0.52
-0.72 0.4 -0.32
-0.72 0.6 -0.12
-0.72 0.8 0.08
-0.72 1 0.28
-0.72 1.2 0.48
-0.72 1.4 0.68
-0.72 1.6 0.88
-0.72 1.8 1.08
-0.72 2 1.28
-0.72 2.2 1.48
-0.72 2.4 1.68
-0.72 2.6 1.88
-0.72 2.8 2.08

-0.6 -3 -3.6
-0.6 -2.8 -3.4
-0.6 -2.6 -3.2
-0.6 -2.4 -3
-0.6 -2.2 -2.8
-0.6 -2 -2.6
-0.6 -1.8 -2.4
-0.6 -1.6 -2.2
-0.6 -1.4 -2
-0.6 -1.2 -1.8
-0.6 -1 -1.6
-0.6 -0.8 -1.4
-0.6 -0.6 -1.2
-0.6 -0.4 -1
-0.6 -0.2 -0.8
-0.6 0 -0.6
-0.6 0.2 -0.4
-0.6 0.4 -0.2
-0.6 0.6 0
-0.6 0.8 0.2
-0.6 1 0.4
-0.6 1.2 0.6
-0.6 1.4 0.8
-0.6 1.6 1
-0.6 1.8 1.2
-0.6 2 1.4
-0.6 2.2 1.6
-0.6 2.4 1.8
-0.6 2.6 2
-0.6 2.8 2.2

-0.48 -3 -3.48
-0.48 -2.8 -3.28
-0.48 -2.6 -3.08
-0.48 -2.4 -2.88
-0.48 -2.2 -2.68
-0.48 -2 -2.48
-0.48 -1.8 -2.28
-0.48 -1.6 -2.08
-0.48 -1.4 -1.88
-0.48 -1.2 -1.68
-0.48 -1 -1.48
-0.48 -0.8 -1.28
-0.48 -0.6 -1.08
-0.48 -0.4 -0.88
-0.48 -0.2 -0.68
-0.48 0 -0.48
-0.48 0.2 -0.28
-0.48 0.4 -0.08
-0.48 0.6 0.12
-0.48 0.8 0.32
-0.48 1 0.52
-0.48 1.2 0.72
-0.48 1.4 0.92
-0.48 1.6 1.12
-0.48 1.8 1.32
-0.48 2 1.52
-0.48 2.2 1.72
-0.48 2.4 1.92
-0.48 2.6 2.12
-0.48 2.8 2.32

-0.36 -3 -3.36
-0.36 -2.8 -3.16
-0.36 -2.6 -2.96
-0.36 -2.4 -2.76
-0.36 -2.2 -2.56
-0.36 -2 -2.36
-0.36 -1.8 -2.16
-0.36 -1.6 -1.96
-0.36 -1.4 -1.76
-0.36 -1.2 -1.56
-0.36 -1 -1.36
-0.36 -0.8 -1.16
-0.36 -0.6 -0.96
-0.36 -0.4 -0.76
-0.36 -0.2 -0.56
-0.36 0 -0.36
-0.36 0.2 -0.16
-0.36 0.4 0.04
-0.36 0.6 0.24
-0.36 0.8 0.44
-0.36 1 0.64
-0.36 1.2 0.84
-0.36 1.4 1.04
-0.36 1.6 1.24
-0.36 1.8 1.44
-0.36 2 1.64
-0.36 2.2 1.84
-0.36 2.4 2.04
-0.36 2.6 2.24
-0.36 2.8 2.44

-0.24 -3 -3.24
-0.24 -2.8 -3.04
-0.24 -2.6 -2.84
-0.24 -2.4 -2.64
-0.24 -2.2 -2.44
-0.24 -2 -2.24
-0.24 -1.8 -2.04
-0.24 -1.6 -1.84
-0.24 -1.4 -1.64
-0.24 -1.2 -1.44
-0.24 -1 -1.24
-0.24 -0.8 -1.04
-0.24 -0.6 -0.84
-0.24 -0.4 -0.64
-0.24 -0.2 -0.44
-0.24 0 -0.24
-0.24 0.2 -0.04
-0.24 0.4 0.16
-0.24 0.6 0.36
-0.24 0.8 0.56
-0.24 1 0.76
-0.24 1.2 0.96
-0.24 1.4 1.16
-0.24 1.6 1.36
-0.24 1.8 1.56
-0.24 2 1.76
-0.24 2.2 1.96
-0.24 2.4 2.16
-0.24 2.6 2.36
-0.24 2.8 2.56

-0.12 -3 -3.12
-0.12 -2.8 -2.92
-0.12 -2.6 -2.72
-0.12 -2.4 -2.52
-0.12 -2.2 -2.32
-0.12 -2 -2.12
-0.12 -1.8 -1.92
-0.12 -1.6 -1.72
-0.12 -1.4 -1.52
-0.12 -1.2 -1.32
-0.12 -1 -1.12
-0.12 -0.8 -0.92
-0.12 -0.6 -0.72
-0.12 -0.4 -0.52
-0.12 -0.2 -0.32
-0.12 0 -0.12
-0.12 0.2 0.08
-0.12 0.4 0.28
-0.12 0.6 0.48
-0.12 0.8 0.68
-0.12 1 0.88
-0.12 1.2 1.08
-0.12 1.4 1.28
-0.12 1.6 1.48
-0.12 1.8 1.68
-0.12 2 1.88
-0.12 2.2 2.08
-0.12 2.4 2.28
-0.12 2.6 2.48
-0.12 2.8 2.68

0 -3 -3
0 -2.8 -2.8
0 -2.6 -2.6
0 -2.4 -2.4
0 -2.2 -2.2
0 -2 -2
0 -1.8 -1.8
0 -1.6 -1.6
0 -1.4 -1.4
0 -1.2 -1.2
0 -1 -1
0 -0.8 -0.8
0 -0.6 -0.6
0 -0.4 -0.4
0 -0.2 -0.2
0 0 0
0 0.2 0.2
0 0.4 0.4
0 0.6 0.6
0 0.8 0.8
0 1 1
0 1.2 1.2
0 1.4 1.4
0 1.6 1.6
0 1.8 1.8
0 2 2
0 2.2 2.2
0 2.4 2.4
0 2.6 2.6
0 2.8 2.8

0.12 -3 -2.88
0.12 -2.8 -2.68
0.12 -2.6 -2.48
0.12 -2.4 -2.28
0.12 -2.2 -2.08
0.12 -2 -1.88
0.12 -1.8 -1.68
0.12 -1.6 -1.48
0.12 -1.4 -1.28
0.12 -1.2 -1.08
0.12 -1 -0.88
0.12 -0.8 -0.68
0.12 -0.6 -0.48
0.12 -0.4 -0.28
0.12 -0.2 -0.08
0.12 0 0.12
0.12 0.2 0.32
0.12 0.4 0.52
0.12 0.6 0.72
0.12 0.8 0.92
0.12 1 1.12
0.12 1.2 1.32
0.12 1.4 1.52
0.12 1.6 1.72
0.12 1.8 1.92
0.12 2 2.12
0.12 2.2 2.32
0.12 2.4 2.52
0.12 2.6 2.72
0.12 2.8 2.92

0.24 -3 -2.76
0.24 -2.8 -2.56
0.24 -2.6 -2.36
0.24 -2.4 -2.16
0.24 -2.2 -1.96
0.24 -2 -1.76
0.24 -1.8 -1.56
0.24 -1.6 -1.36
0.24 -1.4 -1.16
0.24 -1.2 -0.96
0.24 -1 -0.76
0.24 -0.8 -0.56
0.24 -0.6 -0.36
0.24 -0.4 -0.16
0.24 -0.2 0.04
0.24 0 0.24
0.24 0.2 0.44
0.24 0.4 0.64
0.24 0.6 0.84
0.24 0.8 1.04
0.24 1 1.24
0.24 1.2 1.44
0.24 1.4 1.64
0.24 1.6 1.84
0.24 1.8 2.04
0.24 2 2.24
0.24 2.2 2.44
0.24 2.4 2.64
0.24 2.6 2.84
0.24 2.8 3.04

0.36 -3 -2.64
0.36 -2.8 -2.44
0.36 -2.6 -2.24
0.36 -2.4 -2.04
0.36 -2.2 -1.84
0.36 -2 -1.64
0.36 -1.8 -1.44
0.36 -1.6 -1.24
0.36 -1.4 -1.04
0.36 -1.2 -0.84
0.36 -1 -0.64
0.36 -0.8 -0.44
0.36 -0.6 -0.24
0.36 -0.4 -0.04
0.36 -0.2 0.16
0.36 0 0.36
0.36 0.2 0.56
0.36 0.4 0.76
0.36 0.6 0.96
0.36 0.8 1.16
0.36 1 1.36
0.36 1.2 1.56
0.36 1.4 1.76
0.36 1.6 1.96
0.36 1.8 2.16
0.36 2 2.36
0.36 2.2 2.56
0.36 2.4 2.76
0.36 2.6 2.96
0.36 2.8 3.16

0.48 -3 -2.52
0.48 -2.8 -2.32
0.48 -2.6 -2.12
0.48 -2.4 -1.92
0.48 -2.2 -1.72
0.48 -2 -1.52
0.48 -1.8 -1.32
0.48 -1.6 -1.12
0.48 -1.4 -0.92
0.48 -1.2 -0.72
0.48 -1 -0.52
0.48 -0.8 -0.32
0.48 -0.6 -0.12
0.48 -0.4 0.08
0.48 -0.2 0.28
0.48 0 0.48
0.48 0.2 0.68
0.48 0.4 0.88
0.48 0.6 1.08
0.48 0.8 1.28
0.48 1 1.48
0.48 1.2 1.68
0.48 1.4 1.88
0.48 1.6 2.08
0.48 1.8 2.28
0.48 2 2.48
0.48 2.2 2.68
0.48 2.4 2.88
0.48 2.6 3.08
0.48 2.8 3.28

0.6 -3 -2.4
0.6 -2.8 -2.2
0.6 -2.6 -2
0.6 -2.4 -1.8
0.6 -2.2 -1.6
0.6 -2 -1.4
0.6 -1.8 -1.2
0.6 -1.6 -1
0.6 -1.4 -0.8
0.6 -1.2 -0.6
0.6 -1 -0.4
0.6 -0.8 -0.2
0.6 -0.6 0
0.6 -0.4 0.2
0.6 -0.2 0.4
0.6 0 0.6
0.6 0.2 0.8
0.6 0.4 1
0.6 0.6 1.2
0.6 0.8 1.4
0.6 1 1.6
0.6 1.2 1.8
0.6 1.4 2
0.6 1.6 2.2
0.6 1.8 2.4
0.6 2 2.6
0.6 2.2 2.8
0.6 2.4 3
0.6 2.6 3.2
0.6 2.8 3.4

0.72 -3 -2.28
0.72 -2.8 -2.08
0.72 -2.6 -1.88
0.72 -2.4 -1.68
0.72 -2.2 -1.48
0.72 -2 -1.28
0.72 -1.8 -1.08
0.72 -1.6 -0.88
0.72 -1.4 -0.68
0.72 -1.2 -0.48
0.72 -1 -0.28
0.72 -0.8 -0.08
0.72 -0.6 0.12
0.72 -0.4 0.32
0.72 -0.2 0.52
0.72 0 0.72
0.72 0.2 0.92
0.72 0.4 1.12
0.72 0.6 1.32
0.72 0.8 1.52
0.72 1 1.72
0.72 1.2 1.92
0.72 1.4 2.12
0.72 1.6 2.32
0.72 1.8 2.52
0.72 2 2.72
0.72 2.2 2.92
0.72 2.4 3.12
0.72 2.6 3.32
0.72 2.8 3.52

0.84 -3 -2.16
0.84 -2.8 -1.96
0.84 -2.6 -1.76
0.84 -2.4 -1.56
0.84 -2.2 -1.36
0.84 -2 -1.16
0.84 -1.8 -0.96
0.84 -1.6 -0.76
0.84 -1.4 -0.56
0.84 -1.2 -0.36
0.84 -1 -0.16
0.84 -0.8 0.04
0.84 -0.6 0.24
0.84 -0.4 0.44
0.84 -0.2 0.64
0.84 0 0.84
0.84 0.2 1.04
0.84 0.4 1.24
0.84 0.6 1.44
0.84 0.8 1.64
0.84 1 1.84
0.84 1.2 2.04
0.84 1.4 2.24
0.84 1.6 2.44
0.84 1.8 2.64
0.84 2 2.84
0.84 2.2 3.04
0.84 2.4 3.24
0.84 2.6 3.44
0.84 2.8 3.64

0.96 -3 -2.04
0.96 -2.8 -1.84
0.96 -2.6 -1.64
0.96 -2.4 -1.44
0.96 -2.2 -1.24
0.96 -2 -1.04
0.96 -1.8 -0.84
0.96 -1.6 -0.64
0.96 -1.4 -0.44
0.96 -1.2 -0.24
0.96 -1 -0.04
0.96 -0.8 0.16
0.96 -0.6 0.36
0.96 -0.4 0.56
0.96 -0.2 0.76
0.96 0 0.96
0.96 0.2 1.16
0.96 0.4 1.36
0.96 0.6 1.56
0.96 0.8 1.76
0.96 1 1.96
0.96 1.2 2.16
0.96 1.4 2.36
0.96 1.6 2.56
0.96 1.8 2.76
0.96 2 2.96
0.96 2.2 3.16
0.96 2.4 3.36
0.96 2.6 3.56
0.96 2.8 3.76

1.08 -3 -1.92
1.08 -2.8 -1.72
1.08 -2.6 -1.52
1.08 -2.4 -1.32
1.08 -2.2 -1.12
1.08 -2 -0.92
1.08 -1.8 -0.72
1.08 -1.6 -0.52
1.08 -1.4 -0.32
1.08 -1.2 -0.12
1.08 -1 0.08
1.08 -0.8 0.28
1.08 -0.6 0.48
1.08 -0.4 0.68
1.08 -0.2 0.88
1.08 0 1.08
1.08 0.2 1.28
1.08 0.4 1.48
1.08 0.6 1.68
1.08 0.8 1.88
1.08 1 2.08
1.08 1.2 2.28
1.08 1.4 2.48
1.08 1.6 2.68
1.08 1.8 2.88
1.08 2 3.08
1.08 2.2 3.28
1.08 2.4 3.48
1.08 2.6 3.68
1.08 2.8 3.88

1.2 -3 -1.8
1.2 -2.8 -1.6
1.2 -2.6 -1.4
1.2 -2.4 -1.2
1.2 -2.2 -1
1.2 -2 -0.8
1.2 -1.8 -0.6
1.2 -1.6 -0.4
1.2 -1.4 -0.2
1.2 -1.2 2.22045e-16
1.2 -1 0.2
1.2 -0.8 0.4
1.2 -0.6 0.6
1.2 -0.4 0.8
1.2 -0.2 1
1.2 0 1.2
1.2 0.2 1.4
1.2 0.4 1.6
1.2 0.6 1.8
1.2 0.8 2
1.2 1 2.2
1.2 1.2 2.4
1.2 1.4 2.6
1.2 1.6 2.8
1.2 1.8 3
1.2 2 3.2
1.2 2.2 3.4
1.2 2.4 3.6
1.2 2.6 3.8
1.2 2.8 4

1.32 -3 -1.68
1.32 -2.8 -1.48
1.32 -2.6 -1.28
1.32 -2.4 -1.08
1.32 -2.2 -0.88
1.32 -2 -0.68
1.32 -1.8 -0.48
1.32 -1.6 -0.28
1.32 -1.4 -0.08
1.32 -1.2 0.12
1.32 -1 0.32
1.32 -0.8 0.52
1.32 -0.6 0.72
1.32 -0.4 0.92
1.32 -0.2 1.12
1.32 0 1.32
1.32 0.2 1.52
1.32 0.4 1.72
1.32 0.6 1.92
1.32 0.8 2.12
1.32 1 2.32
1.32 1.2 2.52
1.32 1.4 2.72
1.32 1.6 2.92
1.32 1.8 3.12
1.32 2 3.32
1.32 2.2 3.52
1.32 2.4 3.72
1.32 2.6 3.92
1.32 2.8 4.12

1.44 -3 -1.56
1.44 -2.8 -1.36
1.44 -2.6 -1.16
1.44 -2.4 -0.96
1.44 -2.2 -0.76
1.44 -2 -0.56
1.44 -1.8 -0.36
1.44 -1.6 -0.16
1.44 -1.4 0.04
1.44 -1.2 0.24
1.44 -1 0.44
1.44 -0.8 0.64
1.44 -0.6 0.84
1.44 -0.4 1.04
1.44 -0.2 1.24
1.44 0 1.44
1.44 0.2 1.64
1.44 0.4 1.84
1.44 0.6 2.04
1.44 0.8 2.24
1.44 1 2.44
1.44 1.2 2.64
1.44 1.4 2.84
1.44 1.6 3.04
1.44 1.8 3.24
1.44 2 3.44
1.44 2.2 3.64
1.44 2.4 3.84
1.44 2.6 4.04
1.44 2.8 4.24

1.56 -3 -1.44
1.56 -2.8 -1.24
1.56 -2.6 -1.04
1.56 -2.4 -0.84
1.56 -2.2 -0.64
1.56 -2 -0.44
1.56 -1.8 -0.24
1.56 -1.6 -0.04
1.56 -1.4 0.16
1.56 -1.2 0.36
1.56 -1 0.56
1.56 -0.8 0.76
1.56 -0.6 0.96
1.56 -0.4 1.16
1.56 -0.2 1.36
1.56 0 1.56
1.56 0.2 1.76
1.56 0.4 1.96
1.56 0.6 2.16
1.56 0.8 2.36
1.56 1 2.56
1.56 1.2 2.76
1.56 1.4 2.96
1.56 1.6 3.16
1.56 1.8 3.36
1.56 2 3.56
1.56 2.2 3.76
1.56 2.4 3.96
1.56 2.6 4.16
1.56 2.8 4.36

1.68 -3 -1.32
1.68 -2.8 -1.12
1.68 -2.6 -0.92
1.68 -2.4 -0.72
1.68 -2.2 -0.52
1.68 -2 -0.32
1.68 -1.8 -0.12
1.68 -1.6 0.08
1.68 -1.4 0.28
1.68 -1.2 0.48
1.68 -1 0.68
1.68 -0.8 0.88
1.68 -0.6 1.08
1.68 -0.4 1.28
1.68 -0.2 1.48
1.68 0 1.68
1.68 0.2 1.88
1.68 0.4 2.08
1.68 0.6 2.28
1.68 0.8 2.48
1.68 1 2.68
1.68 1.2 2.88
1.68 1.4 3.08
1.68 1.6 3.28
1.68 1.8 3.48
1.68 2 3.68
1.68 2.2 3.88
1.68 2.4 4.08
1.68 2.6 4.28
1.68 2.8 4.48

1.8 -3 -1.2
1.8 -2.8 -1
1.8 -2.6 -0.8
1.8 -2.4 -0.6
1.8 -2.2 -0.4
1.8 -2 -0.2
1.8 -1.8 -2.22045e-16
1.8 -1.6 0.2
1.8 -1.4 0.4
1.8 -1.2 0.6
1.8 -1 0.8
1.8 -0.8 1
1.8 -0.6 1.2
1.8 -0.4 1.4
1.8 -0.2 1.6
1.8 0 1.8
1.8 0.2 2
1.8 0.4 2.2
1.8 0.6 2.4
1.8 0.8 2.6
1.8 1 2.8
1.8 1.2 3
1.8 1.4 3.2
1.8 1.6 3.4
1.8 1.8 3.6
1.8 2 3.8
1.8 2.2 4
1.8 2.4 4.2
1.8 2.6 4.4
1.8 2.8 4.6

1.92 -3 -1.08
1.92 -2.8 -0.88
1.92 -2.6 -0.68
1.92 -2.4 -0.48
1.92 -2.2 -0.28
1.92 -2 -0.08
1.92 -1.8 0.12
1.92 -1.6 0.32
1.92 -1.4 0.52
1.92 -1.2 0.72
1.92 -1 0.92
1.92 -0.8 1.12
1.92 -0.6 1.32
1.92 -0.4 1.52
1.92 -0.2 1.72
1.92 0 1.92
1.92 0.2 2.12
1.92 0.4 2.32
1.92 0.6 2.52
1.92 0.8 2.72
1.92 1 2.92
1.92 1.2 3.12
1.92 1.4 3.32
1.92 1.6 3.52
1.92 1.8 3.72
1.92 2 3.92
1.92 2.2 4.12
1.92 2.4 4.32
1.92 2.6 4.52
1.92 2.8 4.72

2.04 -3 -0.96
2.04 -2.8 -0.76
2.04 -2.6 -0.56
2.04 -2.4 -0.36
2.04 -2.2 -0.16
2.04 -2 0.04
2.04 -1.8 0.24
2.04 -1.6 0.44
2.04 -1.4 0.64
2.04 -1.2 0.84
2.04 -1 1.04
2.04 -0.8 1.24
2.04 -0.6 1.44
2.04 -0.4 1.64
2.04 -0.2 1.84
2.04 0 2.04
2.04 0.2 2.24
2.04 0.4 2.44
2.04 0.6 2.64
2.04 0.8 2.84
2.04 1 3.04
2.04 1.2 3.24
2.04 1.4 3.44
2.04 1.6 3.64
2.04 1.8 3.84
2.04 2 4.04
2.04 2.2 4.24
2.04 2.4 4.44
2.04 2.6 4.64
2.04 2.8 4.84

2.16 -3 -0.84
2.16 -2.8 -0.64
2.16 -2.6 -0.44
2.16 -2.4 -0.24
2.16 -2.2 -0.04
2.16 -2 0.16
2.16 -1.8 0.36
2.16 -1.6 0.56
2.16 -1.4 0.76
2.16 -1.2 0.96
2.16 -1 1.16
2.16 -0.8 1.36
2.16 -0.6 1.56
2.16 -0.4 1.76
2.16 -0.2 1.96
2.16 0 2.16
2.16 0.2 2.36
2.16 0.4 2.56
2.16 0.6 2.76
2.16 0.8 2.96
2.16 1 3.16
2.16 1.2 3.36
2.16 1.4 3.56
2.16 1.6 3.76
2.16 1.8 3.96
2.16 2 4.16
2.16 2.2 4.36
2.16 2.4 4.56
2.16 2.6 4.76
2.16 2.8 4.96

2.28 -3 -0.72
2.28 -2.8 -0.52
2.28 -2.6 -0.32
2.28 -2.4 -0.12
2.28 -2.2 0.08
2.28 -2 0.28
2.28 -1.8 0.48
2.28 -1.6 0.68
2.28 -1.4 0.88
2.28 -1.2 1.08
2.28 -1 1.28
2.28 -0.8 1.48
2.28 -0.6 1.68
2.28 -0.4 1.88
2.28 -0.2 2.08
2.28 0 2.28
2.28 0.2 2.48
2.28 0.4 2.68
2.28 0.6 2.88
2.28 0.8 3.08
2.28 1 3.28
2.28 1.2 3.48
2.28 1.4 3.68
2.28 1.6 3.88
2.28 1.8 4.08
2.28 2 4.28
2.28 2.2 4.48
2.28 2.4 4.68
2.28 2.6 4.88
2.28 2.8 5.08

2.4 -3 -0.6
2.4 -2.8 -0.4
2.4 -2.6 -0.2
2.4 -2.4 4.44089e-16
2.4 -2.2 0.2
2.4 -2 0.4
2.4 -1.8 0.6
2.4 -1.6 0.8
2.4 -1.4 1
2.4 -1.2 1.2
2.4 -1 1.4
2.4 -0.8 1.6
2.4 -0.6 1.8
2.4 -0.4 2
2.4 -0.2 2.2
2.4 0 2.4
2.4 0.2 2.6
2.4 0.4 2.8
2.4 0.6 3
2.4 0.8 3.2
2.4 1 3.4
2.4 1.2 3.6
2.4 1.4 3.8
2.4 1.6 4
2.4 1.8 4.2
2.4 2 4.4
2.4 2.2 4.6
2.4 2.4 4.8
2.4 2.6 5
2.4 2.8 5.2

2.52 -3 -0.48
2.52 -2.8 -0.28
2.52 -2.6 -0.08
2.52 -2.4 0.12
2.52 -2.2 0.32
2.52 -2 0.52
2.52 -1.8 0.72
2.52 -1.6 0.92
2.52 -1.4 1.12
2.52 -1.2 1.32
2.52 -1 1.52
2.52 -0.8 1.72
2.52 -0.6 1.92
2.52 -0.4 2.12
2.52 -0.2 2.32
2.52 0 2.52
2.52 0.2 2.72
2.52 0.4 2.92
2.52 0.6 3.12
2.52 0.8 3.32
2.52 1 3.52
2.52 1.2 3.72
2.52 1.4 3.92
2.52 1.6 4.12
2.52 1.8 4.32
2.52 2 4.52
2.52 2.2 4.72
2.52 2.4 4.92
2.52 2.6 5.12
2.52 2.8 5.32

2.64 -3 -0.36
2.64 -2.8 -0.16
2.64 -2.6 0.04
2.64 -2.4 0.24
2.64 -2.2 0.44
2.64 -2 0.64
2.64 -1.8 0.84
2.64 -1.6 1.04
2.64 -1.4 1.24
2.64 -1.2 1.44
2.64 -1 1.64
2.64 -0.8 1.84
2.64 -0.6 2.04
2.64 -0.4 2.24
2.64 -0.2 2.44
2.64 0 2.64
2.64 0.2 2.84
2.64 0.4 3.04
2.64 0.6 3.24
2.64 0.8 3.44
2.64 1 3.64
2.64 1.2 3.84
2.64 1.4 4.04
2.64 1.6 4.24
2.64 1.8 4.44
2.64 2 4.64
2.64 2.2 4.84
2.64 2.4 5.04
2.64 2.6 5.24
2.64 2.8 5.44

2.76 -3 -0.24
2.76 -2.8 -0.04
2.76 -2.6 0.16
2.76 -2.4 0.36
2.76 -2.2 0.56
2.76 -2 0.76
2.76 -1.8 0.96
2.76 -1.6 1.16
2.76 -1.4 1.36
2.76 -1.2 1.56
2.76 -1 1.76
2.76 -0.8 1.96
2.76 -0.6 2.16
2.76 -0.4 2.36
2.76 -0.2 2.56
2.76 0 2.76
2.76 0.2 2.96
2.76 0.4 3.16
2.76 0.6 3.36
2.76 0.8 3.56
2.76 1 3.76
2.76 1.2 3.96
2.76 1.4 4.16
2.76 1.6 4.36
2.76 1.8 4.56
2.76 2 4.76
2.76 2.2 4.96
2.76 2.4 5.16
2.76 2.6 5.36
2.76 2.8 5.56

2.88 -3 -0.12
2.88 -2.8 0.08
2.88 -2.6 0.28
2.88 -2.4 0.48
2.88 -2.2 0.68
2.88 -2 0.88
2.88 -1.8 1.08
2.88 -1.6 1.28
2.88 -1.4 1.48
2.88 -1.2 1.68
2.88 -1 1.88
2.88 -0.8 2.08
2.88 -0.6 2.28
2.88 -0.4 2.48
2.88 -0.2 2.68
2.88 0 2.88
2.88 0.2 3.08
2.88 0.4 3.28
2.88 0.6 3.48
2.88 0.8 3.68
2.88 1 3.88
2.88 1.2 4.08
2.88 1.4 4.28
2.88 1.6 4.48
2.88 1.8 4.68
2.88 2 4.88
2.88 2.2 5.08
2.88 2.4 5.28
2.88 2.6 5.48
2.88 2.8 5.68

