-3 -3 1.523e-08
-3 -2.8 1.74751e-06
-3 -2.6 3.47978e-06
-3 -2.4 5.21206e-06
-3 -2.2 6.94433e-06
-3 -2 8.67661e-06
-3 -1.8 1.04089e-05
-3 -1.6 1.21412e-05
-3 -1.4 2.03675e-05
-3 -1.2 3.50878e-05
-3 -1 4.98081e-05
-3 -0.8 6.45285e-05
-3 -0.6 7.92488e-05
-3 -0.4 9.39691e-05
-3 -0.2 0.000108689
-3 0 0.00012341
-3 0.2 0.000108689
-3 0.4 9.39691e-05
-3 0.6 7.92488e-05
-3 0.8 6.45285e-05
-3 1 4.98081e-05
-3 1.2 3.50878e-05
-3 1.4 2.03675e-05
-3 1.6 1.21412e-05
-3 1.8 1.04089e-05
-3 2 8.67661e-06
-3 2.2 6.94433e-06
-3 2.4 5.21206e-06
-3 2.6 3.47978e-06
-3 2.8 1.74751e-06

-2.88 -3 1.0546e-06
-2.88 -2.8 0.000121006
-2.88 -2.6 0.000240956
-2.88 -2.4 0.000360907
-2.88 -2.2 0.000480858
-2.88 -2 0.000600809
-2.88 -1.8 0.00072076
-2.88 -1.6 0.000840711
-2.88 -1.4 0.00141034
-2.88 -1.2 0.00242964
-2.88 -1 0.00344895
-2.88 -0.8 0.00446825
-2.88 -0.6 0.00548756
-2.88 -0.4 0.00650686
-2.88 -0.2 0.00752617
-2.88 0 0.00854547
-2.88 0.2 0.00752617
-2.88 0.4 0.00650686
-2.88 0.6 0.00548756
-2.88 0.8 0.00446825
-2.88 1 0.00344895
-2.88 1.2 0.00242964
-2.88 1.4 0.00141034
-2.88 1.6 0.000840711
-2.88 1.8 0.00072076
-2.88 2 0.000600809
-2.88 2.2 0.000480858
-2.88 2.4 0.000360907
-2.88 2.6 0.000240956
-2.88 2.8 0.000121006

-2.76 -3 2.09396e-06
-2.76 -2.8 0.000240264
-2.76 -2.6 0.000478433
-2.76 -2.4 0.000716603
-2.76 -2.2 0.000954772
-2.76 -2 0.00119294
-2.76 -1.8 0.00143111
-2.76 -1.6 0.00166928
-2.76 -1.4 0.00280031
-2.76 -1.2 0.0048242
-2.76 -1 0.00684809
-2.76 -0.8 0.00887198
-2.76 -0.6 0.0108959
-2.76 -0.4 0.0129198
-2.76 -0.2 0.0149437
-2.76 0 0.0169675
-2.76 0.2 0.0149437
-2.76 0.4 0.0129198
-2.76 0.6 0.0108959
-2.76 0.8 0.00887198
-2.76 1 0.00684809
-2.76 1.2 0.0048242
-2.76 1.4 0.00280031
-2.76 1.6 0.00166928
-2.76 1.8 0.00143111
-2.76 2 0.00119294
-2.76 2.2 0.000954772
-2.76 2.4 0.000716603
-2.76 2.6 0.000478433
-2.76 2.8 0.000240264

-2.64 -3 3.13333e-06
-2.64 -2.8 0.000359522
-2.64 -2.6 0.00071591
-2.64 -2.4 0.0010723
-2.64 -2.2 0.00142869
-2.64 -2 0.00178507
-2.64 -1.8 0.00214146
-2.64 -1.6 0.00249785
-2.64 -1.4 0.00419028
-2.64 -1.2 0.00721876
-2.64 -1 0.0102472
-2.64 -0.8 0.0132757
-2.64 -0.6 0.0163042
-2.64 -0.4 0.0193327
-2.64 -0.2 0.0223611
-2.64 0 0.0253896
-2.64 0.2 0.0223611
-2.64 0.4 0.0193327
-2.64 0.6 0.0163042
-2.64 0.8 0.0132757
-2.64 1 0.0102472
-2.64 1.2 0.00721876
-2.64 1.4 0.00419028
-2.64 1.6 0.00249785
-2.64 1.8 0.00214146
-2.64 2 0.00178507
-2.64 2.2 0.00142869
-2.64 2.4 0.0010723
-2.64 2.6 0.00071591
-2.64 2.8 0.000359522

-2.52 -3 4.17269e-06
-2.52 -2.8 0.00047878
-2.52 -2.6 0.000953386
-2.52 -2.4 0.00142799
-2.52 -2.2 0.0019026
-2.52 -2 0.00237721
-2.52 -1.8 0.00285181
-2.52 -1.6 0.00332642
-2.52 -1.4 0.00558025
-2.52 -1.2 0.00961331
-2.52 -1 0.0136464
-2.52 -0.8 0.0176794
-2.52 -0.6 0.0217125
-2.52 -0.4 0.0257456
-2.52 -0.2 0.0297786
-2.52 0 0.0338117
-2.52 0.2 0.0297786
-2.52 0.4 0.0257456
-2.52 0.6 0.0217125
-2.52 0.8 0.0176794
-2.52 1 0.0136464
-2.52 1.2 0.00961331
-2.52 1.4 0.00558025
-2.52 1.6 0.00332642
-2.52 1.8 0.00285181
-2.52 2 0.00237721
-2.52 2.2 0.0019026
-2.52 2.4 0.00142799
-2.52 2.6 0.000953386
-2.52 2.8 0.00047878

-2.4 -3 5.21206e-06
-2.4 -2.8 0.000598038
-2.4 -2.6 0.00119086
-2.4 -2.4 0.00178369
-2.4 -2.2 0.00237651
-2.4 -2 0.00296934
-2.4 -1.8 0.00356216
-2.4 -1.6 0.00415499
-2.4 -1.4 0.00697023
-2.4 -1.2 0.0120079
-2.4 -1 0.0170455
-2.4 -0.8 0.0220832
-2.4 -0.6 0.0271208
-2.4 -0.4 0.0321584
-2.4 -0.2 0.0371961
-2.4 0 0.0422337
-2.4 0.2 0.0371961
-2.4 0.4 0.0321584
-2.4 0.6 0.0271208
-2.4 0.8 0.0220832
-2.4 1 0.0170455
-2.4 1.2 0.0120079
-2.4 1.4 0.00697023
-2.4 1.6 0.00415499
-2.4 1.8 0.00356216
-2.4 2 0.00296934
-2.4 2.2 0.00237651
-2.4 2.4 0.00178369
-2.4 2.6 0.00119086
-2.4 2.8 0.000598038

-2.28 -3 6.25142e-06
-2.28 -2.8 0.000717296
-2.28 -2.6 0.00142834
-2.28 -2.4 0.00213938
-2.28 -2.2 0.00285043
-2.28 -2 0.00356147
-2.28 -1.8 0.00427252
-2.28 -1.6 0.00498356
-2.28 -1.4 0.0083602
-2.28 -1.2 0.0144024
-2.28 -1 0.0204447
-2.28 -0.8 0.0264869
-2.28 -0.6 0.0325291
-2.28 -0.4 0.0385713
-2.28 -0.2 0.0446136
-2.28 0 0.0506558
-2.28 0.2 0.0446136
-2.28 0.4 0.0385713
-2.28 0.6 0.0325291
-2.28 0.8 0.0264869
-2.28 1 0.0204447
-2.28 1.2 0.0144024
-2.28 1.4 0.0083602
-2.28 1.6 0.00498356
-2.28 1.8 0.00427252
-2.28 2 0.00356147
-2.28 2.2 0.00285043
-2.28 2.4 0.00213938
-2.28 2.6 0.00142834
-2.28 2.8 0.000717296

-2.16 -3 7.29079e-06
-2.16 -2.8 0.000836554
-2.16 -2.6 0.00166582
-2.16 -2.4 0.00249508
-2.16 -2.2 0.00332434
-2.16 -2 0.0041536
-2.16 -1.8 0.00498287
-2.16 -1.6 0.00581213
-2.16 -1.4 0.00975017
-2.16 -1.2 0.016797
-2.16 -1 0.0238438
-2.16 -0.8 0.0308906
-2.16 -0.6 0.0379374
-2.16 -0.4 0.0449842
-2.16 -0.2 0.0520311
-2.16 0 0.0590779
-2.16 0.2 0.0520311
-2.16 0.4 0.0449842
-2.16 0.6 0.0379374
-2.16 0.8 0.0308906
-2.16 1 0.0238438
-2.16 1.2 0.016797
-2.16 1.4 0.00975017
-2.16 1.6 0.00581213
-2.16 1.8 0.00498287
-2.16 2 0.0041536
-2.16 2.2 0.00332434
-2.16 2.4 0.00249508
-2.16 2.6 0.00166582
-2.16 2.8 0.000836554

-2.04 -3 8.33015e-06
-2.04 -2.8 0.000955812
-2.04 -2.6 0.00190329
-2.04 -2.4 0.00285077
-2.04 -2.2 0.00379826
-2.04 -2 0.00474574
-2.04 -1.8 0.00569322
-2.04 -1.6 0.0066407
-2.04 -1.4 0.0111401
-2.04 -1.2 0.0191915
-2.04 -1 0.0272429
-2.04 -0.8 0.0352943
-2.04 -0.6 0.0433457
-2.04 -0.4 0.0513971
-2.04 -0.2 0.0594485
-2.04 0 0.0674999
-2.04 0.2 0.0594485
-2.04 0.4 0.0513971
-2.04 0.6 0.0433457
-2.04 0.8 0.0352943
-2.04 1 0.0272429
-2.04 1.2 0.0191915
-2.04 1.4 0.0111401
-2.04 1.6 0.0066407
-2.04 1.8 0.00569322
-2.04 2 0.00474574
-2.04 2.2 0.00379826
-2.04 2.4 0.00285077
-2.04 2.6 0.00190329
-2.04 2.8 0.000955812

-1.92 -3 9.36952e-06
-1.92 -2.8 0.00107507
-1.92 -2.6 0.00214077
-1.92 -2.4 0.00320647
-1.92 -2.2 0.00427217
-1.92 -2 0.00533787
-1.92 -1.8 0.00640357
-1.92 -1.6 0.00746927
-1.92 -1.4 0.0125301
-1.92 -1.2 0.0215861
-1.92 -1 0.0306421
-1.92 -0.8 0.0396981
-1.92 -0.6 0.048754
-1.92 -0.4 0.05781
-1.92 -0.2 0.066866
-1.92 0 0.075922
-1.92 0.2 0.066866
-1.92 0.4 0.05781
-1.92 0.6 0.048754
-1.92 0.8 0.0396981
-1.92 1 0.0306421
-1.92 1.2 0.0215861
-1.92 1.4 0.0125301
-1.92 1.6 0.00746927
-1.92 1.8 0.00640357
-1.92 2 0.00533787
-1.92 2.2 0.00427217
-1.92 2.4 0.00320647
-1.92 2.6 0.00214077
-1.92 2.8 0.00107507

-1.8 -3 1.04089e-05
-1.8 -2.8 0.00119433
-1.8 -2.6 0.00237825
-1.8 -2.4 0.00356216
-1.8 -2.2 0.00474608
-1.8 -2 0.00593
-1.8 -1.8 0.00711392
-1.8 -1.6 0.00829784
-1.8 -1.4 0.0139201
-1.8 -1.2 0.0239807
-1.8 -1 0.0340412
-1.8 -0.8 0.0441018
-1.8 -0.6 0.0541624
-1.8 -0.4 0.0642229
-1.8 -0.2 0.0742835
-1.8 0 0.0843441
-1.8 0.2 0.0742835
-1.8 0.4 0.0642229
-1.8 0.6 0.0541624
-1.8 0.8 0.0441018
-1.8 1 0.0340412
-1.8 1.2 0.0239807
-1.8 1.4 0.0139201
-1.8 1.6 0.00829784
-1.8 1.8 0.00711392
-1.8 2 0.00593
-1.8 2.2 0.00474608
-1.8 2.4 0.00356216
-1.8 2.6 0.00237825
-1.8 2.8 0.00119433

-1.68 -3 1.14482e-05
-1.68 -2.8 0.00131359
-1.68 -2.6 0.00261572
-1.68 -2.4 0.00391786
-1.68 -2.2 0.00522
-1.68 -2 0.00652213
-1.68 -1.8 0.00782427
-1.68 -1.6 0.00912641
-1.68 -1.4 0.0153101
-1.68 -1.2 0.0263752
-1.68 -1 0.0374404
-1.68 -0.8 0.0485055
-1.68 -0.6 0.0595707
-1.68 -0.4 0.0706358
-1.68 -0.2 0.081701
-1.68 0 0.0927661
-1.68 0.2 0.081701
-1.68 0.4 0.0706358
-1.68 0.6 0.0595707
-1.68 0.8 0.0485055
-1.68 1 0.0374404
-1.68 1.2 0.0263752
-1.68 1.4 0.0153101
-1.68 1.6 0.00912641
-1.68 1.8 0.00782427
-1.68 2 0.00652213
-1.68 2.2 0.00522
-1.68 2.4 0.00391786
-1.68 2.6 0.00261572
-1.68 2.8 0.00131359

-1.56 -3 1.24876e-05
-1.56 -2.8 0.00143284
-1.56 -2.6 0.0028532
-1.56 -2.4 0.00427356
-1.56 -2.2 0.00569391
-1.56 -2 0.00711427
-1.56 -1.8 0.00853462
-1.56 -1.6 0.00995498
-1.56 -1.4 0.0167
-1.56 -1.2 0.0287698
-1.56 -1 0.0408395
-1.56 -0.8 0.0529092
-1.56 -0.6 0.064979
-1.56 -0.4 0.0770487
-1.56 -0.2 0.0891185
-1.56 0 0.101188
-1.56 0.2 0.0891185
-1.56 0.4 0.0770487
-1.56 0.6 0.064979
-1.56 0.8 0.0529092
-1.56 1 0.0408395
-1.56 1.2 0.0287698
-1.56 1.4 0.0167
-1.56 1.6 0.00995498
-1.56 1.8 0.00853462
-1.56 2 0.00711427
-1.56 2.2 0.00569391
-1.56 2.4 0.00427356
-1.56 2.6 0.0028532
-1.56 2.8 0.00143284

-1.44 -3 1.74234e-05
-1.44 -2.8 0.00199918
-1.44 -2.6 0.00398094
-1.44 -2.4 0.0059627
-1.44 -2.2 0.00794445
-1.44 -2 0.00992621
-1.44 -1.8 0.011908
-1.44 -1.6 0.0138897
-1.44 -1.4 0.0233008
-1.44 -1.2 0.0401411
-1.44 -1 0.0569815
-1.44 -0.8 0.0738218
-1.44 -0.6 0.0906622
-1.44 -0.4 0.107503
-1.44 -0.2 0.124343
-1.44 0 0.141183
-1.44 0.2 0.124343
-1.44 0.4 0.107503
-1.44 0.6 0.0906622
-1.44 0.8 0.0738218
-1.44 1 0.0569815
-1.44 1.2 0.0401411
-1.44 1.4 0.0233008
-1.44 1.6 0.0138897
-1.44 1.8 0.011908
-1.44 2 0.00992621
-1.44 2.2 0.00794445
-1.44 2.4 0.0059627
-1.44 2.6 0.00398094
-1.44 2.8 0.00199918

-1.32 -3 2.62556e-05
-1.32 -2.8 0.0030126
-1.32 -2.6 0.00599894
-1.32 -2.4 0.00898528
-1.32 -2.2 0.0119716
-1.32 -2 0.014958
-1.32 -1.8 0.0179443
-1.32 -1.6 0.0209307
-1.32 -1.4 0.0351123
-1.32 -1.2 0.0604893
-1.32 -1 0.0858663
-1.32 -0.8 0.111243
-1.32 -0.6 0.13662
-1.32 -0.4 0.161997
-1.32 -0.2 0.187374
-1.32 0 0.212751
-1.32 0.2 0.187374
-1.32 0.4 0.161997
-1.32 0.6 0.13662
-1.32 0.8 0.111243
-1.32 1 0.0858663
-1.32 1.2 0.0604893
-1.32 1.4 0.0351123
-1.32 1.6 0.0209307
-1.32 1.8 0.0179443
-1.32 2 0.014958
-1.32 2.2 0.0119716
-1.32 2.4 0.00898528
-1.32 2.6 0.00599894
-1.32 2.8 0.0030126

-1.2 -3 3.50878e-05
-1.2 -2.8 0.00402602
-1.2 -2.6 0.00801694
-1.2 -2.4 0.0120079
-1.2 -2.2 0.0159988
-1.2 -2 0.0199897
-1.2 -1.8 0.0239807
-1.2 -1.6 0.0279716
-1.2 -1.4 0.0469239
-1.2 -1.2 0.0808375
-1.2 -1 0.114751
-1.2 -0.8 0.148665
-1.2 -0.6 0.182578
-1.2 -0.4 0.216492
-1.2 -0.2 0.250406
-1.2 0 0.284319
-1.2 0.2 0.250406
-1.2 0.4 0.216492
-1.2 0.6 0.182578
-1.2 0.8 0.148665
-1.2 1 0.114751
-1.2 1.2 0.0808375
-1.2 1.4 0.0469239
-1.2 1.6 0.0279716
-1.2 1.8 0.0239807
-1.2 2 0.0199897
-1.2 2.2 0.0159988
-1.2 2.4 0.0120079
-1.2 2.6 0.00801694
-1.2 2.8 0.00402602

-1.08 -3 4.392e-05
-1.08 -2.8 0.00503943
-1.08 -2.6 0.0100349
-1.08 -2.4 0.0150305
-1.08 -2.2 0.020026
-1.08 -2 0.0250215
-1.08 -1.8 0.030017
-1.08 -1.6 0.0350125
-1.08 -1.4 0.0587354
-1.08 -1.2 0.101186
-1.08 -1 0.143636
-1.08 -0.8 0.186086
-1.08 -0.6 0.228537
-1.08 -0.4 0.270987
-1.08 -0.2 0.313437
-1.08 0 0.355887
-1.08 0.2 0.313437
-1.08 0.4 0.270987
-1.08 0.6 0.228537
-1.08 0.8 0.186086
-1.08 1 0.143636
-1.08 1.2 0.101186
-1.08 1.4 0.0587354
-1.08 1.6 0.0350125
-1.08 1.8 0.030017
-1.08 2 0.0250215
-1.08 2.2 0.020026
-1.08 2.4 0.0150305
-1.08 2.6 0.0100349
-1.08 2.8 0.00503943

-0.96 -3 5.27522e-05
-0.96 -2.8 0.00605285
-0.96 -2.6 0.0120529
-0.96 -2.4 0.018053
-0.96 -2.2 0.0240531
-0.96 -2 0.0300532
-0.96 -1.8 0.0360533
-0.96 -1.6 0.0420534
-0.96 -1.4 0.0705469
-0.96 -1.2 0.121534
-0.96 -1 0.172521
-0.96 -0.8 0.223508
-0.96 -0.6 0.274495
-0.96 -0.4 0.325482
-0.96 -0.2 0.376469
-0.96 0 0.427456
-0.96 0.2 0.376469
-0.96 0.4 0.325482
-0.96 0.6 0.274495
-0.96 0.8 0.223508
-0.96 1 0.172521
-0.96 1.2 0.121534
-0.96 1.4 0.0705469
-0.96 1.6 0.0420534
-0.96 1.8 0.0360533
-0.96 2 0.0300532
-0.96 2.2 0.0240531
-0.96 2.4 0.018053
-0.96 2.6 0.0120529
-0.96 2.8 0.00605285

-0.84 -3 6.15844e-05
-0.84 -2.8 0.00706627
-0.84 -2.6 0.0140709
-0.84 -2.4 0.0210756
-0.84 -2.2 0.0280803
-0.84 -2 0.035085
-0.84 -1.8 0.0420897
-0.84 -1.6 0.0490944
-0.84 -1.4 0.0823585
-0.84 -1.2 0.141882
-0.84 -1 0.201406
-0.84 -0.8 0.260929
-0.84 -0.6 0.320453
-0.84 -0.4 0.379976
-0.84 -0.2 0.4395
-0.84 0 0.499024
-0.84 0.2 0.4395
-0.84 0.4 0.379976
-0.84 0.6 0.320453
-0.84 0.8 0.260929
-0.84 1 0.201406
-0.84 1.2 0.141882
-0.84 1.4 0.0823585
-0.84 1.6 0.0490944
-0.84 1.8 0.0420897
-0.84 2 0.035085
-0.84 2.2 0.0280803
-0.84 2.4 0.0210756
-0.84 2.6 0.0140709
-0.84 2.8 0.00706627

-0.72 -3 7.04166e-05
-0.72 -2.8 0.00807968
-0.72 -2.6 0.0160889
-0.72 -2.4 0.0240982
-0.72 -2.2 0.0321075
-0.72 -2 0.0401167
-0.72 -1.8 0.048126
-0.72 -1.6 0.0561353
-0.72 -1.4 0.09417
-0.72 -1.2 0.16223
-0.72 -1 0.23029
-0.72 -0.8 0.298351
-0.72 -0.6 0.366411
-0.72 -0.4 0.434471
-0.72 -0.2 0.502531
-0.72 0 0.570592
-0.72 0.2 0.502531
-0.72 0.4 0.434471
-0.72 0.6 0.366411
-0.72 0.8 0.298351
-0.72 1 0.23029
-0.72 1.2 0.16223
-0.72 1.4 0.09417
-0.72 1.6 0.0561353
-0.72 1.8 0.048126
-0.72 2 0.0401167
-0.72 2.2 0.0321075
-0.72 2.4 0.0240982
-0.72 2.6 0.0160889
-0.72 2.8 0.00807968

-0.6 -3 7.92488e-05
-0.6 -2.8 0.0090931
-0.6 -2.6 0.018107
-0.6 -2.4 0.0271208
-0.6 -2.2 0.0361347
-0.6 -2 0.0451485
-0.6 -1.8 0.0541624
-0.6 -1.6 0.0631762
-0.6 -1.4 0.105982
-0.6 -1.2 0.182578
-0.6 -1 0.259175
-0.6 -0.8 0.335772
-0.6 -0.6 0.412369
-0.6 -0.4 0.488966
-0.6 -0.2 0.565563
-0.6 0 0.64216
-0.6 0.2 0.565563
-0.6 0.4 0.488966
-0.6 0.6 0.412369
-0.6 0.8 0.335772
-0.6 1 0.259175
-0.6 1.2 0.182578
-0.6 1.4 0.105982
-0.6 1.6 0.0631762
-0.6 1.8 0.0541624
-0.6 2 0.0451485
-0.6 2.2 0.0361347
-0.6 2.4 0.0271208
-0.6 2.6 0.018107
-0.6 2.8 0.0090931

-0.48 -3 8.8081e-05
-0.48 -2.8 0.0101065
-0.48 -2.6 0.020125
-0.48 -2.4 0.0301434
-0.48 -2.2 0.0401618
-0.48 -2 0.0501803
-0.48 -1.8 0.0601987
-0.48 -1.6 0.0702171
-0.48 -1.4 0.117793
-0.48 -1.2 0.202927
-0.48 -1 0.28806
-0.48 -0.8 0.373194
-0.48 -0.6 0.458327
-0.48 -0.4 0.543461
-0.48 -0.2 0.628594
-0.48 0 0.713728
-0.48 0.2 0.628594
-0.48 0.4 0.543461
-0.48 0.6 0.458327
-0.48 0.8 0.373194
-0.48 1 0.28806
-0.48 1.2 0.202927
-0.48 1.4 0.117793
-0.48 1.6 0.0702171
-0.48 1.8 0.0601987
-0.48 2 0.0501803
-0.48 2.2 0.0401618
-0.48 2.4 0.0301434
-0.48 2.6 0.020125
-0.48 2.8 0.0101065

-0.36 -3 9.69132e-05
-0.36 -2.8 0.0111199
-0.36 -2.6 0.022143
-0.36 -2.4 0.033166
-0.36 -2.2 0.044189
-0.36 -2 0.055212
-0.36 -1.8 0.066235
-0.36 -1.6 0.0772581
-0.36 -1.4 0.129605
-0.36 -1.2 0.223275
-0.36 -1 0.316945
-0.36 -0.8 0.410615
-0.36 -0.6 0.504285
-0.36 -0.4 0.597955
-0.36 -0.2 0.691626
-0.36 0 0.785296
-0.36 0.2 0.691626
-0.36 0.4 0.597955
-0.36 0.6 0.504285
-0.36 0.8 0.410615
-0.36 1 0.316945
-0.36 1.2 0.223275
-0.36 1.4 0.129605
-0.36 1.6 0.0772581
-0.36 1.8 0.066235
-0.36 2 0.055212
-0.36 2.2 0.044189
-0.36 2.4 0.033166
-0.36 2.6 0.022143
-0.36 2.8 0.0111199

-0.24 -3 0.000105745
-0.24 -2.8 0.0121334
-0.24 -2.6 0.024161
-0.24 -2.4 0.0361886
-0.24 -2.2 0.0482162
-0.24 -2 0.0602438
-0.24 -1.8 0.0722714
-0.24 -1.6 0.084299
-0.24 -1.4 0.141416
-0.24 -1.2 0.243623
-0.24 -1 0.34583
-0.24 -0.8 0.448037
-0.24 -0.6 0.550243
-0.24 -0.4 0.65245
-0.24 -0.2 0.754657
-0.24 0 0.856864
-0.24 0.2 0.754657
-0.24 0.4 0.65245
-0.24 0.6 0.550243
-0.24 0.8 0.448037
-0.24 1 0.34583
-0.24 1.2 0.243623
-0.24 1.4 0.141416
-0.24 1.6 0.084299
-0.24 1.8 0.0722714
-0.24 2 0.0602438
-0.24 2.2 0.0482162
-0.24 2.4 0.0361886
-0.24 2.6 0.024161
-0.24 2.8 0.0121334

-0.12 -3 0.000114578
-0.12 -2.8 0.0131468
-0.12 -2.6 0.026179
-0.12 -2.4 0.0392111
-0.12 -2.2 0.0522433
-0.12 -2 0.0652755
-0.12 -1.8 0.0783077
-0.12 -1.6 0.0913399
-0.12 -1.4 0.153228
-0.12 -1.2 0.263971
-0.12 -1 0.374715
-0.12 -0.8 0.485458
-0.12 -0.6 0.596202
-0.12 -0.4 0.706945
-0.12 -0.2 0.817688
-0.12 0 0.928432
-0.12 0.2 0.817688
-0.12 0.4 0.706945
-0.12 0.6 0.596202
-0.12 0.8 0.485458
-0.12 1 0.374715
-0.12 1.2 0.263971
-0.12 1.4 0.153228
-0.12 1.6 0.0913399
-0.12 1.8 0.0783077
-0.12 2 0.0652755
-0.12 2.2 0.0522433
-0.12 2.4 0.0392111
-0.12 2.6 0.026179
-0.12 2.8 0.0131468

0 -3 0.00012341
0 -2.8 0.0141602
0 -2.6 0.028197
0 -2.4 0.0422337
0 -2.2 0.0562705
0 -2 0.0703073
0 -1.8 0.0843441
0 -1.6 0.0983808
0 -1.4 0.165039
0 -1.2 0.284319
0 -1 0.403599
0 -0.8 0.52288
0 -0.6 0.64216
0 -0.4 0.76144
0 -0.2 0.88072
0 0 1
0 0.2 0.88072
0 0.4 0.76144
0 0.6 0.64216
0 0.8 0.52288
0 1 0.403599
0 1.2 0.284319
0 1.4 0.165039
0 1.6 0.0983808
0 1.8 0.0843441
0 2 0.0703073
0 2.2 0.0562705
0 2.4 0.0422337
0 2.6 0.028197
0 2.8 0.0141602

0.12 -3 0.000114578
0.12 -2.8 0.0131468
0.12 -2.6 0.026179
0.12 -2.4 0.0392111
0.12 -2.2 0.0522433
0.12 -2 0.0652755
0.12 -1.8 0.0783077
0.12 -1.6 0.0913399
0.12 -1.4 0.153228
0.12 -1.2 0.263971
0.12 -1 0.374715
0.12 -0.8 0.485458
0.12 -0.6 0.596202
0.12 -0.4 0.706945
0.12 -0.2 0.817688
0.12 0 0.928432
0.12 0.2 0.817688
0.12 0.4 0.706945
0.12 0.6 0.596202
0.12 0.8 0.485458
0.12 1 0.374715
0.12 1.2 0.263971
0.12 1.4 0.153228
0.12 1.6 0.0913399
0.12 1.8 0.0783077
0.12 2 0.0652755
0.12 2.2 0.0522433
0.12 2.4 0.0392111
0.12 2.6 0.026179
0.12 2.8 0.0131468

0.24 -3 0.000105745
0.24 -2.8 0.0121334
0.24 -2.6 0.024161
0.24 -2.4 0.0361886
0.24 -2.2 0.0482162
0.24 -2 0.0602438
0.24 -1.8 0.0722714
0.24 -1.6 0.084299
0.24 -1.4 0.141416
0.24 -1.2 0.243623
0.24 -1 0.34583
0.24 -0.8 0.448037
0.24 -0.6 0.550243
0.24 -0.4 0.65245
0.24 -0.2 0.754657
0.24 0 0.856864
0.24 0.2 0.754657
0.24 0.4 0.65245
0.24 0.6 0.550243
0.24 0.8 0.448037
0.24 1 0.34583
0.24 1.2 0.243623
0.24 1.4 0.141416
0.24 1.6 0.084299
0.24 1.8 0.0722714
0.24 2 0.0602438
0.24 2.2 0.0482162
0.24 2.4 0.0361886
0.24 2.6 0.024161
0.24 2.8 0.0121334

0.36 -3 9.69132e-05
0.36 -2.8 0.0111199
0.36 -2.6 0.022143
0.36 -2.4 0.033166
0.36 -2.2 0.044189
0.36 -2 0.055212
0.36 -1.8 0.066235
0.36 -1.6 0.0772581
0.36 -1.4 0.129605
0.36 -1.2 0.223275
0.36 -1 0.316945
0.36 -0.8 0.410615
0.36 -0.6 0.504285
0.36 -0.4 0.597955
0.36 -0.2 0.691626
0.36 0 0.785296
0.36 0.2 0.691626
0.36 0.4 0.597955
0.36 0.6 0.504285
0.36 0.8 0.410615
0.36 1 0.316945
0.36 1.2 0.223275
0.36 1.4 0.129605
0.36 1.6 0.0772581
0.36 1.8 0.066235
0.36 2 0.055212
0.36 2.2 0.044189
0.36 2.4 0.033166
0.36 2.6 0.022143
0.36 2.8 0.0111199

0.48 -3 8.8081e-05
0.48 -2.8 0.0101065
0.48 -2.6 0.020125
0.48 -2.4 0.0301434
0.48 -2.2 0.0401618
0.48 -2 0.0501803
0.48 -1.8 0.0601987
0.48 -1.6 0.0702171
0.48 -1.4 0.117793
0.48 -1.2 0.202927
0.48 -1 0.28806
0.48 -0.8 0.373194
0.48 -0.6 0.458327
0.48 -0.4 0.543461
0.48 -0.2 0.628594
0.48 0 0.713728
0.48 0.2 0.628594
0.48 0.4 0.543461
0.48 0.6 0.458327
0.48 0.8 0.373194
0.48 1 0.28806
0.48 1.2 0.202927
0.48 1.4 0.117793
0.48 1.6 0.0702171
0.48 1.8 0.0601987
0.48 2 0.0501803
0.48 2.2 0.0401618
0.48 2.4 0.0301434
0.48 2.6 0.020125
0.48 2.8 0.0101065

0.6 -3 7.92488e-05
0.6 -2.8 0.0090931
0.6 -2.6 0.018107
0.6 -2.4 0.0271208
0.6 -2.2 0.0361347
0.6 -2 0.0451485
0.6 -1.8 0.0541624
0.6 -1.6 0.0631762
0.6 -1.4 0.105982
0.6 -1.2 0.182578
0.6 -1 0.259175
0.6 -0.8 0.335772
0.6 -0.6 0.412369
0.6 -0.4 0.488966
0.6 -0.2 0.565563
0.6 0 0.64216
0.6 0.2 0.565563
0.6 0.4 0.488966
0.6 0.6 0.412369
0.6 0.8 0.335772
0.6 1 0.259175
0.6 1.2 0.182578
0.6 1.4 0.105982
0.6 1.6 0.0631762
0.6 1.8 0.0541624
0.6 2 0.0451485
0.6 2.2 0.0361347
0.6 2.4 0.0271208
0.6 2.6 0.018107
0.6 2.8 0.0090931

0.72 -3 7.04166e-05
0.72 -2.8 0.00807968
0.72 -2.6 0.0160889
0.72 -2.4 0.0240982
0.72 -2.2 0.0321075
0.72 -2 0.0401167
0.72 -1.8 0.048126
0.72 -1.6 0.0561353
0.72 -1.4 0.09417
0.72 -1.2 0.16223
0.72 -1 0.23029
0.72 -0.8 0.298351
0.72 -0.6 0.366411
0.72 -0.4 0.434471
0.72 -0.2 0.502531
0.72 0 0.570592
0.72 0.2 0.502531
0.72 0.4 0.434471
0.72 0.6 0.366411
0.72 0.8 0.298351
0.72 1 0.23029
0.72 1.2 0.16223
0.72 1.4 0.09417
0.72 1.6 0.0561353
0.72 1.8 0.048126
0.72 2 0.0401167
0.72 2.2 0.0321075
0.72 2.4 0.0240982
0.72 2.6 0.0160889
0.72 2.8 0.00807968

0.84 -3 6.15844e-05
0.84 -2.8 0.00706627
0.84 -2.6 0.0140709
0.84 -2.4 0.0210756
0.84 -2.2 0.0280803
0.84 -2 0.035085
0.84 -1.8 0.0420897
0.84 -1.6 0.0490944
0.84 -1.4 0.0823585
0.84 -1.2 0.141882
0.84 -1 0.201406
0.84 -0.8 0.260929
0.84 -0.6 0.320453
0.84 -0.4 0.379976
0.84 -0.2 0.4395
0.84 0 0.499024
0.84 0.2 0.4395
0.84 0.4 0.379976
0.84 0.6 0.320453
0.84 0.8 0.260929
0.84 1 0.201406
0.84 1.2 0.141882
0.84 1.4 0.0823585
0.84 1.6 0.0490944
0.84 1.8 0.0420897
0.84 2 0.035085
0.84 2.2 0.0280803
0.84 2.4 0.0210756
0.84 2.6 0.0140709
0.84 2.8 0.00706627

0.96 -3 5.27522e-05
0.96 -2.8 0.00605285
0.96 -2.6 0.0120529
0.96 -2.4 0.018053
0.96 -2.2 0.0240531
0.96 -2 0.0300532
0.96 -1.8 0.0360533
0.96 -1.6 0.0420534
0.96 -1.4 0.0705469
0.96 -1.2 0.121534
0.96 -1 0.172521
0.96 -0.8 0.223508
0.96 -0.6 0.274495
0.96 -0.4 0.325482
0.96 -0.2 0.376469
0.96 0 0.427456
0.96 0.2 0.376469
0.96 0.4 0.325482
0.96 0.6 0.274495
0.96 0.8 0.223508
0.96 1 0.172521
0.96 1.2 0.121534
0.96 1.4 0.0705469
0.96 1.6 0.0420534
0.96 1.8 0.0360533
0.96 2 0.0300532
0.96 2.2 0.0240531
0.96 2.4 0.018053
0.96 2.6 0.0120529
0.96 2.8 0.00605285

1.08 -3 4.392e-05
1.08 -2.8 0.00503943
1.08 -2.6 0.0100349
1.08 -2.4 0.0150305
1.08 -2.2 0.020026
1.08 -2 0.0250215
1.08 -1.8 0.030017
1.08 -1.6 0.0350125
1.08 -1.4 0.0587354
1.08 -1.2 0.101186
1.08 -1 0.143636
1.08 -0.8 0.186086
1.08 -0.6 0.228537
1.08 -0.4 0.270987
1.08 -0.2 0.313437
1.08 0 0.355887
1.08 0.2 0.313437
1.08 0.4 0.270987
1.08 0.6 0.228537
1.08 0.8 0.186086
1.08 1 0.143636
1.08 1.2 0.101186
1.08 1.4 0.0587354
1.08 1.6 0.0350125
1.08 1.8 0.030017
1.08 2 0.0250215
1.08 2.2 0.020026
1.08 2.4 0.0150305
1.08 2.6 0.0100349
1.08 2.8 0.00503943

1.2 -3 3.50878e-05
1.2 -2.8 0.00402602
1.2 -2.6 0.00801694
1.2 -2.4 0.0120079
1.2 -2.2 0.0159988
1.2 -2 0.0199897
1.2 -1.8 0.0239807
1.2 -1.6 0.0279716
1.2 -1.4 0.0469239
1.2 -1.2 0.0808375
1.2 -1 0.114751
1.2 -0.8 0.148665
1.2 -0.6 0.182578
1.2 -0.4 0.216492
1.2 -0.2 0.250406
1.2 0 0.284319
1.2 0.2 0.250406
1.2 0.4 0.216492
1.2 0.6 0.182578
1.2 0.8 0.148665
1.2 1 0.114751
1.2 1.2 0.0808375
1.2 1.4 0.0469239
1.2 1.6 0.0279716
1.2 1.8 0.0239807
1.2 2 0.0199897
1.2 2.2 0.0159988
1.2 2.4 0.0120079
1.2 2.6 0.00801694
1.2 2.8 0.00402602

1.32 -3 2.62556e-05
1.32 -2.8 0.0030126
1.32 -2.6 0.00599894
1.32 -2.4 0.00898528
1.32 -2.2 0.0119716
1.32 -2 0.014958
1.32 -1.8 0.0179443
1.32 -1.6 0.0209307
1.32 -1.4 0.0351123
1.32 -1.2 0.0604893
1.32 -1 0.0858663
1.32 -0.8 0.111243
1.32 -0.6 0.13662
1.32 -0.4 0.161997
1.32 -0.2 0.187374
1.32 0 0.212751
1.32 0.2 0.187374
1.32 0.4 0.161997
1.32 0.6 0.13662
1.32 0.8 0.111243
1.32 1 0.0858663
1.32 1.2 0.0604893
1.32 1.4 0.0351123
1.32 1.6 0.0209307
1.32 1.8 0.0179443
1.32 2 0.014958
1.32 2.2 0.0119716
1.32 2.4 0.00898528
1.32 2.6 0.00599894
1.32 2.8 0.0030126

1.44 -3 1.74234e-05
1.44 -2.8 0.00199918
1.44 -2.6 0.00398094
1.44 -2.4 0.0059627
1.44 -2.2 0.00794445
1.44 -2 0.00992621
1.44 -1.8 0.011908
1.44 -1.6 0.0138897
1.44 -1.4 0.0233008
1.44 -1.2 0.0401411
1.44 -1 0.0569815
1.44 -0.8 0.0738218
1.44 -0.6 0.0906622
1.44 -0.4 0.107503
1.44 -0.2 0.124343
1.44 0 0.141183
1.44 0.2 0.124343
1.44 0.4 0.107503
1.44 0.6 0.0906622
1.44 0.8 0.0738218
1.44 1 0.0569815
1.44 1.2 0.0401411
1.44 1.4 0.0233008
1.44 1.6 0.0138897
1.44 1.8 0.011908
1.44 2 0.00992621
1.44 2.2 0.00794445
1.44 2.4 0.0059627
1.44 2.6 0.00398094
1.44 2.8 0.00199918

1.56 -3 1.24876e-05
1.56 -2.8 0.00143284
1.56 -2.6 0.0028532
1.56 -2.4 0.00427356
1.56 -2.2 0.00569391
1.56 -2 0.00711427
1.56 -1.8 0.00853462
1.56 -1.6 0.00995498
1.56 -1.4 0.0167
1.56 -1.2 0.0287698
1.56 -1 0.0408395
1.56 -0.8 0.0529092
1.56 -0.6 0.064979
1.56 -0.4 0.0770487
1.56 -0.2 0.0891185
1.56 0 0.101188
1.56 0.2 0.0891185
1.56 0.4 0.0770487
1.56 0.6 0.064979
1.56 0.8 0.0529092
1.56 1 0.0408395
1.56 1.2 0.0287698
1.56 1.4 0.0167
1.56 1.6 0.00995498
1.56 1.8 0.00853462
1.56 2 0.00711427
1.56 2.2 0.00569391
1.56 2.4 0.00427356
1.56 2.6 0.0028532
1.56 2.8 0.00143284

1.68 -3 1.14482e-05
1.68 -2.8 0.00131359
1.68 -2.6 0.00261572
1.68 -2.4 0.00391786
1.68 -2.2 0.00522
1.68 -2 0.00652213
1.68 -1.8 0.00782427
1.68 -1.6 0.00912641
1.68 -1.4 0.0153101
1.68 -1.2 0.0263752
1.68 -1 0.0374404
1.68 -0.8 0.0485055
1.68 -0.6 0.0595707
1.68 -0.4 0.0706358
1.68 -0.2 0.081701
1.68 0 0.0927661
1.68 0.2 0.081701
1.68 0.4 0.0706358
1.68 0.6 0.0595707
1.68 0.8 0.0485055
1.68 1 0.0374404
1.68 1.2 0.0263752
1.68 1.4 0.0153101
1.68 1.6 0.00912641
1.68 1.8 0.00782427
1.68 2 0.00652213
1.68 2.2 0.00522
1.68 2.4 0.00391786
1.68 2.6 0.00261572
1.68 2.8 0.00131359

1.8 -3 1.04089e-05
1.8 -2.8 0.00119433
1.8 -2.6 0.00237825
1.8 -2.4 0.00356216
1.8 -2.2 0.00474608
1.8 -2 0.00593
1.8 -1.8 0.00711392
1.8 -1.6 0.00829784
1.8 -1.4 0.0139201
1.8 -1.2 0.0239807
1.8 -1 0.0340412
1.8 -0.8 0.0441018
1.8 -0.6 0.0541624
1.8 -0.4 0.0642229
1.8 -0.2 0.0742835
1.8 0 0.0843441
1.8 0.2 0.0742835
1.8 0.4 0.0642229
1.8 0.6 0.0541624
1.8 0.8 0.0441018
1.8 1 0.0340412
1.8 1.2 0.0239807
1.8 1.4 0.0139201
1.8 1.6 0.00829784
1.8 1.8 0.00711392
1.8 2 0.00593
1.8 2.2 0.00474608
1.8 2.4 0.00356216
1.8 2.6 0.00237825
1.8 2.8 0.00119433

1.92 -3 9.36952e-06
1.92 -2.8 0.00107507
1.92 -2.6 0.00214077
1.92 -2.4 0.00320647
1.92 -2.2 0.00427217
1.92 -2 0.00533787
1.92 -1.8 0.00640357
1.92 -1.6 0.00746927
1.92 -1.4 0.0125301
1.92 -1.2 0.0215861
1.92 -1 0.0306421
1.92 -0.8 0.0396981
1.92 -0.6 0.048754
1.92 -0.4 0.05781
1.92 -0.2 0.066866
1.92 0 0.075922
1.92 0.2 0.066866
1.92 0.4 0.05781
1.92 0.6 0.048754
1.92 0.8 0.0396981
1.92 1 0.0306421
1.92 1.2 0.0215861
1.92 1.4 0.0125301
1.92 1.6 0.00746927
1.92 1.8 0.00640357
1.92 2 0.00533787
1.92 2.2 0.00427217
1.92 2.4 0.00320647
1.92 2.6 0.00214077
1.92 2.8 0.00107507

2.04 -3 8.33015e-06
2.04 -2.8 0.000955812
2.04 -2.6 0.00190329
2.04 -2.4 0.00285077
2.04 -2.2 0.00379826
2.04 -2 0.00474574
2.04 -1.8 0.00569322
2.04 -1.6 0.0066407
2.04 -1.4 0.0111401
2.04 -1.2 0.0191915
2.04 -1 0.0272429
2.04 -0.8 0.0352943
2.04 -0.6 0.0433457
2.04 -0.4 0.0513971
2.04 -0.2 0.0594485
2.04 0 0.0674999
2.04 0.2 0.0594485
2.04 0.4 0.0513971
2.04 0.6 0.0433457
2.04 0.8 0.0352943
2.04 1 0.0272429
2.04 1.2 0.0191915
2.04 1.4 0.0111401
2.04 1.6 0.0066407
2.04 1.8 0.00569322
2.04 2 0.00474574
2.04 2.2 0.00379826
2.04 2.4 0.00285077
2.04 2.6 0.00190329
2.04 2.8 0.000955812

2.16 -3 7.29079e-06
2.16 -2.8 0.000836554
2.16 -2.6 0.00166582
2.16 -2.4 0.00249508
2.16 -2.2 0.00332434
2.16 -2 0.0041536
2.16 -1.8 0.00498287
2.16 -1.6 0.00581213
2.16 -1.4 0.00975017
2.16 -1.2 0.016797
2.16 -1 0.0238438
2.16 -0.8 0.0308906
2.16 -0.6 0.0379374
2.16 -0.4 0.0449842
2.16 -0.2 0.0520311
2.16 0 0.0590779
2.16 0.2 0.0520311
2.16 0.4 0.0449842
2.16 0.6 0.0379374
2.16 0.8 0.0308906
2.16 1 0.0238438
2.16 1.2 0.016797
2.16 1.4 0.00975017
2.16 1.6 0.00581213
2.16 1.8 0.00498287
2.16 2 0.0041536
2.16 2.2 0.00332434
2.16 2.4 0.00249508
2.16 2.6 0.00166582
2.16 2.8 0.000836554

2.28 -3 6.25142e-06
2.28 -2.8 0.000717296
2.28 -2.6 0.00142834
2.28 -2.4 0.00213938
2.28 -2.2 0.00285043
2.28 -2 0.00356147
2.28 -1.8 0.00427252
2.28 -1.6 0.00498356
2.28 -1.4 0.0083602
2.28 -1.2 0.0144024
2.28 -1 0.0204447
2.28 -0.8 0.0264869
2.28 -0.6 0.0325291
2.28 -0.4 0.0385713
2.28 -0.2 0.0446136
2.28 0 0.0506558
2.28 0.2 0.0446136
2.28 0.4 0.0385713
2.28 0.6 0.0325291
2.28 0.8 0.0264869
2.28 1 0.0204447
2.28 1.2 0.0144024
2.28 1.4 0.0083602
2.28 1.6 0.00498356
2.28 1.8 0.00427252
2.28 2 0.00356147
2.28 2.2 0.00285043
2.28 2.4 0.00213938
2.28 2.6 0.00142834
2.28 2.8 0.000717296

2.4 -3 5.21206e-06
2.4 -2.8 0.000598038
2.4 -2.6 0.00119086
2.4 -2.4 0.00178369
2.4 -2.2 0.00237651
2.4 -2 0.00296934
2.4 -1.8 0.00356216
2.4 -1.6 0.00415499
2.4 -1.4 0.00697023
2.4 -1.2 0.0120079
2.4 -1 0.0170455
2.4 -0.8 0.0220832
2.4 -0.6 0.0271208
2.4 -0.4 0.0321584
2.4 -0.2 0.0371961
2.4 0 0.0422337
2.4 0.2 0.0371961
2.4 0.4 0.0321584
2.4 0.6 0.0271208
2.4 0.8 0.0220832
2.4 1 0.0170455
2.4 1.2 0.0120079
2.4 1.4 0.00697023
2.4 1.6 0.00415499
2.4 1.8 0.00356216
2.4 2 0.00296934
2.4 2.2 0.00237651
2.4 2.4 0.00178369
2.4 2.6 0.00119086
2.4 2.8 0.000598038

2.52 -3 4.17269e-06
2.52 -2.8 0.00047878
2.52 -2.6 0.000953386
2.52 -2.4 0.00142799
2.52 -2.2 0.0019026
2.52 -2 0.00237721
2.52 -1.8 0.00285181
2.52 -1.6 0.00332642
2.52 -1.4 0.00558025
2.52 -1.2 0.00961331
2.52 -1 0.0136464
2.52 -0.8 0.0176794
2.52 -0.6 0.0217125
2.52 -0.4 0.0257456
2.52 -0.2 0.0297786
2.52 0 0.0338117
2.52 0.2 0.0297786
2.52 0.4 0.0257456
2.52 0.6 0.0217125
2.52 0.8 0.0176794
2.52 1 0.0136464
2.52 1.2 0.00961331
2.52 1.4 0.00558025
2.52 1.6 0.00332642
2.52 1.8 0.00285181
2.52 2 0.00237721
2.52 2.2 0.0019026
2.52 2.4 0.00142799
2.52 2.6 0.000953386
2.52 2.8 0.00047878

2.64 -3 3.13333e-06
2.64 -2.8 0.000359522
2.64 -2.6 0.00071591
2.64 -2.4 0.0010723
2.64 -2.2 0.00142869
2.64 -2 0.00178507
2.64 -1.8 0.00214146
2.64 -1.6 0.00249785
2.64 -1.4 0.00419028
2.64 -1.2 0.00721876
2.64 -1 0.0102472
2.64 -0.8 0.0132757
2.64 -0.6 0.0163042
2.64 -0.4 0.0193327
2.64 -0.2 0.0223611
2.64 0 0.0253896
2.64 0.2 0.0223611
2.64 0.4 0.0193327
2.64 0.6 0.0163042
2.64 0.8 0.0132757
2.64 1 0.0102472
2.64 1.2 0.00721876
2.64 1.4 0.00419028
2.64 1.6 0.00249785
2.64 1.8 0.00214146
2.64 2 0.00178507
2.64 2.2 0.00142869
2.64 2.4 0.0010723
2.64 2.6 0.00071591
2.64 2.8 0.000359522

2.76 -3 2.09396e-06
2.76 -2.8 0.000240264
2.76 -2.6 0.000478433
2.76 -2.4 0.000716603
2.76 -2.2 0.000954772
2.76 -2 0.00119294
2.76 -1.8 0.00143111
2.76 -1.6 0.00166928
2.76 -1.4 0.00280031
2.76 -1.2 0.0048242
2.76 -1 0.00684809
2.76 -0.8 0.00887198
2.76 -0.6 0.0108959
2.76 -0.4 0.0129198
2.76 -0.2 0.0149437
2.76 0 0.0169675
2.76 0.2 0.0149437
2.76 0.4 0.0129198
2.76 0.6 0.0108959
2.76 0.8 0.00887198
2.76 1 0.00684809
2.76 1.2 0.0048242
2.76 1.4 0.00280031
2.76 1.6 0.00166928
2.76 1.8 0.00143111
2.76 2 0.00119294
2.76 2.2 0.000954772
2.76 2.4 0.000716603
2.76 2.6 0.000478433
2.76 2.8 0.000240264

2.88 -3 1.0546e-06
2.88 -2.8 0.000121006
2.88 -2.6 0.000240956
2.88 -2.4 0.000360907
2.88 -2.2 0.000480858
2.88 -2 0.000600809
2.88 -1.8 0.00072076
2.88 -1.6 0.000840711
2.88 -1.4 0.00141034
2.88 -1.2 0.00242964
2.88 -1 0.00344895
2.88 -0.8 0.00446825
2.88 -0.6 0.00548756
2.88 -0.4 0.00650686
2.88 -0.2 0.00752617
2.88 0 0.00854547
2.88 0.2 0.00752617
2.88 0.4 0.00650686
2.88 0.6 0.00548756
2.88 0.8 0.00446825
2.88 1 0.00344895
2.88 1.2 0.00242964
2.88 1.4 0.00141034
2.88 1.6 0.000840711
2.88 1.8 0.00072076
2.88 2 0.000600809
2.88 2.2 0.000480858
2.88 2.4 0.000360907
2.88 2.6 0.000240956
2.88 2.8 0.000121006

