-3 -3 26
-3 -2.8 32.175
-3 -2.6 38.35
-3 -2.4 44.525
-3 -2.2 50.7
-3 -2 56.875
-3 -1.8 63.05
-3 -1.6 69.225
-3 -1.4 74.425
-3 -1.2 78.65
-3 -1 82.875
-3 -0.8 87.1
-3 -0.6 91.325
-3 -0.4 95.55
-3 -0.2 99.775
-3 0 104
-3 0.2 98.175
-3 0.4 92.35
-3 0.6 86.525
-3 0.8 80.7
-3 1 74.875
-3 1.2 69.05
-3 1.4 63.225
-3 1.6 56.425
-3 1.8 48.65
-3 2 40.875
-3 2.2 33.1
-3 2.4 25.325
-3 2.6 17.55
-3 2.8 9.775

-2.88 -3 34.985
-2.88 -2.8 40.728
-2.88 -2.6 46.471
-2.88 -2.4 52.214
-2.88 -2.2 57.957
-2.88 -2 63.7
-2.88 -1.8 69.443
-2.88 -1.6 75.186
-2.88 -1.4 80.026
-2.88 -1.2 83.963
-2.88 -1 87.9
-2.88 -0.8 91.837
-2.88 -0.6 95.774
-2.88 -0.4 99.711
-2.88 -0.2 103.648
-2.88 0 107.585
-2.88 0.2 101.616
-2.88 0.4 95.647
-2.88 0.6 89.678
-2.88 0.8 83.709
-2.88 1 77.74
-2.88 1.2 71.771
-2.88 1.4 65.802
-2.88 1.6 58.93
-2.88 1.8 51.155
-2.88 2 43.38
-2.88 2.2 35.605
-2.88 2.4 27.83
-2.88 2.6 20.055
-2.88 2.8 12.28

-2.76 -3 43.97
-2.76 -2.8 49.281
-2.76 -2.6 54.592
-2.76 -2.4 59.903
-2.76 -2.2 65.214
-2.76 -2 70.525
-2.76 -1.8 75.836
-2.76 -1.6 81.147
-2.76 -1.4 85.627
-2.76 -1.2 89.276
-2.76 -1 92.925
-2.76 -0.8 96.574
-2.76 -0.6 100.223
-2.76 -0.4 103.872
-2.76 -0.2 107.521
-2.76 0 111.17
-2.76 0.2 105.057
-2.76 0.4 98.944
-2.76 0.6 92.831
-2.76 0.8 86.718
-2.76 1 80.605
-2.76 1.2 74.492
-2.76 1.4 68.379
-2.76 1.6 61.435
-2.76 1.8 53.66
-2.76 2 45.885
-2.76 2.2 38.11
-2.76 2.4 30.335
-2.76 2.6 22.56
-2.76 2.8 14.785

-2.64 -3 52.955
-2.64 -2.8 57.834
-2.64 -2.6 62.713
-2.64 -2.4 67.592
-2.64 -2.2 72.471
-2.64 -2 77.35
-2.64 -1.8 82.229
-2.64 -1.6 87.108
-2.64 -1.4 91.228
-2.64 -1.2 94.589
-2.64 -1 97.95
-2.64 -0.8 101.311
-2.64 -0.6 104.672
-2.64 -0.4 108.033
-2.64 -0.2 111.394
-2.64 0 114.755
-2.64 0.2 108.498
-2.64 0.4 102.241
-2.64 0.6 95.984
-2.64 0.8 89.727
-2.64 1 83.47
-2.64 1.2 77.213
-2.64 1.4 70.956
-2.64 1.6 63.94
-2.64 1.8 56.165
-2.64 2 48.39
-2.64 2.2 40.615
-2.64 2.4 32.84
-2.64 2.6 25.065
-2.64 2.8 17.29

-2.52 -3 61.94
-2.52 -2.8 66.387
-2.52 -2.6 70.834
-2.52 -2.4 75.281
-2.52 -2.2 79.728
-2.52 -2 84.175
-2.52 -1.8 88.622
-2.52 -1.6 93.069
-2.52 -1.4 96.829
-2.52 -1.2 99.902
-2.52 -1 102.975
-2.52 -0.8 106.048
-2.52 -0.6 109.121
-2.52 -0.4 112.194
-2.52 -0.2 115.267
-2.52 0 118.34
-2.52 0.2 111.939
-2.52 0.4 105.538
-2.52 0.6 99.137
-2.52 0.8 92.736
-2.52 1 86.335
-2.52 1.2 79.934
-2.52 1.4 73.533
-2.52 1.6 66.445
-2.52 1.8 58.67
-2.52 2 50.895
-2.52 2.2 43.12
-2.52 2.4 35.345
-2.52 2.6 27.57
-2.52 2.8 19.795

-2.4 -3 70.925
-2.4 -2.8 74.94
-2.4 -2.6 78.955
-2.4 -2.4 82.97
-2.4 -2.2 86.985
-2.4 -2 91
-2.4 -1.8 95.015
-2.4 -1.6 99.03
-2.4 -1.4 102.43
-2.4 -1.2 105.215
-2.4 -1 108
-2.4 -0.8 110.785
-2.4 -0.6 113.57
-2.4 -0.4 116.355
-2.4 -0.2 119.14
-2.4 0 121.925
-2.4 0.2 115.38
-2.4 0.4 108.835
-2.4 0.6 102.29
-2.4 0.8 95.745
-2.4 1 89.2
-2.4 1.2 82.655
-2.4 1.4 76.11
-2.4 1.6 68.95
-2.4 1.8 61.175
-2.4 2 53.4
-2.4 2.2 45.625
-2.4 2.4 37.85
-2.4 2.6 30.075
-2.4 2.8 22.3

-2.28 -3 79.91
-2.28 -2.8 83.493
-2.28 -2.6 87.076
-2.28 -2.4 90.659
-2.28 -2.2 94.242
-2.28 -2 97.825
-2.28 -1.8 101.408
-2.28 -1.6 104.991
-2.28 -1.4 108.031
-2.28 -1.2 110.528
-2.28 -1 113.025
-2.28 -0.8 115.522
-2.28 -0.6 118.019
-2.28 -0.4 120.516
-2.28 -0.2 123.013
-2.28 0 125.51
-2.28 0.2 118.821
-2.28 0.4 112.132
-2.28 0.6 105.443
-2.28 0.8 98.754
-2.28 1 92.065
-2.28 1.2 85.376
-2.28 1.4 78.687
-2.28 1.6 71.455
-2.28 1.8 63.68
-2.28 2 55.905
-2.28 2.2 48.13
-2.28 2.4 40.355
-2.28 2.6 32.58
-2.28 2.8 24.805

-2.16 -3 88.895
-2.16 -2.8 92.046
-2.16 -2.6 95.197
-2.16 -2.4 98.348
-2.16 -2.2 101.499
-2.16 -2 104.65
-2.16 -1.8 107.801
-2.16 -1.6 110.952
-2.16 -1.4 113.632
-2.16 -1.2 115.841
-2.16 -1 118.05
-2.16 -0.8 120.259
-2.16 -0.6 122.468
-2.16 -0.4 124.677
-2.16 -0.2 126.886
-2.16 0 129.095
-2.16 0.2 122.262
-2.16 0.4 115.429
-2.16 0.6 108.596
-2.16 0.8 101.763
-2.16 1 94.93
-2.16 1.2 88.097
-2.16 1.4 81.264
-2.16 1.6 73.96
-2.16 1.8 66.185
-2.16 2 58.41
-2.16 2.2 50.635
-2.16 2.4 42.86
-2.16 2.6 35.085
-2.16 2.8 27.31

-2.04 -3 97.88
-2.04 -2.8 100.599
-2.04 -2.6 103.318
-2.04 -2.4 106.037
-2.04 -2.2 108.756
-2.04 -2 111.475
-2.04 -1.8 114.194
-2.04 -1.6 116.913
-2.04 -1.4 119.233
-2.04 -1.2 121.154
-2.04 -1 123.075
-2.04 -0.8 124.996
-2.04 -0.6 126.917
-2.04 -0.4 128.838
-2.04 -0.2 130.759
-2.04 0 132.68
-2.04 0.2 125.703
-2.04 0.4 118.726
-2.04 0.6 111.749
-2.04 0.8 104.772
-2.04 1 97.795
-2.04 1.2 90.818
-2.04 1.4 83.841
-2.04 1.6 76.465
-2.04 1.8 68.69
-2.04 2 60.915
-2.04 2.2 53.14
-2.04 2.4 45.365
-2.04 2.6 37.59
-2.04 2.8 29.815

-1.92 -3 106.865
-1.92 -2.8 109.152
-1.92 -2.6 111.439
-1.92 -2.4 113.726
-1.92 -2.2 116.013
-1.92 -2 118.3
-1.92 -1.8 120.587
-1.92 -1.6 122.874
-1.92 -1.4 124.834
-1.92 -1.2 126.467
-1.92 -1 128.1
-1.92 -0.8 129.733
-1.92 -0.6 131.366
-1.92 -0.4 132.999
-1.92 -0.2 134.632
-1.92 0 136.265
-1.92 0.2 129.144
-1.92 0.4 122.023
-1.92 0.6 114.902
-1.92 0.8 107.781
-1.92 1 100.66
-1.92 1.2 93.539
-1.92 1.4 86.418
-1.92 1.6 78.97
-1.92 1.8 71.195
-1.92 2 63.42
-1.92 2.2 55.645
-1.92 2.4 47.87
-1.92 2.6 40.095
-1.92 2.8 32.32

-1.8 -3 115.85
-1.8 -2.8 117.705
-1.8 -2.6 119.56
-1.8 -2.4 121.415
-1.8 -2.2 123.27
-1.8 -2 125.125
-1.8 -1.8 126.98
-1.8 -1.6 128.835
-1.8 -1.4 130.435
-1.8 -1.2 131.78
-1.8 -1 133.125
-1.8 -0.8 134.47
-1.8 -0.6 135.815
-1.8 -0.4 137.16
-1.8 -0.2 138.505
-1.8 0 139.85
-1.8 0.2 132.585
-1.8 0.4 125.32
-1.8 0.6 118.055
-1.8 0.8 110.79
-1.8 1 103.525
-1.8 1.2 96.26
-1.8 1.4 88.995
-1.8 1.6 81.475
-1.8 1.8 73.7
-1.8 2 65.925
-1.8 2.2 58.15
-1.8 2.4 50.375
-1.8 2.6 42.6
-1.8 2.8 34.825

-1.68 -3 124.835
-1.68 -2.8 126.258
-1.68 -2.6 127.681
-1.68 -2.4 129.104
-1.68 -2.2 130.527
-1.68 -2 131.95
-1.68 -1.8 133.373
-1.68 -1.6 134.796
-1.68 -1.4 136.036
-1.68 -1.2 137.093
-1.68 -1 138.15
-1.68 -0.8 139.207
-1.68 -0.6 140.264
-1.68 -0.4 141.321
-1.68 -0.2 142.378
-1.68 0 143.435
-1.68 0.2 136.026
-1.68 0.4 128.617
-1.68 0.6 121.208
-1.68 0.8 113.799
-1.68 1 106.39
-1.68 1.2 98.981
-1.68 1.4 91.572
-1.68 1.6 83.98
-1.68 1.8 76.205
-1.68 2 68.43
-1.68 2.2 60.655
-1.68 2.4 52.88
-1.68 2.6 45.105
-1.68 2.8 37.33

-1.56 -3 133.82
-1.56 -2.8 134.811
-1.56 -2.6 135.802
-1.56 -2.4 136.793
-1.56 -2.2 137.784
-1.56 -2 138.775
-1.56 -1.8 139.766
-1.56 -1.6 140.757
-1.56 -1.4 141.637
-1.56 -1.2 142.406
-1.56 -1 143.175
-1.56 -0.8 143.944
-1.56 -0.6 144.713
-1.56 -0.4 145.482
-1.56 -0.2 146.251
-1.56 0 147.02
-1.56 0.2 139.467
-1.56 0.4 131.914
-1.56 0.6 124.361
-1.56 0.8 116.808
-1.56 1 109.255
-1.56 1.2 101.702
-1.56 1.4 94.149
-1.56 1.6 86.485
-1.56 1.8 78.71
-1.56 2 70.935
-1.56 2.2 63.16
-1.56 2.4 55.385
-1.56 2.6 47.61
-1.56 2.8 39.835

-1.44 -3 140.78
-1.44 -2.8 141.411
-1.44 -2.6 142.042
-1.44 -2.4 142.673
-1.44 -2.2 143.304
-1.44 -2 143.935
-1.44 -1.8 144.566
-1.44 -1.6 145.197
-1.44 -1.4 145.789
-1.44 -1.2 146.342
-1.44 -1 146.895
-1.44 -0.8 147.448
-1.44 -0.6 148.001
-1.44 -0.4 148.554
-1.44 -0.2 149.107
-1.44 0 149.66
-1.44 0.2 142.035
-1.44 0.4 134.41
-1.44 0.6 126.785
-1.44 0.8 119.16
-1.44 1 111.535
-1.44 1.2 103.91
-1.44 1.4 96.285
-1.44 1.6 88.621
-1.44 1.8 80.918
-1.44 2 73.215
-1.44 2.2 65.512
-1.44 2.4 57.809
-1.44 2.6 50.106
-1.44 2.8 42.403

-1.32 -3 145.715
-1.32 -2.8 146.058
-1.32 -2.6 146.401
-1.32 -2.4 146.744
-1.32 -2.2 147.087
-1.32 -2 147.43
-1.32 -1.8 147.773
-1.32 -1.6 148.116
-1.32 -1.4 148.492
-1.32 -1.2 148.901
-1.32 -1 149.31
-1.32 -0.8 149.719
-1.32 -0.6 150.128
-1.32 -0.4 150.537
-1.32 -0.2 150.946
-1.32 0 151.355
-1.32 0.2 143.73
-1.32 0.4 136.105
-1.32 0.6 128.48
-1.32 0.8 120.855
-1.32 1 113.23
-1.32 1.2 105.605
-1.32 1.4 97.98
-1.32 1.6 90.388
-1.32 1.8 82.829
-1.32 2 75.27
-1.32 2.2 67.711
-1.32 2.4 60.152
-1.32 2.6 52.593
-1.32 2.8 45.034

-1.2 -3 150.65
-1.2 -2.8 150.705
-1.2 -2.6 150.76
-1.2 -2.4 150.815
-1.2 -2.2 150.87
-1.2 -2 150.925
-1.2 -1.8 150.98
-1.2 -1.6 151.035
-1.2 -1.4 151.195
-1.2 -1.2 151.46
-1.2 -1 151.725
-1.2 -0.8 151.99
-1.2 -0.6 152.255
-1.2 -0.4 152.52
-1.2 -0.2 152.785
-1.2 0 153.05
-1.2 0.2 145.425
-1.2 0.4 137.8
-1.2 0.6 130.175
-1.2 0.8 122.55
-1.2 1 114.925
-1.2 1.2 107.3
-1.2 1.4 99.675
-1.2 1.6 92.155
-1.2 1.8 84.74
-1.2 2 77.325
-1.2 2.2 69.91
-1.2 2.4 62.495
-1.2 2.6 55.08
-1.2 2.8 47.665

-1.08 -3 155.585
-1.08 -2.8 155.352
-1.08 -2.6 155.119
-1.08 -2.4 154.886
-1.08 -2.2 154.653
-1.08 -2 154.42
-1.08 -1.8 154.187
-1.08 -1.6 153.954
-1.08 -1.4 153.898
-1.08 -1.2 154.019
-1.08 -1 154.14
-1.08 -0.8 154.261
-1.08 -0.6 154.382
-1.08 -0.4 154.503
-1.08 -0.2 154.624
-1.08 0 154.745
-1.08 0.2 147.12
-1.08 0.4 139.495
-1.08 0.6 131.87
-1.08 0.8 124.245
-1.08 1 116.62
-1.08 1.2 108.995
-1.08 1.4 101.37
-1.08 1.6 93.922
-1.08 1.8 86.651
-1.08 2 79.38
-1.08 2.2 72.109
-1.08 2.4 64.838
-1.08 2.6 57.567
-1.08 2.8 50.296

-0.96 -3 160.52
-0.96 -2.8 159.999
-0.96 -2.6 159.478
-0.96 -2.4 158.957
-0.96 -2.2 158.436
-0.96 -2 157.915
-0.96 -1.8 157.394
-0.96 -1.6 156.873
-0.96 -1.4 156.601
-0.96 -1.2 156.578
-0.96 -1 156.555
-0.96 -0.8 156.532
-0.96 -0.6 156.509
-0.96 -0.4 156.486
-0.96 -0.2 156.463
-0.96 0 156.44
-0.96 0.2 148.815
-0.96 0.4 141.19
-0.96 0.6 133.565
-0.96 0.8 125.94
-0.96 1 118.315
-0.96 1.2 110.69
-0.96 1.4 103.065
-0.96 1.6 95.689
-0.96 1.8 88.562
-0.96 2 81.435
-0.96 2.2 74.308
-0.96 2.4 67.181
-0.96 2.6 60.054
-0.96 2.8 52.927

-0.84 -3 165.455
-0.84 -2.8 164.646
-0.84 -2.6 163.837
-0.84 -2.4 163.028
-0.84 -2.2 162.219
-0.84 -2 161.41
-0.84 -1.8 160.601
-0.84 -1.6 159.792
-0.84 -1.4 159.304
-0.84 -1.2 159.137
-0.84 -1 158.97
-0.84 -0.8 158.803
-0.84 -0.6 158.636
-0.84 -0.4 158.469
-0.84 -0.2 158.302
-0.84 0 158.135
-0.84 0.2 150.51
-0.84 0.4 142.885
-0.84 0.6 135.26
-0.84 0.8 127.635
-0.84 1 120.01
-0.84 1.2 112.385
-0.84 1.4 104.76
-0.84 1.6 97.456
-0.84 1.8 90.473
-0.84 2 83.49
-0.84 2.2 76.507
-0.84 2.4 69.524
-0.84 2.6 62.541
-0.84 2.8 55.558

-0.72 -3 170.39
-0.72 -2.8 169.293
-0.72 -2.6 168.196
-0.72 -2.4 167.099
-0.72 -2.2 166.002
-0.72 -2 164.905
-0.72 -1.8 163.808
-0.72 -1.6 162.711
-0.72 -1.4 162.007
-0.72 -1.2 161.696
-0.72 -1 161.385
-0.72 -0.8 161.074
-0.72 -0.6 160.763
-0.72 -0.4 160.452
-0.72 -0.2 160.141
-0.72 0 159.83
-0.72 0.2 152.205
-0.72 0.4 144.58
-0.72 0.6 136.955
-0.72 0.8 129.33
-0.72 1 121.705
-0.72 1.2 114.08
-0.72 1.4 106.455
-0.72 1.6 99.223
-0.72 1.8 92.384
-0.72 2 85.545
-0.72 2.2 78.706
-0.72 2.4 71.867
-0.72 2.6 65.028
-0.72 2.8 58.189

-0.6 -3 175.325
-0.6 -2.8 173.94
-0.6 -2.6 172.555
-0.6 -2.4 171.17
-0.6 -2.2 169.785
-0.6 -2 168.4
-0.6 -1.8 167.015
-0.6 -1.6 165.63
-0.6 -1.4 164.71
-0.6 -1.2 164.255
-0.6 -1 163.8
-0.6 -0.8 163.345
-0.6 -0.6 162.89
-0.6 -0.4 162.435
-0.6 -0.2 161.98
-0.6 0 161.525
-0.6 0.2 153.9
-0.6 0.4 146.275
-0.6 0.6 138.65
-0.6 0.8 131.025
-0.6 1 123.4
-0.6 1.2 115.775
-0.6 1.4 108.15
-0.6 1.6 100.99
-0.6 1.8 94.295
-0.6 2 87.6
-0.6 2.2 80.905
-0.6 2.4 74.21
-0.6 2.6 67.515
-0.6 2.8 60.82

-0.48 -3 180.26
-0.48 -2.8 178.587
-0.48 -2.6 176.914
-0.48 -2.4 175.241
-0.48 -2.2 173.568
-0.48 -2 171.895
-0.48 -1.8 170.222
-0.48 -1.6 168.549
-0.48 -1.4 167.413
-0.48 -1.2 166.814
-0.48 -1 166.215
-0.48 -0.8 165.616
-0.48 -0.6 165.017
-0.48 -0.4 164.418
-0.48 -0.2 163.819
-0.48 0 163.22
-0.48 0.2 155.595
-0.48 0.4 147.97
-0.48 0.6 140.345
-0.48 0.8 132.72
-0.48 1 125.095
-0.48 1.2 117.47
-0.48 1.4 109.845
-0.48 1.6 102.757
-0.48 1.8 96.206
-0.48 2 89.655
-0.48 2.2 83.104
-0.48 2.4 76.553
-0.48 2.6 70.002
-0.48 2.8 63.451

-0.36 -3 185.195
-0.36 -2.8 183.234
-0.36 -2.6 181.273
-0.36 -2.4 179.312
-0.36 -2.2 177.351
-0.36 -2 175.39
-0.36 -1.8 173.429
-0.36 -1.6 171.468
-0.36 -1.4 170.116
-0.36 -1.2 169.373
-0.36 -1 168.63
-0.36 -0.8 167.887
-0.36 -0.6 167.144
-0.36 -0.4 166.401
-0.36 -0.2 165.658
-0.36 0 164.915
-0.36 0.2 157.29
-0.36 0.4 149.665
-0.36 0.6 142.04
-0.36 0.8 134.415
-0.36 1 126.79
-0.36 1.2 119.165
-0.36 1.4 111.54
-0.36 1.6 104.524
-0.36 1.8 98.117
-0.36 2 91.71
-0.36 2.2 85.303
-0.36 2.4 78.896
-0.36 2.6 72.489
-0.36 2.8 66.082

-0.24 -3 190.13
-0.24 -2.8 187.881
-0.24 -2.6 185.632
-0.24 -2.4 183.383
-0.24 -2.2 181.134
-0.24 -2 178.885
-0.24 -1.8 176.636
-0.24 -1.6 174.387
-0.24 -1.4 172.819
-0.24 -1.2 171.932
-0.24 -1 171.045
-0.24 -0.8 170.158
-0.24 -0.6 169.271
-0.24 -0.4 168.384
-0.24 -0.2 167.497
-0.24 0 166.61
-0.24 0.2 158.985
-0.24 0.4 151.36
-0.24 0.6 143.735
-0.24 0.8 136.11
-0.24 1 128.485
-0.24 1.2 120.86
-0.24 1.4 113.235
-0.24 1.6 106.291
-0.24 1.8 100.028
-0.24 2 93.765
-0.24 2.2 87.502
-0.24 2.4 81.239
-0.24 2.6 74.976
-0.24 2.8 68.713

-0.12 -3 195.065
-0.12 -2.8 192.528
-0.12 -2.6 189.991
-0.12 -2.4 187.454
-0.12 -2.2 184.917
-0.12 -2 182.38
-0.12 -1.8 179.843
-0.12 -1.6 177.306
-0.12 -1.4 175.522
-0.12 -1.2 174.491
-0.12 -1 173.46
-0.12 -0.8 172.429
-0.12 -0.6 171.398
-0.12 -0.4 170.367
-0.12 -0.2 169.336
-0.12 0 168.305
-0.12 0.2 160.68
-0.12 0.4 153.055
-0.12 0.6 145.43
-0.12 0.8 137.805
-0.12 1 130.18
-0.12 1.2 122.555
-0.12 1.4 114.93
-0.12 1.6 108.058
-0.12 1.8 101.939
-0.12 2 95.82
-0.12 2.2 89.701
-0.12 2.4 83.582
-0.12 2.6 77.463
-0.12 2.8 71.344

0 -3 200
0 -2.8 197.175
0 -2.6 194.35
0 -2.4 191.525
0 -2.2 188.7
0 -2 185.875
0 -1.8 183.05
0 -1.6 180.225
0 -1.4 178.225
0 -1.2 177.05
0 -1 175.875
0 -0.8 174.7
0 -0.6 173.525
0 -0.4 172.35
0 -0.2 171.175
0 0 170
0 0.2 162.375
0 0.4 154.75
0 0.6 147.125
0 0.8 139.5
0 1 131.875
0 1.2 124.25
0 1.4 116.625
0 1.6 109.825
0 1.8 103.85
0 2 97.875
0 2.2 91.9
0 2.4 85.925
0 2.6 79.95
0 2.8 73.975

0.12 -3 196.025
0.12 -2.8 193.056
0.12 -2.6 190.087
0.12 -2.4 187.118
0.12 -2.2 184.149
0.12 -2 181.18
0.12 -1.8 178.211
0.12 -1.6 175.242
0.12 -1.4 173.17
0.12 -1.2 171.995
0.12 -1 170.82
0.12 -0.8 169.645
0.12 -0.6 168.47
0.12 -0.4 167.295
0.12 -0.2 166.12
0.12 0 164.945
0.12 0.2 157.464
0.12 0.4 149.983
0.12 0.6 142.502
0.12 0.8 135.021
0.12 1 127.54
0.12 1.2 120.059
0.12 1.4 112.578
0.12 1.6 105.994
0.12 1.8 100.307
0.12 2 94.62
0.12 2.2 88.933
0.12 2.4 83.246
0.12 2.6 77.559
0.12 2.8 71.872

0.24 -3 192.05
0.24 -2.8 188.937
0.24 -2.6 185.824
0.24 -2.4 182.711
0.24 -2.2 179.598
0.24 -2 176.485
0.24 -1.8 173.372
0.24 -1.6 170.259
0.24 -1.4 168.115
0.24 -1.2 166.94
0.24 -1 165.765
0.24 -0.8 164.59
0.24 -0.6 163.415
0.24 -0.4 162.24
0.24 -0.2 161.065
0.24 0 159.89
0.24 0.2 152.553
0.24 0.4 145.216
0.24 0.6 137.879
0.24 0.8 130.542
0.24 1 123.205
0.24 1.2 115.868
0.24 1.4 108.531
0.24 1.6 102.163
0.24 1.8 96.764
0.24 2 91.365
0.24 2.2 85.966
0.24 2.4 80.567
0.24 2.6 75.168
0.24 2.8 69.769

0.36 -3 188.075
0.36 -2.8 184.818
0.36 -2.6 181.561
0.36 -2.4 178.304
0.36 -2.2 175.047
0.36 -2 171.79
0.36 -1.8 168.533
0.36 -1.6 165.276
0.36 -1.4 163.06
0.36 -1.2 161.885
0.36 -1 160.71
0.36 -0.8 159.535
0.36 -0.6 158.36
0.36 -0.4 157.185
0.36 -0.2 156.01
0.36 0 154.835
0.36 0.2 147.642
0.36 0.4 140.449
0.36 0.6 133.256
0.36 0.8 126.063
0.36 1 118.87
0.36 1.2 111.677
0.36 1.4 104.484
0.36 1.6 98.332
0.36 1.8 93.221
0.36 2 88.11
0.36 2.2 82.999
0.36 2.4 77.888
0.36 2.6 72.777
0.36 2.8 67.666

0.48 -3 184.1
0.48 -2.8 180.699
0.48 -2.6 177.298
0.48 -2.4 173.897
0.48 -2.2 170.496
0.48 -2 167.095
0.48 -1.8 163.694
0.48 -1.6 160.293
0.48 -1.4 158.005
0.48 -1.2 156.83
0.48 -1 155.655
0.48 -0.8 154.48
0.48 -0.6 153.305
0.48 -0.4 152.13
0.48 -0.2 150.955
0.48 0 149.78
0.48 0.2 142.731
0.48 0.4 135.682
0.48 0.6 128.633
0.48 0.8 121.584
0.48 1 114.535
0.48 1.2 107.486
0.48 1.4 100.437
0.48 1.6 94.501
0.48 1.8 89.678
0.48 2 84.855
0.48 2.2 80.032
0.48 2.4 75.209
0.48 2.6 70.386
0.48 2.8 65.563

0.6 -3 180.125
0.6 -2.8 176.58
0.6 -2.6 173.035
0.6 -2.4 169.49
0.6 -2.2 165.945
0.6 -2 162.4
0.6 -1.8 158.855
0.6 -1.6 155.31
0.6 -1.4 152.95
0.6 -1.2 151.775
0.6 -1 150.6
0.6 -0.8 149.425
0.6 -0.6 148.25
0.6 -0.4 147.075
0.6 -0.2 145.9
0.6 0 144.725
0.6 0.2 137.82
0.6 0.4 130.915
0.6 0.6 124.01
0.6 0.8 117.105
0.6 1 110.2
0.6 1.2 103.295
0.6 1.4 96.39
0.6 1.6 90.67
0.6 1.8 86.135
0.6 2 81.6
0.6 2.2 77.065
0.6 2.4 72.53
0.6 2.6 67.995
0.6 2.8 63.46

0.72 -3 176.15
0.72 -2.8 172.461
0.72 -2.6 168.772
0.72 -2.4 165.083
0.72 -2.2 161.394
0.72 -2 157.705
0.72 -1.8 154.016
0.72 -1.6 150.327
0.72 -1.4 147.895
0.72 -1.2 146.72
0.72 -1 145.545
0.72 -0.8 144.37
0.72 -0.6 143.195
0.72 -0.4 142.02
0.72 -0.2 140.845
0.72 0 139.67
0.72 0.2 132.909
0.72 0.4 126.148
0.72 0.6 119.387
0.72 0.8 112.626
0.72 1 105.865
0.72 1.2 99.104
0.72 1.4 92.343
0.72 1.6 86.839
0.72 1.8 82.592
0.72 2 78.345
0.72 2.2 74.098
0.72 2.4 69.851
0.72 2.6 65.604
0.72 2.8 61.357

0.84 -3 172.175
0.84 -2.8 168.342
0.84 -2.6 164.509
0.84 -2.4 160.676
0.84 -2.2 156.843
0.84 -2 153.01
0.84 -1.8 149.177
0.84 -1.6 145.344
0.84 -1.4 142.84
0.84 -1.2 141.665
0.84 -1 140.49
0.84 -0.8 139.315
0.84 -0.6 138.14
0.84 -0.4 136.965
0.84 -0.2 135.79
0.84 0 134.615
0.84 0.2 127.998
0.84 0.4 121.381
0.84 0.6 114.764
0.84 0.8 108.147
0.84 1 101.53
0.84 1.2 94.913
0.84 1.4 88.296
0.84 1.6 83.008
0.84 1.8 79.049
0.84 2 75.09
0.84 2.2 71.131
0.84 2.4 67.172
0.84 2.6 63.213
0.84 2.8 59.254

0.96 -3 168.2
0.96 -2.8 164.223
0.96 -2.6 160.246
0.96 -2.4 156.269
0.96 -2.2 152.292
0.96 -2 148.315
0.96 -1.8 144.338
0.96 -1.6 140.361
0.96 -1.4 137.785
0.96 -1.2 136.61
0.96 -1 135.435
0.96 -0.8 134.26
0.96 -0.6 133.085
0.96 -0.4 131.91
0.96 -0.2 130.735
0.96 0 129.56
0.96 0.2 123.087
0.96 0.4 116.614
0.96 0.6 110.141
0.96 0.8 103.668
0.96 1 97.195
0.96 1.2 90.722
0.96 1.4 84.249
0.96 1.6 79.177
0.96 1.8 75.506
0.96 2 71.835
0.96 2.2 68.164
0.96 2.4 64.493
0.96 2.6 60.822
0.96 2.8 57.151

1.08 -3 164.225
1.08 -2.8 160.104
1.08 -2.6 155.983
1.08 -2.4 151.862
1.08 -2.2 147.741
1.08 -2 143.62
1.08 -1.8 139.499
1.08 -1.6 135.378
1.08 -1.4 132.73
1.08 -1.2 131.555
1.08 -1 130.38
1.08 -0.8 129.205
1.08 -0.6 128.03
1.08 -0.4 126.855
1.08 -0.2 125.68
1.08 0 124.505
1.08 0.2 118.176
1.08 0.4 111.847
1.08 0.6 105.518
1.08 0.8 99.189
1.08 1 92.86
1.08 1.2 86.531
1.08 1.4 80.202
1.08 1.6 75.346
1.08 1.8 71.963
1.08 2 68.58
1.08 2.2 65.197
1.08 2.4 61.814
1.08 2.6 58.431
1.08 2.8 55.048

1.2 -3 160.25
1.2 -2.8 155.985
1.2 -2.6 151.72
1.2 -2.4 147.455
1.2 -2.2 143.19
1.2 -2 138.925
1.2 -1.8 134.66
1.2 -1.6 130.395
1.2 -1.4 127.675
1.2 -1.2 126.5
1.2 -1 125.325
1.2 -0.8 124.15
1.2 -0.6 122.975
1.2 -0.4 121.8
1.2 -0.2 120.625
1.2 0 119.45
1.2 0.2 113.265
1.2 0.4 107.08
1.2 0.6 100.895
1.2 0.8 94.71
1.2 1 88.525
1.2 1.2 82.34
1.2 1.4 76.155
1.2 1.6 71.515
1.2 1.8 68.42
1.2 2 65.325
1.2 2.2 62.23
1.2 2.4 59.135
1.2 2.6 56.04
1.2 2.8 52.945

1.32 -3 156.275
1.32 -2.8 151.866
1.32 -2.6 147.457
1.32 -2.4 143.048
1.32 -2.2 138.639
1.32 -2 134.23
1.32 -1.8 129.821
1.32 -1.6 125.412
1.32 -1.4 122.62
1.32 -1.2 121.445
1.32 -1 120.27
1.32 -0.8 119.095
1.32 -0.6 117.92
1.32 -0.4 116.745
1.32 -0.2 115.57
1.32 0 114.395
1.32 0.2 108.354
1.32 0.4 102.313
1.32 0.6 96.272
1.32 0.8 90.231
1.32 1 84.19
1.32 1.2 78.149
1.32 1.4 72.108
1.32 1.6 67.684
1.32 1.8 64.877
1.32 2 62.07
1.32 2.2 59.263
1.32 2.4 56.456
1.32 2.6 53.649
1.32 2.8 50.842

1.44 -3 152.3
1.44 -2.8 147.747
1.44 -2.6 143.194
1.44 -2.4 138.641
1.44 -2.2 134.088
1.44 -2 129.535
1.44 -1.8 124.982
1.44 -1.6 120.429
1.44 -1.4 117.565
1.44 -1.2 116.39
1.44 -1 115.215
1.44 -0.8 114.04
1.44 -0.6 112.865
1.44 -0.4 111.69
1.44 -0.2 110.515
1.44 0 109.34
1.44 0.2 103.443
1.44 0.4 97.546
1.44 0.6 91.649
1.44 0.8 85.752
1.44 1 79.855
1.44 1.2 73.958
1.44 1.4 68.061
1.44 1.6 63.853
1.44 1.8 61.334
1.44 2 58.815
1.44 2.2 56.296
1.44 2.4 53.777
1.44 2.6 51.258
1.44 2.8 48.739

1.56 -3 146.3
1.56 -2.8 141.675
1.56 -2.6 137.05
1.56 -2.4 132.425
1.56 -2.2 127.8
1.56 -2 123.175
1.56 -1.8 118.55
1.56 -1.6 113.925
1.56 -1.4 111.061
1.56 -1.2 109.958
1.56 -1 108.855
1.56 -0.8 107.752
1.56 -0.6 106.649
1.56 -0.4 105.546
1.56 -0.2 104.443
1.56 0 103.34
1.56 0.2 97.659
1.56 0.4 91.978
1.56 0.6 86.297
1.56 0.8 80.616
1.56 1 74.935
1.56 1.2 69.254
1.56 1.4 63.573
1.56 1.6 59.653
1.56 1.8 57.494
1.56 2 55.335
1.56 2.2 53.176
1.56 2.4 51.017
1.56 2.6 48.858
1.56 2.8 46.699

1.68 -3 138.275
1.68 -2.8 133.65
1.68 -2.6 129.025
1.68 -2.4 124.4
1.68 -2.2 119.775
1.68 -2 115.15
1.68 -1.8 110.525
1.68 -1.6 105.9
1.68 -1.4 103.108
1.68 -1.2 102.149
1.68 -1 101.19
1.68 -0.8 100.231
1.68 -0.6 99.272
1.68 -0.4 98.313
1.68 -0.2 97.354
1.68 0 96.395
1.68 0.2 91.002
1.68 0.4 85.609
1.68 0.6 80.216
1.68 0.8 74.823
1.68 1 69.43
1.68 1.2 64.037
1.68 1.4 58.644
1.68 1.6 55.084
1.68 1.8 53.357
1.68 2 51.63
1.68 2.2 49.903
1.68 2.4 48.176
1.68 2.6 46.449
1.68 2.8 44.722

1.8 -3 130.25
1.8 -2.8 125.625
1.8 -2.6 121
1.8 -2.4 116.375
1.8 -2.2 111.75
1.8 -2 107.125
1.8 -1.8 102.5
1.8 -1.6 97.875
1.8 -1.4 95.155
1.8 -1.2 94.34
1.8 -1 93.525
1.8 -0.8 92.71
1.8 -0.6 91.895
1.8 -0.4 91.08
1.8 -0.2 90.265
1.8 0 89.45
1.8 0.2 84.345
1.8 0.4 79.24
1.8 0.6 74.135
1.8 0.8 69.03
1.8 1 63.925
1.8 1.2 58.82
1.8 1.4 53.715
1.8 1.6 50.515
1.8 1.8 49.22
1.8 2 47.925
1.8 2.2 46.63
1.8 2.4 45.335
1.8 2.6 44.04
1.8 2.8 42.745

1.92 -3 122.225
1.92 -2.8 117.6
1.92 -2.6 112.975
1.92 -2.4 108.35
1.92 -2.2 103.725
1.92 -2 99.1
1.92 -1.8 94.475
1.92 -1.6 89.85
1.92 -1.4 87.202
1.92 -1.2 86.531
1.92 -1 85.86
1.92 -0.8 85.189
1.92 -0.6 84.518
1.92 -0.4 83.847
1.92 -0.2 83.176
1.92 0 82.505
1.92 0.2 77.688
1.92 0.4 72.871
1.92 0.6 68.054
1.92 0.8 63.237
1.92 1 58.42
1.92 1.2 53.603
1.92 1.4 48.786
1.92 1.6 45.946
1.92 1.8 45.083
1.92 2 44.22
1.92 2.2 43.357
1.92 2.4 42.494
1.92 2.6 41.631
1.92 2.8 40.768

2.04 -3 114.2
2.04 -2.8 109.575
2.04 -2.6 104.95
2.04 -2.4 100.325
2.04 -2.2 95.7
2.04 -2 91.075
2.04 -1.8 86.45
2.04 -1.6 81.825
2.04 -1.4 79.249
2.04 -1.2 78.722
2.04 -1 78.195
2.04 -0.8 77.668
2.04 -0.6 77.141
2.04 -0.4 76.614
2.04 -0.2 76.087
2.04 0 75.56
2.04 0.2 71.031
2.04 0.4 66.502
2.04 0.6 61.973
2.04 0.8 57.444
2.04 1 52.915
2.04 1.2 48.386
2.04 1.4 43.857
2.04 1.6 41.377
2.04 1.8 40.946
2.04 2 40.515
2.04 2.2 40.084
2.04 2.4 39.653
2.04 2.6 39.222
2.04 2.8 38.791

2.16 -3 106.175
2.16 -2.8 101.55
2.16 -2.6 96.925
2.16 -2.4 92.3
2.16 -2.2 87.675
2.16 -2 83.05
2.16 -1.8 78.425
2.16 -1.6 73.8
2.16 -1.4 71.296
2.16 -1.2 70.913
2.16 -1 70.53
2.16 -0.8 70.147
2.16 -0.6 69.764
2.16 -0.4 69.381
2.16 -0.2 68.998
2.16 0 68.615
2.16 0.2 64.374
2.16 0.4 60.133
2.16 0.6 55.892
2.16 0.8 51.651
2.16 1 47.41
2.16 1.2 43.169
2.16 1.4 38.928
2.16 1.6 36.808
2.16 1.8 36.809
2.16 2 36.81
2.16 2.2 36.811
2.16 2.4 36.812
2.16 2.6 36.813
2.16 2.8 36.814

2.28 -3 98.15
2.28 -2.8 93.525
2.28 -2.6 88.9
2.28 -2.4 84.275
2.28 -2.2 79.65
2.28 -2 75.025
2.28 -1.8 70.4
2.28 -1.6 65.775
2.28 -1.4 63.343
2.28 -1.2 63.104
2.28 -1 62.865
2.28 -0.8 62.626
2.28 -0.6 62.387
2.28 -0.4 62.148
2.28 -0.2 61.909
2.28 0 61.67
2.28 0.2 57.717
2.28 0.4 53.764
2.28 0.6 49.811
2.28 0.8 45.858
2.28 1 41.905
2.28 1.2 37.952
2.28 1.4 33.999
2.28 1.6 32.239
2.28 1.8 32.672
2.28 2 33.105
2.28 2.2 33.538
2.28 2.4 33.971
2.28 2.6 34.404
2.28 2.8 34.837

2.4 -3 90.125
2.4 -2.8 85.5
2.4 -2.6 80.875
2.4 -2.4 76.25
2.4 -2.2 71.625
2.4 -2 67
2.4 -1.8 62.375
2.4 -1.6 57.75
2.4 -1.4 55.39
2.4 -1.2 55.295
2.4 -1 55.2
2.4 -0.8 55.105
2.4 -0.6 55.01
2.4 -0.4 54.915
2.4 -0.2 54.82
2.4 0 54.725
2.4 0.2 51.06
2.4 0.4 47.395
2.4 0.6 43.73
2.4 0.8 40.065
2.4 1 36.4
2.4 1.2 32.735
2.4 1.4 29.07
2.4 1.6 27.67
2.4 1.8 28.535
2.4 2 29.4
2.4 2.2 30.265
2.4 2.4 31.13
2.4 2.6 31.995
2.4 2.8 32.86

2.52 -3 82.1
2.52 -2.8 77.475
2.52 -2.6 72.85
2.52 -2.4 68.225
2.52 -2.2 63.6
2.52 -2 58.975
2.52 -1.8 54.35
2.52 -1.6 49.725
2.52 -1.4 47.437
2.52 -1.2 47.486
2.52 -1 47.535
2.52 -0.8 47.584
2.52 -0.6 47.633
2.52 -0.4 47.682
2.52 -0.2 47.731
2.52 0 47.78
2.52 0.2 44.403
2.52 0.4 41.026
2.52 0.6 37.649
2.52 0.8 34.272
2.52 1 30.895
2.52 1.2 27.518
2.52 1.4 24.141
2.52 1.6 23.101
2.52 1.8 24.398
2.52 2 25.695
2.52 2.2 26.992
2.52 2.4 28.289
2.52 2.6 29.586
2.52 2.8 30.883

2.64 -3 74.075
2.64 -2.8 69.45
2.64 -2.6 64.825
2.64 -2.4 60.2
2.64 -2.2 55.575
2.64 -2 50.95
2.64 -1.8 46.325
2.64 -1.6 41.7
2.64 -1.4 39.484
2.64 -1.2 39.677
2.64 -1 39.87
2.64 -0.8 40.063
2.64 -0.6 40.256
2.64 -0.4 40.449
2.64 -0.2 40.642
2.64 0 40.835
2.64 0.2 37.746
2.64 0.4 34.657
2.64 0.6 31.568
2.64 0.8 28.479
2.64 1 25.39
2.64 1.2 22.301
2.64 1.4 19.212
2.64 1.6 18.532
2.64 1.8 20.261
2.64 2 21.99
2.64 2.2 23.719
2.64 2.4 25.448
2.64 2.6 27.177
2.64 2.8 28.906

2.76 -3 66.05
2.76 -2.8 61.425
2.76 -2.6 56.8
2.76 -2.4 52.175
2.76 -2.2 47.55
2.76 -2 42.925
2.76 -1.8 38.3
2.76 -1.6 33.675
2.76 -1.4 31.531
2.76 -1.2 31.868
2.76 -1 32.205
2.76 -0.8 32.542
2.76 -0.6 32.879
2.76 -0.4 33.216
2.76 -0.2 33.553
2.76 0 33.89
2.76 0.2 31.089
2.76 0.4 28.288
2.76 0.6 25.487
2.76 0.8 22.686
2.76 1 19.885
2.76 1.2 17.084
2.76 1.4 14.283
2.76 1.6 13.963
2.76 1.8 16.124
2.76 2 18.285
2.76 2.2 20.446
2.76 2.4 22.607
2.76 2.6 24.768
2.76 2.8 26.929

2.88 -3 58.025
2.88 -2.8 53.4
2.88 -2.6 48.775
2.88 -2.4 44.15
2.88 -2.2 39.525
2.88 -2 34.9
2.88 -1.8 30.275
2.88 -1.6 25.65
2.88 -1.4 23.578
2.88 -1.2 24.059
2.88 -1 24.54
2.88 -0.8 25.021
2.88 -0.6 25.502
2.88 -0.4 25.983
2.88 -0.2 26.464
2.88 0 26.945
2.88 0.2 24.432
2.88 0.4 21.919
2.88 0.6 19.406
2.88 0.8 16.893
2.88 1 14.38
2.88 1.2 11.867
2.88 1.4 9.354
2.88 1.6 9.394
2.88 1.8 11.987
2.88 2 14.58
2.88 2.2 17.173
2.88 2.4 19.766
2.88 2.6 22.359
2.88 2.8 24.952

