-3 -3 26
-3 -2.8 27.7056
-3 -2.6 31.6576
-3 -2.4 37.3376
-3 -2.2 44.2656
-3 -2 52
-3 -1.8 60.1376
-3 -1.6 68.3136
-3 -1.4 76.2016
-3 -1.2 83.5136
-3 -1 90
-3 -0.8 95.4496
-3 -0.6 99.6896
-3 -0.4 102.586
-3 -0.2 104.042
-3 0 104
-3 0.2 102.442
-3 0.4 99.3856
-3 0.6 94.8896
-3 0.8 89.0496
-3 1 82
-3 1.2 73.9136
-3 1.4 65.0016
-3 1.6 55.5136
-3 1.8 45.7376
-3 2 36
-3 2.2 26.6656
-3 2.4 18.1376
-3 2.6 10.8576
-3 2.8 5.3056

-2.88 -3 33.3283
-2.88 -2.8 34.4732
-2.88 -2.6 37.8838
-2.88 -2.4 43.0416
-2.88 -2.2 49.4665
-2.88 -2 56.7171
-2.88 -1.8 64.39
-2.88 -1.6 72.1206
-2.88 -1.4 79.5824
-2.88 -1.2 86.4873
-2.88 -1 92.5859
-2.88 -0.8 97.6668
-2.88 -0.6 101.557
-2.88 -0.4 104.123
-2.88 -0.2 105.268
-2.88 0 104.935
-2.88 0.2 103.104
-2.88 0.4 99.7942
-2.88 0.6 95.064
-2.88 0.8 89.0089
-2.88 1 81.7635
-2.88 1.2 73.5004
-2.88 1.4 64.431
-2.88 1.6 54.8048
-2.88 1.8 44.9097
-2.88 2 35.0723
-2.88 2.2 25.6572
-2.88 2.4 17.0678
-2.88 2.6 9.74555
-2.88 2.8 4.17051

-2.76 -3 41.3126
-2.76 -2.8 41.9085
-2.76 -2.6 44.7891
-2.76 -2.4 49.4361
-2.76 -2.2 55.3696
-2.76 -2 62.1478
-2.76 -1.8 69.3677
-2.76 -1.6 76.6643
-2.76 -1.4 83.7113
-2.76 -1.2 90.2208
-2.76 -1 95.943
-2.76 -0.8 100.667
-2.76 -0.6 104.22
-2.76 -0.4 106.467
-2.76 -0.2 107.312
-2.76 0 106.698
-2.76 0.2 104.606
-2.76 0.4 101.055
-2.76 0.6 96.1017
-2.76 0.8 89.8432
-2.76 1 82.4134
-2.76 1.2 73.9853
-2.76 1.4 64.7699
-2.76 1.6 55.0169
-2.76 1.8 45.0144
-2.76 2 35.0886
-2.76 2.2 25.6045
-2.76 2.4 16.9651
-2.76 2.6 9.61215
-2.76 2.8 4.02559

-2.64 -3 49.8361
-2.64 -2.8 49.8944
-2.64 -2.6 52.2566
-2.64 -2.4 56.4044
-2.64 -2.2 61.8579
-2.64 -2 68.1753
-2.64 -1.8 74.9536
-2.64 -1.6 81.8278
-2.64 -1.4 88.4716
-2.64 -1.2 94.5971
-2.64 -1 99.9545
-2.64 -0.8 104.333
-2.64 -0.6 107.559
-2.64 -0.4 109.499
-2.64 -0.2 110.056
-2.64 0 109.174
-2.64 0.2 106.832
-2.64 0.4 103.05
-2.64 0.6 97.886
-2.64 0.8 91.4355
-2.64 1 83.8329
-2.64 1.2 75.2512
-2.64 1.4 65.9014
-2.64 1.6 56.0332
-2.64 1.8 45.9347
-2.64 2 35.9321
-2.64 2.2 26.3904
-2.64 2.4 17.7126
-2.64 2.6 10.3404
-2.64 2.8 4.75388

-2.52 -3 58.7868
-2.52 -2.8 58.3189
-2.52 -2.6 60.1743
-2.52 -2.4 63.8345
-2.52 -2.2 68.8194
-2.52 -2 74.6876
-2.52 -1.8 81.0357
-2.52 -1.6 87.4991
-2.52 -1.4 93.7513
-2.52 -1.2 99.5042
-2.52 -1 104.508
-2.52 -0.8 108.553
-2.52 -0.6 111.464
-2.52 -0.4 113.108
-2.52 -0.2 113.389
-2.52 0 112.249
-2.52 0.2 109.669
-2.52 0.4 105.669
-2.52 0.6 100.305
-2.52 0.8 93.6738
-2.52 1 85.91
-2.52 1.2 77.1861
-2.52 1.4 67.7135
-2.52 1.6 57.7417
-2.52 1.8 47.5586
-2.52 2 37.4908
-2.52 2.2 27.9029
-2.52 2.4 19.1983
-2.52 2.6 11.8185
-2.52 2.8 6.24342

-2.4 -3 68.0576
-2.4 -2.8 67.0752
-2.4 -2.6 68.4352
-2.4 -2.4 71.6192
-2.4 -2.2 76.1472
-2.4 -2 81.5776
-2.4 -1.8 87.5072
-2.4 -1.6 93.5712
-2.4 -1.4 99.4432
-2.4 -1.2 104.835
-2.4 -1 109.498
-2.4 -0.8 113.219
-2.4 -0.6 115.827
-2.4 -0.4 117.187
-2.4 -0.2 117.203
-2.4 0 115.818
-2.4 0.2 113.011
-2.4 0.4 108.803
-2.4 0.6 103.251
-2.4 0.8 96.4512
-2.4 1 88.5376
-2.4 1.2 79.6832
-2.4 1.4 70.0992
-2.4 1.6 60.0352
-2.4 1.8 49.7792
-2.4 2 39.6576
-2.4 2.2 30.0352
-2.4 2.4 21.3152
-2.4 2.6 13.9392
-2.4 2.8 8.3872

-2.28 -3 77.5466
-2.28 -2.8 76.0611
-2.28 -2.6 76.9373
-2.28 -2.4 79.6566
-2.28 -2.2 83.7392
-2.28 -2 88.7434
-2.28 -1.8 94.2659
-2.28 -1.6 99.9421
-2.28 -1.4 105.445
-2.28 -1.2 110.488
-2.28 -1 114.82
-2.28 -0.8 118.231
-2.28 -0.6 120.547
-2.28 -0.4 121.634
-2.28 -0.2 121.397
-2.28 0 119.777
-2.28 0.2 116.756
-2.28 0.4 112.352
-2.28 0.6 106.623
-2.28 0.8 99.6656
-2.28 1 91.6138
-2.28 1.2 82.6403
-2.28 1.4 72.9565
-2.28 1.6 62.8118
-2.28 1.8 52.4944
-2.28 2 42.3306
-2.28 2.2 32.6851
-2.28 2.4 23.9613
-2.28 2.6 16.6006
-2.28 2.8 11.0832

-2.16 -3 87.1566
-2.16 -2.8 85.1797
-2.16 -2.6 85.5835
-2.16 -2.4 87.8497
-2.16 -2.2 91.4984
-2.16 -2 96.0878
-2.16 -1.8 101.215
-2.16 -1.6 106.515
-2.16 -1.4 111.661
-2.16 -1.2 116.366
-2.16 -1 120.379
-2.16 -0.8 123.49
-2.16 -0.6 125.526
-2.16 -0.4 126.352
-2.16 -0.2 125.873
-2.16 0 124.03
-2.16 0.2 120.805
-2.16 0.4 116.217
-2.16 0.6 110.323
-2.16 0.8 103.22
-2.16 1 95.0414
-2.16 1.2 85.9605
-2.16 1.4 76.1883
-2.16 1.6 65.9745
-2.16 1.8 55.6072
-2.16 2 45.4126
-2.16 2.2 35.7557
-2.16 2.4 27.0395
-2.16 2.6 19.7057
-2.16 2.8 14.2344

-2.04 -3 96.7957
-2.04 -2.8 94.3388
-2.04 -2.6 94.2818
-2.04 -2.4 96.1064
-2.04 -2.2 99.3327
-2.04 -2 103.519
-2.04 -1.8 108.262
-2.04 -1.6 113.197
-2.04 -1.4 117.998
-2.04 -1.2 122.376
-2.04 -1 126.082
-2.04 -0.8 128.905
-2.04 -0.6 130.672
-2.04 -0.4 131.249
-2.04 -0.2 130.539
-2.04 0 128.485
-2.04 0.2 125.068
-2.04 0.4 120.307
-2.04 0.6 114.26
-2.04 0.8 107.022
-2.04 1 98.7285
-2.04 1.2 89.5516
-2.04 1.4 79.7026
-2.04 1.6 69.4312
-2.04 1.8 59.0255
-2.04 2 48.8117
-2.04 2.2 39.1548
-2.04 2.4 30.4578
-2.04 2.6 23.1624
-2.04 2.8 17.7487

-1.92 -3 106.377
-1.92 -2.8 103.451
-1.92 -2.6 102.945
-1.92 -2.4 104.34
-1.92 -2.2 107.155
-1.92 -2 110.95
-1.92 -1.8 115.32
-1.92 -1.6 119.902
-1.92 -1.4 124.368
-1.92 -1.2 128.432
-1.92 -1 131.842
-1.92 -0.8 134.389
-1.92 -0.6 135.899
-1.92 -0.4 136.237
-1.92 -0.2 135.309
-1.92 0 133.055
-1.92 0.2 129.458
-1.92 0.4 124.535
-1.92 0.6 118.346
-1.92 0.8 110.985
-1.92 1 102.588
-1.92 1.2 93.3265
-1.92 1.4 83.4123
-1.92 1.6 73.0948
-1.92 1.8 62.6622
-1.92 2 52.4407
-1.92 2.2 42.7953
-1.92 2.4 34.1291
-1.92 2.6 26.8836
-1.92 2.8 21.539

-1.8 -3 115.818
-1.8 -2.8 112.435
-1.8 -2.6 111.491
-1.8 -2.4 112.467
-1.8 -2.2 114.883
-1.8 -2 118.298
-1.8 -1.8 122.307
-1.8 -1.6 126.547
-1.8 -1.4 130.691
-1.8 -1.2 134.451
-1.8 -1 137.578
-1.8 -0.8 139.859
-1.8 -0.6 141.123
-1.8 -0.4 141.235
-1.8 -0.2 140.099
-1.8 0 137.658
-1.8 0.2 133.891
-1.8 0.4 128.819
-1.8 0.6 122.499
-1.8 0.8 115.027
-1.8 1 106.538
-1.8 1.2 97.2032
-1.8 1.4 87.2352
-1.8 1.6 76.8832
-1.8 1.8 66.4352
-1.8 2 56.2176
-1.8 2.2 46.5952
-1.8 2.4 37.9712
-1.8 2.6 30.7872
-1.8 2.8 25.5232

-1.68 -3 125.041
-1.68 -2.8 121.213
-1.68 -2.6 119.843
-1.68 -2.4 120.412
-1.68 -2.2 122.44
-1.68 -2 125.486
-1.68 -1.8 129.146
-1.68 -1.6 133.056
-1.68 -1.4 136.889
-1.68 -1.2 140.357
-1.68 -1 143.211
-1.68 -0.8 145.239
-1.68 -0.6 146.269
-1.68 -0.4 146.166
-1.68 -0.2 144.834
-1.68 0 142.216
-1.68 0.2 138.292
-1.68 0.4 133.081
-1.68 0.6 126.642
-1.68 0.8 119.071
-1.68 1 110.5
-1.68 1.2 101.105
-1.68 1.4 91.0943
-1.68 1.6 80.7192
-1.68 1.8 70.2674
-1.68 2 60.0651
-1.68 2.2 50.4773
-1.68 2.4 41.9071
-1.68 2.6 34.796
-1.68 2.8 29.6242

-1.56 -3 133.975
-1.56 -2.8 129.713
-1.56 -2.6 127.928
-1.56 -2.4 128.102
-1.56 -2.2 129.754
-1.56 -2 132.442
-1.56 -1.8 135.765
-1.56 -1.6 139.356
-1.56 -1.4 142.889
-1.56 -1.2 146.077
-1.56 -1 148.67
-1.56 -0.8 150.456
-1.56 -0.6 151.263
-1.56 -0.4 150.956
-1.56 -0.2 149.44
-1.56 0 146.657
-1.56 0.2 142.587
-1.56 0.4 137.25
-1.56 0.6 130.704
-1.56 0.8 123.043
-1.56 1 114.404
-1.56 1.2 104.958
-1.56 1.4 94.9173
-1.56 1.6 84.5307
-1.56 1.8 74.0866
-1.56 2 63.9112
-1.56 2.2 54.3694
-1.56 2.4 45.8645
-1.56 2.6 38.8379
-1.56 2.8 33.7698

-1.44 -3 142.553
-1.44 -2.8 137.868
-1.44 -2.6 135.68
-1.44 -2.4 135.47
-1.44 -2.2 136.757
-1.44 -2 139.1
-1.44 -1.8 142.096
-1.44 -1.6 145.379
-1.44 -1.4 148.625
-1.44 -1.2 151.544
-1.44 -1 153.887
-1.44 -0.8 155.443
-1.44 -0.6 156.039
-1.44 -0.4 155.54
-1.44 -0.2 153.851
-1.44 0 150.914
-1.44 0.2 146.71
-1.44 0.4 141.258
-1.44 0.6 134.615
-1.44 0.8 126.878
-1.44 1 118.181
-1.44 1.2 108.697
-1.44 1.4 98.6371
-1.44 1.6 88.2505
-1.44 1.8 77.8256
-1.44 2 67.6886
-1.44 2.2 58.2045
-1.44 2.4 49.7763
-1.44 2.6 42.8457
-1.44 2.8 37.8928

-1.32 -3 150.711
-1.32 -2.8 145.616
-1.32 -2.6 143.036
-1.32 -2.4 142.453
-1.32 -2.2 143.387
-1.32 -2 145.396
-1.32 -1.8 148.077
-1.32 -1.6 151.065
-1.32 -1.4 154.034
-1.32 -1.2 156.696
-1.32 -1 158.801
-1.32 -0.8 160.138
-1.32 -0.6 160.534
-1.32 -0.4 159.855
-1.32 -0.2 158.005
-1.32 0 154.926
-1.32 0.2 150.599
-1.32 0.4 145.043
-1.32 0.6 138.316
-1.32 0.8 130.513
-1.32 1 121.77
-1.32 1.2 112.259
-1.32 1.4 102.191
-1.32 1.6 91.8164
-1.32 1.8 81.4222
-1.32 2 71.3352
-1.32 2.2 61.9201
-1.32 2.4 53.5803
-1.32 2.6 46.7572
-1.32 2.8 41.931

-1.2 -3 158.394
-1.2 -2.8 152.899
-1.2 -2.6 149.939
-1.2 -2.4 148.995
-1.2 -2.2 149.587
-1.2 -2 151.274
-1.2 -1.8 153.651
-1.2 -1.6 156.355
-1.2 -1.4 159.059
-1.2 -1.2 161.475
-1.2 -1 163.354
-1.2 -0.8 164.483
-1.2 -0.6 164.691
-1.2 -0.4 163.843
-1.2 -0.2 161.843
-1.2 0 158.634
-1.2 0.2 154.195
-1.2 0.4 148.547
-1.2 0.6 141.747
-1.2 0.8 133.891
-1.2 1 125.114
-1.2 1.2 115.587
-1.2 1.4 105.523
-1.2 1.6 95.1712
-1.2 1.8 84.8192
-1.2 2 74.7936
-1.2 2.2 65.4592
-1.2 2.4 57.2192
-1.2 2.6 50.5152
-1.2 2.8 45.8272

-1.08 -3 165.548
-1.08 -2.8 159.665
-1.08 -2.6 156.337
-1.08 -2.4 155.043
-1.08 -2.2 155.305
-1.08 -2 156.68
-1.08 -1.8 158.766
-1.08 -1.6 161.198
-1.08 -1.4 163.648
-1.08 -1.2 165.83
-1.08 -1 167.493
-1.08 -0.8 168.427
-1.08 -0.6 168.458
-1.08 -0.4 167.453
-1.08 -0.2 165.315
-1.08 0 161.986
-1.08 0.2 157.448
-1.08 0.4 151.719
-1.08 0.6 144.858
-1.08 0.8 136.96
-1.08 1 128.159
-1.08 1.2 118.629
-1.08 1.4 108.58
-1.08 1.6 98.2626
-1.08 1.8 87.9643
-1.08 2 78.0117
-1.08 2.2 68.7694
-1.08 2.4 60.6408
-1.08 2.6 54.0674
-1.08 2.8 49.5291

-0.96 -3 172.126
-0.96 -2.8 165.868
-0.96 -2.6 162.182
-0.96 -2.4 160.55
-0.96 -2.2 160.494
-0.96 -2 161.569
-0.96 -1.8 163.375
-0.96 -1.6 165.545
-0.96 -1.4 167.754
-0.96 -1.2 169.713
-0.96 -1 171.173
-0.96 -0.8 171.922
-0.96 -0.6 171.788
-0.96 -0.4 170.637
-0.96 -0.2 168.372
-0.96 0 164.936
-0.96 0.2 160.309
-0.96 0.4 154.511
-0.96 0.6 147.6
-0.96 0.8 139.671
-0.96 1 130.859
-0.96 1.2 121.336
-0.96 1.4 111.315
-0.96 1.6 101.043
-0.96 1.8 90.8103
-0.96 2 80.9421
-0.96 2.2 71.8036
-0.96 2.4 63.7978
-0.96 2.6 57.3665
-0.96 2.8 52.9895

-0.84 -3 178.087
-0.84 -2.8 171.463
-0.84 -2.6 167.432
-0.84 -2.4 165.474
-0.84 -2.2 165.11
-0.84 -2 165.898
-0.84 -1.8 167.435
-0.84 -1.6 169.355
-0.84 -1.4 171.333
-0.84 -1.2 173.081
-0.84 -1 174.349
-0.84 -0.8 174.926
-0.84 -0.6 174.638
-0.84 -0.4 173.353
-0.84 -0.2 170.972
-0.84 0 167.44
-0.84 0.2 162.737
-0.84 0.4 156.882
-0.84 0.6 149.932
-0.84 0.8 141.984
-0.84 1 133.171
-0.84 1.2 123.668
-0.84 1.4 113.685
-0.84 1.6 103.471
-0.84 1.8 93.3148
-0.84 2 83.5427
-0.84 2.2 74.5193
-0.84 2.4 66.648
-0.84 2.6 60.3702
-0.84 2.8 56.166

-0.72 -3 183.392
-0.72 -2.8 176.415
-0.72 -2.6 172.05
-0.72 -2.4 169.777
-0.72 -2.2 169.117
-0.72 -2 169.629
-0.72 -1.8 170.908
-0.72 -1.6 172.591
-0.72 -1.4 174.35
-0.72 -1.2 175.898
-0.72 -1 176.986
-0.72 -0.8 177.401
-0.72 -0.6 176.971
-0.72 -0.4 175.563
-0.72 -0.2 173.079
-0.72 0 169.462
-0.72 0.2 164.694
-0.72 0.4 158.792
-0.72 0.6 151.816
-0.72 0.8 143.86
-0.72 1 135.059
-0.72 1.2 125.586
-0.72 1.4 115.653
-0.72 1.6 105.508
-0.72 1.8 95.4406
-0.72 2 85.7759
-0.72 2.2 76.8793
-0.72 2.4 69.1539
-0.72 2.6 63.0412
-0.72 2.8 59.0214

-0.6 -3 188.01
-0.6 -2.8 180.691
-0.6 -2.6 176.003
-0.6 -2.4 173.427
-0.6 -2.2 172.483
-0.6 -2 172.73
-0.6 -1.8 173.763
-0.6 -1.6 175.219
-0.6 -1.4 176.771
-0.6 -1.2 178.131
-0.6 -1 179.05
-0.6 -0.8 179.315
-0.6 -0.6 178.755
-0.6 -0.4 177.235
-0.6 -0.2 174.659
-0.6 0 170.97
-0.6 0.2 166.147
-0.6 0.4 160.211
-0.6 0.6 153.219
-0.6 0.8 145.267
-0.6 1 136.49
-0.6 1.2 127.059
-0.6 1.4 117.187
-0.6 1.6 107.123
-0.6 1.8 97.1552
-0.6 2 87.6096
-0.6 2.2 78.8512
-0.6 2.4 71.2832
-0.6 2.6 65.3472
-0.6 2.8 61.5232

-0.48 -3 191.912
-0.48 -2.8 184.264
-0.48 -2.6 179.265
-0.48 -2.4 176.397
-0.48 -2.2 175.18
-0.48 -2 175.173
-0.48 -1.8 175.972
-0.48 -1.6 177.213
-0.48 -1.4 178.57
-0.48 -1.2 179.753
-0.48 -1 180.514
-0.48 -0.8 180.641
-0.48 -0.6 179.962
-0.48 -0.4 178.342
-0.48 -0.2 175.686
-0.48 0 171.935
-0.48 0.2 167.07
-0.48 0.4 161.111
-0.48 0.6 154.115
-0.48 0.8 146.179
-0.48 1 137.435
-0.48 1.2 128.059
-0.48 1.4 118.26
-0.48 1.6 108.288
-0.48 1.8 98.4313
-0.48 2 89.0163
-0.48 2.2 80.4076
-0.48 2.4 73.0086
-0.48 2.6 67.2608
-0.48 2.8 63.6441

-0.36 -3 195.078
-0.36 -2.8 187.11
-0.36 -2.6 181.812
-0.36 -2.4 178.664
-0.36 -2.2 177.186
-0.36 -2 176.937
-0.36 -1.8 177.513
-0.36 -1.6 178.551
-0.36 -1.4 179.723
-0.36 -1.2 180.741
-0.36 -1 181.356
-0.36 -0.8 181.357
-0.36 -0.6 180.57
-0.36 -0.4 178.862
-0.36 -0.2 176.136
-0.36 0 172.335
-0.36 0.2 167.44
-0.36 0.4 161.469
-0.36 0.6 154.481
-0.36 0.8 146.571
-0.36 1 137.874
-0.36 1.2 128.563
-0.36 1.4 118.848
-0.36 1.6 108.98
-0.36 1.8 99.2466
-0.36 2 89.9736
-0.36 2.2 81.5262
-0.36 2.4 74.3077
-0.36 2.6 68.7595
-0.36 2.8 65.3618

-0.24 -3 197.488
-0.24 -2.8 189.214
-0.24 -2.6 183.627
-0.24 -2.4 180.21
-0.24 -2.2 178.483
-0.24 -2 178.003
-0.24 -1.8 178.369
-0.24 -1.6 179.214
-0.24 -1.4 180.213
-0.24 -1.2 181.078
-0.24 -1 181.559
-0.24 -0.8 181.444
-0.24 -0.6 180.561
-0.24 -0.4 178.776
-0.24 -0.2 175.993
-0.24 0 172.154
-0.24 0.2 167.239
-0.24 0.4 161.269
-0.24 0.6 154.3
-0.24 0.8 146.428
-0.24 1 137.789
-0.24 1.2 128.554
-0.24 1.4 118.936
-0.24 1.6 109.183
-0.24 1.8 99.5835
-0.24 2 90.4641
-0.24 2.2 82.1896
-0.24 2.4 75.163
-0.24 2.6 69.826
-0.24 2.8 66.6587

-0.12 -3 199.131
-0.12 -2.8 190.561
-0.12 -2.6 184.698
-0.12 -2.4 181.024
-0.12 -2.2 179.058
-0.12 -2 178.36
-0.12 -1.8 178.526
-0.12 -1.6 179.191
-0.12 -1.4 180.029
-0.12 -1.2 180.751
-0.12 -1 181.109
-0.12 -0.8 180.891
-0.12 -0.6 179.924
-0.12 -0.4 178.073
-0.12 -0.2 175.244
-0.12 0 171.378
-0.12 0.2 166.456
-0.12 0.4 160.497
-0.12 0.6 153.558
-0.12 0.8 145.737
-0.12 1 137.167
-0.12 1.2 128.02
-0.12 1.4 118.509
-0.12 1.6 108.883
-0.12 1.8 99.4296
-0.12 2 90.4754
-0.12 2.2 82.3852
-0.12 2.4 75.5621
-0.12 2.6 70.4479
-0.12 2.8 67.5224

0 -3 200
0 -2.8 191.146
0 -2.6 185.018
0 -2.4 181.098
0 -2.2 178.906
0 -2 178
0 -1.8 177.978
0 -1.6 178.474
0 -1.4 179.162
0 -1.2 179.754
0 -1 180
0 -0.8 179.69
0 -0.6 178.65
0 -0.4 176.746
0 -0.2 173.882
0 0 170
0 0.2 165.082
0 0.4 159.146
0 0.6 152.25
0 0.8 144.49
0 1 136
0 1.2 126.954
0 1.4 117.562
0 1.6 108.074
0 1.8 98.7776
0 2 90
0 2.2 82.1056
0 2.4 75.4976
0 2.6 70.6176
0 2.8 67.9456

0.12 -3 200.091
0.12 -2.8 190.964
0.12 -2.6 184.583
0.12 -2.4 180.429
0.12 -2.2 178.022
0.12 -2 176.92
0.12 -1.8 176.721
0.12 -1.6 177.06
0.12 -1.4 177.609
0.12 -1.2 178.082
0.12 -1 178.229
0.12 -0.8 177.838
0.12 -0.6 176.737
0.12 -0.4 174.79
0.12 -0.2 171.903
0.12 0 168.018
0.12 0.2 163.115
0.12 0.4 157.213
0.12 0.6 150.371
0.12 0.8 142.684
0.12 1 134.287
0.12 1.2 125.352
0.12 1.4 116.09
0.12 1.6 106.752
0.12 1.8 97.6248
0.12 2 89.0354
0.12 2.2 81.3484
0.12 2.4 74.9669
0.12 2.6 70.3327
0.12 2.8 67.9256

0.24 -3 199.408
0.24 -2.8 190.02
0.24 -2.6 183.397
0.24 -2.4 179.02
0.24 -2.2 176.409
0.24 -2 175.123
0.24 -1.8 174.759
0.24 -1.6 174.952
0.24 -1.4 175.375
0.24 -1.2 175.74
0.24 -1 175.799
0.24 -0.8 175.338
0.24 -0.6 174.187
0.24 -0.4 172.21
0.24 -0.2 169.311
0.24 0 165.434
0.24 0.2 160.558
0.24 0.4 154.702
0.24 0.6 147.925
0.24 0.8 140.323
0.24 1 132.029
0.24 1.2 123.217
0.24 1.4 114.097
0.24 1.6 104.92
0.24 1.8 95.9739
0.24 2 87.5841
0.24 2.2 80.116
0.24 2.4 73.9726
0.24 2.6 69.5956
0.24 2.8 67.4651

0.36 -3 197.958
0.36 -2.8 188.32
0.36 -2.6 181.466
0.36 -2.4 176.878
0.36 -2.2 174.075
0.36 -2 172.617
0.36 -1.8 172.099
0.36 -1.6 172.157
0.36 -1.4 172.465
0.36 -1.2 172.735
0.36 -1 172.716
0.36 -0.8 172.198
0.36 -0.6 171.008
0.36 -0.4 169.012
0.36 -0.2 166.114
0.36 0 162.255
0.36 0.2 157.417
0.36 0.4 151.62
0.36 0.6 144.92
0.36 0.8 137.413
0.36 1 129.234
0.36 1.2 120.557
0.36 1.4 111.591
0.36 1.6 102.587
0.36 1.8 93.8322
0.36 2 85.6536
0.36 2.2 78.4158
0.36 2.4 72.5221
0.36 2.6 68.4139
0.36 2.8 66.5714

0.48 -3 195.752
0.48 -2.8 185.876
0.48 -2.6 178.804
0.48 -2.4 174.016
0.48 -2.2 171.033
0.48 -2 169.413
0.48 -1.8 168.753
0.48 -1.6 168.689
0.48 -1.4 168.893
0.48 -1.2 169.078
0.48 -1 168.994
0.48 -0.8 168.43
0.48 -0.6 167.213
0.48 -0.4 165.21
0.48 -0.2 162.323
0.48 0 158.495
0.48 0.2 153.707
0.48 0.4 147.978
0.48 0.6 141.366
0.48 0.8 133.967
0.48 1 125.915
0.48 1.2 117.384
0.48 1.4 108.583
0.48 1.6 99.7632
0.48 1.8 91.2121
0.48 2 83.2563
0.48 2.2 76.2604
0.48 2.4 70.6278
0.48 2.6 66.8
0.48 2.8 65.2569

0.6 -3 192.81
0.6 -2.8 182.707
0.6 -2.6 175.427
0.6 -2.4 170.451
0.6 -2.2 167.299
0.6 -2 165.53
0.6 -1.8 164.739
0.6 -1.6 164.563
0.6 -1.4 164.675
0.6 -1.2 164.787
0.6 -1 164.65
0.6 -0.8 164.051
0.6 -0.6 162.819
0.6 -0.4 160.819
0.6 -0.2 157.955
0.6 0 154.17
0.6 0.2 149.443
0.6 0.4 143.795
0.6 0.6 137.283
0.6 0.8 130.003
0.6 1 122.09
0.6 1.2 113.715
0.6 1.4 105.091
0.6 1.6 96.4672
0.6 1.8 88.1312
0.6 2 80.4096
0.6 2.2 73.6672
0.6 2.4 68.3072
0.6 2.6 64.7712
0.6 2.8 63.5392

0.72 -3 189.152
0.72 -2.8 178.834
0.72 -2.6 171.359
0.72 -2.4 166.206
0.72 -2.2 162.897
0.72 -2 160.989
0.72 -1.8 160.079
0.72 -1.6 159.803
0.72 -1.4 159.835
0.72 -1.2 159.885
0.72 -1 159.706
0.72 -0.8 159.084
0.72 -0.6 157.848
0.72 -0.4 155.864
0.72 -0.2 153.034
0.72 0 149.302
0.72 0.2 144.649
0.72 0.4 139.093
0.72 0.6 132.692
0.72 0.8 125.543
0.72 1 117.779
0.72 1.2 109.574
0.72 1.4 101.138
0.72 1.6 92.7212
0.72 1.8 84.6118
0.72 2 77.1359
0.72 2.2 70.6585
0.72 2.4 65.5827
0.72 2.6 62.35
0.72 2.8 61.4406

0.84 -3 184.807
0.84 -2.8 174.286
0.84 -2.6 166.626
0.84 -2.4 161.308
0.84 -2.2 157.852
0.84 -2 155.818
0.84 -1.8 154.801
0.84 -1.6 154.437
0.84 -1.4 154.399
0.84 -1.2 154.4
0.84 -1 154.189
0.84 -0.8 153.556
0.84 -0.6 152.328
0.84 -0.4 150.37
0.84 -0.2 147.587
0.84 0 143.92
0.84 0.2 139.351
0.84 0.4 133.899
0.84 0.6 127.621
0.84 0.8 120.614
0.84 1 113.011
0.84 1.2 104.987
0.84 1.4 96.7504
0.84 1.6 88.5526
0.84 1.8 80.6812
0.84 2 73.4627
0.84 2.2 67.2617
0.84 2.4 62.4816
0.84 2.6 59.5638
0.84 2.8 58.9884

0.96 -3 179.806
0.96 -2.8 169.093
0.96 -2.6 161.26
0.96 -2.4 155.789
0.96 -2.2 152.199
0.96 -2 150.049
0.96 -1.8 148.936
0.96 -1.6 148.495
0.96 -1.4 148.4
0.96 -1.2 148.362
0.96 -1 148.133
0.96 -0.8 147.5
0.96 -0.6 146.291
0.96 -0.4 144.371
0.96 -0.2 141.646
0.96 0 138.056
0.96 0.2 133.583
0.96 0.4 128.246
0.96 0.6 122.102
0.96 0.8 115.249
0.96 1 107.819
0.96 1.2 99.986
0.96 1.4 91.961
0.96 1.6 83.9937
0.96 1.8 76.3719
0.96 2 69.4221
0.96 2.2 63.5092
0.96 2.4 59.0362
0.96 2.6 56.4449
0.96 2.8 56.2151

1.08 -3 174.188
1.08 -2.8 163.294
1.08 -2.6 155.3
1.08 -2.4 149.687
1.08 -2.2 145.974
1.08 -2 143.72
1.08 -1.8 142.523
1.08 -1.6 142.017
1.08 -1.4 141.875
1.08 -1.2 141.811
1.08 -1 141.573
1.08 -0.8 140.952
1.08 -0.6 139.774
1.08 -0.4 137.904
1.08 -0.2 135.248
1.08 0 131.746
1.08 0.2 127.381
1.08 0.4 122.17
1.08 0.6 116.173
1.08 0.8 109.484
1.08 1 102.239
1.08 1.2 94.6094
1.08 1.4 86.8072
1.08 1.6 79.0818
1.08 1.8 71.7211
1.08 2 65.0517
1.08 2.2 59.4382
1.08 2.4 55.284
1.08 2.6 53.0306
1.08 2.8 53.1579

1.2 -3 167.994
1.2 -2.8 156.931
1.2 -2.6 148.787
1.2 -2.4 143.043
1.2 -2.2 139.219
1.2 -2 136.874
1.2 -1.8 135.603
1.2 -1.6 135.043
1.2 -1.4 134.867
1.2 -1.2 134.787
1.2 -1 134.554
1.2 -0.8 133.955
1.2 -0.6 132.819
1.2 -0.4 131.011
1.2 -0.2 128.435
1.2 0 125.034
1.2 0.2 120.787
1.2 0.4 115.715
1.2 0.6 109.875
1.2 0.8 103.363
1.2 1 96.3136
1.2 1.2 88.8992
1.2 1.4 81.3312
1.2 1.6 73.8592
1.2 1.8 66.7712
1.2 2 60.3936
1.2 2.2 55.0912
1.2 2.4 51.2672
1.2 2.6 49.3632
1.2 2.8 49.8592

1.32 -3 161.271
1.32 -2.8 150.051
1.32 -2.6 141.769
1.32 -2.4 135.906
1.32 -2.2 131.982
1.32 -2 129.556
1.32 -1.8 128.224
1.32 -1.6 127.622
1.32 -1.4 127.423
1.32 -1.2 127.339
1.32 -1 127.121
1.32 -0.8 126.557
1.32 -0.6 125.475
1.32 -0.4 123.74
1.32 -0.2 121.256
1.32 0 117.966
1.32 0.2 113.85
1.32 0.4 108.927
1.32 0.6 103.256
1.32 0.8 96.9326
1.32 1 90.0904
1.32 1.2 82.9025
1.32 1.4 75.5803
1.32 1.6 68.3732
1.32 1.8 61.5694
1.32 2 55.4952
1.32 2.2 50.5153
1.32 2.4 47.0331
1.32 2.6 45.49
1.32 2.8 46.3662

1.44 -3 154.073
1.44 -2.8 142.707
1.44 -2.6 134.298
1.44 -2.4 128.327
1.44 -2.2 124.315
1.44 -2 121.82
1.44 -1.8 120.438
1.44 -1.6 119.805
1.44 -1.4 119.595
1.44 -1.2 119.518
1.44 -1 119.327
1.44 -0.8 118.809
1.44 -0.6 117.792
1.44 -0.4 116.142
1.44 -0.2 113.762
1.44 0 110.594
1.44 0.2 106.62
1.44 0.4 101.859
1.44 0.6 96.3689
1.44 0.8 90.2448
1.44 1 83.6214
1.44 1.2 76.6717
1.44 1.4 69.6067
1.44 1.6 62.6761
1.44 1.8 56.168
1.44 2 50.4086
1.44 2.2 45.7629
1.44 2.4 42.6339
1.44 2.6 41.4633
1.44 2.8 42.7312

1.56 -3 146.455
1.56 -2.8 134.955
1.56 -2.6 126.431
1.56 -2.4 120.364
1.56 -2.2 116.275
1.56 -2 113.722
1.56 -1.8 112.302
1.56 -1.6 111.65
1.56 -1.4 111.44
1.56 -1.2 111.383
1.56 -1 111.23
1.56 -0.8 110.769
1.56 -0.6 109.829
1.56 -0.4 108.275
1.56 -0.2 106.01
1.56 0 102.977
1.56 0.2 99.1566
1.56 0.4 94.5685
1.56 0.6 89.2699
1.56 0.8 83.357
1.56 1 76.964
1.56 1.2 70.2638
1.56 1.4 63.4677
1.56 1.6 56.8251
1.56 1.8 50.6242
1.56 2 45.1912
1.56 2.2 40.891
1.56 2.4 38.1269
1.56 2.6 37.3403
1.56 2.8 39.0114

1.68 -3 138.481
1.68 -2.8 126.858
1.68 -2.6 118.23
1.68 -2.4 112.079
1.68 -2.2 107.925
1.68 -2 105.326
1.68 -1.8 103.879
1.68 -1.6 103.219
1.68 -1.4 103.02
1.68 -1.2 102.994
1.68 -1 102.891
1.68 -0.8 102.5
1.68 -0.6 101.648
1.68 -0.4 100.201
1.68 -0.2 98.0626
1.68 0 95.1755
1.68 0.2 91.5205
1.68 0.4 87.1167
1.68 0.6 82.0216
1.68 0.8 76.3314
1.68 1 70.1803
1.68 1.2 63.7413
1.68 1.4 57.2255
1.68 1.6 50.8824
1.68 1.8 45.0002
1.68 2 39.9051
1.68 2.2 35.9621
1.68 2.4 33.5743
1.68 2.6 33.1832
1.68 2.8 35.269

1.8 -3 130.218
1.8 -2.8 118.483
1.8 -2.6 109.763
1.8 -2.4 103.539
1.8 -2.2 99.3312
1.8 -2 96.6976
1.8 -1.8 95.2352
1.8 -1.6 94.5792
1.8 -1.4 94.4032
1.8 -1.2 94.4192
1.8 -1 94.3776
1.8 -0.8 94.0672
1.8 -0.6 93.3152
1.8 -0.4 91.9872
1.8 -0.2 89.9872
1.8 0 87.2576
1.8 0.2 83.7792
1.8 0.4 79.5712
1.8 0.6 74.6912
1.8 0.8 69.2352
1.8 1 63.3376
1.8 1.2 57.1712
1.8 1.4 50.9472
1.8 1.6 44.9152
1.8 1.8 39.3632
1.8 2 34.6176
1.8 2.2 31.0432
1.8 2.4 29.0432
1.8 2.6 29.0592
1.8 2.8 31.5712

1.92 -3 121.737
1.92 -2.8 109.903
1.92 -2.6 101.102
1.92 -2.4 94.8164
1.92 -2.2 90.5662
1.92 -2 87.9095
1.92 -1.8 86.4433
1.92 -1.6 85.8027
1.92 -1.4 85.6612
1.92 -1.2 85.731
1.92 -1 85.7623
1.92 -0.8 85.5441
1.92 -0.6 84.9035
1.92 -0.4 83.706
1.92 -0.2 81.8558
1.92 0 79.2951
1.92 0.2 76.0049
1.92 0.4 72.0043
1.92 0.6 67.3508
1.92 0.8 62.1406
1.92 1 56.5079
1.92 1.2 50.6257
1.92 1.4 44.7051
1.92 1.6 38.9956
1.92 1.8 33.7854
1.92 2 29.4007
1.92 2.2 26.2065
1.92 2.4 24.6059
1.92 2.6 25.0404
1.92 2.8 27.9902

2.04 -3 113.116
2.04 -2.8 101.193
2.04 -2.6 92.3234
2.04 -2.4 85.988
2.04 -2.2 81.7071
2.04 -2 79.0389
2.04 -1.8 77.5804
2.04 -1.6 76.9666
2.04 -1.4 76.8712
2.04 -1.2 77.0063
2.04 -1 77.1221
2.04 -0.8 77.0076
2.04 -0.6 76.4898
2.04 -0.4 75.4344
2.04 -0.2 73.7455
2.04 0 71.3653
2.04 0.2 68.2748
2.04 0.4 64.493
2.04 0.6 60.0776
2.04 0.8 55.1247
2.04 1 49.7685
2.04 1.2 44.182
2.04 1.4 38.5762
2.04 1.6 33.2008
2.04 1.8 28.3439
2.04 2 24.3317
2.04 2.2 21.5292
2.04 2.4 20.3394
2.04 2.6 21.204
2.04 2.8 24.6031

2.16 -3 104.437
2.16 -2.8 92.4373
2.16 -2.6 83.5099
2.16 -2.4 77.1361
2.16 -2.2 72.836
2.16 -2 70.1678
2.16 -1.8 68.7285
2.16 -1.6 68.1531
2.16 -1.4 68.1153
2.16 -1.2 68.3272
2.16 -1 68.539
2.16 -0.8 68.5397
2.16 -0.6 68.1563
2.16 -0.4 67.2545
2.16 -0.2 65.7384
2.16 0 63.5502
2.16 0.2 60.6709
2.16 0.4 57.1195
2.16 0.6 52.9537
2.16 0.8 48.2696
2.16 1 43.2014
2.16 1.2 37.9221
2.16 1.4 32.6427
2.16 1.6 27.6129
2.16 1.8 23.1208
2.16 2 19.4926
2.16 2.2 17.0933
2.16 2.4 16.3259
2.16 2.6 17.6321
2.16 2.8 21.492

2.28 -3 95.7866
2.28 -2.8 83.7219
2.28 -2.6 74.7485
2.28 -2.4 68.3478
2.28 -2.2 64.04
2.28 -2 61.3834
2.28 -1.8 59.9747
2.28 -1.6 59.4493
2.28 -1.4 59.4806
2.28 -1.2 59.7808
2.28 -1 60.1002
2.28 -0.8 60.2275
2.28 -0.6 59.9901
2.28 -0.4 59.2534
2.28 -0.2 57.9216
2.28 0 55.937
2.28 0.2 53.2803
2.28 0.4 49.9709
2.28 0.6 46.0662
2.28 0.8 41.6624
2.28 1 36.8938
2.28 1.2 31.9331
2.28 1.4 26.9917
2.28 1.6 22.319
2.28 1.8 18.2032
2.28 2 14.9706
2.28 2.2 12.9859
2.28 2.4 12.6525
2.28 2.6 14.4118
2.28 2.8 18.744

2.4 -3 87.2576
2.4 -2.8 75.1392
2.4 -2.6 66.1312
2.4 -2.4 59.7152
2.4 -2.2 55.4112
2.4 -2 52.7776
2.4 -1.8 51.4112
2.4 -1.6 50.9472
2.4 -1.4 51.0592
2.4 -1.2 51.4592
2.4 -1 51.8976
2.4 -0.8 52.1632
2.4 -0.6 52.0832
2.4 -0.4 51.5232
2.4 -0.2 50.3872
2.4 0 48.6176
2.4 0.2 46.1952
2.4 0.4 43.1392
2.4 0.6 39.5072
2.4 0.8 35.3952
2.4 1 30.9376
2.4 1.2 26.3072
2.4 1.4 21.7152
2.4 1.6 17.4112
2.4 1.8 13.6832
2.4 2 10.8576
2.4 2.2 9.2992
2.4 2.4 9.4112
2.4 2.6 11.6352
2.4 2.8 16.4512

2.52 -3 78.9468
2.52 -2.8 66.7861
2.52 -2.6 57.7551
2.52 -2.4 51.3353
2.52 -2.2 47.0466
2.52 -2 44.4476
2.52 -1.8 43.1349
2.52 -1.6 42.7439
2.52 -1.4 42.9481
2.52 -1.2 43.4594
2.52 -1 44.0284
2.52 -0.8 44.4437
2.52 -0.6 44.5327
2.52 -0.4 44.1609
2.52 -0.2 43.2322
2.52 0 41.6892
2.52 0.2 39.5125
2.52 0.4 36.7215
2.52 0.6 33.3737
2.52 0.8 29.565
2.52 1 25.43
2.52 1.2 21.1413
2.52 1.4 16.9103
2.52 1.6 12.9865
2.52 1.8 9.65782
2.52 2 7.25078
2.52 2.2 6.13014
2.52 2.4 6.6991
2.52 2.6 9.39926
2.52 2.8 14.7106

2.64 -3 70.9561
2.64 -2.8 58.7648
2.64 -2.6 49.7222
2.64 -2.4 43.31
2.64 -2.2 39.0483
2.64 -2 36.4953
2.64 -1.8 35.248
2.64 -1.6 34.9414
2.64 -1.4 35.2492
2.64 -1.2 35.8835
2.64 -1 36.5945
2.64 -0.8 37.1712
2.64 -0.6 37.4406
2.64 -0.4 37.2684
2.64 -0.2 36.5587
2.64 0 35.2537
2.64 0.2 33.3344
2.64 0.4 30.8198
2.64 0.6 27.7676
2.64 0.8 24.2739
2.64 1 20.4729
2.64 1.2 16.5376
2.64 1.4 12.679
2.64 1.6 9.14684
2.64 1.8 6.22908
2.64 2 4.25212
2.64 2.2 3.58076
2.64 2.4 4.6182
2.64 2.6 7.80604
2.64 2.8 13.6243

2.76 -3 63.3926
2.76 -2.8 51.1821
2.76 -2.6 42.1395
2.76 -2.4 35.7465
2.76 -2.2 31.5232
2.76 -2 29.0278
2.76 -1.8 27.8573
2.76 -1.6 27.6467
2.76 -1.4 28.0697
2.76 -1.2 28.8384
2.76 -1 29.703
2.76 -0.8 30.4525
2.76 -0.6 30.9139
2.76 -0.4 30.9529
2.76 -0.2 30.4736
2.76 0 29.4182
2.76 0.2 27.7677
2.76 0.4 25.5411
2.76 0.6 22.7961
2.76 0.8 19.6288
2.76 1 16.1734
2.76 1.2 12.6029
2.76 1.4 9.12831
2.76 1.6 5.99935
2.76 1.8 3.50399
2.76 2 1.96863
2.76 2.2 1.75807
2.76 2.4 3.27551
2.76 2.6 6.96255
2.76 2.8 13.2992

2.88 -3 56.3683
2.88 -2.8 44.15
2.88 -2.6 35.119
2.88 -2.4 28.7568
2.88 -2.2 24.5833
2.88 -2 22.1571
2.88 -1.8 21.0748
2.88 -1.6 20.9718
2.88 -1.4 21.5216
2.88 -1.2 22.4361
2.88 -1 23.4659
2.88 -0.8 24.3996
2.88 -0.6 25.0646
2.88 -0.4 25.3264
2.88 -0.2 25.0889
2.88 0 24.2947
2.88 0.2 22.9244
2.88 0.4 20.9974
2.88 0.6 18.5712
2.88 0.8 15.7417
2.88 1 12.6435
2.88 1.2 9.44923
2.88 1.4 6.37019
2.88 1.6 3.65595
2.88 1.8 1.59451
2.88 2 0.512271
2.88 2.2 0.774031
2.88 2.4 2.78299
2.88 2.6 6.98075
2.88 2.8 13.8473

