-2 0.10979 0.135335
-1.96094 0.12293 0.140726
-1.92188 0.135355 0.146332
-1.88281 0.147131 0.152162
-1.84375 0.15832 0.158223
-1.80469 0.168985 0.164526
-1.76562 0.179188 0.17108
-1.72656 0.188991 0.177895
-1.6875 0.198453 0.184981
-1.64844 0.207634 0.19235
-1.60938 0.216593 0.200013
-1.57031 0.225386 0.20798
-1.53125 0.234072 0.216265
-1.49219 0.242705 0.22488
-1.45312 0.251341 0.233838
-1.41406 0.260031 0.243153
-1.375 0.26883 0.25284
-1.33594 0.277789 0.262912
-1.29688 0.286958 0.273385
-1.25781 0.296386 0.284275
-1.21875 0.306122 0.295599
-1.17969 0.316214 0.307375
-1.14062 0.326706 0.319619
-1.10156 0.337646 0.332351
-1.0625 0.349076 0.345591
-1.02344 0.361041 0.359358
-0.984375 0.373582 0.373673
-0.945312 0.386742 0.388558
-0.90625 0.40056 0.404037
-0.867188 0.415076 0.420132
-0.828125 0.43033 0.436868
-0.789062 0.44636 0.45427
-0.75 0.463203 0.472367
-0.710938 0.480897 0.491183
-0.671875 0.499479 0.51075
-0.632812 0.518983 0.531096
-0.59375 0.539447 0.552252
-0.554688 0.560905 0.574252
-0.515625 0.583393 0.597127
-0.476562 0.606947 0.620914
-0.4375 0.631601 0.645649
-0.398438 0.657391 0.671368
-0.359375 0.684354 0.698113
-0.320312 0.712524 0.725922
-0.28125 0.741939 0.75484
-0.242188 0.772636 0.784909
-0.203125 0.804653 0.816176
-0.164062 0.838029 0.848689
-0.125 0.872803 0.882497
-0.0859375 0.909018 0.917652
-0.046875 0.946717 0.954207
-0.0078125 0.985942 0.992218
0.03125 1.02674 1.03174
0.0703125 1.06916 1.07284
0.109375 1.11325 1.11558
0.148438 1.15906 1.16002
0.1875 1.20666 1.20623
0.226562 1.25608 1.25428
0.265625 1.3074 1.30425
0.304688 1.36068 1.3562
0.34375 1.41599 1.41023
0.382812 1.47339 1.4664
0.421875 1.53296 1.52482
0.460938 1.59478 1.58556
0.5 1.65892 1.64872
0.539062 1.72548 1.7144
0.578125 1.79455 1.78269
0.617188 1.86622 1.85371
0.65625 1.94058 1.92755
0.695312 2.01776 2.00434
0.734375 2.09786 2.08418
0.773438 2.18099 2.1672
0.8125 2.26729 2.25353
0.851562 2.35688 2.34331
0.890625 2.44989 2.43665
0.929688 2.54648 2.53372
0.96875 2.64679 2.63465
1.00781 2.75098 2.7396
1.04688 2.85921 2.84873
1.08594 2.97167 2.96222
1.125 3.08852 3.08022
1.16406 3.20997 3.20292
1.20312 3.3362 3.33051
1.24219 3.46743 3.46318
1.28125 3.60387 3.60114
1.32031 3.74576 3.74459
1.35938 3.89331 3.89376
1.39844 4.04679 4.04887
1.4375 4.20645 4.21016
1.47656 4.37255 4.37787
1.51562 4.54536 4.55227
1.55469 4.72519 4.73361
1.59375 4.91232 4.92217
1.63281 5.10706 5.11825
1.67188 5.30974 5.32214
1.71094 5.5207 5.53415
1.75 5.74026 5.7546
1.78906 5.9688 5.98384
1.82812 6.20668 6.22221
1.86719 6.45429 6.47007
1.90625 6.71201 6.72781
1.94531 6.98026 6.99582
1.98438 7.25946 7.2745
2.02344 7.55003 7.56428
2.0625 7.85244 7.86561
2.10156 8.16713 8.17894
2.14062 8.49458 8.50475
2.17969 8.83528 8.84354
2.21875 9.18973 9.19583
2.25781 9.55844 9.56215
2.29688 9.94195 9.94306
2.33594 10.3408 10.3391
2.375 10.7555 10.751
2.41406 11.1867 11.1793
2.45312 11.635 11.6246
2.49219 12.1009 12.0877
2.53125 12.585 12.5692
2.57031 13.0881 13.0699
2.60938 13.6106 13.5906
2.64844 14.1534 14.1319
2.6875 14.717 14.6949
2.72656 15.3021 15.2803
2.76562 15.9095 15.889
2.80469 16.5398 16.5219
2.84375 17.1938 17.1801
2.88281 17.8721 17.8644
2.92188 18.5757 18.5761
2.96094 19.3051 19.3161
3 20.0612 20.0855
